78.6820 	INFO 	Loaded monitor calibration from ['2024_08_16 10:01']
78.7082 	WARNING 	User requested fullscreen with size [1024  768], but screen is actually [1920, 1080]. Using actual size
80.2138 	EXP 	Created window1 = Window(allowGUI=True, allowStencil=False, autoLog=True, backendConf=UNKNOWN, backgroundFit=<method-wrapper '__getattribute__' of attributeSetter object at 0x00000284AEB171F0>, backgroundImage=<method-wrapper '__getattribute__' of attributeSetter object at 0x00000284AEB170D0>, bitsMode=UNKNOWN, blendMode='avg', bpc=(8, 8, 8), color=array([0, 0, 0]), colorSpace='rgb', depthBits=8, fullscr=<method-wrapper '__getattribute__' of attributeSetter object at 0x00000284AEB14340>, gamma=None, gammaErrorPolicy='raise', infoMsg=UNKNOWN, lms=UNKNOWN, monitor=<psychopy.monitors.calibTools.Monitor object at 0x00000284B7204CA0>, multiSample=False, name='window1', numSamples=2, pos=[0.0, 0.0], screen=0, size=array([1920, 1080]), stencilBits=0, stereo=False, title='PsychoPy', units='height', useFBO=True, useRetina=False, viewOri=0.0, viewPos=None, viewScale=None, waitBlanking=True, winType='pyglet')
80.2138 	EXP 	window1: backgroundImage = ''
80.2138 	EXP 	window1: backgroundFit = 'none'
80.2140 	EXP 	window1: mouseVisible = <method-wrapper '__getattribute__' of attributeSetter object at 0x00000284AEB17E20>
80.2141 	EXP 	window1: mouseVisible = <method-wrapper '__getattribute__' of attributeSetter object at 0x00000284AEB17E20>
80.2197 	EXP 	window1: mouseVisible = <method-wrapper '__getattribute__' of attributeSetter object at 0x00000284AEB17E20>
80.2209 	EXP 	window1: mouseVisible = <method-wrapper '__getattribute__' of attributeSetter object at 0x00000284AEB17E20>
80.3210 	EXP 	window1: mouseVisible = <method-wrapper '__getattribute__' of attributeSetter object at 0x00000284AEB17E20>
80.3211 	EXP 	window1: mouseVisible = <method-wrapper '__getattribute__' of attributeSetter object at 0x00000284AEB17E20>
80.3219 	EXP 	window1: mouseVisible = <method-wrapper '__getattribute__' of attributeSetter object at 0x00000284AEB17E20>
80.3226 	EXP 	window1: mouseVisible = <method-wrapper '__getattribute__' of attributeSetter object at 0x00000284AEB17E20>
80.3658 	EXP 	window1: Attempting to measure frame rate of screen (0) ...
80.3658 	EXP 	window1: recordFrameIntervals = False
80.5524 	EXP 	window1: recordFrameIntervals = True
80.7359 	EXP 	Screen (0) actual frame rate measured at 60.02Hz
80.7359 	EXP 	window1: recordFrameIntervals = False
80.7360 	EXP 	window1: mouseVisible = False
83.4296 	INFO 	keyboard.Keyboard is using iohub backend.
83.4296 	INFO 	keyboard.Keyboard is using iohub backend.
83.4296 	EXP 	Signal_Detection: status = STARTED
83.4316 	EXP 	window1: mouseVisible = False
83.4394 	EXP 	Created Fixatin = ShapeStim(__class__=<class 'psychopy.visual.shape.ShapeStim'>, anchor=('center', 'center'), autoDraw=False, autoLog=True, closeShape=True, color=method-wrapper(...), colorSpace='rgb', contrast=None, depth=-1.0, draggable=False, fillColor=array([1, 1, 1]), fillColorSpace='rgb', fillRGB=array([1, 1, 1]), interpolate=True, lineColor=array([1., 1., 1.]), lineColorSpace='rgb', lineRGB=array([1, 1, 1]), lineWidth=1.0, name='Fixatin', opacity=1, ori=0.0, pos=array([0., 0.]), size=array([10., 10.]), units='pix', vertices=ndarray(...), win=Window(...), windingRule=None)
83.4395 	EXP 	window1: mouseVisible = False
83.4434 	EXP 	Created grating = GratingStim(__class__=<class 'psychopy.visual.grating.GratingStim'>, anchor='center', autoDraw=False, autoLog=True, blendmode='avg', color=array([0.3, 0.3, 0.3]), colorSpace='rgb', contrast=0.3, depth=-2.0, draggable=False, interpolate=True, mask='gauss', maskParams=None, name='grating', opacity=1, ori=1.0, phase=array([0., 0.]), pos=array([0., 0.]), rgbPedestal=array([0., 0., 0.]), sf=array([5., 5.]), size=array([0.2, 0.2]), tex='sin', texRes=128.0, units='height', win=Window(...))
0.0046 	EXP 	New trial (rep=0, index=0): <Trial 0 (0 in rep 0) data={'thisN': 0, 'thisTrialN': 0, 'thisRepN': 0}>
0.0079 	EXP 	grating: ori = 0.0
0.0079 	EXP 	Fixatin: autoDraw = True
1.0469 	INFO 	Keyboard events cleared
1.0465 	EXP 	Fixatin: autoDraw = False
1.0465 	EXP 	grating: autoDraw = True
1.0465 	EXP 	grating: tex = 'sin'
1.3583 	EXP 	grating: autoDraw = False
2.7443 	EXP 	New trial (rep=1, index=0): <Trial 1 (0 in rep 1) data={'thisN': 1, 'thisTrialN': 0, 'thisRepN': 1}>
2.7459 	DATA 	Keypress: up
2.7474 	EXP 	Fixatin: autoDraw = False
2.7474 	EXP 	grating: autoDraw = False
2.7474 	EXP 	grating: ori = 0.0
2.7474 	EXP 	Fixatin: autoDraw = True
3.7587 	INFO 	Keyboard events cleared
3.7581 	EXP 	Fixatin: autoDraw = False
3.7581 	EXP 	grating: autoDraw = True
4.0580 	EXP 	grating: autoDraw = False
4.4758 	EXP 	New trial (rep=2, index=0): <Trial 2 (0 in rep 2) data={'thisN': 2, 'thisTrialN': 0, 'thisRepN': 2}>
4.4769 	DATA 	Keypress: up
4.4913 	EXP 	Fixatin: autoDraw = False
4.4913 	EXP 	grating: autoDraw = False
4.4913 	EXP 	grating: ori = 2.0
4.4913 	EXP 	Fixatin: autoDraw = True
5.4919 	INFO 	Keyboard events cleared
5.4915 	EXP 	Fixatin: autoDraw = False
5.4915 	EXP 	grating: autoDraw = True
5.7912 	EXP 	grating: autoDraw = False
6.4594 	EXP 	New trial (rep=3, index=0): <Trial 3 (0 in rep 3) data={'thisN': 3, 'thisTrialN': 0, 'thisRepN': 3}>
6.4606 	DATA 	Keypress: down
6.4746 	EXP 	Fixatin: autoDraw = False
6.4746 	EXP 	grating: autoDraw = False
6.4746 	EXP 	grating: ori = -2.0
6.4746 	EXP 	Fixatin: autoDraw = True
7.4746 	INFO 	Keyboard events cleared
7.4742 	EXP 	Fixatin: autoDraw = False
7.4742 	EXP 	grating: autoDraw = True
7.7741 	EXP 	grating: autoDraw = False
8.2920 	EXP 	New trial (rep=4, index=0): <Trial 4 (0 in rep 4) data={'thisN': 4, 'thisTrialN': 0, 'thisRepN': 4}>
8.2932 	DATA 	Keypress: up
8.3074 	EXP 	Fixatin: autoDraw = False
8.3074 	EXP 	grating: autoDraw = False
8.3074 	EXP 	grating: ori = -5.0
8.3074 	EXP 	Fixatin: autoDraw = True
9.3077 	INFO 	Keyboard events cleared
9.3073 	EXP 	Fixatin: autoDraw = False
9.3073 	EXP 	grating: autoDraw = True
9.6073 	EXP 	grating: autoDraw = False
11.0583 	EXP 	New trial (rep=5, index=0): <Trial 5 (0 in rep 5) data={'thisN': 5, 'thisTrialN': 0, 'thisRepN': 5}>
11.0594 	DATA 	Keypress: down
11.0739 	EXP 	Fixatin: autoDraw = False
11.0739 	EXP 	grating: autoDraw = False
11.0739 	EXP 	grating: ori = 4.0
11.0739 	EXP 	Fixatin: autoDraw = True
12.0740 	INFO 	Keyboard events cleared
12.0734 	EXP 	Fixatin: autoDraw = False
12.0734 	EXP 	grating: autoDraw = True
12.3734 	EXP 	grating: autoDraw = False
12.8912 	EXP 	New trial (rep=6, index=0): <Trial 6 (0 in rep 6) data={'thisN': 6, 'thisTrialN': 0, 'thisRepN': 6}>
12.8924 	DATA 	Keypress: down
12.9068 	EXP 	Fixatin: autoDraw = False
12.9068 	EXP 	grating: autoDraw = False
12.9068 	EXP 	grating: ori = 0.0
12.9068 	EXP 	Fixatin: autoDraw = True
13.9070 	INFO 	Keyboard events cleared
13.9065 	EXP 	Fixatin: autoDraw = False
13.9065 	EXP 	grating: autoDraw = True
14.2067 	EXP 	grating: autoDraw = False
14.4914 	EXP 	New trial (rep=7, index=0): <Trial 7 (0 in rep 7) data={'thisN': 7, 'thisTrialN': 0, 'thisRepN': 7}>
14.4925 	DATA 	Keypress: up
14.5066 	EXP 	Fixatin: autoDraw = False
14.5066 	EXP 	grating: autoDraw = False
14.5066 	EXP 	grating: ori = 2.0
14.5066 	EXP 	Fixatin: autoDraw = True
15.5071 	INFO 	Keyboard events cleared
15.5067 	EXP 	Fixatin: autoDraw = False
15.5067 	EXP 	grating: autoDraw = True
15.8065 	EXP 	grating: autoDraw = False
16.2910 	EXP 	New trial (rep=8, index=0): <Trial 8 (0 in rep 8) data={'thisN': 8, 'thisTrialN': 0, 'thisRepN': 8}>
16.2921 	DATA 	Keypress: down
16.3067 	EXP 	Fixatin: autoDraw = False
16.3067 	EXP 	grating: autoDraw = False
16.3067 	EXP 	grating: ori = 0.0
16.3067 	EXP 	Fixatin: autoDraw = True
17.3068 	INFO 	Keyboard events cleared
17.3063 	EXP 	Fixatin: autoDraw = False
17.3063 	EXP 	grating: autoDraw = True
17.6061 	EXP 	grating: autoDraw = False
18.2575 	EXP 	New trial (rep=9, index=0): <Trial 9 (0 in rep 9) data={'thisN': 9, 'thisTrialN': 0, 'thisRepN': 9}>
18.2588 	DATA 	Keypress: up
18.2726 	EXP 	Fixatin: autoDraw = False
18.2726 	EXP 	grating: autoDraw = False
18.2726 	EXP 	grating: ori = 0.0
18.2726 	EXP 	Fixatin: autoDraw = True
19.2737 	INFO 	Keyboard events cleared
19.2729 	EXP 	Fixatin: autoDraw = False
19.2729 	EXP 	grating: autoDraw = True
19.5728 	EXP 	grating: autoDraw = False
20.0237 	EXP 	New trial (rep=10, index=0): <Trial 10 (0 in rep 10) data={'thisN': 10, 'thisTrialN': 0, 'thisRepN': 10}>
20.0248 	DATA 	Keypress: up
20.0393 	EXP 	Fixatin: autoDraw = False
20.0393 	EXP 	grating: autoDraw = False
20.0393 	EXP 	grating: ori = 1.0
20.0393 	EXP 	Fixatin: autoDraw = True
21.0234 	INFO 	Keyboard events cleared
21.0227 	EXP 	grating: autoDraw = True
21.0393 	EXP 	Fixatin: autoDraw = False
21.3226 	EXP 	grating: autoDraw = False
21.7737 	EXP 	New trial (rep=11, index=0): <Trial 11 (0 in rep 11) data={'thisN': 11, 'thisTrialN': 0, 'thisRepN': 11}>
21.7749 	DATA 	Keypress: up
21.7893 	EXP 	Fixatin: autoDraw = False
21.7893 	EXP 	grating: autoDraw = False
21.7893 	EXP 	grating: ori = 2.0
21.7893 	EXP 	Fixatin: autoDraw = True
22.7899 	INFO 	Keyboard events cleared
22.7894 	EXP 	Fixatin: autoDraw = False
22.7894 	EXP 	grating: autoDraw = True
23.0894 	EXP 	grating: autoDraw = False
23.6573 	EXP 	New trial (rep=12, index=0): <Trial 12 (0 in rep 12) data={'thisN': 12, 'thisTrialN': 0, 'thisRepN': 12}>
23.6585 	DATA 	Keypress: down
23.6726 	EXP 	Fixatin: autoDraw = False
23.6726 	EXP 	grating: autoDraw = False
23.6726 	EXP 	grating: ori = 0.0
23.6726 	EXP 	Fixatin: autoDraw = True
24.6568 	INFO 	Keyboard events cleared
24.6564 	EXP 	grating: autoDraw = True
24.6730 	EXP 	Fixatin: autoDraw = False
24.9563 	EXP 	grating: autoDraw = False
26.2407 	EXP 	New trial (rep=13, index=0): <Trial 13 (0 in rep 13) data={'thisN': 13, 'thisTrialN': 0, 'thisRepN': 13}>
26.2420 	DATA 	Keypress: up
26.2561 	EXP 	Fixatin: autoDraw = False
26.2561 	EXP 	grating: autoDraw = False
26.2561 	EXP 	grating: ori = -3.0
26.2561 	EXP 	Fixatin: autoDraw = True
27.2555 	INFO 	Keyboard events cleared
27.2552 	EXP 	grating: autoDraw = True
27.2718 	EXP 	Fixatin: autoDraw = False
27.5551 	EXP 	grating: autoDraw = False
27.9560 	EXP 	New trial (rep=14, index=0): <Trial 14 (0 in rep 14) data={'thisN': 14, 'thisTrialN': 0, 'thisRepN': 14}>
27.9572 	DATA 	Keypress: up
27.9715 	EXP 	Fixatin: autoDraw = False
27.9715 	EXP 	grating: autoDraw = False
27.9715 	EXP 	grating: ori = 4.0
27.9715 	EXP 	Fixatin: autoDraw = True
28.9723 	INFO 	Keyboard events cleared
28.9715 	EXP 	Fixatin: autoDraw = False
28.9715 	EXP 	grating: autoDraw = True
29.2715 	EXP 	grating: autoDraw = False
29.7070 	EXP 	New trial (rep=15, index=0): <Trial 15 (0 in rep 15) data={'thisN': 15, 'thisTrialN': 0, 'thisRepN': 15}>
29.7093 	DATA 	Keypress: down
29.7215 	EXP 	Fixatin: autoDraw = False
29.7215 	EXP 	grating: autoDraw = False
29.7215 	EXP 	grating: ori = 0.0
29.7215 	EXP 	Fixatin: autoDraw = True
30.7218 	INFO 	Keyboard events cleared
30.7213 	EXP 	Fixatin: autoDraw = False
30.7213 	EXP 	grating: autoDraw = True
31.0213 	EXP 	grating: autoDraw = False
31.4722 	EXP 	New trial (rep=16, index=0): <Trial 16 (0 in rep 16) data={'thisN': 16, 'thisTrialN': 0, 'thisRepN': 16}>
31.4730 	DATA 	Keypress: up
31.4881 	EXP 	Fixatin: autoDraw = False
31.4881 	EXP 	grating: autoDraw = False
31.4881 	EXP 	grating: ori = -3.0
31.4881 	EXP 	Fixatin: autoDraw = True
32.4879 	INFO 	Keyboard events cleared
32.4875 	EXP 	Fixatin: autoDraw = False
32.4875 	EXP 	grating: autoDraw = True
32.7874 	EXP 	grating: autoDraw = False
33.1219 	EXP 	New trial (rep=17, index=0): <Trial 17 (0 in rep 17) data={'thisN': 17, 'thisTrialN': 0, 'thisRepN': 17}>
33.1231 	DATA 	Keypress: up
33.1374 	EXP 	Fixatin: autoDraw = False
33.1374 	EXP 	grating: autoDraw = False
33.1374 	EXP 	grating: ori = 0.0
33.1374 	EXP 	Fixatin: autoDraw = True
34.1378 	INFO 	Keyboard events cleared
34.1373 	EXP 	Fixatin: autoDraw = False
34.1373 	EXP 	grating: autoDraw = True
34.4372 	EXP 	grating: autoDraw = False
34.8718 	EXP 	New trial (rep=18, index=0): <Trial 18 (0 in rep 18) data={'thisN': 18, 'thisTrialN': 0, 'thisRepN': 18}>
34.8730 	DATA 	Keypress: up
34.8873 	EXP 	Fixatin: autoDraw = False
34.8873 	EXP 	grating: autoDraw = False
34.8873 	EXP 	grating: ori = 0.0
34.8873 	EXP 	Fixatin: autoDraw = True
35.8877 	INFO 	Keyboard events cleared
35.8873 	EXP 	Fixatin: autoDraw = False
35.8873 	EXP 	grating: autoDraw = True
36.1871 	EXP 	grating: autoDraw = False
36.7551 	EXP 	New trial (rep=19, index=0): <Trial 19 (0 in rep 19) data={'thisN': 19, 'thisTrialN': 0, 'thisRepN': 19}>
36.7563 	DATA 	Keypress: up
36.7706 	EXP 	Fixatin: autoDraw = False
36.7706 	EXP 	grating: autoDraw = False
36.7706 	EXP 	grating: ori = 4.0
36.7706 	EXP 	Fixatin: autoDraw = True
37.7706 	INFO 	Keyboard events cleared
37.7701 	EXP 	Fixatin: autoDraw = False
37.7701 	EXP 	grating: autoDraw = True
38.0701 	EXP 	grating: autoDraw = False
38.6546 	EXP 	New trial (rep=20, index=0): <Trial 20 (0 in rep 20) data={'thisN': 20, 'thisTrialN': 0, 'thisRepN': 20}>
38.6555 	DATA 	Keypress: down
38.6703 	EXP 	Fixatin: autoDraw = False
38.6703 	EXP 	grating: autoDraw = False
38.6703 	EXP 	grating: ori = 1.0
38.6703 	EXP 	Fixatin: autoDraw = True
39.6705 	INFO 	Keyboard events cleared
39.6700 	EXP 	Fixatin: autoDraw = False
39.6700 	EXP 	grating: autoDraw = True
39.9701 	EXP 	grating: autoDraw = False
40.8376 	EXP 	New trial (rep=21, index=0): <Trial 21 (0 in rep 21) data={'thisN': 21, 'thisTrialN': 0, 'thisRepN': 21}>
40.8387 	DATA 	Keypress: down
40.8532 	EXP 	Fixatin: autoDraw = False
40.8532 	EXP 	grating: autoDraw = False
40.8532 	EXP 	grating: ori = 0.0
40.8532 	EXP 	Fixatin: autoDraw = True
41.8537 	INFO 	Keyboard events cleared
41.8533 	EXP 	Fixatin: autoDraw = False
41.8533 	EXP 	grating: autoDraw = True
42.1532 	EXP 	grating: autoDraw = False
43.0538 	EXP 	New trial (rep=22, index=0): <Trial 22 (0 in rep 22) data={'thisN': 22, 'thisTrialN': 0, 'thisRepN': 22}>
43.0547 	DATA 	Keypress: down
43.0696 	EXP 	Fixatin: autoDraw = False
43.0696 	EXP 	grating: autoDraw = False
43.0696 	EXP 	grating: ori = 0.0
43.0696 	EXP 	Fixatin: autoDraw = True
44.0532 	INFO 	Keyboard events cleared
44.0528 	EXP 	grating: autoDraw = True
44.0693 	EXP 	Fixatin: autoDraw = False
44.3527 	EXP 	grating: autoDraw = False
44.8371 	EXP 	New trial (rep=23, index=0): <Trial 23 (0 in rep 23) data={'thisN': 23, 'thisTrialN': 0, 'thisRepN': 23}>
44.8381 	DATA 	Keypress: up
44.8526 	EXP 	Fixatin: autoDraw = False
44.8526 	EXP 	grating: autoDraw = False
44.8526 	EXP 	grating: ori = 0.0
44.8526 	EXP 	Fixatin: autoDraw = True
45.8531 	INFO 	Keyboard events cleared
45.8527 	EXP 	Fixatin: autoDraw = False
45.8527 	EXP 	grating: autoDraw = True
46.1526 	EXP 	grating: autoDraw = False
46.6203 	EXP 	New trial (rep=24, index=0): <Trial 24 (0 in rep 24) data={'thisN': 24, 'thisTrialN': 0, 'thisRepN': 24}>
46.6214 	DATA 	Keypress: up
46.6358 	EXP 	Fixatin: autoDraw = False
46.6358 	EXP 	grating: autoDraw = False
46.6358 	EXP 	grating: ori = 1.0
46.6358 	EXP 	Fixatin: autoDraw = True
47.6362 	INFO 	Keyboard events cleared
47.6358 	EXP 	Fixatin: autoDraw = False
47.6358 	EXP 	grating: autoDraw = True
47.9355 	EXP 	grating: autoDraw = False
48.8200 	EXP 	New trial (rep=25, index=0): <Trial 25 (0 in rep 25) data={'thisN': 25, 'thisTrialN': 0, 'thisRepN': 25}>
48.8211 	DATA 	Keypress: up
48.8355 	EXP 	Fixatin: autoDraw = False
48.8355 	EXP 	grating: autoDraw = False
48.8355 	EXP 	grating: ori = 0.0
48.8355 	EXP 	Fixatin: autoDraw = True
49.8192 	INFO 	Keyboard events cleared
49.8187 	EXP 	grating: autoDraw = True
49.8355 	EXP 	Fixatin: autoDraw = False
50.1186 	EXP 	grating: autoDraw = False
50.5530 	EXP 	New trial (rep=26, index=0): <Trial 26 (0 in rep 26) data={'thisN': 26, 'thisTrialN': 0, 'thisRepN': 26}>
50.5541 	DATA 	Keypress: up
50.5685 	EXP 	Fixatin: autoDraw = False
50.5685 	EXP 	grating: autoDraw = False
50.5685 	EXP 	grating: ori = 0.0
50.5685 	EXP 	Fixatin: autoDraw = True
51.5691 	INFO 	Keyboard events cleared
51.5687 	EXP 	Fixatin: autoDraw = False
51.5687 	EXP 	grating: autoDraw = True
51.8686 	EXP 	grating: autoDraw = False
52.3697 	EXP 	New trial (rep=27, index=0): <Trial 27 (0 in rep 27) data={'thisN': 27, 'thisTrialN': 0, 'thisRepN': 27}>
52.3708 	DATA 	Keypress: up
52.3852 	EXP 	Fixatin: autoDraw = False
52.3852 	EXP 	grating: autoDraw = False
52.3852 	EXP 	grating: ori = 2.0
52.3852 	EXP 	Fixatin: autoDraw = True
53.3859 	INFO 	Keyboard events cleared
53.3854 	EXP 	Fixatin: autoDraw = False
53.3854 	EXP 	grating: autoDraw = True
53.6855 	EXP 	grating: autoDraw = False
54.5868 	EXP 	New trial (rep=28, index=0): <Trial 28 (0 in rep 28) data={'thisN': 28, 'thisTrialN': 0, 'thisRepN': 28}>
54.5880 	DATA 	Keypress: up
54.6022 	EXP 	Fixatin: autoDraw = False
54.6022 	EXP 	grating: autoDraw = False
54.6022 	EXP 	grating: ori = 4.0
54.6022 	EXP 	Fixatin: autoDraw = True
55.5862 	INFO 	Keyboard events cleared
55.5857 	EXP 	grating: autoDraw = True
55.6024 	EXP 	Fixatin: autoDraw = False
55.8855 	EXP 	grating: autoDraw = False
56.3033 	EXP 	New trial (rep=29, index=0): <Trial 29 (0 in rep 29) data={'thisN': 29, 'thisTrialN': 0, 'thisRepN': 29}>
56.3045 	DATA 	Keypress: down
56.3188 	EXP 	Fixatin: autoDraw = False
56.3188 	EXP 	grating: autoDraw = False
56.3188 	EXP 	grating: ori = -4.0
56.3188 	EXP 	Fixatin: autoDraw = True
57.3193 	INFO 	Keyboard events cleared
57.3189 	EXP 	Fixatin: autoDraw = False
57.3189 	EXP 	grating: autoDraw = True
57.6186 	EXP 	grating: autoDraw = False
58.4362 	EXP 	New trial (rep=30, index=0): <Trial 30 (0 in rep 30) data={'thisN': 30, 'thisTrialN': 0, 'thisRepN': 30}>
58.4374 	DATA 	Keypress: up
58.4518 	EXP 	Fixatin: autoDraw = False
58.4518 	EXP 	grating: autoDraw = False
58.4518 	EXP 	grating: ori = 0.0
58.4518 	EXP 	Fixatin: autoDraw = True
59.4522 	INFO 	Keyboard events cleared
59.4518 	EXP 	Fixatin: autoDraw = False
59.4518 	EXP 	grating: autoDraw = True
59.7517 	EXP 	grating: autoDraw = False
60.1028 	EXP 	New trial (rep=31, index=0): <Trial 31 (0 in rep 31) data={'thisN': 31, 'thisTrialN': 0, 'thisRepN': 31}>
60.1040 	DATA 	Keypress: up
60.1183 	EXP 	Fixatin: autoDraw = False
60.1183 	EXP 	grating: autoDraw = False
60.1183 	EXP 	grating: ori = 0.0
60.1183 	EXP 	Fixatin: autoDraw = True
61.1188 	INFO 	Keyboard events cleared
61.1183 	EXP 	Fixatin: autoDraw = False
61.1183 	EXP 	grating: autoDraw = True
61.4181 	EXP 	grating: autoDraw = False
62.0860 	EXP 	New trial (rep=32, index=0): <Trial 32 (0 in rep 32) data={'thisN': 32, 'thisTrialN': 0, 'thisRepN': 32}>
62.0871 	DATA 	Keypress: up
62.1014 	EXP 	Fixatin: autoDraw = False
62.1014 	EXP 	grating: autoDraw = False
62.1014 	EXP 	grating: ori = -5.0
62.1014 	EXP 	Fixatin: autoDraw = True
63.1018 	INFO 	Keyboard events cleared
63.1013 	EXP 	Fixatin: autoDraw = False
63.1013 	EXP 	grating: autoDraw = True
63.4012 	EXP 	grating: autoDraw = False
63.8358 	EXP 	New trial (rep=33, index=0): <Trial 33 (0 in rep 33) data={'thisN': 33, 'thisTrialN': 0, 'thisRepN': 33}>
63.8371 	DATA 	Keypress: down
63.8512 	EXP 	Fixatin: autoDraw = False
63.8512 	EXP 	grating: autoDraw = False
63.8512 	EXP 	grating: ori = 2.0
63.8512 	EXP 	Fixatin: autoDraw = True
64.8517 	INFO 	Keyboard events cleared
64.8512 	EXP 	Fixatin: autoDraw = False
64.8512 	EXP 	grating: autoDraw = True
65.1510 	EXP 	grating: autoDraw = False
65.7857 	EXP 	New trial (rep=34, index=0): <Trial 34 (0 in rep 34) data={'thisN': 34, 'thisTrialN': 0, 'thisRepN': 34}>
65.7870 	DATA 	Keypress: down
65.8009 	EXP 	Fixatin: autoDraw = False
65.8009 	EXP 	grating: autoDraw = False
65.8009 	EXP 	grating: ori = 3.0
65.8009 	EXP 	Fixatin: autoDraw = True
66.8013 	INFO 	Keyboard events cleared
66.8008 	EXP 	Fixatin: autoDraw = False
66.8008 	EXP 	grating: autoDraw = True
67.1007 	EXP 	grating: autoDraw = False
67.4687 	EXP 	New trial (rep=35, index=0): <Trial 35 (0 in rep 35) data={'thisN': 35, 'thisTrialN': 0, 'thisRepN': 35}>
67.4701 	DATA 	Keypress: down
67.4840 	EXP 	Fixatin: autoDraw = False
67.4840 	EXP 	grating: autoDraw = False
67.4840 	EXP 	grating: ori = -2.0
67.4840 	EXP 	Fixatin: autoDraw = True
68.4845 	INFO 	Keyboard events cleared
68.4840 	EXP 	Fixatin: autoDraw = False
68.4840 	EXP 	grating: autoDraw = True
68.7839 	EXP 	grating: autoDraw = False
69.1685 	EXP 	New trial (rep=36, index=0): <Trial 36 (0 in rep 36) data={'thisN': 36, 'thisTrialN': 0, 'thisRepN': 36}>
69.1698 	DATA 	Keypress: up
69.1838 	EXP 	Fixatin: autoDraw = False
69.1838 	EXP 	grating: autoDraw = False
69.1838 	EXP 	grating: ori = 0.0
69.1838 	EXP 	Fixatin: autoDraw = True
70.1843 	INFO 	Keyboard events cleared
70.1838 	EXP 	Fixatin: autoDraw = False
70.1838 	EXP 	grating: autoDraw = True
70.4833 	EXP 	grating: autoDraw = False
70.8513 	EXP 	New trial (rep=37, index=0): <Trial 37 (0 in rep 37) data={'thisN': 37, 'thisTrialN': 0, 'thisRepN': 37}>
70.8523 	DATA 	Keypress: up
70.8669 	EXP 	Fixatin: autoDraw = False
70.8669 	EXP 	grating: autoDraw = False
70.8669 	EXP 	grating: ori = 0.0
70.8669 	EXP 	Fixatin: autoDraw = True
71.8674 	INFO 	Keyboard events cleared
71.8670 	EXP 	Fixatin: autoDraw = False
71.8670 	EXP 	grating: autoDraw = True
72.1667 	EXP 	grating: autoDraw = False
72.5178 	EXP 	New trial (rep=38, index=0): <Trial 38 (0 in rep 38) data={'thisN': 38, 'thisTrialN': 0, 'thisRepN': 38}>
72.5188 	DATA 	Keypress: up
72.5334 	EXP 	Fixatin: autoDraw = False
72.5334 	EXP 	grating: autoDraw = False
72.5334 	EXP 	grating: ori = 0.0
72.5334 	EXP 	Fixatin: autoDraw = True
73.5170 	INFO 	Keyboard events cleared
73.5167 	EXP 	grating: autoDraw = True
73.5335 	EXP 	Fixatin: autoDraw = False
73.8166 	EXP 	grating: autoDraw = False
74.1342 	EXP 	New trial (rep=39, index=0): <Trial 39 (0 in rep 39) data={'thisN': 39, 'thisTrialN': 0, 'thisRepN': 39}>
74.1352 	DATA 	Keypress: up
74.1498 	EXP 	Fixatin: autoDraw = False
74.1498 	EXP 	grating: autoDraw = False
74.1498 	EXP 	grating: ori = -2.0
74.1498 	EXP 	Fixatin: autoDraw = True
75.1503 	INFO 	Keyboard events cleared
75.1499 	EXP 	Fixatin: autoDraw = False
75.1499 	EXP 	grating: autoDraw = True
75.4496 	EXP 	grating: autoDraw = False
75.8175 	EXP 	New trial (rep=40, index=0): <Trial 40 (0 in rep 40) data={'thisN': 40, 'thisTrialN': 0, 'thisRepN': 40}>
75.8186 	DATA 	Keypress: up
75.8330 	EXP 	Fixatin: autoDraw = False
75.8330 	EXP 	grating: autoDraw = False
75.8330 	EXP 	grating: ori = 0.0
75.8330 	EXP 	Fixatin: autoDraw = True
76.8337 	INFO 	Keyboard events cleared
76.8330 	EXP 	Fixatin: autoDraw = False
76.8330 	EXP 	grating: autoDraw = True
77.1329 	EXP 	grating: autoDraw = False
77.4682 	EXP 	New trial (rep=41, index=0): <Trial 41 (0 in rep 41) data={'thisN': 41, 'thisTrialN': 0, 'thisRepN': 41}>
77.4703 	DATA 	Keypress: down
77.4828 	EXP 	Fixatin: autoDraw = False
77.4828 	EXP 	grating: autoDraw = False
77.4828 	EXP 	grating: ori = -5.0
77.4828 	EXP 	Fixatin: autoDraw = True
78.4835 	INFO 	Keyboard events cleared
78.4828 	EXP 	Fixatin: autoDraw = False
78.4828 	EXP 	grating: autoDraw = True
78.7825 	EXP 	grating: autoDraw = False
79.1847 	EXP 	New trial (rep=42, index=0): <Trial 42 (0 in rep 42) data={'thisN': 42, 'thisTrialN': 0, 'thisRepN': 42}>
79.1868 	DATA 	Keypress: up
79.1992 	EXP 	Fixatin: autoDraw = False
79.1992 	EXP 	grating: autoDraw = False
79.1992 	EXP 	grating: ori = 2.0
79.1992 	EXP 	Fixatin: autoDraw = True
80.2000 	INFO 	Keyboard events cleared
80.1992 	EXP 	Fixatin: autoDraw = False
80.1992 	EXP 	grating: autoDraw = True
80.4991 	EXP 	grating: autoDraw = False
80.8502 	EXP 	New trial (rep=43, index=0): <Trial 43 (0 in rep 43) data={'thisN': 43, 'thisTrialN': 0, 'thisRepN': 43}>
80.8514 	DATA 	Keypress: down
80.8657 	EXP 	Fixatin: autoDraw = False
80.8657 	EXP 	grating: autoDraw = False
80.8657 	EXP 	grating: ori = 0.0
80.8657 	EXP 	Fixatin: autoDraw = True
81.8662 	INFO 	Keyboard events cleared
81.8657 	EXP 	Fixatin: autoDraw = False
81.8657 	EXP 	grating: autoDraw = True
82.1654 	EXP 	grating: autoDraw = False
82.5335 	EXP 	New trial (rep=44, index=0): <Trial 44 (0 in rep 44) data={'thisN': 44, 'thisTrialN': 0, 'thisRepN': 44}>
82.5347 	DATA 	Keypress: up
82.5488 	EXP 	Fixatin: autoDraw = False
82.5488 	EXP 	grating: autoDraw = False
82.5488 	EXP 	grating: ori = -2.0
82.5488 	EXP 	Fixatin: autoDraw = True
83.5492 	INFO 	Keyboard events cleared
83.5487 	EXP 	Fixatin: autoDraw = False
83.5487 	EXP 	grating: autoDraw = True
83.8486 	EXP 	grating: autoDraw = False
84.2664 	EXP 	New trial (rep=45, index=0): <Trial 45 (0 in rep 45) data={'thisN': 45, 'thisTrialN': 0, 'thisRepN': 45}>
84.2676 	DATA 	Keypress: up
84.2818 	EXP 	Fixatin: autoDraw = False
84.2818 	EXP 	grating: autoDraw = False
84.2818 	EXP 	grating: ori = 3.0
84.2818 	EXP 	Fixatin: autoDraw = True
85.2822 	INFO 	Keyboard events cleared
85.2818 	EXP 	Fixatin: autoDraw = False
85.2818 	EXP 	grating: autoDraw = True
85.5817 	EXP 	grating: autoDraw = False
85.9661 	EXP 	New trial (rep=46, index=0): <Trial 46 (0 in rep 46) data={'thisN': 46, 'thisTrialN': 0, 'thisRepN': 46}>
85.9673 	DATA 	Keypress: down
85.9815 	EXP 	Fixatin: autoDraw = False
85.9815 	EXP 	grating: autoDraw = False
85.9815 	EXP 	grating: ori = 0.0
85.9815 	EXP 	Fixatin: autoDraw = True
86.9820 	INFO 	Keyboard events cleared
86.9816 	EXP 	Fixatin: autoDraw = False
86.9816 	EXP 	grating: autoDraw = True
87.2815 	EXP 	grating: autoDraw = False
87.6992 	EXP 	New trial (rep=47, index=0): <Trial 47 (0 in rep 47) data={'thisN': 47, 'thisTrialN': 0, 'thisRepN': 47}>
87.7003 	DATA 	Keypress: up
87.7147 	EXP 	Fixatin: autoDraw = False
87.7147 	EXP 	grating: autoDraw = False
87.7147 	EXP 	grating: ori = 0.0
87.7147 	EXP 	Fixatin: autoDraw = True
88.7151 	INFO 	Keyboard events cleared
88.7147 	EXP 	Fixatin: autoDraw = False
88.7147 	EXP 	grating: autoDraw = True
89.0145 	EXP 	grating: autoDraw = False
90.0657 	EXP 	New trial (rep=48, index=0): <Trial 48 (0 in rep 48) data={'thisN': 48, 'thisTrialN': 0, 'thisRepN': 48}>
90.0669 	DATA 	Keypress: up
90.0811 	EXP 	Fixatin: autoDraw = False
90.0811 	EXP 	grating: autoDraw = False
90.0811 	EXP 	grating: ori = -2.0
90.0811 	EXP 	Fixatin: autoDraw = True
91.0815 	INFO 	Keyboard events cleared
91.0811 	EXP 	Fixatin: autoDraw = False
91.0811 	EXP 	grating: autoDraw = True
91.3809 	EXP 	grating: autoDraw = False
91.8153 	EXP 	New trial (rep=49, index=0): <Trial 49 (0 in rep 49) data={'thisN': 49, 'thisTrialN': 0, 'thisRepN': 49}>
91.8166 	DATA 	Keypress: up
91.8309 	EXP 	Fixatin: autoDraw = False
91.8309 	EXP 	grating: autoDraw = False
91.8309 	EXP 	grating: ori = 0.0
91.8309 	EXP 	Fixatin: autoDraw = True
92.8313 	INFO 	Keyboard events cleared
92.8308 	EXP 	Fixatin: autoDraw = False
92.8308 	EXP 	grating: autoDraw = True
93.1307 	EXP 	grating: autoDraw = False
93.5653 	EXP 	New trial (rep=50, index=0): <Trial 50 (0 in rep 50) data={'thisN': 50, 'thisTrialN': 0, 'thisRepN': 50}>
93.5665 	DATA 	Keypress: down
93.5807 	EXP 	Fixatin: autoDraw = False
93.5807 	EXP 	grating: autoDraw = False
93.5807 	EXP 	grating: ori = 0.0
93.5807 	EXP 	Fixatin: autoDraw = True
94.5811 	INFO 	Keyboard events cleared
94.5806 	EXP 	Fixatin: autoDraw = False
94.5806 	EXP 	grating: autoDraw = True
94.8805 	EXP 	grating: autoDraw = False
95.9483 	EXP 	New trial (rep=51, index=0): <Trial 51 (0 in rep 51) data={'thisN': 51, 'thisTrialN': 0, 'thisRepN': 51}>
95.9494 	DATA 	Keypress: down
95.9637 	EXP 	Fixatin: autoDraw = False
95.9637 	EXP 	grating: autoDraw = False
95.9637 	EXP 	grating: ori = -2.0
95.9637 	EXP 	Fixatin: autoDraw = True
96.9641 	INFO 	Keyboard events cleared
96.9636 	EXP 	Fixatin: autoDraw = False
96.9636 	EXP 	grating: autoDraw = True
97.2635 	EXP 	grating: autoDraw = False
97.6480 	EXP 	New trial (rep=52, index=0): <Trial 52 (0 in rep 52) data={'thisN': 52, 'thisTrialN': 0, 'thisRepN': 52}>
97.6491 	DATA 	Keypress: up
97.6633 	EXP 	Fixatin: autoDraw = False
97.6633 	EXP 	grating: autoDraw = False
97.6633 	EXP 	grating: ori = 0.0
97.6633 	EXP 	Fixatin: autoDraw = True
98.6639 	INFO 	Keyboard events cleared
98.6634 	EXP 	Fixatin: autoDraw = False
98.6634 	EXP 	grating: autoDraw = True
98.9632 	EXP 	grating: autoDraw = False
100.1810 	EXP 	New trial (rep=53, index=0): <Trial 53 (0 in rep 53) data={'thisN': 53, 'thisTrialN': 0, 'thisRepN': 53}>
100.1822 	DATA 	Keypress: up
100.1965 	EXP 	Fixatin: autoDraw = False
100.1965 	EXP 	grating: autoDraw = False
100.1965 	EXP 	grating: ori = 0.0
100.1965 	EXP 	Fixatin: autoDraw = True
101.1969 	INFO 	Keyboard events cleared
101.1965 	EXP 	Fixatin: autoDraw = False
101.1965 	EXP 	grating: autoDraw = True
101.4963 	EXP 	grating: autoDraw = False
101.9474 	EXP 	New trial (rep=54, index=0): <Trial 54 (0 in rep 54) data={'thisN': 54, 'thisTrialN': 0, 'thisRepN': 54}>
101.9486 	DATA 	Keypress: up
101.9629 	EXP 	Fixatin: autoDraw = False
101.9629 	EXP 	grating: autoDraw = False
101.9629 	EXP 	grating: ori = 0.0
101.9629 	EXP 	Fixatin: autoDraw = True
102.9632 	INFO 	Keyboard events cleared
102.9628 	EXP 	Fixatin: autoDraw = False
102.9628 	EXP 	grating: autoDraw = True
103.2626 	EXP 	grating: autoDraw = False
103.5639 	EXP 	New trial (rep=55, index=0): <Trial 55 (0 in rep 55) data={'thisN': 55, 'thisTrialN': 0, 'thisRepN': 55}>
103.5650 	DATA 	Keypress: up
103.5794 	EXP 	Fixatin: autoDraw = False
103.5794 	EXP 	grating: autoDraw = False
103.5794 	EXP 	grating: ori = 1.0
103.5794 	EXP 	Fixatin: autoDraw = True
104.5798 	INFO 	Keyboard events cleared
104.5793 	EXP 	Fixatin: autoDraw = False
104.5793 	EXP 	grating: autoDraw = True
104.8791 	EXP 	grating: autoDraw = False
105.4804 	EXP 	New trial (rep=56, index=0): <Trial 56 (0 in rep 56) data={'thisN': 56, 'thisTrialN': 0, 'thisRepN': 56}>
105.4815 	DATA 	Keypress: up
105.4957 	EXP 	Fixatin: autoDraw = False
105.4957 	EXP 	grating: autoDraw = False
105.4957 	EXP 	grating: ori = 0.0
105.4957 	EXP 	Fixatin: autoDraw = True
106.4962 	INFO 	Keyboard events cleared
106.4957 	EXP 	Fixatin: autoDraw = False
106.4957 	EXP 	grating: autoDraw = True
106.7956 	EXP 	grating: autoDraw = False
107.0468 	EXP 	New trial (rep=57, index=0): <Trial 57 (0 in rep 57) data={'thisN': 57, 'thisTrialN': 0, 'thisRepN': 57}>
107.0481 	DATA 	Keypress: up
107.0623 	EXP 	Fixatin: autoDraw = False
107.0623 	EXP 	grating: autoDraw = False
107.0623 	EXP 	grating: ori = 0.0
107.0623 	EXP 	Fixatin: autoDraw = True
108.0625 	INFO 	Keyboard events cleared
108.0622 	EXP 	Fixatin: autoDraw = False
108.0622 	EXP 	grating: autoDraw = True
108.3619 	EXP 	grating: autoDraw = False
108.7298 	EXP 	New trial (rep=58, index=0): <Trial 58 (0 in rep 58) data={'thisN': 58, 'thisTrialN': 0, 'thisRepN': 58}>
108.7310 	DATA 	Keypress: up
108.7453 	EXP 	Fixatin: autoDraw = False
108.7453 	EXP 	grating: autoDraw = False
108.7453 	EXP 	grating: ori = 0.0
108.7453 	EXP 	Fixatin: autoDraw = True
109.7457 	INFO 	Keyboard events cleared
109.7452 	EXP 	Fixatin: autoDraw = False
109.7452 	EXP 	grating: autoDraw = True
110.0451 	EXP 	grating: autoDraw = False
110.3966 	EXP 	New trial (rep=59, index=0): <Trial 59 (0 in rep 59) data={'thisN': 59, 'thisTrialN': 0, 'thisRepN': 59}>
110.3979 	DATA 	Keypress: up
110.4118 	EXP 	Fixatin: autoDraw = False
110.4118 	EXP 	grating: autoDraw = False
110.4118 	EXP 	grating: ori = -4.0
110.4118 	EXP 	Fixatin: autoDraw = True
111.4122 	INFO 	Keyboard events cleared
111.4117 	EXP 	Fixatin: autoDraw = False
111.4117 	EXP 	grating: autoDraw = True
111.7116 	EXP 	grating: autoDraw = False
112.4795 	EXP 	New trial (rep=60, index=0): <Trial 60 (0 in rep 60) data={'thisN': 60, 'thisTrialN': 0, 'thisRepN': 60}>
112.4808 	DATA 	Keypress: up
112.4948 	EXP 	Fixatin: autoDraw = False
112.4948 	EXP 	grating: autoDraw = False
112.4948 	EXP 	grating: ori = -5.0
112.4948 	EXP 	Fixatin: autoDraw = True
113.4953 	INFO 	Keyboard events cleared
113.4948 	EXP 	Fixatin: autoDraw = False
113.4948 	EXP 	grating: autoDraw = True
113.7948 	EXP 	grating: autoDraw = False
114.3290 	EXP 	New trial (rep=61, index=0): <Trial 61 (0 in rep 61) data={'thisN': 61, 'thisTrialN': 0, 'thisRepN': 61}>
114.3302 	DATA 	Keypress: up
114.3446 	EXP 	Fixatin: autoDraw = False
114.3446 	EXP 	grating: autoDraw = False
114.3446 	EXP 	grating: ori = -5.0
114.3446 	EXP 	Fixatin: autoDraw = True
115.3450 	INFO 	Keyboard events cleared
115.3445 	EXP 	Fixatin: autoDraw = False
115.3445 	EXP 	grating: autoDraw = True
115.6444 	EXP 	grating: autoDraw = False
116.0290 	EXP 	New trial (rep=62, index=0): <Trial 62 (0 in rep 62) data={'thisN': 62, 'thisTrialN': 0, 'thisRepN': 62}>
116.0302 	DATA 	Keypress: down
116.0444 	EXP 	Fixatin: autoDraw = False
116.0444 	EXP 	grating: autoDraw = False
116.0444 	EXP 	grating: ori = 0.0
116.0444 	EXP 	Fixatin: autoDraw = True
117.0449 	INFO 	Keyboard events cleared
117.0445 	EXP 	Fixatin: autoDraw = False
117.0445 	EXP 	grating: autoDraw = True
117.3442 	EXP 	grating: autoDraw = False
117.9454 	EXP 	New trial (rep=63, index=0): <Trial 63 (0 in rep 63) data={'thisN': 63, 'thisTrialN': 0, 'thisRepN': 63}>
117.9466 	DATA 	Keypress: up
117.9608 	EXP 	Fixatin: autoDraw = False
117.9608 	EXP 	grating: autoDraw = False
117.9608 	EXP 	grating: ori = 0.0
117.9608 	EXP 	Fixatin: autoDraw = True
118.9614 	INFO 	Keyboard events cleared
118.9610 	EXP 	Fixatin: autoDraw = False
118.9610 	EXP 	grating: autoDraw = True
119.2606 	EXP 	grating: autoDraw = False
119.9451 	EXP 	New trial (rep=64, index=0): <Trial 64 (0 in rep 64) data={'thisN': 64, 'thisTrialN': 0, 'thisRepN': 64}>
119.9463 	DATA 	Keypress: up
119.9606 	EXP 	Fixatin: autoDraw = False
119.9606 	EXP 	grating: autoDraw = False
119.9606 	EXP 	grating: ori = 4.0
119.9606 	EXP 	Fixatin: autoDraw = True
120.9611 	INFO 	Keyboard events cleared
120.9605 	EXP 	Fixatin: autoDraw = False
120.9605 	EXP 	grating: autoDraw = True
121.2604 	EXP 	grating: autoDraw = False
121.5953 	EXP 	New trial (rep=65, index=0): <Trial 65 (0 in rep 65) data={'thisN': 65, 'thisTrialN': 0, 'thisRepN': 65}>
121.5968 	DATA 	Keypress: down
121.6103 	EXP 	Fixatin: autoDraw = False
121.6103 	EXP 	grating: autoDraw = False
121.6103 	EXP 	grating: ori = -4.0
121.6103 	EXP 	Fixatin: autoDraw = True
122.6107 	INFO 	Keyboard events cleared
122.6101 	EXP 	Fixatin: autoDraw = False
122.6101 	EXP 	grating: autoDraw = True
122.9102 	EXP 	grating: autoDraw = False
124.1948 	EXP 	New trial (rep=66, index=0): <Trial 66 (0 in rep 66) data={'thisN': 66, 'thisTrialN': 0, 'thisRepN': 66}>
124.1964 	DATA 	Keypress: up
124.2099 	EXP 	Fixatin: autoDraw = False
124.2099 	EXP 	grating: autoDraw = False
124.2099 	EXP 	grating: ori = 0.0
124.2099 	EXP 	Fixatin: autoDraw = True
125.2104 	INFO 	Keyboard events cleared
125.2099 	EXP 	Fixatin: autoDraw = False
125.2099 	EXP 	grating: autoDraw = True
125.5098 	EXP 	grating: autoDraw = False
125.8776 	EXP 	New trial (rep=67, index=0): <Trial 67 (0 in rep 67) data={'thisN': 67, 'thisTrialN': 0, 'thisRepN': 67}>
125.8790 	DATA 	Keypress: up
125.8931 	EXP 	Fixatin: autoDraw = False
125.8931 	EXP 	grating: autoDraw = False
125.8931 	EXP 	grating: ori = 0.0
125.8931 	EXP 	Fixatin: autoDraw = True
126.8935 	INFO 	Keyboard events cleared
126.8930 	EXP 	Fixatin: autoDraw = False
126.8930 	EXP 	grating: autoDraw = True
127.1929 	EXP 	grating: autoDraw = False
127.5942 	EXP 	New trial (rep=68, index=0): <Trial 68 (0 in rep 68) data={'thisN': 68, 'thisTrialN': 0, 'thisRepN': 68}>
127.5955 	DATA 	Keypress: up
127.6095 	EXP 	Fixatin: autoDraw = False
127.6095 	EXP 	grating: autoDraw = False
127.6095 	EXP 	grating: ori = 3.0
127.6095 	EXP 	Fixatin: autoDraw = True
128.6099 	INFO 	Keyboard events cleared
128.6095 	EXP 	Fixatin: autoDraw = False
128.6095 	EXP 	grating: autoDraw = True
128.9094 	EXP 	grating: autoDraw = False
129.6938 	EXP 	New trial (rep=69, index=0): <Trial 69 (0 in rep 69) data={'thisN': 69, 'thisTrialN': 0, 'thisRepN': 69}>
129.6949 	DATA 	Keypress: down
129.7093 	EXP 	Fixatin: autoDraw = False
129.7093 	EXP 	grating: autoDraw = False
129.7093 	EXP 	grating: ori = -2.0
129.7093 	EXP 	Fixatin: autoDraw = True
130.7087 	INFO 	Keyboard events cleared
130.7083 	EXP 	grating: autoDraw = True
130.7248 	EXP 	Fixatin: autoDraw = False
131.0080 	EXP 	grating: autoDraw = False
131.5758 	EXP 	New trial (rep=70, index=0): <Trial 70 (0 in rep 70) data={'thisN': 70, 'thisTrialN': 0, 'thisRepN': 70}>
131.5770 	DATA 	Keypress: up
131.5914 	EXP 	Fixatin: autoDraw = False
131.5914 	EXP 	grating: autoDraw = False
131.5914 	EXP 	grating: ori = 0.0
131.5914 	EXP 	Fixatin: autoDraw = True
132.5917 	INFO 	Keyboard events cleared
132.5912 	EXP 	Fixatin: autoDraw = False
132.5912 	EXP 	grating: autoDraw = True
132.8911 	EXP 	grating: autoDraw = False
133.2093 	EXP 	New trial (rep=71, index=0): <Trial 71 (0 in rep 71) data={'thisN': 71, 'thisTrialN': 0, 'thisRepN': 71}>
133.2106 	DATA 	Keypress: up
133.2245 	EXP 	Fixatin: autoDraw = False
133.2245 	EXP 	grating: autoDraw = False
133.2245 	EXP 	grating: ori = 0.0
133.2245 	EXP 	Fixatin: autoDraw = True
134.2250 	INFO 	Keyboard events cleared
134.2245 	EXP 	Fixatin: autoDraw = False
134.2245 	EXP 	grating: autoDraw = True
134.5244 	EXP 	grating: autoDraw = False
135.0424 	EXP 	New trial (rep=72, index=0): <Trial 72 (0 in rep 72) data={'thisN': 72, 'thisTrialN': 0, 'thisRepN': 72}>
135.0432 	DATA 	Keypress: up
135.0579 	EXP 	Fixatin: autoDraw = False
135.0579 	EXP 	grating: autoDraw = False
135.0579 	EXP 	grating: ori = 2.0
135.0579 	EXP 	Fixatin: autoDraw = True
136.0582 	INFO 	Keyboard events cleared
136.0577 	EXP 	Fixatin: autoDraw = False
136.0577 	EXP 	grating: autoDraw = True
136.3578 	EXP 	grating: autoDraw = False
136.6255 	EXP 	New trial (rep=73, index=0): <Trial 73 (0 in rep 73) data={'thisN': 73, 'thisTrialN': 0, 'thisRepN': 73}>
136.6267 	DATA 	Keypress: down
136.6411 	EXP 	Fixatin: autoDraw = False
136.6411 	EXP 	grating: autoDraw = False
136.6411 	EXP 	grating: ori = -4.0
136.6411 	EXP 	Fixatin: autoDraw = True
137.6251 	INFO 	Keyboard events cleared
137.6247 	EXP 	grating: autoDraw = True
137.6413 	EXP 	Fixatin: autoDraw = False
137.9246 	EXP 	grating: autoDraw = False
138.4091 	EXP 	New trial (rep=74, index=0): <Trial 74 (0 in rep 74) data={'thisN': 74, 'thisTrialN': 0, 'thisRepN': 74}>
138.4103 	DATA 	Keypress: up
138.4248 	EXP 	Fixatin: autoDraw = False
138.4248 	EXP 	grating: autoDraw = False
138.4248 	EXP 	grating: ori = 3.0
138.4248 	EXP 	Fixatin: autoDraw = True
139.4252 	INFO 	Keyboard events cleared
139.4247 	EXP 	Fixatin: autoDraw = False
139.4247 	EXP 	grating: autoDraw = True
139.7246 	EXP 	grating: autoDraw = False
140.0757 	EXP 	New trial (rep=75, index=0): <Trial 75 (0 in rep 75) data={'thisN': 75, 'thisTrialN': 0, 'thisRepN': 75}>
140.0769 	DATA 	Keypress: down
140.0913 	EXP 	Fixatin: autoDraw = False
140.0913 	EXP 	grating: autoDraw = False
140.0913 	EXP 	grating: ori = 0.0
140.0913 	EXP 	Fixatin: autoDraw = True
141.0906 	INFO 	Keyboard events cleared
141.0902 	EXP 	grating: autoDraw = True
141.1068 	EXP 	Fixatin: autoDraw = False
141.3900 	EXP 	grating: autoDraw = False
141.7746 	EXP 	New trial (rep=76, index=0): <Trial 76 (0 in rep 76) data={'thisN': 76, 'thisTrialN': 0, 'thisRepN': 76}>
141.7758 	DATA 	Keypress: up
141.7899 	EXP 	Fixatin: autoDraw = False
141.7899 	EXP 	grating: autoDraw = False
141.7899 	EXP 	grating: ori = 0.0
141.7899 	EXP 	Fixatin: autoDraw = True
142.7903 	INFO 	Keyboard events cleared
142.7899 	EXP 	Fixatin: autoDraw = False
142.7899 	EXP 	grating: autoDraw = True
143.0898 	EXP 	grating: autoDraw = False
143.4579 	EXP 	New trial (rep=77, index=0): <Trial 77 (0 in rep 77) data={'thisN': 77, 'thisTrialN': 0, 'thisRepN': 77}>
143.4593 	DATA 	Keypress: down
143.4731 	EXP 	Fixatin: autoDraw = False
143.4731 	EXP 	grating: autoDraw = False
143.4731 	EXP 	grating: ori = 3.0
143.4731 	EXP 	Fixatin: autoDraw = True
144.4736 	INFO 	Keyboard events cleared
144.4732 	EXP 	Fixatin: autoDraw = False
144.4732 	EXP 	grating: autoDraw = True
144.7730 	EXP 	grating: autoDraw = False
145.5076 	EXP 	New trial (rep=78, index=0): <Trial 78 (0 in rep 78) data={'thisN': 78, 'thisTrialN': 0, 'thisRepN': 78}>
145.5087 	DATA 	Keypress: up
145.5231 	EXP 	Fixatin: autoDraw = False
145.5231 	EXP 	grating: autoDraw = False
145.5231 	EXP 	grating: ori = 0.0
145.5231 	EXP 	Fixatin: autoDraw = True
146.5231 	INFO 	Keyboard events cleared
146.5226 	EXP 	Fixatin: autoDraw = False
146.5226 	EXP 	grating: autoDraw = True
146.8226 	EXP 	grating: autoDraw = False
147.2072 	EXP 	New trial (rep=79, index=0): <Trial 79 (0 in rep 79) data={'thisN': 79, 'thisTrialN': 0, 'thisRepN': 79}>
147.2084 	DATA 	Keypress: up
147.2226 	EXP 	Fixatin: autoDraw = False
147.2226 	EXP 	grating: autoDraw = False
147.2226 	EXP 	grating: ori = 0.0
147.2226 	EXP 	Fixatin: autoDraw = True
148.2230 	INFO 	Keyboard events cleared
148.2225 	EXP 	Fixatin: autoDraw = False
148.2225 	EXP 	grating: autoDraw = True
148.5225 	EXP 	grating: autoDraw = False
148.9403 	EXP 	New trial (rep=80, index=0): <Trial 80 (0 in rep 80) data={'thisN': 80, 'thisTrialN': 0, 'thisRepN': 80}>
148.9415 	DATA 	Keypress: up
148.9558 	EXP 	Fixatin: autoDraw = False
148.9558 	EXP 	grating: autoDraw = False
148.9558 	EXP 	grating: ori = -3.0
148.9558 	EXP 	Fixatin: autoDraw = True
149.9563 	INFO 	Keyboard events cleared
149.9558 	EXP 	Fixatin: autoDraw = False
149.9558 	EXP 	grating: autoDraw = True
150.2557 	EXP 	grating: autoDraw = False
150.6236 	EXP 	New trial (rep=81, index=0): <Trial 81 (0 in rep 81) data={'thisN': 81, 'thisTrialN': 0, 'thisRepN': 81}>
150.6248 	DATA 	Keypress: up
150.6391 	EXP 	Fixatin: autoDraw = False
150.6391 	EXP 	grating: autoDraw = False
150.6391 	EXP 	grating: ori = 2.0
150.6391 	EXP 	Fixatin: autoDraw = True
151.6391 	INFO 	Keyboard events cleared
151.6386 	EXP 	Fixatin: autoDraw = False
151.6386 	EXP 	grating: autoDraw = True
151.9387 	EXP 	grating: autoDraw = False
152.3898 	EXP 	New trial (rep=82, index=0): <Trial 82 (0 in rep 82) data={'thisN': 82, 'thisTrialN': 0, 'thisRepN': 82}>
152.3910 	DATA 	Keypress: down
152.4052 	EXP 	Fixatin: autoDraw = False
152.4052 	EXP 	grating: autoDraw = False
152.4052 	EXP 	grating: ori = 0.0
152.4052 	EXP 	Fixatin: autoDraw = True
153.4056 	INFO 	Keyboard events cleared
153.4051 	EXP 	Fixatin: autoDraw = False
153.4051 	EXP 	grating: autoDraw = True
153.7052 	EXP 	grating: autoDraw = False
154.3730 	EXP 	New trial (rep=83, index=0): <Trial 83 (0 in rep 83) data={'thisN': 83, 'thisTrialN': 0, 'thisRepN': 83}>
154.3741 	DATA 	Keypress: up
154.3884 	EXP 	Fixatin: autoDraw = False
154.3884 	EXP 	grating: autoDraw = False
154.3884 	EXP 	grating: ori = 3.0
154.3884 	EXP 	Fixatin: autoDraw = True
155.3889 	INFO 	Keyboard events cleared
155.3885 	EXP 	Fixatin: autoDraw = False
155.3885 	EXP 	grating: autoDraw = True
155.6884 	EXP 	grating: autoDraw = False
156.0728 	EXP 	New trial (rep=84, index=0): <Trial 84 (0 in rep 84) data={'thisN': 84, 'thisTrialN': 0, 'thisRepN': 84}>
156.0740 	DATA 	Keypress: down
156.0885 	EXP 	Fixatin: autoDraw = False
156.0885 	EXP 	grating: autoDraw = False
156.0885 	EXP 	grating: ori = 1.0
156.0885 	EXP 	Fixatin: autoDraw = True
157.0892 	INFO 	Keyboard events cleared
157.0887 	EXP 	Fixatin: autoDraw = False
157.0887 	EXP 	grating: autoDraw = True
157.3886 	EXP 	grating: autoDraw = False
157.9398 	EXP 	New trial (rep=85, index=0): <Trial 85 (0 in rep 85) data={'thisN': 85, 'thisTrialN': 0, 'thisRepN': 85}>
157.9410 	DATA 	Keypress: up
157.9551 	EXP 	Fixatin: autoDraw = False
157.9551 	EXP 	grating: autoDraw = False
157.9551 	EXP 	grating: ori = 0.0
157.9551 	EXP 	Fixatin: autoDraw = True
158.9559 	INFO 	Keyboard events cleared
158.9555 	EXP 	Fixatin: autoDraw = False
158.9555 	EXP 	grating: autoDraw = True
159.2554 	EXP 	grating: autoDraw = False
159.5901 	EXP 	New trial (rep=86, index=0): <Trial 86 (0 in rep 86) data={'thisN': 86, 'thisTrialN': 0, 'thisRepN': 86}>
159.5912 	DATA 	Keypress: up
159.6053 	EXP 	Fixatin: autoDraw = False
159.6053 	EXP 	grating: autoDraw = False
159.6053 	EXP 	grating: ori = 0.0
159.6053 	EXP 	Fixatin: autoDraw = True
160.6058 	INFO 	Keyboard events cleared
160.6054 	EXP 	Fixatin: autoDraw = False
160.6054 	EXP 	grating: autoDraw = True
160.9052 	EXP 	grating: autoDraw = False
161.2729 	EXP 	New trial (rep=87, index=0): <Trial 87 (0 in rep 87) data={'thisN': 87, 'thisTrialN': 0, 'thisRepN': 87}>
161.2740 	DATA 	Keypress: up
161.2885 	EXP 	Fixatin: autoDraw = False
161.2885 	EXP 	grating: autoDraw = False
161.2885 	EXP 	grating: ori = 0.0
161.2885 	EXP 	Fixatin: autoDraw = True
162.2890 	INFO 	Keyboard events cleared
162.2886 	EXP 	Fixatin: autoDraw = False
162.2886 	EXP 	grating: autoDraw = True
162.5882 	EXP 	grating: autoDraw = False
162.9894 	EXP 	New trial (rep=88, index=0): <Trial 88 (0 in rep 88) data={'thisN': 88, 'thisTrialN': 0, 'thisRepN': 88}>
162.9904 	DATA 	Keypress: up
163.0049 	EXP 	Fixatin: autoDraw = False
163.0049 	EXP 	grating: autoDraw = False
163.0049 	EXP 	grating: ori = 1.0
163.0049 	EXP 	Fixatin: autoDraw = True
164.0053 	INFO 	Keyboard events cleared
164.0048 	EXP 	Fixatin: autoDraw = False
164.0048 	EXP 	grating: autoDraw = True
164.3048 	EXP 	grating: autoDraw = False
164.7893 	EXP 	New trial (rep=89, index=0): <Trial 89 (0 in rep 89) data={'thisN': 89, 'thisTrialN': 0, 'thisRepN': 89}>
164.7907 	DATA 	Keypress: down
164.8047 	EXP 	Fixatin: autoDraw = False
164.8047 	EXP 	grating: autoDraw = False
164.8047 	EXP 	grating: ori = 2.0
164.8047 	EXP 	Fixatin: autoDraw = True
165.8051 	INFO 	Keyboard events cleared
165.8046 	EXP 	Fixatin: autoDraw = False
165.8046 	EXP 	grating: autoDraw = True
166.1044 	EXP 	grating: autoDraw = False
166.5058 	EXP 	New trial (rep=90, index=0): <Trial 90 (0 in rep 90) data={'thisN': 90, 'thisTrialN': 0, 'thisRepN': 90}>
166.5071 	DATA 	Keypress: down
166.5211 	EXP 	Fixatin: autoDraw = False
166.5211 	EXP 	grating: autoDraw = False
166.5211 	EXP 	grating: ori = 4.0
166.5211 	EXP 	Fixatin: autoDraw = True
167.5216 	INFO 	Keyboard events cleared
167.5211 	EXP 	Fixatin: autoDraw = False
167.5211 	EXP 	grating: autoDraw = True
167.8211 	EXP 	grating: autoDraw = False
168.1388 	EXP 	New trial (rep=91, index=0): <Trial 91 (0 in rep 91) data={'thisN': 91, 'thisTrialN': 0, 'thisRepN': 91}>
168.1402 	DATA 	Keypress: down
168.1543 	EXP 	Fixatin: autoDraw = False
168.1543 	EXP 	grating: autoDraw = False
168.1543 	EXP 	grating: ori = 0.0
168.1543 	EXP 	Fixatin: autoDraw = True
169.1548 	INFO 	Keyboard events cleared
169.1543 	EXP 	Fixatin: autoDraw = False
169.1543 	EXP 	grating: autoDraw = True
169.4541 	EXP 	grating: autoDraw = False
171.7050 	EXP 	New trial (rep=92, index=0): <Trial 92 (0 in rep 92) data={'thisN': 92, 'thisTrialN': 0, 'thisRepN': 92}>
171.7063 	DATA 	Keypress: down
171.7203 	EXP 	Fixatin: autoDraw = False
171.7203 	EXP 	grating: autoDraw = False
171.7203 	EXP 	grating: ori = 0.0
171.7203 	EXP 	Fixatin: autoDraw = True
172.7198 	INFO 	Keyboard events cleared
172.7193 	EXP 	Fixatin: autoDraw = False
172.7193 	EXP 	grating: autoDraw = True
173.0193 	EXP 	grating: autoDraw = False
173.9537 	EXP 	New trial (rep=93, index=0): <Trial 93 (0 in rep 93) data={'thisN': 93, 'thisTrialN': 0, 'thisRepN': 93}>
173.9549 	DATA 	Keypress: up
173.9691 	EXP 	Fixatin: autoDraw = False
173.9691 	EXP 	grating: autoDraw = False
173.9691 	EXP 	grating: ori = 3.0
173.9691 	EXP 	Fixatin: autoDraw = True
174.9696 	INFO 	Keyboard events cleared
174.9691 	EXP 	Fixatin: autoDraw = False
174.9691 	EXP 	grating: autoDraw = True
175.2693 	EXP 	grating: autoDraw = False
175.9035 	EXP 	New trial (rep=94, index=0): <Trial 94 (0 in rep 94) data={'thisN': 94, 'thisTrialN': 0, 'thisRepN': 94}>
175.9046 	DATA 	Keypress: down
175.9190 	EXP 	Fixatin: autoDraw = False
175.9190 	EXP 	grating: autoDraw = False
175.9190 	EXP 	grating: ori = 0.0
175.9190 	EXP 	Fixatin: autoDraw = True
176.9194 	INFO 	Keyboard events cleared
176.9190 	EXP 	Fixatin: autoDraw = False
176.9190 	EXP 	grating: autoDraw = True
177.2190 	EXP 	grating: autoDraw = False
178.6888 	DATA 	Keypress: down
178.7049 	EXP 	New trial (rep=95, index=0): <Trial 95 (0 in rep 95) data={'thisN': 95, 'thisTrialN': 0, 'thisRepN': 95}>
178.7193 	EXP 	Fixatin: autoDraw = False
178.7193 	EXP 	grating: autoDraw = False
178.7193 	EXP 	grating: ori = -4.0
178.7193 	EXP 	Fixatin: autoDraw = True
179.7200 	INFO 	Keyboard events cleared
179.7195 	EXP 	Fixatin: autoDraw = False
179.7195 	EXP 	grating: autoDraw = True
180.0193 	EXP 	grating: autoDraw = False
180.5538 	EXP 	New trial (rep=96, index=0): <Trial 96 (0 in rep 96) data={'thisN': 96, 'thisTrialN': 0, 'thisRepN': 96}>
180.5550 	DATA 	Keypress: up
180.5693 	EXP 	Fixatin: autoDraw = False
180.5693 	EXP 	grating: autoDraw = False
180.5693 	EXP 	grating: ori = -2.0
180.5693 	EXP 	Fixatin: autoDraw = True
181.5697 	INFO 	Keyboard events cleared
181.5693 	EXP 	Fixatin: autoDraw = False
181.5693 	EXP 	grating: autoDraw = True
181.8691 	EXP 	grating: autoDraw = False
182.2201 	EXP 	New trial (rep=97, index=0): <Trial 97 (0 in rep 97) data={'thisN': 97, 'thisTrialN': 0, 'thisRepN': 97}>
182.2213 	DATA 	Keypress: up
182.2356 	EXP 	Fixatin: autoDraw = False
182.2356 	EXP 	grating: autoDraw = False
182.2356 	EXP 	grating: ori = 0.0
182.2356 	EXP 	Fixatin: autoDraw = True
183.2362 	INFO 	Keyboard events cleared
183.2357 	EXP 	Fixatin: autoDraw = False
183.2357 	EXP 	grating: autoDraw = True
183.5356 	EXP 	grating: autoDraw = False
184.1202 	EXP 	New trial (rep=98, index=0): <Trial 98 (0 in rep 98) data={'thisN': 98, 'thisTrialN': 0, 'thisRepN': 98}>
184.1215 	DATA 	Keypress: up
184.1355 	EXP 	Fixatin: autoDraw = False
184.1355 	EXP 	grating: autoDraw = False
184.1355 	EXP 	grating: ori = -4.0
184.1355 	EXP 	Fixatin: autoDraw = True
185.1359 	INFO 	Keyboard events cleared
185.1355 	EXP 	Fixatin: autoDraw = False
185.1355 	EXP 	grating: autoDraw = True
185.4353 	EXP 	grating: autoDraw = False
185.8698 	EXP 	New trial (rep=99, index=0): <Trial 99 (0 in rep 99) data={'thisN': 99, 'thisTrialN': 0, 'thisRepN': 99}>
185.8710 	DATA 	Keypress: up
185.8853 	EXP 	Fixatin: autoDraw = False
185.8853 	EXP 	grating: autoDraw = False
185.8853 	EXP 	grating: ori = 2.0
185.8853 	EXP 	Fixatin: autoDraw = True
186.8858 	INFO 	Keyboard events cleared
186.8853 	EXP 	Fixatin: autoDraw = False
186.8853 	EXP 	grating: autoDraw = True
187.1851 	EXP 	grating: autoDraw = False
187.6201 	DATA 	Keypress: down
187.6351 	EXP 	Fixatin: autoDraw = False
187.6351 	EXP 	grating: autoDraw = False
187.6353 	EXP 	Signal_Detection: status = STOPPED
187.6592 	INFO 	saved data to 'C:\\Users\\ASUS\\Desktop\\Experiment\\Signal Detection\\data/129247_Signal_Detection_2024-09-13_22h35.25.958.csv'
187.6614 	INFO 	saved data to C:\Users\ASUS\Desktop\Experiment\Signal Detection\data/129247_Signal_Detection_2024-09-13_22h35.25.958.psydat
187.8340 	EXP 	window1: mouseVisible = True
