7.7608 	INFO 	Loaded monitor calibration from ['2024_10_29 21:52']
7.9191 	EXP 	Created window1 = Window(allowGUI=True, allowStencil=False, autoLog=True, backendConf=UNKNOWN, backgroundFit=<method-wrapper '__getattribute__' of attributeSetter object at 0x7ff5d1ce6610>, backgroundImage=<method-wrapper '__getattribute__' of attributeSetter object at 0x7ff5d1ce6220>, bitsMode=UNKNOWN, blendMode='avg', bpc=(8, 8, 8), color=array([0, 0, 0]), colorSpace='rgb', depthBits=8, fullscr=False, gamma=None, gammaErrorPolicy='raise', infoMsg=UNKNOWN, lms=UNKNOWN, monitor=<psychopy.monitors.calibTools.Monitor object at 0x7ff5d1c4e040>, multiSample=False, name='window1', numSamples=2, pos=[0.0, 0.0], screen=0, size=array([3420, 2224]), stencilBits=0, stereo=False, title='PsychoPy', units='height', useFBO=True, useRetina=True, viewOri=0.0, viewPos=None, viewScale=None, waitBlanking=True, winType='pyglet')
7.9192 	EXP 	window1: backgroundImage = ''
7.9192 	EXP 	window1: backgroundFit = 'none'
7.9271 	DEBUG 	TextBox2 loaded 1 chars with 0 blanks and 1 valid
7.9281 	DEBUG 	TextBox2 loaded 1 chars with 0 blanks and 1 valid
7.9292 	DEBUG 	TextBox2 loaded 1 chars with 0 blanks and 1 valid
7.9309 	DEBUG 	TextBox2 loaded 1 chars with 0 blanks and 1 valid
7.9325 	DEBUG 	TextBox2 loaded 1 chars with 0 blanks and 1 valid
7.9329 	DEBUG 	TextBox2 loaded 1 chars with 0 blanks and 1 valid
7.9340 	DEBUG 	TextBox2 loaded 1 chars with 0 blanks and 1 valid
7.9357 	DEBUG 	TextBox2 loaded 1 chars with 0 blanks and 1 valid
7.9359 	DEBUG 	TextBox2 loaded 1 chars with 0 blanks and 1 valid
7.9361 	DEBUG 	TextBox2 loaded 1 chars with 0 blanks and 1 valid
7.9372 	DEBUG 	TextBox2 loaded 1 chars with 0 blanks and 1 valid
7.9383 	DEBUG 	TextBox2 loaded 1 chars with 0 blanks and 1 valid
7.9394 	DEBUG 	TextBox2 loaded 1 chars with 0 blanks and 1 valid
7.9405 	DEBUG 	TextBox2 loaded 1 chars with 0 blanks and 1 valid
7.9412 	DEBUG 	TextBox2 loaded 1 chars with 0 blanks and 1 valid
7.9425 	DEBUG 	TextBox2 loaded 1 chars with 0 blanks and 1 valid
7.9436 	DEBUG 	TextBox2 loaded 1 chars with 0 blanks and 1 valid
7.9439 	DEBUG 	TextBox2 loaded 1 chars with 0 blanks and 1 valid
7.9444 	DEBUG 	TextBox2 loaded 1 chars with 0 blanks and 1 valid
7.9460 	DEBUG 	TextBox2 loaded 1 chars with 0 blanks and 1 valid
7.9463 	DEBUG 	TextBox2 loaded 1 chars with 0 blanks and 1 valid
7.9464 	DEBUG 	Uploading Texture Font fontname to graphics card
7.9492 	DEBUG 	Upload of Texture Font fontname complete
7.9544 	DEBUG 	TextBox2 loaded 1 chars with 0 blanks and 1 valid
7.9560 	DEBUG 	TextBox2 loaded 1 chars with 0 blanks and 1 valid
7.9575 	DEBUG 	TextBox2 loaded 1 chars with 0 blanks and 1 valid
7.9577 	DEBUG 	Uploading Texture Font fontname to graphics card
7.9593 	DEBUG 	Upload of Texture Font fontname complete
7.9606 	EXP 	window1: Attempting to measure frame rate of screen (0) ...
7.9606 	EXP 	window1: recordFrameIntervals = False
8.1255 	EXP 	window1: recordFrameIntervals = True
8.3323 	EXP 	Screen (0) actual frame rate measured at 119.18Hz
8.3323 	EXP 	window1: recordFrameIntervals = False
8.3503 	WARNING 	launchHubServer: If using the iohub mouse or eyetracker devices, fullScr should be True.
9.9921 	INFO 	keyboard.Keyboard is using iohub backend.
9.9922 	INFO 	keyboard.Keyboard is using iohub backend.
9.9922 	EXP 	Delay Discounting: status = STARTED
9.9971 	EXP 	Created Fixation = ShapeStim(__class__=<class 'psychopy.visual.shape.ShapeStim'>, anchor=('center', 'center'), autoDraw=False, autoLog=True, closeShape=True, color=method-wrapper(...), colorSpace='rgb', contrast=None, depth=0.0, draggable=False, fillColor=array([1, 1, 1]), fillColorSpace='rgb', fillRGB=array([1, 1, 1]), interpolate=True, lineColor=array([1., 1., 1.]), lineColorSpace='rgb', lineRGB=array([1, 1, 1]), lineWidth=1.0, name='Fixation', opacity=1, ori=0.0, pos=array([0., 0.]), size=array([0.5, 0.5]), units='height', vertices=ndarray(...), win=Window(...), windingRule=None)
10.0013 	EXP 	Created text = TextStim(__class__=<class 'psychopy.visual.text.TextStim'>, alignHoriz=method-wrapper(...), alignText='center', alignVert=method-wrapper(...), anchorHoriz='center', anchorVert='center', antialias=True, autoDraw=False, autoLog=True, bold=False, color=array([1., 1., 1.]), colorSpace='rgb', contrast=1.0, depth=-1.0, draggable=False, flipHoriz=False, flipVert=False, font='Arial', fontFiles=[], height=0.05, italic=False, languageStyle='LTR', name='text', opacity=1, ori=0.0, pos=array([0., 0.]), rgb=UNKNOWN, text='', units='height', win=Window(...), wrapWidth=1)
0.0132 	DEBUG 	Read csv file with pandas: data/Delay Discounting_Conditioning - Sheet1.csv
0.0139 	DEBUG 	Clearing unnamed columns from data/Delay Discounting_Conditioning - Sheet1.csv
0.0142 	EXP 	Imported data/Delay Discounting_Conditioning - Sheet1.csv as conditions, 7 conditions, 3 params
0.0161 	EXP 	New trial (rep=0, index=0): <Trial 0 (0 in rep 0) data={'reward_today': 40, 'future_reward': 55, 'delay': 62, 'thisN': 0, 'thisTrialN': 0, 'thisRepN': 0}>
0.0917 	EXP 	text: height = 0.05
0.0917 	EXP 	text: height = 0.05
0.0917 	EXP 	text: height = 0.05
0.0917 	EXP 	text: text = 'GBP 40 today or GBP 55 after 62 days'
0.0917 	EXP 	Fixation: autoDraw = True
1.0191 	INFO 	Keyboard events cleared
1.0186 	EXP 	text: autoDraw = True
1.0804 	EXP 	Fixation: autoDraw = False
6.0664 	EXP 	New trial (rep=0, index=1): <Trial 1 (1 in rep 0) data={'reward_today': 78, 'future_reward': 80, 'delay': 162, 'thisN': 1, 'thisTrialN': 1, 'thisRepN': 0}>
6.0785 	DATA 	Keypress: t
6.0860 	EXP 	Fixation: autoDraw = False
6.0860 	EXP 	text: autoDraw = False
6.0860 	EXP 	text: height = 0.05
6.0860 	EXP 	text: height = 0.05
6.0860 	EXP 	text: height = 0.05
6.0860 	EXP 	text: text = 'GBP 78 today or GBP 80 after 162 days'
6.0860 	EXP 	Fixation: autoDraw = True
6.2037 	DATA 	Keypress: l
7.0663 	INFO 	Keyboard events cleared
7.0659 	EXP 	text: autoDraw = True
7.0832 	EXP 	Fixation: autoDraw = False
7.3349 	EXP 	New trial (rep=0, index=2): <Trial 2 (2 in rep 0) data={'reward_today': 27, 'future_reward': 50, 'delay': 21, 'thisN': 2, 'thisTrialN': 2, 'thisRepN': 0}>
7.3578 	DATA 	Keypress: l
7.3644 	EXP 	Fixation: autoDraw = False
7.3644 	EXP 	text: autoDraw = False
7.3644 	EXP 	text: height = 0.05
7.3644 	EXP 	text: height = 0.05
7.3644 	EXP 	text: height = 0.05
7.3644 	EXP 	text: text = 'GBP 27 today or GBP 50 after 21 days'
7.3644 	EXP 	Fixation: autoDraw = True
8.3333 	INFO 	Keyboard events cleared
8.3329 	EXP 	text: autoDraw = True
8.3589 	EXP 	Fixation: autoDraw = False
8.8839 	EXP 	New trial (rep=0, index=3): <Trial 3 (3 in rep 0) data={'reward_today': 49, 'future_reward': 60, 'delay': 89, 'thisN': 3, 'thisTrialN': 3, 'thisRepN': 0}>
8.8967 	DATA 	Keypress: t
8.9030 	EXP 	Fixation: autoDraw = False
8.9030 	EXP 	text: autoDraw = False
8.9030 	EXP 	text: height = 0.05
8.9030 	EXP 	text: height = 0.05
8.9030 	EXP 	text: height = 0.05
8.9030 	EXP 	text: text = 'GBP 49 today or GBP 60 after 89 days'
8.9030 	EXP 	Fixation: autoDraw = True
9.8756 	INFO 	Keyboard events cleared
9.8752 	EXP 	text: autoDraw = True
9.8999 	EXP 	Fixation: autoDraw = False
10.2442 	EXP 	New trial (rep=0, index=4): <Trial 4 (4 in rep 0) data={'reward_today': 15, 'future_reward': 35, 'delay': 13, 'thisN': 4, 'thisTrialN': 4, 'thisRepN': 0}>
10.2570 	DATA 	Keypress: l
10.2642 	EXP 	Fixation: autoDraw = False
10.2642 	EXP 	text: autoDraw = False
10.2642 	EXP 	text: height = 0.05
10.2642 	EXP 	text: height = 0.05
10.2642 	EXP 	text: height = 0.05
10.2642 	EXP 	text: text = 'GBP 15 today or GBP 35 after 13 days'
10.2642 	EXP 	Fixation: autoDraw = True
10.3632 	DATA 	Keypress: t
11.2410 	INFO 	Keyboard events cleared
11.2404 	EXP 	text: autoDraw = True
11.2583 	EXP 	Fixation: autoDraw = False
12.1096 	EXP 	New trial (rep=0, index=5): <Trial 5 (5 in rep 0) data={'reward_today': 67, 'future_reward': 76, 'delay': 119, 'thisN': 5, 'thisTrialN': 5, 'thisRepN': 0}>
12.1176 	DATA 	Keypress: t
12.1248 	EXP 	Fixation: autoDraw = False
12.1248 	EXP 	text: autoDraw = False
12.1248 	EXP 	text: height = 0.05
12.1248 	EXP 	text: height = 0.05
12.1248 	EXP 	text: height = 0.05
12.1248 	EXP 	text: text = 'GBP 67 today or GBP 76 after 119 days'
12.1248 	EXP 	Fixation: autoDraw = True
12.2521 	DATA 	Keypress: l
13.1073 	INFO 	Keyboard events cleared
13.1069 	EXP 	text: autoDraw = True
13.1241 	EXP 	Fixation: autoDraw = False
13.8048 	EXP 	New trial (rep=0, index=6): <Trial 6 (6 in rep 0) data={'reward_today': 11, 'future_reward': 30, 'delay': 7, 'thisN': 6, 'thisTrialN': 6, 'thisRepN': 0}>
13.8155 	DATA 	Keypress: l
13.8170 	DATA 	Keypress: t
13.8238 	EXP 	Fixation: autoDraw = False
13.8238 	EXP 	text: autoDraw = False
13.8238 	EXP 	text: height = 0.05
13.8238 	EXP 	text: height = 0.05
13.8238 	EXP 	text: height = 0.05
13.8238 	EXP 	text: text = 'GBP 11 today or GBP 30 after 7 days'
13.8238 	EXP 	Fixation: autoDraw = True
14.7998 	INFO 	Keyboard events cleared
14.7994 	EXP 	text: autoDraw = True
14.8167 	EXP 	Fixation: autoDraw = False
15.1595 	EXP 	New trial (rep=1, index=0): <Trial 7 (0 in rep 1) data={'reward_today': 78, 'future_reward': 80, 'delay': 162, 'thisN': 7, 'thisTrialN': 0, 'thisRepN': 1}>
15.1655 	DATA 	Keypress: l
15.1669 	DATA 	Keypress: t
15.1737 	EXP 	Fixation: autoDraw = False
15.1737 	EXP 	text: autoDraw = False
15.1737 	EXP 	text: height = 0.05
15.1737 	EXP 	text: height = 0.05
15.1737 	EXP 	text: height = 0.05
15.1737 	EXP 	text: text = 'GBP 78 today or GBP 80 after 162 days'
15.1737 	EXP 	Fixation: autoDraw = True
16.1574 	INFO 	Keyboard events cleared
16.1570 	EXP 	text: autoDraw = True
16.1652 	EXP 	Fixation: autoDraw = False
16.6174 	EXP 	New trial (rep=1, index=1): <Trial 8 (1 in rep 1) data={'reward_today': 67, 'future_reward': 76, 'delay': 119, 'thisN': 8, 'thisTrialN': 1, 'thisRepN': 1}>
16.6260 	DATA 	Keypress: t
16.6324 	EXP 	Fixation: autoDraw = False
16.6324 	EXP 	text: autoDraw = False
16.6324 	EXP 	text: height = 0.05
16.6324 	EXP 	text: height = 0.05
16.6324 	EXP 	text: height = 0.05
16.6324 	EXP 	text: text = 'GBP 67 today or GBP 76 after 119 days'
16.6324 	EXP 	Fixation: autoDraw = True
16.6849 	DATA 	Keypress: l
17.6170 	INFO 	Keyboard events cleared
17.6167 	EXP 	text: autoDraw = True
17.6251 	EXP 	Fixation: autoDraw = False
18.0678 	EXP 	New trial (rep=1, index=2): <Trial 9 (2 in rep 1) data={'reward_today': 27, 'future_reward': 50, 'delay': 21, 'thisN': 9, 'thisTrialN': 2, 'thisRepN': 1}>
18.0792 	DATA 	Keypress: l
18.0858 	EXP 	Fixation: autoDraw = False
18.0858 	EXP 	text: autoDraw = False
18.0858 	EXP 	text: height = 0.05
18.0858 	EXP 	text: height = 0.05
18.0858 	EXP 	text: height = 0.05
18.0858 	EXP 	text: text = 'GBP 27 today or GBP 50 after 21 days'
18.0858 	EXP 	Fixation: autoDraw = True
18.1127 	DATA 	Keypress: t
19.0668 	INFO 	Keyboard events cleared
19.0664 	EXP 	text: autoDraw = True
19.0836 	EXP 	Fixation: autoDraw = False
19.3175 	EXP 	New trial (rep=1, index=3): <Trial 10 (3 in rep 1) data={'reward_today': 11, 'future_reward': 30, 'delay': 7, 'thisN': 10, 'thisTrialN': 3, 'thisRepN': 1}>
19.3274 	DATA 	Keypress: t
19.3337 	EXP 	Fixation: autoDraw = False
19.3337 	EXP 	text: autoDraw = False
19.3337 	EXP 	text: height = 0.05
19.3337 	EXP 	text: height = 0.05
19.3337 	EXP 	text: height = 0.05
19.3337 	EXP 	text: text = 'GBP 11 today or GBP 30 after 7 days'
19.3337 	EXP 	Fixation: autoDraw = True
19.3435 	DATA 	Keypress: l
20.3167 	INFO 	Keyboard events cleared
20.3162 	EXP 	text: autoDraw = True
20.3251 	EXP 	Fixation: autoDraw = False
20.5439 	EXP 	New trial (rep=1, index=4): <Trial 11 (4 in rep 1) data={'reward_today': 15, 'future_reward': 35, 'delay': 13, 'thisN': 11, 'thisTrialN': 4, 'thisRepN': 1}>
20.5540 	DATA 	Keypress: l
20.5613 	EXP 	Fixation: autoDraw = False
20.5613 	EXP 	text: autoDraw = False
20.5613 	EXP 	text: height = 0.05
20.5613 	EXP 	text: height = 0.05
20.5613 	EXP 	text: height = 0.05
20.5613 	EXP 	text: text = 'GBP 15 today or GBP 35 after 13 days'
20.5613 	EXP 	Fixation: autoDraw = True
20.5661 	DATA 	Keypress: t
21.5417 	INFO 	Keyboard events cleared
21.5412 	EXP 	text: autoDraw = True
21.5584 	EXP 	Fixation: autoDraw = False
21.8847 	EXP 	New trial (rep=1, index=5): <Trial 12 (5 in rep 1) data={'reward_today': 40, 'future_reward': 55, 'delay': 62, 'thisN': 12, 'thisTrialN': 5, 'thisRepN': 1}>
21.8961 	DATA 	Keypress: t
21.9031 	EXP 	Fixation: autoDraw = False
21.9031 	EXP 	text: autoDraw = False
21.9031 	EXP 	text: height = 0.05
21.9031 	EXP 	text: height = 0.05
21.9031 	EXP 	text: height = 0.05
21.9031 	EXP 	text: text = 'GBP 40 today or GBP 55 after 62 days'
21.9031 	EXP 	Fixation: autoDraw = True
22.8829 	INFO 	Keyboard events cleared
22.8826 	EXP 	text: autoDraw = True
22.8990 	EXP 	Fixation: autoDraw = False
23.2259 	EXP 	New trial (rep=1, index=6): <Trial 13 (6 in rep 1) data={'reward_today': 49, 'future_reward': 60, 'delay': 89, 'thisN': 13, 'thisTrialN': 6, 'thisRepN': 1}>
23.2356 	DATA 	Keypress: l
23.2430 	EXP 	Fixation: autoDraw = False
23.2430 	EXP 	text: autoDraw = False
23.2430 	EXP 	text: height = 0.05
23.2430 	EXP 	text: height = 0.05
23.2430 	EXP 	text: height = 0.05
23.2430 	EXP 	text: text = 'GBP 49 today or GBP 60 after 89 days'
23.2430 	EXP 	Fixation: autoDraw = True
24.2245 	INFO 	Keyboard events cleared
24.2240 	EXP 	text: autoDraw = True
24.2410 	EXP 	Fixation: autoDraw = False
24.4839 	EXP 	New trial (rep=2, index=0): <Trial 14 (0 in rep 2) data={'reward_today': 15, 'future_reward': 35, 'delay': 13, 'thisN': 14, 'thisTrialN': 0, 'thisRepN': 2}>
24.4955 	DATA 	Keypress: l
24.5022 	EXP 	Fixation: autoDraw = False
24.5022 	EXP 	text: autoDraw = False
24.5022 	EXP 	text: height = 0.05
24.5022 	EXP 	text: height = 0.05
24.5022 	EXP 	text: height = 0.05
24.5022 	EXP 	text: text = 'GBP 15 today or GBP 35 after 13 days'
24.5022 	EXP 	Fixation: autoDraw = True
25.4827 	INFO 	Keyboard events cleared
25.4823 	EXP 	text: autoDraw = True
25.4991 	EXP 	Fixation: autoDraw = False
25.7169 	EXP 	New trial (rep=2, index=1): <Trial 15 (1 in rep 2) data={'reward_today': 27, 'future_reward': 50, 'delay': 21, 'thisN': 15, 'thisTrialN': 1, 'thisRepN': 2}>
25.7272 	DATA 	Keypress: t
25.7343 	EXP 	Fixation: autoDraw = False
25.7343 	EXP 	text: autoDraw = False
25.7343 	EXP 	text: height = 0.05
25.7343 	EXP 	text: height = 0.05
25.7343 	EXP 	text: height = 0.05
25.7343 	EXP 	text: text = 'GBP 27 today or GBP 50 after 21 days'
25.7343 	EXP 	Fixation: autoDraw = True
26.1542 	DATA 	Keypress: t
26.6962 	DATA 	Keypress: t
26.7113 	INFO 	Keyboard events cleared
26.7109 	EXP 	text: autoDraw = True
26.7324 	EXP 	Fixation: autoDraw = False
27.0601 	EXP 	New trial (rep=2, index=2): <Trial 16 (2 in rep 2) data={'reward_today': 67, 'future_reward': 76, 'delay': 119, 'thisN': 16, 'thisTrialN': 2, 'thisRepN': 2}>
27.0698 	DATA 	Keypress: t
27.0770 	EXP 	Fixation: autoDraw = False
27.0770 	EXP 	text: autoDraw = False
27.0770 	EXP 	text: height = 0.05
27.0770 	EXP 	text: height = 0.05
27.0770 	EXP 	text: height = 0.05
27.0770 	EXP 	text: text = 'GBP 67 today or GBP 76 after 119 days'
27.0770 	EXP 	Fixation: autoDraw = True
27.4142 	DATA 	Keypress: l
27.5474 	DATA 	Keypress: t
27.6643 	DATA 	Keypress: l
27.8202 	DATA 	Keypress: t
27.9375 	DATA 	Keypress: l
28.0554 	DATA 	Keypress: t
28.0628 	INFO 	Keyboard events cleared
28.0624 	EXP 	text: autoDraw = True
28.0748 	EXP 	Fixation: autoDraw = False
28.1943 	EXP 	New trial (rep=2, index=3): <Trial 17 (3 in rep 2) data={'reward_today': 11, 'future_reward': 30, 'delay': 7, 'thisN': 17, 'thisTrialN': 3, 'thisRepN': 2}>
28.2016 	DATA 	Keypress: l
28.2074 	EXP 	Fixation: autoDraw = False
28.2074 	EXP 	text: autoDraw = False
28.2074 	EXP 	text: height = 0.05
28.2074 	EXP 	text: height = 0.05
28.2074 	EXP 	text: height = 0.05
28.2074 	EXP 	text: text = 'GBP 11 today or GBP 30 after 7 days'
28.2074 	EXP 	Fixation: autoDraw = True
28.2704 	DATA 	Keypress: t
28.4195 	DATA 	Keypress: l
28.5028 	DATA 	Keypress: t
28.6454 	DATA 	Keypress: l
28.7518 	DATA 	Keypress: t
28.8783 	DATA 	Keypress: l
28.9354 	DATA 	Keypress: t
29.0939 	DATA 	Keypress: l
29.1521 	DATA 	Keypress: t
29.1905 	INFO 	Keyboard events cleared
29.1901 	EXP 	text: autoDraw = True
29.1982 	EXP 	Fixation: autoDraw = False
29.3435 	EXP 	New trial (rep=2, index=4): <Trial 18 (4 in rep 2) data={'reward_today': 40, 'future_reward': 55, 'delay': 62, 'thisN': 18, 'thisTrialN': 4, 'thisRepN': 2}>
29.3504 	DATA 	Keypress: l
29.3560 	EXP 	Fixation: autoDraw = False
29.3560 	EXP 	text: autoDraw = False
29.3560 	EXP 	text: height = 0.05
29.3560 	EXP 	text: height = 0.05
29.3560 	EXP 	text: height = 0.05
29.3560 	EXP 	text: text = 'GBP 40 today or GBP 55 after 62 days'
29.3560 	EXP 	Fixation: autoDraw = True
29.3765 	DATA 	Keypress: t
29.5624 	DATA 	Keypress: l
29.5721 	DATA 	Keypress: t
29.7636 	DATA 	Keypress: l
29.8482 	DATA 	Keypress: t
29.9636 	DATA 	Keypress: l
30.0300 	DATA 	Keypress: t
30.1500 	DATA 	Keypress: l
30.2265 	DATA 	Keypress: t
30.3364 	DATA 	Keypress: l
30.3437 	INFO 	Keyboard events cleared
30.3435 	EXP 	text: autoDraw = True
30.3578 	EXP 	Fixation: autoDraw = False
30.4084 	EXP 	New trial (rep=2, index=5): <Trial 19 (5 in rep 2) data={'reward_today': 49, 'future_reward': 60, 'delay': 89, 'thisN': 19, 'thisTrialN': 5, 'thisRepN': 2}>
30.4144 	DATA 	Keypress: t
30.4210 	EXP 	Fixation: autoDraw = False
30.4210 	EXP 	text: autoDraw = False
30.4210 	EXP 	text: height = 0.05
30.4210 	EXP 	text: height = 0.05
30.4210 	EXP 	text: height = 0.05
30.4210 	EXP 	text: text = 'GBP 49 today or GBP 60 after 89 days'
30.4210 	EXP 	Fixation: autoDraw = True
30.5277 	DATA 	Keypress: l
30.5946 	DATA 	Keypress: t
30.7359 	DATA 	Keypress: l
30.7783 	DATA 	Keypress: t
30.9129 	DATA 	Keypress: l
30.9590 	DATA 	Keypress: t
31.0960 	DATA 	Keypress: l
31.1270 	DATA 	Keypress: t
31.2857 	DATA 	Keypress: l
31.2958 	DATA 	Keypress: t
31.4001 	INFO 	Keyboard events cleared
31.3997 	EXP 	text: autoDraw = True
31.4155 	EXP 	Fixation: autoDraw = False
31.4765 	EXP 	New trial (rep=2, index=6): <Trial 20 (6 in rep 2) data={'reward_today': 78, 'future_reward': 80, 'delay': 162, 'thisN': 20, 'thisTrialN': 6, 'thisRepN': 2}>
31.4830 	DATA 	Keypress: l
31.4901 	EXP 	Fixation: autoDraw = False
31.4901 	EXP 	text: autoDraw = False
31.4901 	EXP 	text: height = 0.05
31.4901 	EXP 	text: height = 0.05
31.4901 	EXP 	text: height = 0.05
31.4901 	EXP 	text: text = 'GBP 78 today or GBP 80 after 162 days'
31.4901 	EXP 	Fixation: autoDraw = True
31.4923 	DATA 	Keypress: t
31.6439 	DATA 	Keypress: l
31.6605 	DATA 	Keypress: t
31.8146 	DATA 	Keypress: l
31.8695 	DATA 	Keypress: t
32.0451 	DATA 	Keypress: l
32.0780 	DATA 	Keypress: t
32.2361 	DATA 	Keypress: l
32.3131 	DATA 	Keypress: t
32.4296 	DATA 	Keypress: l
32.4738 	INFO 	Keyboard events cleared
32.4734 	EXP 	text: autoDraw = True
32.4813 	EXP 	Fixation: autoDraw = False
32.4957 	DATA 	Keypress: t
32.5020 	EXP 	New trial (rep=3, index=0): <Trial 21 (0 in rep 3) data={'reward_today': 67, 'future_reward': 76, 'delay': 119, 'thisN': 21, 'thisTrialN': 0, 'thisRepN': 3}>
32.5117 	EXP 	Fixation: autoDraw = False
32.5117 	EXP 	text: autoDraw = False
32.5117 	EXP 	text: height = 0.05
32.5117 	EXP 	text: height = 0.05
32.5117 	EXP 	text: height = 0.05
32.5117 	EXP 	text: text = 'GBP 67 today or GBP 76 after 119 days'
32.5117 	EXP 	Fixation: autoDraw = True
32.6180 	DATA 	Keypress: l
32.6956 	DATA 	Keypress: t
32.8268 	DATA 	Keypress: l
32.8842 	DATA 	Keypress: t
33.0111 	DATA 	Keypress: l
33.0707 	DATA 	Keypress: t
33.2041 	DATA 	Keypress: l
33.2546 	DATA 	Keypress: t
33.3957 	DATA 	Keypress: l
33.5090 	INFO 	Keyboard events cleared
33.5081 	EXP 	text: autoDraw = True
33.5179 	EXP 	Fixation: autoDraw = False
33.5448 	EXP 	New trial (rep=3, index=1): <Trial 22 (1 in rep 3) data={'reward_today': 27, 'future_reward': 50, 'delay': 21, 'thisN': 22, 'thisTrialN': 1, 'thisRepN': 3}>
33.5550 	DATA 	Keypress: l
33.5618 	EXP 	Fixation: autoDraw = False
33.5618 	EXP 	text: autoDraw = False
33.5618 	EXP 	text: height = 0.05
33.5618 	EXP 	text: height = 0.05
33.5618 	EXP 	text: height = 0.05
33.5618 	EXP 	text: text = 'GBP 27 today or GBP 50 after 21 days'
33.5618 	EXP 	Fixation: autoDraw = True
33.7026 	DATA 	Keypress: l
33.8800 	DATA 	Keypress: l
34.0355 	DATA 	Keypress: l
34.2121 	DATA 	Keypress: l
34.3632 	DATA 	Keypress: l
34.4786 	DATA 	Keypress: t
34.5404 	INFO 	Keyboard events cleared
34.5400 	EXP 	text: autoDraw = True
34.5570 	EXP 	Fixation: autoDraw = False
34.6674 	EXP 	New trial (rep=3, index=2): <Trial 23 (2 in rep 3) data={'reward_today': 11, 'future_reward': 30, 'delay': 7, 'thisN': 23, 'thisTrialN': 2, 'thisRepN': 3}>
34.6746 	DATA 	Keypress: t
34.6810 	EXP 	Fixation: autoDraw = False
34.6810 	EXP 	text: autoDraw = False
34.6810 	EXP 	text: height = 0.05
34.6810 	EXP 	text: height = 0.05
34.6810 	EXP 	text: height = 0.05
34.6810 	EXP 	text: text = 'GBP 11 today or GBP 30 after 7 days'
34.6810 	EXP 	Fixation: autoDraw = True
34.8348 	DATA 	Keypress: t
35.0025 	DATA 	Keypress: t
35.2214 	DATA 	Keypress: l
35.3868 	DATA 	Keypress: l
35.5883 	DATA 	Keypress: l
35.6654 	INFO 	Keyboard events cleared
35.6650 	EXP 	text: autoDraw = True
35.6736 	EXP 	Fixation: autoDraw = False
35.7332 	EXP 	New trial (rep=3, index=3): <Trial 24 (3 in rep 3) data={'reward_today': 49, 'future_reward': 60, 'delay': 89, 'thisN': 24, 'thisTrialN': 3, 'thisRepN': 3}>
35.7436 	DATA 	Keypress: l
35.7503 	EXP 	Fixation: autoDraw = False
35.7503 	EXP 	text: autoDraw = False
35.7503 	EXP 	text: height = 0.05
35.7503 	EXP 	text: height = 0.05
35.7503 	EXP 	text: height = 0.05
35.7503 	EXP 	text: text = 'GBP 49 today or GBP 60 after 89 days'
35.7503 	EXP 	Fixation: autoDraw = True
35.8968 	DATA 	Keypress: l
36.0640 	DATA 	Keypress: l
36.2139 	DATA 	Keypress: l
36.4474 	DATA 	Keypress: t
36.6193 	DATA 	Keypress: l
36.6798 	DATA 	Keypress: t
36.7317 	INFO 	Keyboard events cleared
36.7313 	EXP 	text: autoDraw = True
36.7462 	EXP 	Fixation: autoDraw = False
36.8084 	EXP 	New trial (rep=3, index=4): <Trial 25 (4 in rep 3) data={'reward_today': 40, 'future_reward': 55, 'delay': 62, 'thisN': 25, 'thisTrialN': 4, 'thisRepN': 3}>
36.8148 	DATA 	Keypress: l
36.8207 	EXP 	Fixation: autoDraw = False
36.8207 	EXP 	text: autoDraw = False
36.8207 	EXP 	text: height = 0.05
36.8207 	EXP 	text: height = 0.05
36.8207 	EXP 	text: height = 0.05
36.8207 	EXP 	text: text = 'GBP 40 today or GBP 55 after 62 days'
36.8207 	EXP 	Fixation: autoDraw = True
36.8772 	DATA 	Keypress: t
37.0287 	DATA 	Keypress: l
37.0859 	DATA 	Keypress: t
37.2098 	DATA 	Keypress: l
37.2627 	DATA 	Keypress: t
37.4114 	DATA 	Keypress: l
37.4973 	DATA 	Keypress: t
37.6132 	DATA 	Keypress: l
37.6890 	DATA 	Keypress: t
37.7997 	INFO 	Keyboard events cleared
37.7993 	EXP 	text: autoDraw = True
37.8156 	EXP 	Fixation: autoDraw = False
37.8261 	EXP 	New trial (rep=3, index=5): <Trial 26 (5 in rep 3) data={'reward_today': 15, 'future_reward': 35, 'delay': 13, 'thisN': 26, 'thisTrialN': 5, 'thisRepN': 3}>
37.8350 	DATA 	Keypress: l
37.8421 	EXP 	Fixation: autoDraw = False
37.8421 	EXP 	text: autoDraw = False
37.8421 	EXP 	text: height = 0.05
37.8421 	EXP 	text: height = 0.05
37.8421 	EXP 	text: height = 0.05
37.8421 	EXP 	text: text = 'GBP 15 today or GBP 35 after 13 days'
37.8421 	EXP 	Fixation: autoDraw = True
37.9300 	DATA 	Keypress: t
38.0601 	DATA 	Keypress: l
38.1480 	DATA 	Keypress: t
38.2768 	DATA 	Keypress: l
38.3777 	DATA 	Keypress: t
38.5128 	DATA 	Keypress: l
38.6054 	DATA 	Keypress: t
38.7358 	DATA 	Keypress: l
38.8250 	INFO 	Keyboard events cleared
38.8246 	EXP 	text: autoDraw = True
38.8325 	EXP 	Fixation: autoDraw = False
38.8427 	EXP 	New trial (rep=3, index=6): <Trial 27 (6 in rep 3) data={'reward_today': 78, 'future_reward': 80, 'delay': 162, 'thisN': 27, 'thisTrialN': 6, 'thisRepN': 3}>
38.8497 	DATA 	Keypress: t
38.8553 	EXP 	Fixation: autoDraw = False
38.8553 	EXP 	text: autoDraw = False
38.8553 	EXP 	text: height = 0.05
38.8553 	EXP 	text: height = 0.05
38.8553 	EXP 	text: height = 0.05
38.8553 	EXP 	text: text = 'GBP 78 today or GBP 80 after 162 days'
38.8553 	EXP 	Fixation: autoDraw = True
38.9434 	DATA 	Keypress: l
39.0202 	DATA 	Keypress: t
39.1510 	DATA 	Keypress: l
39.2452 	DATA 	Keypress: t
39.3959 	DATA 	Keypress: l
39.4640 	DATA 	Keypress: t
39.6112 	DATA 	Keypress: l
39.6694 	DATA 	Keypress: t
39.8213 	DATA 	Keypress: l
39.8417 	INFO 	Keyboard events cleared
39.8413 	EXP 	text: autoDraw = True
39.8494 	EXP 	Fixation: autoDraw = False
39.8599 	EXP 	New trial (rep=4, index=0): <Trial 28 (0 in rep 4) data={'reward_today': 27, 'future_reward': 50, 'delay': 21, 'thisN': 28, 'thisTrialN': 0, 'thisRepN': 4}>
39.8667 	DATA 	Keypress: t
39.8723 	EXP 	Fixation: autoDraw = False
39.8723 	EXP 	text: autoDraw = False
39.8723 	EXP 	text: height = 0.05
39.8723 	EXP 	text: height = 0.05
39.8723 	EXP 	text: height = 0.05
39.8723 	EXP 	text: text = 'GBP 27 today or GBP 50 after 21 days'
39.8723 	EXP 	Fixation: autoDraw = True
40.0299 	DATA 	Keypress: l
40.1064 	DATA 	Keypress: t
40.2376 	DATA 	Keypress: l
40.3122 	DATA 	Keypress: t
40.4536 	DATA 	Keypress: l
40.5302 	DATA 	Keypress: t
40.6465 	DATA 	Keypress: l
40.7289 	DATA 	Keypress: t
40.8665 	INFO 	Keyboard events cleared
40.8661 	EXP 	Fixation: autoDraw = False
40.8661 	EXP 	text: autoDraw = True
40.8774 	EXP 	New trial (rep=4, index=1): <Trial 29 (1 in rep 4) data={'reward_today': 78, 'future_reward': 80, 'delay': 162, 'thisN': 29, 'thisTrialN': 1, 'thisRepN': 4}>
40.8871 	DATA 	Keypress: l
40.8942 	EXP 	Fixation: autoDraw = False
40.8942 	EXP 	text: autoDraw = False
40.8942 	EXP 	text: height = 0.05
40.8942 	EXP 	text: height = 0.05
40.8942 	EXP 	text: height = 0.05
40.8942 	EXP 	text: text = 'GBP 78 today or GBP 80 after 162 days'
40.8942 	EXP 	Fixation: autoDraw = True
40.9259 	DATA 	Keypress: t
41.0802 	DATA 	Keypress: l
41.1795 	DATA 	Keypress: t
41.3031 	DATA 	Keypress: l
41.3801 	DATA 	Keypress: t
41.5124 	DATA 	Keypress: l
41.6354 	DATA 	Keypress: t
41.7512 	DATA 	Keypress: l
41.8635 	DATA 	Keypress: t
41.8780 	INFO 	Keyboard events cleared
41.8776 	EXP 	text: autoDraw = True
41.8912 	EXP 	Fixation: autoDraw = False
41.9599 	EXP 	New trial (rep=4, index=2): <Trial 30 (2 in rep 4) data={'reward_today': 67, 'future_reward': 76, 'delay': 119, 'thisN': 30, 'thisTrialN': 2, 'thisRepN': 4}>
41.9665 	DATA 	Keypress: l
41.9737 	EXP 	Fixation: autoDraw = False
41.9737 	EXP 	text: autoDraw = False
41.9737 	EXP 	text: height = 0.05
41.9737 	EXP 	text: height = 0.05
41.9737 	EXP 	text: height = 0.05
41.9737 	EXP 	text: text = 'GBP 67 today or GBP 76 after 119 days'
41.9737 	EXP 	Fixation: autoDraw = True
42.0515 	DATA 	Keypress: t
42.2014 	DATA 	Keypress: l
42.2451 	DATA 	Keypress: t
42.4117 	DATA 	Keypress: l
42.4619 	DATA 	Keypress: t
42.6126 	DATA 	Keypress: l
42.6696 	DATA 	Keypress: t
42.8354 	DATA 	Keypress: l
42.8683 	DATA 	Keypress: t
42.9590 	INFO 	Keyboard events cleared
42.9586 	EXP 	text: autoDraw = True
42.9664 	EXP 	Fixation: autoDraw = False
43.0425 	EXP 	New trial (rep=4, index=3): <Trial 31 (3 in rep 4) data={'reward_today': 40, 'future_reward': 55, 'delay': 62, 'thisN': 31, 'thisTrialN': 3, 'thisRepN': 4}>
43.0480 	DATA 	Keypress: l
43.0541 	EXP 	Fixation: autoDraw = False
43.0541 	EXP 	text: autoDraw = False
43.0541 	EXP 	text: height = 0.05
43.0541 	EXP 	text: height = 0.05
43.0541 	EXP 	text: height = 0.05
43.0541 	EXP 	text: text = 'GBP 40 today or GBP 55 after 62 days'
43.0541 	EXP 	Fixation: autoDraw = True
43.1100 	DATA 	Keypress: t
43.2856 	DATA 	Keypress: l
43.3102 	DATA 	Keypress: t
43.4966 	DATA 	Keypress: l
43.6151 	DATA 	Keypress: t
43.7184 	DATA 	Keypress: l
43.8300 	DATA 	Keypress: t
43.9636 	DATA 	Keypress: l
44.0577 	INFO 	Keyboard events cleared
44.0573 	EXP 	text: autoDraw = True
44.0627 	DATA 	Keypress: t
44.0747 	EXP 	Fixation: autoDraw = False
44.1091 	EXP 	New trial (rep=4, index=4): <Trial 32 (4 in rep 4) data={'reward_today': 15, 'future_reward': 35, 'delay': 13, 'thisN': 32, 'thisTrialN': 4, 'thisRepN': 4}>
44.1238 	EXP 	Fixation: autoDraw = False
44.1238 	EXP 	text: autoDraw = False
44.1238 	EXP 	text: height = 0.05
44.1238 	EXP 	text: height = 0.05
44.1238 	EXP 	text: height = 0.05
44.1238 	EXP 	text: text = 'GBP 15 today or GBP 35 after 13 days'
44.1238 	EXP 	Fixation: autoDraw = True
44.1950 	DATA 	Keypress: l
44.2706 	DATA 	Keypress: t
44.4126 	DATA 	Keypress: l
44.4804 	DATA 	Keypress: t
44.6296 	DATA 	Keypress: l
44.7024 	DATA 	Keypress: t
44.8635 	DATA 	Keypress: l
44.9304 	DATA 	Keypress: t
45.0872 	DATA 	Keypress: l
45.1084 	INFO 	Keyboard events cleared
45.1080 	EXP 	text: autoDraw = True
45.1159 	EXP 	Fixation: autoDraw = False
45.1436 	EXP 	New trial (rep=4, index=5): <Trial 33 (5 in rep 4) data={'reward_today': 49, 'future_reward': 60, 'delay': 89, 'thisN': 33, 'thisTrialN': 5, 'thisRepN': 4}>
45.1502 	DATA 	Keypress: t
45.1560 	EXP 	Fixation: autoDraw = False
45.1560 	EXP 	text: autoDraw = False
45.1560 	EXP 	text: height = 0.05
45.1560 	EXP 	text: height = 0.05
45.1560 	EXP 	text: height = 0.05
45.1560 	EXP 	text: text = 'GBP 49 today or GBP 60 after 89 days'
45.1560 	EXP 	Fixation: autoDraw = True
45.2859 	DATA 	Keypress: l
45.3526 	DATA 	Keypress: t
45.4954 	DATA 	Keypress: l
45.5967 	DATA 	Keypress: t
45.7714 	DATA 	Keypress: l
45.8300 	DATA 	Keypress: t
45.9704 	DATA 	Keypress: l
46.1119 	DATA 	Keypress: t
46.1415 	INFO 	Keyboard events cleared
46.1411 	EXP 	text: autoDraw = True
46.1489 	EXP 	Fixation: autoDraw = False
46.1936 	EXP 	New trial (rep=4, index=6): <Trial 34 (6 in rep 4) data={'reward_today': 11, 'future_reward': 30, 'delay': 7, 'thisN': 34, 'thisTrialN': 6, 'thisRepN': 4}>
46.1997 	DATA 	Keypress: l
46.2069 	EXP 	Fixation: autoDraw = False
46.2069 	EXP 	text: autoDraw = False
46.2069 	EXP 	text: height = 0.05
46.2069 	EXP 	text: height = 0.05
46.2069 	EXP 	text: height = 0.05
46.2069 	EXP 	text: text = 'GBP 11 today or GBP 30 after 7 days'
46.2069 	EXP 	Fixation: autoDraw = True
46.3294 	DATA 	Keypress: t
46.4529 	DATA 	Keypress: l
46.5710 	DATA 	Keypress: t
46.6793 	DATA 	Keypress: l
46.7799 	DATA 	Keypress: t
46.8952 	DATA 	Keypress: l
46.9767 	DATA 	Keypress: t
47.1118 	DATA 	Keypress: l
47.1905 	INFO 	Keyboard events cleared
47.1900 	EXP 	text: autoDraw = True
47.1995 	EXP 	Fixation: autoDraw = False
47.2176 	EXP 	New trial (rep=5, index=0): <Trial 35 (0 in rep 5) data={'reward_today': 49, 'future_reward': 60, 'delay': 89, 'thisN': 35, 'thisTrialN': 0, 'thisRepN': 5}>
47.2260 	DATA 	Keypress: t
47.2324 	EXP 	Fixation: autoDraw = False
47.2324 	EXP 	text: autoDraw = False
47.2324 	EXP 	text: height = 0.05
47.2324 	EXP 	text: height = 0.05
47.2324 	EXP 	text: height = 0.05
47.2324 	EXP 	text: text = 'GBP 49 today or GBP 60 after 89 days'
47.2324 	EXP 	Fixation: autoDraw = True
47.3283 	DATA 	Keypress: l
47.4209 	DATA 	Keypress: t
47.5631 	DATA 	Keypress: l
47.6647 	DATA 	Keypress: t
47.7856 	DATA 	Keypress: l
47.8953 	DATA 	Keypress: t
47.9734 	DATA 	Keypress: l
48.0967 	DATA 	Keypress: t
48.1966 	DATA 	Keypress: l
48.2110 	INFO 	Keyboard events cleared
48.2107 	EXP 	text: autoDraw = True
48.2324 	EXP 	Fixation: autoDraw = False
48.3180 	EXP 	New trial (rep=5, index=1): <Trial 36 (1 in rep 5) data={'reward_today': 78, 'future_reward': 80, 'delay': 162, 'thisN': 36, 'thisTrialN': 1, 'thisRepN': 5}>
48.3240 	DATA 	Keypress: t
48.3302 	EXP 	Fixation: autoDraw = False
48.3302 	EXP 	text: autoDraw = False
48.3302 	EXP 	text: height = 0.05
48.3302 	EXP 	text: height = 0.05
48.3302 	EXP 	text: height = 0.05
48.3302 	EXP 	text: text = 'GBP 78 today or GBP 80 after 162 days'
48.3302 	EXP 	Fixation: autoDraw = True
48.4338 	DATA 	Keypress: l
48.5466 	DATA 	Keypress: t
48.6460 	DATA 	Keypress: l
48.7553 	DATA 	Keypress: t
48.8535 	DATA 	Keypress: l
48.9806 	DATA 	Keypress: t
49.0575 	DATA 	Keypress: l
49.2028 	DATA 	Keypress: t
49.2870 	DATA 	Keypress: l
49.3163 	INFO 	Keyboard events cleared
49.3159 	EXP 	text: autoDraw = True
49.3246 	EXP 	Fixation: autoDraw = False
49.4324 	EXP 	New trial (rep=5, index=2): <Trial 37 (2 in rep 5) data={'reward_today': 27, 'future_reward': 50, 'delay': 21, 'thisN': 37, 'thisTrialN': 2, 'thisRepN': 5}>
49.4385 	DATA 	Keypress: t
49.4448 	EXP 	Fixation: autoDraw = False
49.4448 	EXP 	text: autoDraw = False
49.4448 	EXP 	text: height = 0.05
49.4448 	EXP 	text: height = 0.05
49.4448 	EXP 	text: height = 0.05
49.4448 	EXP 	text: text = 'GBP 27 today or GBP 50 after 21 days'
49.4448 	EXP 	Fixation: autoDraw = True
49.5206 	DATA 	Keypress: l
49.6626 	DATA 	Keypress: t
49.7229 	DATA 	Keypress: l
49.8625 	DATA 	Keypress: t
49.9783 	DATA 	Keypress: l
50.1119 	DATA 	Keypress: t
50.1705 	DATA 	Keypress: l
50.3143 	DATA 	Keypress: t
50.4295 	DATA 	Keypress: l
50.4356 	INFO 	Keyboard events cleared
50.4352 	EXP 	text: autoDraw = True
50.4427 	EXP 	Fixation: autoDraw = False
50.5336 	EXP 	New trial (rep=5, index=3): <Trial 38 (3 in rep 5) data={'reward_today': 40, 'future_reward': 55, 'delay': 62, 'thisN': 38, 'thisTrialN': 3, 'thisRepN': 5}>
50.5397 	DATA 	Keypress: t
50.5455 	EXP 	Fixation: autoDraw = False
50.5455 	EXP 	text: autoDraw = False
50.5455 	EXP 	text: height = 0.05
50.5455 	EXP 	text: height = 0.05
50.5455 	EXP 	text: height = 0.05
50.5455 	EXP 	text: text = 'GBP 40 today or GBP 55 after 62 days'
50.5455 	EXP 	Fixation: autoDraw = True
50.6629 	DATA 	Keypress: l
50.7475 	DATA 	Keypress: t
50.8709 	DATA 	Keypress: l
50.9534 	DATA 	Keypress: t
51.0687 	DATA 	Keypress: l
51.1696 	DATA 	Keypress: t
51.3189 	DATA 	Keypress: l
51.4068 	DATA 	Keypress: t
51.5321 	INFO 	Keyboard events cleared
51.5317 	EXP 	text: autoDraw = True
51.5370 	DATA 	Keypress: l
51.5446 	EXP 	Fixation: autoDraw = False
51.6111 	EXP 	New trial (rep=5, index=4): <Trial 39 (4 in rep 5) data={'reward_today': 15, 'future_reward': 35, 'delay': 13, 'thisN': 39, 'thisTrialN': 4, 'thisRepN': 5}>
51.6197 	DATA 	Keypress: t
51.6264 	EXP 	Fixation: autoDraw = False
51.6264 	EXP 	text: autoDraw = False
51.6264 	EXP 	text: height = 0.05
51.6264 	EXP 	text: height = 0.05
51.6264 	EXP 	text: height = 0.05
51.6264 	EXP 	text: text = 'GBP 15 today or GBP 35 after 13 days'
51.6264 	EXP 	Fixation: autoDraw = True
51.7461 	DATA 	Keypress: l
51.8115 	DATA 	Keypress: t
51.9543 	DATA 	Keypress: l
52.0465 	DATA 	Keypress: t
52.1796 	DATA 	Keypress: l
52.2369 	DATA 	Keypress: t
52.3633 	DATA 	Keypress: l
52.4365 	DATA 	Keypress: t
52.5628 	DATA 	Keypress: l
52.6088 	INFO 	Keyboard events cleared
52.6083 	EXP 	text: autoDraw = True
52.6276 	EXP 	New trial (rep=5, index=5): <Trial 40 (5 in rep 5) data={'reward_today': 67, 'future_reward': 76, 'delay': 119, 'thisN': 40, 'thisTrialN': 5, 'thisRepN': 5}>
52.6335 	DATA 	Keypress: t
52.6407 	EXP 	Fixation: autoDraw = False
52.6407 	EXP 	Fixation: autoDraw = False
52.6407 	EXP 	text: autoDraw = False
52.6407 	EXP 	text: height = 0.05
52.6407 	EXP 	text: height = 0.05
52.6407 	EXP 	text: height = 0.05
52.6407 	EXP 	text: text = 'GBP 67 today or GBP 76 after 119 days'
52.6407 	EXP 	Fixation: autoDraw = True
52.7620 	DATA 	Keypress: l
52.8540 	DATA 	Keypress: t
52.9784 	DATA 	Keypress: l
53.0805 	DATA 	Keypress: t
53.1953 	DATA 	Keypress: l
53.2692 	DATA 	Keypress: t
53.3781 	DATA 	Keypress: l
53.4986 	DATA 	Keypress: t
53.6193 	DATA 	Keypress: l
53.6269 	INFO 	Keyboard events cleared
53.6266 	EXP 	text: autoDraw = True
53.6409 	EXP 	Fixation: autoDraw = False
53.6938 	EXP 	New trial (rep=5, index=6): <Trial 41 (6 in rep 5) data={'reward_today': 11, 'future_reward': 30, 'delay': 7, 'thisN': 41, 'thisTrialN': 6, 'thisRepN': 5}>
53.7010 	DATA 	Keypress: t
53.7082 	EXP 	Fixation: autoDraw = False
53.7082 	EXP 	text: autoDraw = False
53.7082 	EXP 	text: height = 0.05
53.7082 	EXP 	text: height = 0.05
53.7082 	EXP 	text: height = 0.05
53.7082 	EXP 	text: text = 'GBP 11 today or GBP 30 after 7 days'
53.7082 	EXP 	Fixation: autoDraw = True
53.8355 	DATA 	Keypress: l
53.9570 	DATA 	Keypress: t
54.0780 	DATA 	Keypress: l
54.1479 	DATA 	Keypress: t
54.2867 	DATA 	Keypress: l
54.3792 	DATA 	Keypress: t
54.4937 	DATA 	Keypress: l
54.6006 	DATA 	Keypress: t
54.6901 	INFO 	Keyboard events cleared
54.6898 	EXP 	text: autoDraw = True
54.7077 	EXP 	Fixation: autoDraw = False
54.7237 	EXP 	New trial (rep=6, index=0): <Trial 42 (0 in rep 6) data={'reward_today': 11, 'future_reward': 30, 'delay': 7, 'thisN': 42, 'thisTrialN': 0, 'thisRepN': 6}>
54.7258 	DATA 	Keypress: l
54.7314 	EXP 	Fixation: autoDraw = False
54.7314 	EXP 	text: autoDraw = False
54.7314 	EXP 	text: text = 'GBP 11 today or GBP 30 after 7 days'
54.7314 	EXP 	Fixation: autoDraw = True
54.8018 	DATA 	Keypress: t
54.9302 	DATA 	Keypress: l
55.0365 	DATA 	Keypress: t
55.1615 	DATA 	Keypress: l
55.2476 	DATA 	Keypress: t
55.3627 	DATA 	Keypress: l
55.4617 	DATA 	Keypress: t
55.6130 	DATA 	Keypress: l
55.6971 	DATA 	Keypress: t
55.7245 	INFO 	Keyboard events cleared
55.7241 	EXP 	text: autoDraw = True
55.7320 	EXP 	Fixation: autoDraw = False
55.8427 	EXP 	New trial (rep=6, index=1): <Trial 43 (1 in rep 6) data={'reward_today': 67, 'future_reward': 76, 'delay': 119, 'thisN': 43, 'thisTrialN': 1, 'thisRepN': 6}>
55.8515 	DATA 	Keypress: l
55.8572 	EXP 	Fixation: autoDraw = False
55.8572 	EXP 	text: autoDraw = False
55.8572 	EXP 	text: height = 0.05
55.8572 	EXP 	text: height = 0.05
55.8572 	EXP 	text: height = 0.05
55.8572 	EXP 	text: text = 'GBP 67 today or GBP 76 after 119 days'
55.8572 	EXP 	Fixation: autoDraw = True
55.9039 	DATA 	Keypress: t
56.0519 	DATA 	Keypress: l
56.1196 	DATA 	Keypress: t
56.2699 	DATA 	Keypress: l
56.3633 	DATA 	Keypress: t
56.5209 	DATA 	Keypress: l
56.6463 	DATA 	Keypress: t
56.7543 	DATA 	Keypress: l
56.8398 	DATA 	Keypress: t
56.8472 	INFO 	Keyboard events cleared
56.8468 	EXP 	text: autoDraw = True
56.8565 	EXP 	Fixation: autoDraw = False
56.9672 	EXP 	New trial (rep=6, index=2): <Trial 44 (2 in rep 6) data={'reward_today': 40, 'future_reward': 55, 'delay': 62, 'thisN': 44, 'thisTrialN': 2, 'thisRepN': 6}>
56.9746 	DATA 	Keypress: l
56.9807 	EXP 	Fixation: autoDraw = False
56.9807 	EXP 	text: autoDraw = False
56.9807 	EXP 	text: height = 0.05
56.9807 	EXP 	text: height = 0.05
56.9807 	EXP 	text: height = 0.05
56.9807 	EXP 	text: text = 'GBP 40 today or GBP 55 after 62 days'
56.9807 	EXP 	Fixation: autoDraw = True
57.0755 	DATA 	Keypress: t
57.1784 	DATA 	Keypress: l
57.2819 	DATA 	Keypress: t
57.4127 	DATA 	Keypress: l
57.4679 	DATA 	Keypress: t
57.9671 	INFO 	Keyboard events cleared
57.9668 	EXP 	text: autoDraw = True
57.9752 	EXP 	Fixation: autoDraw = False
59.4771 	EXP 	New trial (rep=6, index=3): <Trial 45 (3 in rep 6) data={'reward_today': 27, 'future_reward': 50, 'delay': 21, 'thisN': 45, 'thisTrialN': 3, 'thisRepN': 6}>
59.4870 	DATA 	Keypress: l
59.4944 	EXP 	Fixation: autoDraw = False
59.4944 	EXP 	text: autoDraw = False
59.4944 	EXP 	text: height = 0.05
59.4944 	EXP 	text: height = 0.05
59.4944 	EXP 	text: height = 0.05
59.4944 	EXP 	text: text = 'GBP 27 today or GBP 50 after 21 days'
59.4944 	EXP 	Fixation: autoDraw = True
60.3794 	DATA 	Keypress: l
60.4753 	INFO 	Keyboard events cleared
60.4749 	EXP 	text: autoDraw = True
60.4920 	EXP 	Fixation: autoDraw = False
60.5678 	EXP 	New trial (rep=6, index=4): <Trial 46 (4 in rep 6) data={'reward_today': 78, 'future_reward': 80, 'delay': 162, 'thisN': 46, 'thisTrialN': 4, 'thisRepN': 6}>
60.5778 	DATA 	Keypress: l
60.5843 	EXP 	Fixation: autoDraw = False
60.5843 	EXP 	text: autoDraw = False
60.5843 	EXP 	text: height = 0.05
60.5843 	EXP 	text: height = 0.05
60.5843 	EXP 	text: height = 0.05
60.5843 	EXP 	text: text = 'GBP 78 today or GBP 80 after 162 days'
60.5843 	EXP 	Fixation: autoDraw = True
60.7193 	DATA 	Keypress: l
60.8771 	DATA 	Keypress: l
61.0373 	DATA 	Keypress: l
61.1855 	DATA 	Keypress: l
61.3971 	DATA 	Keypress: l
61.4855 	DATA 	Keypress: l
61.5660 	INFO 	Keyboard events cleared
61.5656 	EXP 	text: autoDraw = True
61.5821 	EXP 	Fixation: autoDraw = False
61.6255 	EXP 	New trial (rep=6, index=5): <Trial 47 (5 in rep 6) data={'reward_today': 15, 'future_reward': 35, 'delay': 13, 'thisN': 47, 'thisTrialN': 5, 'thisRepN': 6}>
61.6330 	DATA 	Keypress: l
61.6387 	EXP 	Fixation: autoDraw = False
61.6387 	EXP 	text: autoDraw = False
61.6387 	EXP 	text: height = 0.05
61.6387 	EXP 	text: height = 0.05
61.6387 	EXP 	text: height = 0.05
61.6387 	EXP 	text: text = 'GBP 15 today or GBP 35 after 13 days'
61.6387 	EXP 	Fixation: autoDraw = True
62.5875 	DATA 	Keypress: t
62.6162 	INFO 	Keyboard events cleared
62.6158 	EXP 	text: autoDraw = True
62.6323 	EXP 	Fixation: autoDraw = False
62.7170 	EXP 	New trial (rep=6, index=6): <Trial 48 (6 in rep 6) data={'reward_today': 49, 'future_reward': 60, 'delay': 89, 'thisN': 48, 'thisTrialN': 6, 'thisRepN': 6}>
62.7236 	DATA 	Keypress: l
62.7293 	EXP 	Fixation: autoDraw = False
62.7293 	EXP 	text: autoDraw = False
62.7293 	EXP 	text: height = 0.05
62.7293 	EXP 	text: height = 0.05
62.7293 	EXP 	text: height = 0.05
62.7293 	EXP 	text: text = 'GBP 49 today or GBP 60 after 89 days'
62.7293 	EXP 	Fixation: autoDraw = True
62.8516 	DATA 	Keypress: t
62.9701 	DATA 	Keypress: l
63.0708 	DATA 	Keypress: t
63.2299 	DATA 	Keypress: l
63.3140 	DATA 	Keypress: t
63.4697 	DATA 	Keypress: l
63.5526 	DATA 	Keypress: t
63.7143 	DATA 	Keypress: l
63.7225 	INFO 	Keyboard events cleared
63.7219 	EXP 	text: autoDraw = True
63.7302 	EXP 	Fixation: autoDraw = False
63.7945 	EXP 	New trial (rep=7, index=0): <Trial 49 (0 in rep 7) data={'reward_today': 49, 'future_reward': 60, 'delay': 89, 'thisN': 49, 'thisTrialN': 0, 'thisRepN': 7}>
63.7967 	DATA 	Keypress: t
63.8076 	EXP 	Fixation: autoDraw = False
63.8076 	EXP 	text: autoDraw = False
63.8076 	EXP 	text: text = 'GBP 49 today or GBP 60 after 89 days'
63.8076 	EXP 	Fixation: autoDraw = True
63.9464 	DATA 	Keypress: l
64.0197 	DATA 	Keypress: t
64.1629 	DATA 	Keypress: l
64.2360 	DATA 	Keypress: t
64.3949 	DATA 	Keypress: l
64.4632 	DATA 	Keypress: t
64.6132 	DATA 	Keypress: l
64.6527 	DATA 	Keypress: t
64.7902 	INFO 	Keyboard events cleared
64.7898 	EXP 	text: autoDraw = True
64.8066 	EXP 	Fixation: autoDraw = False
64.8258 	EXP 	New trial (rep=7, index=1): <Trial 50 (1 in rep 7) data={'reward_today': 27, 'future_reward': 50, 'delay': 21, 'thisN': 50, 'thisTrialN': 1, 'thisRepN': 7}>
64.8322 	DATA 	Keypress: l
64.8380 	EXP 	Fixation: autoDraw = False
64.8380 	EXP 	text: autoDraw = False
64.8380 	EXP 	text: height = 0.05
64.8380 	EXP 	text: height = 0.05
64.8380 	EXP 	text: height = 0.05
64.8380 	EXP 	text: text = 'GBP 27 today or GBP 50 after 21 days'
64.8380 	EXP 	Fixation: autoDraw = True
64.8964 	DATA 	Keypress: t
65.0553 	DATA 	Keypress: l
65.1222 	DATA 	Keypress: t
65.2808 	DATA 	Keypress: l
65.3667 	DATA 	Keypress: t
65.5038 	DATA 	Keypress: l
65.5883 	DATA 	Keypress: t
65.7206 	DATA 	Keypress: l
65.8126 	DATA 	Keypress: t
65.8280 	INFO 	Keyboard events cleared
65.8278 	EXP 	text: autoDraw = True
65.8408 	EXP 	Fixation: autoDraw = False
65.9343 	EXP 	New trial (rep=7, index=2): <Trial 51 (2 in rep 7) data={'reward_today': 40, 'future_reward': 55, 'delay': 62, 'thisN': 51, 'thisTrialN': 2, 'thisRepN': 7}>
65.9413 	DATA 	Keypress: l
65.9475 	EXP 	Fixation: autoDraw = False
65.9475 	EXP 	text: autoDraw = False
65.9475 	EXP 	text: height = 0.05
65.9475 	EXP 	text: height = 0.05
65.9475 	EXP 	text: height = 0.05
65.9475 	EXP 	text: text = 'GBP 40 today or GBP 55 after 62 days'
65.9475 	EXP 	Fixation: autoDraw = True
66.0276 	DATA 	Keypress: t
66.1690 	DATA 	Keypress: l
66.2648 	DATA 	Keypress: t
66.3867 	DATA 	Keypress: l
66.4711 	DATA 	Keypress: t
66.6033 	DATA 	Keypress: l
66.7033 	DATA 	Keypress: t
66.8284 	DATA 	Keypress: l
66.9199 	DATA 	Keypress: t
66.9412 	INFO 	Keyboard events cleared
66.9409 	EXP 	text: autoDraw = True
66.9472 	EXP 	Fixation: autoDraw = False
67.0423 	EXP 	New trial (rep=7, index=3): <Trial 52 (3 in rep 7) data={'reward_today': 15, 'future_reward': 35, 'delay': 13, 'thisN': 52, 'thisTrialN': 3, 'thisRepN': 7}>
67.0478 	DATA 	Keypress: l
67.0535 	EXP 	Fixation: autoDraw = False
67.0535 	EXP 	text: autoDraw = False
67.0535 	EXP 	text: height = 0.05
67.0535 	EXP 	text: height = 0.05
67.0535 	EXP 	text: height = 0.05
67.0535 	EXP 	text: text = 'GBP 15 today or GBP 35 after 13 days'
67.0535 	EXP 	Fixation: autoDraw = True
67.1457 	DATA 	Keypress: t
67.2525 	DATA 	Keypress: l
67.3524 	DATA 	Keypress: t
67.4840 	DATA 	Keypress: l
67.5770 	DATA 	Keypress: t
67.7036 	DATA 	Keypress: l
67.7688 	DATA 	Keypress: t
67.9284 	DATA 	Keypress: l
67.9862 	DATA 	Keypress: t
68.0496 	INFO 	Keyboard events cleared
68.0492 	EXP 	Fixation: autoDraw = False
68.0492 	EXP 	text: autoDraw = True
68.1418 	EXP 	New trial (rep=7, index=4): <Trial 53 (4 in rep 7) data={'reward_today': 11, 'future_reward': 30, 'delay': 7, 'thisN': 53, 'thisTrialN': 4, 'thisRepN': 7}>
68.1482 	DATA 	Keypress: l
68.1544 	EXP 	Fixation: autoDraw = False
68.1544 	EXP 	text: autoDraw = False
68.1544 	EXP 	text: height = 0.05
68.1544 	EXP 	text: height = 0.05
68.1544 	EXP 	text: height = 0.05
68.1544 	EXP 	text: text = 'GBP 11 today or GBP 30 after 7 days'
68.1544 	EXP 	Fixation: autoDraw = True
68.2441 	DATA 	Keypress: t
68.3531 	DATA 	Keypress: l
68.4805 	DATA 	Keypress: t
68.6198 	DATA 	Keypress: l
68.7279 	DATA 	Keypress: t
68.8358 	DATA 	Keypress: l
68.9460 	DATA 	Keypress: t
69.0467 	DATA 	Keypress: l
69.1329 	INFO 	Keyboard events cleared
69.1325 	EXP 	text: autoDraw = True
69.1517 	EXP 	Fixation: autoDraw = False
69.1765 	EXP 	New trial (rep=7, index=5): <Trial 54 (5 in rep 7) data={'reward_today': 67, 'future_reward': 76, 'delay': 119, 'thisN': 54, 'thisTrialN': 5, 'thisRepN': 7}>
69.1823 	DATA 	Keypress: t
69.1878 	EXP 	Fixation: autoDraw = False
69.1878 	EXP 	text: autoDraw = False
69.1878 	EXP 	text: height = 0.05
69.1878 	EXP 	text: height = 0.05
69.1878 	EXP 	text: height = 0.05
69.1878 	EXP 	text: text = 'GBP 67 today or GBP 76 after 119 days'
69.1878 	EXP 	Fixation: autoDraw = True
69.2943 	DATA 	Keypress: l
69.3918 	DATA 	Keypress: t
69.4964 	DATA 	Keypress: l
69.6138 	DATA 	Keypress: t
69.7363 	DATA 	Keypress: l
69.8371 	DATA 	Keypress: t
69.9619 	DATA 	Keypress: l
70.0594 	DATA 	Keypress: t
70.1735 	INFO 	Keyboard events cleared
70.1731 	EXP 	text: autoDraw = True
70.1808 	EXP 	Fixation: autoDraw = False
70.1828 	EXP 	New trial (rep=7, index=6): <Trial 55 (6 in rep 7) data={'reward_today': 78, 'future_reward': 80, 'delay': 162, 'thisN': 55, 'thisTrialN': 6, 'thisRepN': 7}>
70.1885 	DATA 	Keypress: l
70.1948 	EXP 	Fixation: autoDraw = False
70.1948 	EXP 	text: autoDraw = False
70.1948 	EXP 	text: height = 0.05
70.1948 	EXP 	text: height = 0.05
70.1948 	EXP 	text: height = 0.05
70.1948 	EXP 	text: text = 'GBP 78 today or GBP 80 after 162 days'
70.1948 	EXP 	Fixation: autoDraw = True
70.2448 	DATA 	Keypress: t
70.4117 	DATA 	Keypress: l
70.4681 	DATA 	Keypress: t
70.6629 	DATA 	Keypress: l
70.7135 	DATA 	Keypress: t
70.8869 	DATA 	Keypress: l
70.9102 	DATA 	Keypress: t
71.1287 	DATA 	Keypress: l
71.1469 	DATA 	Keypress: t
71.1916 	INFO 	Keyboard events cleared
71.1912 	EXP 	text: autoDraw = True
71.1986 	EXP 	Fixation: autoDraw = False
71.3329 	EXP 	New trial (rep=8, index=0): <Trial 56 (0 in rep 8) data={'reward_today': 78, 'future_reward': 80, 'delay': 162, 'thisN': 56, 'thisTrialN': 0, 'thisRepN': 8}>
71.3356 	DATA 	Keypress: l
71.3573 	EXP 	Fixation: autoDraw = False
71.3573 	EXP 	text: autoDraw = False
71.3573 	EXP 	text: text = 'GBP 78 today or GBP 80 after 162 days'
71.3573 	EXP 	Fixation: autoDraw = True
71.4443 	DATA 	Keypress: t
71.5868 	DATA 	Keypress: l
71.6822 	DATA 	Keypress: t
71.7681 	DATA 	Keypress: l
71.9158 	DATA 	Keypress: t
72.0197 	DATA 	Keypress: l
72.1601 	DATA 	Keypress: t
72.2442 	DATA 	Keypress: l
72.3315 	INFO 	Keyboard events cleared
72.3311 	EXP 	text: autoDraw = True
72.3472 	EXP 	Fixation: autoDraw = False
72.3829 	EXP 	New trial (rep=8, index=1): <Trial 57 (1 in rep 8) data={'reward_today': 15, 'future_reward': 35, 'delay': 13, 'thisN': 57, 'thisTrialN': 1, 'thisRepN': 8}>
72.3893 	DATA 	Keypress: t
72.3950 	EXP 	Fixation: autoDraw = False
72.3950 	EXP 	text: autoDraw = False
72.3950 	EXP 	text: height = 0.05
72.3950 	EXP 	text: height = 0.05
72.3950 	EXP 	text: height = 0.05
72.3950 	EXP 	text: text = 'GBP 15 today or GBP 35 after 13 days'
72.3950 	EXP 	Fixation: autoDraw = True
72.4604 	DATA 	Keypress: l
72.6090 	DATA 	Keypress: t
72.6933 	DATA 	Keypress: l
72.8298 	DATA 	Keypress: t
72.9189 	DATA 	Keypress: l
73.0453 	DATA 	Keypress: t
73.1299 	DATA 	Keypress: l
73.2635 	DATA 	Keypress: t
73.3484 	DATA 	Keypress: l
73.3820 	INFO 	Keyboard events cleared
73.3817 	EXP 	text: autoDraw = True
73.3902 	EXP 	Fixation: autoDraw = False
73.5094 	EXP 	New trial (rep=8, index=2): <Trial 58 (2 in rep 8) data={'reward_today': 40, 'future_reward': 55, 'delay': 62, 'thisN': 58, 'thisTrialN': 2, 'thisRepN': 8}>
73.5158 	DATA 	Keypress: t
73.5214 	EXP 	Fixation: autoDraw = False
73.5214 	EXP 	text: autoDraw = False
73.5214 	EXP 	text: height = 0.05
73.5214 	EXP 	text: height = 0.05
73.5214 	EXP 	text: height = 0.05
73.5214 	EXP 	text: text = 'GBP 40 today or GBP 55 after 62 days'
73.5214 	EXP 	Fixation: autoDraw = True
73.6119 	DATA 	Keypress: l
73.7614 	DATA 	Keypress: t
73.8138 	DATA 	Keypress: l
73.9786 	DATA 	Keypress: t
74.0104 	DATA 	Keypress: l
74.1664 	DATA 	Keypress: t
74.2355 	DATA 	Keypress: l
74.3784 	DATA 	Keypress: t
74.4439 	DATA 	Keypress: l
74.5069 	INFO 	Keyboard events cleared
74.5064 	EXP 	text: autoDraw = True
74.5155 	EXP 	Fixation: autoDraw = False
74.5828 	EXP 	New trial (rep=8, index=3): <Trial 59 (3 in rep 8) data={'reward_today': 11, 'future_reward': 30, 'delay': 7, 'thisN': 59, 'thisTrialN': 3, 'thisRepN': 8}>
74.5893 	DATA 	Keypress: t
74.5949 	EXP 	Fixation: autoDraw = False
74.5949 	EXP 	text: autoDraw = False
74.5949 	EXP 	text: height = 0.05
74.5949 	EXP 	text: height = 0.05
74.5949 	EXP 	text: height = 0.05
74.5949 	EXP 	text: text = 'GBP 11 today or GBP 30 after 7 days'
74.5949 	EXP 	Fixation: autoDraw = True
74.6342 	DATA 	Keypress: l
74.8698 	DATA 	Keypress: l
74.8829 	DATA 	Keypress: t
75.0528 	DATA 	Keypress: l
75.1270 	DATA 	Keypress: t
75.2860 	DATA 	Keypress: l
75.3121 	DATA 	Keypress: t
75.4693 	DATA 	Keypress: l
75.5818 	INFO 	Keyboard events cleared
75.5814 	EXP 	text: autoDraw = True
75.5900 	EXP 	Fixation: autoDraw = False
79.0670 	EXP 	New trial (rep=8, index=4): <Trial 60 (4 in rep 8) data={'reward_today': 27, 'future_reward': 50, 'delay': 21, 'thisN': 60, 'thisTrialN': 4, 'thisRepN': 8}>
79.0766 	DATA 	Keypress: l
79.0832 	EXP 	Fixation: autoDraw = False
79.0832 	EXP 	text: autoDraw = False
79.0832 	EXP 	text: height = 0.05
79.0832 	EXP 	text: height = 0.05
79.0832 	EXP 	text: height = 0.05
79.0832 	EXP 	text: text = 'GBP 27 today or GBP 50 after 21 days'
79.0832 	EXP 	Fixation: autoDraw = True
79.3031 	DATA 	Keypress: l
79.5539 	DATA 	Keypress: l
79.7859 	DATA 	Keypress: l
80.0665 	INFO 	Keyboard events cleared
80.0661 	EXP 	text: autoDraw = True
80.0748 	EXP 	Fixation: autoDraw = False
80.3003 	EXP 	New trial (rep=8, index=5): <Trial 61 (5 in rep 8) data={'reward_today': 67, 'future_reward': 76, 'delay': 119, 'thisN': 61, 'thisTrialN': 5, 'thisRepN': 8}>
80.3115 	DATA 	Keypress: l
80.3179 	EXP 	Fixation: autoDraw = False
80.3179 	EXP 	text: autoDraw = False
80.3179 	EXP 	text: height = 0.05
80.3179 	EXP 	text: height = 0.05
80.3179 	EXP 	text: height = 0.05
80.3179 	EXP 	text: text = 'GBP 67 today or GBP 76 after 119 days'
80.3179 	EXP 	Fixation: autoDraw = True
80.7964 	DATA 	Keypress: l
81.2206 	DATA 	Keypress: l
81.2987 	INFO 	Keyboard events cleared
81.2983 	EXP 	text: autoDraw = True
81.3244 	EXP 	Fixation: autoDraw = False
81.6433 	EXP 	New trial (rep=8, index=6): <Trial 62 (6 in rep 8) data={'reward_today': 49, 'future_reward': 60, 'delay': 89, 'thisN': 62, 'thisTrialN': 6, 'thisRepN': 8}>
81.6522 	DATA 	Keypress: l
81.6580 	EXP 	Fixation: autoDraw = False
81.6580 	EXP 	text: autoDraw = False
81.6580 	EXP 	text: height = 0.05
81.6580 	EXP 	text: height = 0.05
81.6580 	EXP 	text: height = 0.05
81.6580 	EXP 	text: text = 'GBP 49 today or GBP 60 after 89 days'
81.6580 	EXP 	Fixation: autoDraw = True
82.0114 	DATA 	Keypress: l
82.3204 	DATA 	Keypress: l
82.6420 	INFO 	Keyboard events cleared
82.6415 	EXP 	text: autoDraw = True
82.6503 	EXP 	Fixation: autoDraw = False
83.8342 	EXP 	New trial (rep=9, index=0): <Trial 63 (0 in rep 9) data={'reward_today': 40, 'future_reward': 55, 'delay': 62, 'thisN': 63, 'thisTrialN': 0, 'thisRepN': 9}>
83.8444 	DATA 	Keypress: t
83.8510 	EXP 	Fixation: autoDraw = False
83.8510 	EXP 	text: autoDraw = False
83.8510 	EXP 	text: height = 0.05
83.8510 	EXP 	text: height = 0.05
83.8510 	EXP 	text: height = 0.05
83.8510 	EXP 	text: text = 'GBP 40 today or GBP 55 after 62 days'
83.8510 	EXP 	Fixation: autoDraw = True
84.0626 	DATA 	Keypress: t
84.2518 	DATA 	Keypress: t
84.4333 	DATA 	Keypress: t
84.6287 	DATA 	Keypress: t
84.8122 	DATA 	Keypress: t
84.8278 	INFO 	Keyboard events cleared
84.8275 	EXP 	text: autoDraw = True
84.8466 	EXP 	Fixation: autoDraw = False
84.8751 	EXP 	New trial (rep=9, index=1): <Trial 64 (1 in rep 9) data={'reward_today': 15, 'future_reward': 35, 'delay': 13, 'thisN': 64, 'thisTrialN': 1, 'thisRepN': 9}>
84.8813 	DATA 	Keypress: t
84.8877 	EXP 	Fixation: autoDraw = False
84.8877 	EXP 	text: autoDraw = False
84.8877 	EXP 	text: height = 0.05
84.8877 	EXP 	text: height = 0.05
84.8877 	EXP 	text: height = 0.05
84.8877 	EXP 	text: text = 'GBP 15 today or GBP 35 after 13 days'
84.8877 	EXP 	Fixation: autoDraw = True
85.0463 	DATA 	Keypress: t
85.2132 	DATA 	Keypress: t
85.4866 	DATA 	Keypress: t
85.6947 	DATA 	Keypress: t
85.8347 	DATA 	Keypress: t
85.8751 	INFO 	Keyboard events cleared
85.8746 	EXP 	text: autoDraw = True
85.8912 	EXP 	Fixation: autoDraw = False
85.9979 	EXP 	New trial (rep=9, index=2): <Trial 65 (2 in rep 9) data={'reward_today': 67, 'future_reward': 76, 'delay': 119, 'thisN': 65, 'thisTrialN': 2, 'thisRepN': 9}>
86.0034 	DATA 	Keypress: t
86.0103 	EXP 	Fixation: autoDraw = False
86.0103 	EXP 	text: autoDraw = False
86.0103 	EXP 	text: height = 0.05
86.0103 	EXP 	text: height = 0.05
86.0103 	EXP 	text: height = 0.05
86.0103 	EXP 	text: text = 'GBP 67 today or GBP 76 after 119 days'
86.0103 	EXP 	Fixation: autoDraw = True
86.1856 	DATA 	Keypress: t
86.3618 	DATA 	Keypress: t
86.5372 	DATA 	Keypress: t
86.7037 	DATA 	Keypress: t
86.8545 	DATA 	Keypress: t
86.9902 	INFO 	Keyboard events cleared
86.9897 	EXP 	text: autoDraw = True
87.0070 	EXP 	Fixation: autoDraw = False
87.0506 	EXP 	New trial (rep=9, index=3): <Trial 66 (3 in rep 9) data={'reward_today': 49, 'future_reward': 60, 'delay': 89, 'thisN': 66, 'thisTrialN': 3, 'thisRepN': 9}>
87.0602 	DATA 	Keypress: t
87.0665 	EXP 	Fixation: autoDraw = False
87.0665 	EXP 	text: autoDraw = False
87.0665 	EXP 	text: height = 0.05
87.0665 	EXP 	text: height = 0.05
87.0665 	EXP 	text: height = 0.05
87.0665 	EXP 	text: text = 'GBP 49 today or GBP 60 after 89 days'
87.0665 	EXP 	Fixation: autoDraw = True
87.2537 	DATA 	Keypress: t
87.4464 	DATA 	Keypress: t
87.7280 	DATA 	Keypress: l
87.9296 	DATA 	Keypress: l
88.0487 	INFO 	Keyboard events cleared
88.0482 	EXP 	text: autoDraw = True
88.0653 	EXP 	Fixation: autoDraw = False
88.1313 	EXP 	New trial (rep=9, index=4): <Trial 67 (4 in rep 9) data={'reward_today': 11, 'future_reward': 30, 'delay': 7, 'thisN': 67, 'thisTrialN': 4, 'thisRepN': 9}>
88.1380 	DATA 	Keypress: l
88.1443 	EXP 	Fixation: autoDraw = False
88.1443 	EXP 	text: autoDraw = False
88.1443 	EXP 	text: height = 0.05
88.1443 	EXP 	text: height = 0.05
88.1443 	EXP 	text: height = 0.05
88.1443 	EXP 	text: text = 'GBP 11 today or GBP 30 after 7 days'
88.1443 	EXP 	Fixation: autoDraw = True
88.3616 	DATA 	Keypress: l
88.5626 	DATA 	Keypress: t
88.6522 	DATA 	Keypress: l
88.7617 	DATA 	Keypress: t
88.8941 	DATA 	Keypress: l
88.9851 	DATA 	Keypress: t
89.1238 	INFO 	Keyboard events cleared
89.1234 	EXP 	text: autoDraw = True
89.1403 	EXP 	Fixation: autoDraw = False
89.1502 	EXP 	New trial (rep=9, index=5): <Trial 68 (5 in rep 9) data={'reward_today': 78, 'future_reward': 80, 'delay': 162, 'thisN': 68, 'thisTrialN': 5, 'thisRepN': 9}>
89.1570 	DATA 	Keypress: l
89.1630 	EXP 	Fixation: autoDraw = False
89.1630 	EXP 	text: autoDraw = False
89.1630 	EXP 	text: height = 0.05
89.1630 	EXP 	text: height = 0.05
89.1630 	EXP 	text: height = 0.05
89.1630 	EXP 	text: text = 'GBP 78 today or GBP 80 after 162 days'
89.1630 	EXP 	Fixation: autoDraw = True
89.2300 	DATA 	Keypress: t
89.4193 	DATA 	Keypress: l
89.4434 	DATA 	Keypress: t
89.6689 	DATA 	Keypress: l
89.7286 	DATA 	Keypress: t
89.9446 	DATA 	Keypress: l
90.0212 	DATA 	Keypress: t
90.1417 	INFO 	Keyboard events cleared
90.1413 	EXP 	text: autoDraw = True
90.1567 	EXP 	Fixation: autoDraw = False
90.2004 	EXP 	New trial (rep=9, index=6): <Trial 69 (6 in rep 9) data={'reward_today': 27, 'future_reward': 50, 'delay': 21, 'thisN': 69, 'thisTrialN': 6, 'thisRepN': 9}>
90.2073 	DATA 	Keypress: l
90.2134 	EXP 	Fixation: autoDraw = False
90.2134 	EXP 	text: autoDraw = False
90.2134 	EXP 	text: height = 0.05
90.2134 	EXP 	text: height = 0.05
90.2134 	EXP 	text: height = 0.05
90.2134 	EXP 	text: text = 'GBP 27 today or GBP 50 after 21 days'
90.2134 	EXP 	Fixation: autoDraw = True
90.2843 	DATA 	Keypress: t
90.4543 	DATA 	Keypress: l
90.5477 	DATA 	Keypress: t
90.6954 	DATA 	Keypress: l
90.8123 	DATA 	Keypress: t
90.9544 	DATA 	Keypress: l
91.0716 	DATA 	Keypress: t
91.1984 	DATA 	Keypress: l
91.2070 	INFO 	Keyboard events cleared
91.2064 	EXP 	text: autoDraw = True
91.2146 	EXP 	Fixation: autoDraw = False
91.2668 	EXP 	New trial (rep=10, index=0): <Trial 70 (0 in rep 10) data={'reward_today': 78, 'future_reward': 80, 'delay': 162, 'thisN': 70, 'thisTrialN': 0, 'thisRepN': 10}>
91.2731 	DATA 	Keypress: t
91.2786 	EXP 	Fixation: autoDraw = False
91.2786 	EXP 	text: autoDraw = False
91.2786 	EXP 	text: height = 0.05
91.2786 	EXP 	text: height = 0.05
91.2786 	EXP 	text: height = 0.05
91.2786 	EXP 	text: text = 'GBP 78 today or GBP 80 after 162 days'
91.2786 	EXP 	Fixation: autoDraw = True
91.4528 	DATA 	Keypress: l
91.5700 	DATA 	Keypress: t
91.7275 	DATA 	Keypress: l
91.8299 	DATA 	Keypress: t
91.9634 	DATA 	Keypress: l
92.0545 	DATA 	Keypress: t
92.2209 	DATA 	Keypress: l
92.2650 	INFO 	Keyboard events cleared
92.2645 	EXP 	text: autoDraw = True
92.2733 	EXP 	Fixation: autoDraw = False
92.3092 	EXP 	New trial (rep=10, index=1): <Trial 71 (1 in rep 10) data={'reward_today': 15, 'future_reward': 35, 'delay': 13, 'thisN': 71, 'thisTrialN': 1, 'thisRepN': 10}>
92.3179 	DATA 	Keypress: t
92.3257 	EXP 	Fixation: autoDraw = False
92.3257 	EXP 	text: autoDraw = False
92.3257 	EXP 	text: height = 0.05
92.3257 	EXP 	text: height = 0.05
92.3257 	EXP 	text: height = 0.05
92.3257 	EXP 	text: text = 'GBP 15 today or GBP 35 after 13 days'
92.3257 	EXP 	Fixation: autoDraw = True
92.4626 	DATA 	Keypress: l
92.5455 	DATA 	Keypress: t
92.7110 	DATA 	Keypress: l
92.7680 	DATA 	Keypress: t
92.9758 	DATA 	Keypress: l
93.0357 	DATA 	Keypress: t
93.2286 	DATA 	Keypress: l
93.3048 	DATA 	Keypress: t
93.3122 	INFO 	Keyboard events cleared
93.3117 	EXP 	text: autoDraw = True
93.3242 	EXP 	Fixation: autoDraw = False
93.5266 	EXP 	New trial (rep=10, index=2): <Trial 72 (2 in rep 10) data={'reward_today': 49, 'future_reward': 60, 'delay': 89, 'thisN': 72, 'thisTrialN': 2, 'thisRepN': 10}>
93.5340 	DATA 	Keypress: t
93.5397 	EXP 	Fixation: autoDraw = False
93.5397 	EXP 	text: autoDraw = False
93.5397 	EXP 	text: height = 0.05
93.5397 	EXP 	text: height = 0.05
93.5397 	EXP 	text: height = 0.05
93.5397 	EXP 	text: text = 'GBP 49 today or GBP 60 after 89 days'
93.5397 	EXP 	Fixation: autoDraw = True
93.5675 	DATA 	Keypress: l
93.7464 	DATA 	Keypress: t
93.9048 	DATA 	Keypress: l
94.0219 	DATA 	Keypress: t
94.1870 	DATA 	Keypress: l
94.2893 	DATA 	Keypress: t
94.4145 	DATA 	Keypress: l
94.5276 	INFO 	Keyboard events cleared
94.5271 	EXP 	text: autoDraw = True
94.5305 	DATA 	Keypress: t
94.5406 	EXP 	Fixation: autoDraw = False
94.7005 	EXP 	New trial (rep=10, index=3): <Trial 73 (3 in rep 10) data={'reward_today': 11, 'future_reward': 30, 'delay': 7, 'thisN': 73, 'thisTrialN': 3, 'thisRepN': 10}>
94.7075 	DATA 	Keypress: l
94.7138 	EXP 	Fixation: autoDraw = False
94.7138 	EXP 	text: autoDraw = False
94.7138 	EXP 	text: height = 0.05
94.7138 	EXP 	text: height = 0.05
94.7138 	EXP 	text: height = 0.05
94.7138 	EXP 	text: text = 'GBP 11 today or GBP 30 after 7 days'
94.7138 	EXP 	Fixation: autoDraw = True
94.7829 	DATA 	Keypress: t
94.9628 	DATA 	Keypress: l
95.0539 	DATA 	Keypress: t
95.2551 	DATA 	Keypress: l
95.3537 	DATA 	Keypress: t
95.5297 	DATA 	Keypress: l
95.6631 	DATA 	Keypress: t
95.6995 	INFO 	Keyboard events cleared
95.6991 	EXP 	text: autoDraw = True
95.7079 	EXP 	Fixation: autoDraw = False
95.7764 	EXP 	New trial (rep=10, index=4): <Trial 74 (4 in rep 10) data={'reward_today': 67, 'future_reward': 76, 'delay': 119, 'thisN': 74, 'thisTrialN': 4, 'thisRepN': 10}>
95.7824 	DATA 	Keypress: l
95.7881 	EXP 	Fixation: autoDraw = False
95.7881 	EXP 	text: autoDraw = False
95.7881 	EXP 	text: height = 0.05
95.7881 	EXP 	text: height = 0.05
95.7881 	EXP 	text: height = 0.05
95.7881 	EXP 	text: text = 'GBP 67 today or GBP 76 after 119 days'
95.7881 	EXP 	Fixation: autoDraw = True
95.8661 	DATA 	Keypress: t
96.0292 	DATA 	Keypress: l
96.1188 	DATA 	Keypress: t
96.2694 	DATA 	Keypress: l
96.3530 	DATA 	Keypress: t
96.5440 	DATA 	Keypress: l
96.6276 	DATA 	Keypress: t
96.7827 	INFO 	Keyboard events cleared
96.7822 	EXP 	Fixation: autoDraw = False
96.7822 	EXP 	text: autoDraw = True
96.8014 	EXP 	New trial (rep=10, index=5): <Trial 75 (5 in rep 10) data={'reward_today': 27, 'future_reward': 50, 'delay': 21, 'thisN': 75, 'thisTrialN': 5, 'thisRepN': 10}>
96.8125 	DATA 	Keypress: l
96.8191 	EXP 	Fixation: autoDraw = False
96.8191 	EXP 	text: autoDraw = False
96.8191 	EXP 	text: height = 0.05
96.8191 	EXP 	text: height = 0.05
96.8191 	EXP 	text: height = 0.05
96.8191 	EXP 	text: text = 'GBP 27 today or GBP 50 after 21 days'
96.8191 	EXP 	Fixation: autoDraw = True
96.9021 	DATA 	Keypress: t
97.0512 	DATA 	Keypress: l
97.1535 	DATA 	Keypress: t
97.2955 	DATA 	Keypress: l
97.4227 	DATA 	Keypress: t
97.5699 	DATA 	Keypress: l
97.6448 	DATA 	Keypress: t
97.8076 	INFO 	Keyboard events cleared
97.8071 	EXP 	text: autoDraw = True
97.8117 	DATA 	Keypress: l
97.8240 	EXP 	Fixation: autoDraw = False
97.9423 	EXP 	New trial (rep=10, index=6): <Trial 76 (6 in rep 10) data={'reward_today': 40, 'future_reward': 55, 'delay': 62, 'thisN': 76, 'thisTrialN': 6, 'thisRepN': 10}>
97.9487 	DATA 	Keypress: t
97.9561 	EXP 	Fixation: autoDraw = False
97.9561 	EXP 	text: autoDraw = False
97.9561 	EXP 	text: height = 0.05
97.9561 	EXP 	text: height = 0.05
97.9561 	EXP 	text: height = 0.05
97.9561 	EXP 	text: text = 'GBP 40 today or GBP 55 after 62 days'
97.9561 	EXP 	Fixation: autoDraw = True
98.0685 	DATA 	Keypress: l
98.1979 	DATA 	Keypress: t
98.3291 	DATA 	Keypress: l
98.4851 	DATA 	Keypress: t
98.6215 	DATA 	Keypress: l
98.7561 	DATA 	Keypress: t
98.8803 	DATA 	Keypress: l
98.9403 	INFO 	Keyboard events cleared
98.9398 	EXP 	text: autoDraw = True
98.9478 	EXP 	Fixation: autoDraw = False
98.9995 	EXP 	New trial (rep=11, index=0): <Trial 77 (0 in rep 11) data={'reward_today': 40, 'future_reward': 55, 'delay': 62, 'thisN': 77, 'thisTrialN': 0, 'thisRepN': 11}>
99.0038 	DATA 	Keypress: t
99.0108 	EXP 	Fixation: autoDraw = False
99.0108 	EXP 	text: autoDraw = False
99.0108 	EXP 	text: text = 'GBP 40 today or GBP 55 after 62 days'
99.0108 	EXP 	Fixation: autoDraw = True
99.2197 	DATA 	Keypress: l
99.2493 	DATA 	Keypress: t
99.5123 	DATA 	Keypress: l
99.7636 	DATA 	Keypress: t
99.9062 	DATA 	Keypress: l
99.9989 	INFO 	Keyboard events cleared
99.9984 	EXP 	text: autoDraw = True
100.0073 	EXP 	Fixation: autoDraw = False
100.0675 	EXP 	New trial (rep=11, index=1): <Trial 78 (1 in rep 11) data={'reward_today': 11, 'future_reward': 30, 'delay': 7, 'thisN': 78, 'thisTrialN': 1, 'thisRepN': 11}>
100.0755 	DATA 	Keypress: t
100.0818 	EXP 	Fixation: autoDraw = False
100.0818 	EXP 	text: autoDraw = False
100.0818 	EXP 	text: height = 0.05
100.0818 	EXP 	text: height = 0.05
100.0818 	EXP 	text: height = 0.05
100.0818 	EXP 	text: text = 'GBP 11 today or GBP 30 after 7 days'
100.0818 	EXP 	Fixation: autoDraw = True
100.2198 	DATA 	Keypress: l
100.3613 	DATA 	Keypress: t
100.4978 	DATA 	Keypress: l
100.6616 	DATA 	Keypress: t
100.7955 	DATA 	Keypress: l
100.9287 	DATA 	Keypress: t
101.0646 	DATA 	Keypress: l
101.0739 	INFO 	Keyboard events cleared
101.0735 	EXP 	text: autoDraw = True
101.0817 	EXP 	Fixation: autoDraw = False
101.1771 	EXP 	New trial (rep=11, index=2): <Trial 79 (2 in rep 11) data={'reward_today': 15, 'future_reward': 35, 'delay': 13, 'thisN': 79, 'thisTrialN': 2, 'thisRepN': 11}>
101.1834 	DATA 	Keypress: t
101.1904 	EXP 	Fixation: autoDraw = False
101.1904 	EXP 	text: autoDraw = False
101.1904 	EXP 	text: height = 0.05
101.1904 	EXP 	text: height = 0.05
101.1904 	EXP 	text: height = 0.05
101.1904 	EXP 	text: text = 'GBP 15 today or GBP 35 after 13 days'
101.1904 	EXP 	Fixation: autoDraw = True
101.3205 	DATA 	Keypress: l
101.4391 	DATA 	Keypress: t
101.5793 	DATA 	Keypress: l
101.7131 	DATA 	Keypress: t
101.8459 	DATA 	Keypress: l
101.9472 	DATA 	Keypress: t
102.1043 	DATA 	Keypress: l
102.1744 	INFO 	Keyboard events cleared
102.1740 	EXP 	text: autoDraw = True
102.1821 	EXP 	Fixation: autoDraw = False
107.4842 	EXP 	New trial (rep=11, index=3): <Trial 80 (3 in rep 11) data={'reward_today': 49, 'future_reward': 60, 'delay': 89, 'thisN': 80, 'thisTrialN': 3, 'thisRepN': 11}>
107.4949 	DATA 	Keypress: l
107.5020 	EXP 	Fixation: autoDraw = False
107.5020 	EXP 	text: autoDraw = False
107.5020 	EXP 	text: height = 0.05
107.5020 	EXP 	text: height = 0.05
107.5020 	EXP 	text: height = 0.05
107.5020 	EXP 	text: text = 'GBP 49 today or GBP 60 after 89 days'
107.5020 	EXP 	Fixation: autoDraw = True
107.6116 	DATA 	Keypress: t
107.8210 	DATA 	Keypress: l
108.3363 	DATA 	Keypress: t
108.4796 	DATA 	Keypress: l
108.4875 	INFO 	Keyboard events cleared
108.4869 	EXP 	text: autoDraw = True
108.4951 	EXP 	Fixation: autoDraw = False
108.8448 	EXP 	New trial (rep=11, index=4): <Trial 81 (4 in rep 11) data={'reward_today': 27, 'future_reward': 50, 'delay': 21, 'thisN': 81, 'thisTrialN': 4, 'thisRepN': 11}>
108.8550 	DATA 	Keypress: t
108.8623 	EXP 	Fixation: autoDraw = False
108.8623 	EXP 	text: autoDraw = False
108.8623 	EXP 	text: height = 0.05
108.8623 	EXP 	text: height = 0.05
108.8623 	EXP 	text: height = 0.05
108.8623 	EXP 	text: text = 'GBP 27 today or GBP 50 after 21 days'
108.8623 	EXP 	Fixation: autoDraw = True
108.9531 	DATA 	Keypress: l
109.3621 	DATA 	Keypress: t
109.4624 	DATA 	Keypress: l
109.8410 	INFO 	Keyboard events cleared
109.8405 	EXP 	text: autoDraw = True
109.8577 	EXP 	Fixation: autoDraw = False
109.8935 	EXP 	New trial (rep=11, index=5): <Trial 82 (5 in rep 11) data={'reward_today': 67, 'future_reward': 76, 'delay': 119, 'thisN': 82, 'thisTrialN': 5, 'thisRepN': 11}>
109.9030 	DATA 	Keypress: t
109.9103 	EXP 	Fixation: autoDraw = False
109.9103 	EXP 	text: autoDraw = False
109.9103 	EXP 	text: height = 0.05
109.9103 	EXP 	text: height = 0.05
109.9103 	EXP 	text: height = 0.05
109.9103 	EXP 	text: text = 'GBP 67 today or GBP 76 after 119 days'
109.9103 	EXP 	Fixation: autoDraw = True
110.0799 	DATA 	Keypress: l
110.4537 	DATA 	Keypress: t
110.5532 	DATA 	Keypress: l
110.9073 	INFO 	Keyboard events cleared
110.9068 	EXP 	text: autoDraw = True
110.9242 	EXP 	Fixation: autoDraw = False
110.9287 	EXP 	New trial (rep=11, index=6): <Trial 83 (6 in rep 11) data={'reward_today': 78, 'future_reward': 80, 'delay': 162, 'thisN': 83, 'thisTrialN': 6, 'thisRepN': 11}>
110.9385 	DATA 	Keypress: t
110.9459 	EXP 	Fixation: autoDraw = False
110.9459 	EXP 	text: autoDraw = False
110.9459 	EXP 	text: height = 0.05
110.9459 	EXP 	text: height = 0.05
110.9459 	EXP 	text: height = 0.05
110.9459 	EXP 	text: text = 'GBP 78 today or GBP 80 after 162 days'
110.9459 	EXP 	Fixation: autoDraw = True
111.0698 	DATA 	Keypress: l
111.4459 	DATA 	Keypress: t
111.5461 	DATA 	Keypress: l
111.9049 	DATA 	Keypress: t
111.9244 	INFO 	Keyboard events cleared
111.9241 	EXP 	text: autoDraw = True
111.9409 	EXP 	Fixation: autoDraw = False
111.9752 	EXP 	New trial (rep=12, index=0): <Trial 84 (0 in rep 12) data={'reward_today': 78, 'future_reward': 80, 'delay': 162, 'thisN': 84, 'thisTrialN': 0, 'thisRepN': 12}>
111.9793 	DATA 	Keypress: l
111.9864 	EXP 	Fixation: autoDraw = False
111.9864 	EXP 	text: autoDraw = False
111.9864 	EXP 	text: text = 'GBP 78 today or GBP 80 after 162 days'
111.9864 	EXP 	Fixation: autoDraw = True
112.3524 	DATA 	Keypress: t
112.4697 	DATA 	Keypress: l
112.9737 	INFO 	Keyboard events cleared
112.9733 	EXP 	text: autoDraw = True
112.9821 	EXP 	Fixation: autoDraw = False
121.1421 	EXP 	New trial (rep=12, index=1): <Trial 85 (1 in rep 12) data={'reward_today': 67, 'future_reward': 76, 'delay': 119, 'thisN': 85, 'thisTrialN': 1, 'thisRepN': 12}>
121.1518 	DATA 	Keypress: t
121.1592 	EXP 	Fixation: autoDraw = False
121.1592 	EXP 	text: autoDraw = False
121.1592 	EXP 	text: height = 0.05
121.1592 	EXP 	text: height = 0.05
121.1592 	EXP 	text: height = 0.05
121.1592 	EXP 	text: text = 'GBP 67 today or GBP 76 after 119 days'
121.1592 	EXP 	Fixation: autoDraw = True
121.3784 	DATA 	Keypress: l
122.1400 	INFO 	Keyboard events cleared
122.1394 	EXP 	text: autoDraw = True
122.1562 	EXP 	Fixation: autoDraw = False
122.4498 	EXP 	New trial (rep=12, index=2): <Trial 86 (2 in rep 12) data={'reward_today': 49, 'future_reward': 60, 'delay': 89, 'thisN': 86, 'thisTrialN': 2, 'thisRepN': 12}>
122.4607 	DATA 	Keypress: l
122.4674 	EXP 	Fixation: autoDraw = False
122.4674 	EXP 	text: autoDraw = False
122.4674 	EXP 	text: height = 0.05
122.4674 	EXP 	text: height = 0.05
122.4674 	EXP 	text: height = 0.05
122.4674 	EXP 	text: text = 'GBP 49 today or GBP 60 after 89 days'
122.4674 	EXP 	Fixation: autoDraw = True
123.0704 	DATA 	Keypress: l
123.3643 	DATA 	Keypress: l
123.4481 	INFO 	Keyboard events cleared
123.4478 	EXP 	text: autoDraw = True
123.4642 	EXP 	Fixation: autoDraw = False
123.5168 	EXP 	New trial (rep=12, index=3): <Trial 87 (3 in rep 12) data={'reward_today': 15, 'future_reward': 35, 'delay': 13, 'thisN': 87, 'thisTrialN': 3, 'thisRepN': 12}>
123.5271 	DATA 	Keypress: l
123.5334 	EXP 	Fixation: autoDraw = False
123.5334 	EXP 	text: autoDraw = False
123.5334 	EXP 	text: height = 0.05
123.5334 	EXP 	text: height = 0.05
123.5334 	EXP 	text: height = 0.05
123.5334 	EXP 	text: text = 'GBP 15 today or GBP 35 after 13 days'
123.5334 	EXP 	Fixation: autoDraw = True
123.6873 	DATA 	Keypress: t
123.8211 	DATA 	Keypress: l
124.0188 	DATA 	Keypress: t
124.1700 	DATA 	Keypress: l
124.3458 	DATA 	Keypress: t
124.4793 	DATA 	Keypress: l
124.5154 	INFO 	Keyboard events cleared
124.5150 	EXP 	text: autoDraw = True
124.5358 	EXP 	Fixation: autoDraw = False
124.6332 	EXP 	New trial (rep=12, index=4): <Trial 88 (4 in rep 12) data={'reward_today': 11, 'future_reward': 30, 'delay': 7, 'thisN': 88, 'thisTrialN': 4, 'thisRepN': 12}>
124.6404 	DATA 	Keypress: t
124.6466 	EXP 	Fixation: autoDraw = False
124.6466 	EXP 	text: autoDraw = False
124.6466 	EXP 	text: height = 0.05
124.6466 	EXP 	text: height = 0.05
124.6466 	EXP 	text: height = 0.05
124.6466 	EXP 	text: text = 'GBP 11 today or GBP 30 after 7 days'
124.6466 	EXP 	Fixation: autoDraw = True
124.7682 	DATA 	Keypress: l
124.9617 	DATA 	Keypress: t
125.0726 	DATA 	Keypress: l
125.2282 	DATA 	Keypress: t
125.4136 	DATA 	Keypress: l
125.5524 	DATA 	Keypress: t
125.6320 	INFO 	Keyboard events cleared
125.6316 	EXP 	text: autoDraw = True
125.6406 	EXP 	Fixation: autoDraw = False
125.7259 	EXP 	New trial (rep=12, index=5): <Trial 89 (5 in rep 12) data={'reward_today': 27, 'future_reward': 50, 'delay': 21, 'thisN': 89, 'thisTrialN': 5, 'thisRepN': 12}>
125.7364 	DATA 	Keypress: l
125.7439 	EXP 	Fixation: autoDraw = False
125.7439 	EXP 	text: autoDraw = False
125.7439 	EXP 	text: height = 0.05
125.7439 	EXP 	text: height = 0.05
125.7439 	EXP 	text: height = 0.05
125.7439 	EXP 	text: text = 'GBP 27 today or GBP 50 after 21 days'
125.7439 	EXP 	Fixation: autoDraw = True
125.8614 	DATA 	Keypress: t
126.0312 	DATA 	Keypress: l
126.1537 	DATA 	Keypress: t
126.3019 	DATA 	Keypress: l
126.4286 	DATA 	Keypress: t
126.6558 	DATA 	Keypress: l
126.7234 	INFO 	Keyboard events cleared
126.7230 	EXP 	text: autoDraw = True
126.7341 	EXP 	New trial (rep=12, index=6): <Trial 90 (6 in rep 12) data={'reward_today': 40, 'future_reward': 55, 'delay': 62, 'thisN': 90, 'thisTrialN': 6, 'thisRepN': 12}>
126.7411 	DATA 	Keypress: t
126.7474 	EXP 	Fixation: autoDraw = False
126.7474 	EXP 	Fixation: autoDraw = False
126.7474 	EXP 	text: autoDraw = False
126.7474 	EXP 	text: height = 0.05
126.7474 	EXP 	text: height = 0.05
126.7474 	EXP 	text: height = 0.05
126.7474 	EXP 	text: text = 'GBP 40 today or GBP 55 after 62 days'
126.7474 	EXP 	Fixation: autoDraw = True
126.9274 	DATA 	Keypress: l
127.0288 	DATA 	Keypress: t
127.2125 	DATA 	Keypress: l
127.3343 	DATA 	Keypress: t
127.4803 	DATA 	Keypress: l
127.6291 	DATA 	Keypress: t
127.7331 	INFO 	Keyboard events cleared
127.7326 	EXP 	text: autoDraw = True
127.7415 	EXP 	Fixation: autoDraw = False
127.7953 	EXP 	New trial (rep=13, index=0): <Trial 91 (0 in rep 13) data={'reward_today': 15, 'future_reward': 35, 'delay': 13, 'thisN': 91, 'thisTrialN': 0, 'thisRepN': 13}>
127.8031 	DATA 	Keypress: l
127.8100 	EXP 	Fixation: autoDraw = False
127.8100 	EXP 	text: autoDraw = False
127.8100 	EXP 	text: height = 0.05
127.8100 	EXP 	text: height = 0.05
127.8100 	EXP 	text: height = 0.05
127.8100 	EXP 	text: text = 'GBP 15 today or GBP 35 after 13 days'
127.8100 	EXP 	Fixation: autoDraw = True
127.9864 	DATA 	Keypress: t
128.0694 	DATA 	Keypress: l
128.2460 	DATA 	Keypress: t
128.3856 	DATA 	Keypress: l
128.5795 	DATA 	Keypress: t
128.6799 	DATA 	Keypress: l
128.7993 	INFO 	Keyboard events cleared
128.7989 	EXP 	text: autoDraw = True
128.8079 	EXP 	Fixation: autoDraw = False
128.8271 	EXP 	New trial (rep=13, index=1): <Trial 92 (1 in rep 13) data={'reward_today': 67, 'future_reward': 76, 'delay': 119, 'thisN': 92, 'thisTrialN': 1, 'thisRepN': 13}>
128.8339 	DATA 	Keypress: t
128.8409 	EXP 	Fixation: autoDraw = False
128.8409 	EXP 	text: autoDraw = False
128.8409 	EXP 	text: height = 0.05
128.8409 	EXP 	text: height = 0.05
128.8409 	EXP 	text: height = 0.05
128.8409 	EXP 	text: text = 'GBP 67 today or GBP 76 after 119 days'
128.8409 	EXP 	Fixation: autoDraw = True
128.9705 	DATA 	Keypress: l
129.1366 	DATA 	Keypress: t
129.2858 	DATA 	Keypress: l
129.4694 	DATA 	Keypress: t
129.5796 	DATA 	Keypress: l
129.7772 	DATA 	Keypress: t
129.8239 	INFO 	Keyboard events cleared
129.8235 	EXP 	text: autoDraw = True
129.8317 	EXP 	Fixation: autoDraw = False
129.8592 	EXP 	New trial (rep=13, index=2): <Trial 93 (2 in rep 13) data={'reward_today': 40, 'future_reward': 55, 'delay': 62, 'thisN': 93, 'thisTrialN': 2, 'thisRepN': 13}>
129.8675 	DATA 	Keypress: l
129.8750 	EXP 	Fixation: autoDraw = False
129.8750 	EXP 	text: autoDraw = False
129.8750 	EXP 	text: height = 0.05
129.8750 	EXP 	text: height = 0.05
129.8750 	EXP 	text: height = 0.05
129.8750 	EXP 	text: text = 'GBP 40 today or GBP 55 after 62 days'
129.8750 	EXP 	Fixation: autoDraw = True
130.0362 	DATA 	Keypress: t
130.2120 	DATA 	Keypress: l
130.4708 	DATA 	Keypress: l
130.4960 	DATA 	Keypress: t
130.7289 	DATA 	Keypress: l
130.7862 	DATA 	Keypress: t
130.8564 	INFO 	Keyboard events cleared
130.8560 	EXP 	text: autoDraw = True
130.8899 	EXP 	Fixation: autoDraw = False
131.1925 	EXP 	New trial (rep=13, index=3): <Trial 94 (3 in rep 13) data={'reward_today': 27, 'future_reward': 50, 'delay': 21, 'thisN': 94, 'thisTrialN': 3, 'thisRepN': 13}>
131.2032 	DATA 	Keypress: l
131.2102 	EXP 	Fixation: autoDraw = False
131.2102 	EXP 	text: autoDraw = False
131.2102 	EXP 	text: height = 0.05
131.2102 	EXP 	text: height = 0.05
131.2102 	EXP 	text: height = 0.05
131.2102 	EXP 	text: text = 'GBP 27 today or GBP 50 after 21 days'
131.2102 	EXP 	Fixation: autoDraw = True
131.2135 	DATA 	Keypress: t
131.5355 	DATA 	Keypress: l
131.5957 	DATA 	Keypress: t
131.8458 	DATA 	Keypress: l
132.1531 	DATA 	Keypress: t
132.1904 	INFO 	Keyboard events cleared
132.1900 	EXP 	text: autoDraw = True
132.1952 	DATA 	Keypress: l
132.2232 	EXP 	Fixation: autoDraw = False
132.4417 	EXP 	New trial (rep=13, index=4): <Trial 95 (4 in rep 13) data={'reward_today': 49, 'future_reward': 60, 'delay': 89, 'thisN': 95, 'thisTrialN': 4, 'thisRepN': 13}>
132.4486 	DATA 	Keypress: t
132.4549 	EXP 	Fixation: autoDraw = False
132.4549 	EXP 	text: autoDraw = False
132.4549 	EXP 	text: height = 0.05
132.4549 	EXP 	text: height = 0.05
132.4549 	EXP 	text: height = 0.05
132.4549 	EXP 	text: text = 'GBP 49 today or GBP 60 after 89 days'
132.4549 	EXP 	Fixation: autoDraw = True
132.5726 	DATA 	Keypress: l
132.7197 	DATA 	Keypress: t
132.8966 	DATA 	Keypress: l
133.0708 	DATA 	Keypress: t
133.2196 	DATA 	Keypress: l
133.4047 	DATA 	Keypress: t
133.4328 	INFO 	Keyboard events cleared
133.4324 	EXP 	text: autoDraw = True
133.4573 	EXP 	Fixation: autoDraw = False
133.5324 	EXP 	New trial (rep=13, index=5): <Trial 96 (5 in rep 13) data={'reward_today': 11, 'future_reward': 30, 'delay': 7, 'thisN': 96, 'thisTrialN': 5, 'thisRepN': 13}>
133.5406 	DATA 	Keypress: l
133.5468 	EXP 	Fixation: autoDraw = False
133.5468 	EXP 	text: autoDraw = False
133.5468 	EXP 	text: height = 0.05
133.5468 	EXP 	text: height = 0.05
133.5468 	EXP 	text: height = 0.05
133.5468 	EXP 	text: text = 'GBP 11 today or GBP 30 after 7 days'
133.5468 	EXP 	Fixation: autoDraw = True
133.7305 	DATA 	Keypress: t
133.8370 	DATA 	Keypress: l
134.1122 	DATA 	Keypress: t
134.1951 	DATA 	Keypress: l
134.3780 	DATA 	Keypress: t
134.5331 	INFO 	Keyboard events cleared
134.5327 	EXP 	text: autoDraw = True
134.5413 	EXP 	Fixation: autoDraw = False
134.6426 	EXP 	New trial (rep=13, index=6): <Trial 97 (6 in rep 13) data={'reward_today': 78, 'future_reward': 80, 'delay': 162, 'thisN': 97, 'thisTrialN': 6, 'thisRepN': 13}>
134.6523 	DATA 	Keypress: l
134.6594 	EXP 	Fixation: autoDraw = False
134.6594 	EXP 	text: autoDraw = False
134.6594 	EXP 	text: height = 0.05
134.6594 	EXP 	text: height = 0.05
134.6594 	EXP 	text: height = 0.05
134.6594 	EXP 	text: text = 'GBP 78 today or GBP 80 after 162 days'
134.6594 	EXP 	Fixation: autoDraw = True
134.9375 	DATA 	Keypress: l
135.6410 	INFO 	Keyboard events cleared
135.6404 	EXP 	text: autoDraw = True
135.6536 	EXP 	New trial (rep=14, index=0): <Trial 98 (0 in rep 14) data={'reward_today': 27, 'future_reward': 50, 'delay': 21, 'thisN': 98, 'thisTrialN': 0, 'thisRepN': 14}>
135.6643 	DATA 	Keypress: l
135.6707 	EXP 	Fixation: autoDraw = False
135.6707 	EXP 	Fixation: autoDraw = False
135.6707 	EXP 	text: autoDraw = False
135.6707 	EXP 	text: height = 0.05
135.6707 	EXP 	text: height = 0.05
135.6707 	EXP 	text: height = 0.05
135.6707 	EXP 	text: text = 'GBP 27 today or GBP 50 after 21 days'
135.6707 	EXP 	Fixation: autoDraw = True
135.6738 	DATA 	Keypress: t
136.0362 	DATA 	Keypress: l
136.3197 	DATA 	Keypress: l
136.6467 	DATA 	Keypress: l
136.6570 	INFO 	Keyboard events cleared
136.6566 	EXP 	text: autoDraw = True
136.6645 	EXP 	Fixation: autoDraw = False
136.9657 	EXP 	New trial (rep=14, index=1): <Trial 99 (1 in rep 14) data={'reward_today': 40, 'future_reward': 55, 'delay': 62, 'thisN': 99, 'thisTrialN': 1, 'thisRepN': 14}>
136.9759 	DATA 	Keypress: l
136.9820 	EXP 	Fixation: autoDraw = False
136.9820 	EXP 	text: autoDraw = False
136.9820 	EXP 	text: height = 0.05
136.9820 	EXP 	text: height = 0.05
136.9820 	EXP 	text: height = 0.05
136.9820 	EXP 	text: text = 'GBP 40 today or GBP 55 after 62 days'
136.9820 	EXP 	Fixation: autoDraw = True
137.0094 	DATA 	Keypress: t
137.2788 	DATA 	Keypress: l
137.3125 	DATA 	Keypress: t
137.6194 	DATA 	Keypress: l
137.6461 	DATA 	Keypress: t
137.9528 	DATA 	Keypress: t
137.9567 	DATA 	Keypress: l
137.9731 	INFO 	Keyboard events cleared
137.9729 	EXP 	text: autoDraw = True
137.9802 	EXP 	Fixation: autoDraw = False
138.2827 	EXP 	New trial (rep=14, index=2): <Trial 100 (2 in rep 14) data={'reward_today': 15, 'future_reward': 35, 'delay': 13, 'thisN': 100, 'thisTrialN': 2, 'thisRepN': 14}>
138.2919 	DATA 	Keypress: l
138.2982 	EXP 	Fixation: autoDraw = False
138.2982 	EXP 	text: autoDraw = False
138.2982 	EXP 	text: height = 0.05
138.2982 	EXP 	text: height = 0.05
138.2982 	EXP 	text: height = 0.05
138.2982 	EXP 	text: text = 'GBP 15 today or GBP 35 after 13 days'
138.2982 	EXP 	Fixation: autoDraw = True
138.3081 	DATA 	Keypress: t
138.5694 	DATA 	Keypress: l
138.5958 	DATA 	Keypress: t
138.8794 	DATA 	Keypress: t
138.8984 	DATA 	Keypress: l
139.1900 	DATA 	Keypress: l
139.1930 	DATA 	Keypress: t
139.2826 	INFO 	Keyboard events cleared
139.2822 	EXP 	text: autoDraw = True
139.2914 	EXP 	Fixation: autoDraw = False
139.4588 	EXP 	New trial (rep=14, index=3): <Trial 101 (3 in rep 14) data={'reward_today': 67, 'future_reward': 76, 'delay': 119, 'thisN': 101, 'thisTrialN': 3, 'thisRepN': 14}>
139.4683 	DATA 	Keypress: l
139.4757 	EXP 	Fixation: autoDraw = False
139.4757 	EXP 	text: autoDraw = False
139.4757 	EXP 	text: height = 0.05
139.4757 	EXP 	text: height = 0.05
139.4757 	EXP 	text: height = 0.05
139.4757 	EXP 	text: text = 'GBP 67 today or GBP 76 after 119 days'
139.4757 	EXP 	Fixation: autoDraw = True
139.4946 	DATA 	Keypress: t
139.7458 	DATA 	Keypress: l
139.7486 	DATA 	Keypress: t
140.0294 	DATA 	Keypress: l
140.0322 	DATA 	Keypress: t
140.2960 	DATA 	Keypress: l
140.3368 	DATA 	Keypress: t
140.4742 	INFO 	Keyboard events cleared
140.4738 	EXP 	text: autoDraw = True
140.4820 	EXP 	Fixation: autoDraw = False
140.5670 	EXP 	New trial (rep=14, index=4): <Trial 102 (4 in rep 14) data={'reward_today': 49, 'future_reward': 60, 'delay': 89, 'thisN': 102, 'thisTrialN': 4, 'thisRepN': 14}>
140.5756 	DATA 	Keypress: t
140.5770 	DATA 	Keypress: l
140.5831 	EXP 	Fixation: autoDraw = False
140.5831 	EXP 	text: autoDraw = False
140.5831 	EXP 	text: height = 0.05
140.5831 	EXP 	text: height = 0.05
140.5831 	EXP 	text: height = 0.05
140.5831 	EXP 	text: text = 'GBP 49 today or GBP 60 after 89 days'
140.5831 	EXP 	Fixation: autoDraw = True
140.8368 	DATA 	Keypress: l
140.8403 	DATA 	Keypress: t
141.1132 	DATA 	Keypress: t
141.1410 	DATA 	Keypress: l
141.3858 	DATA 	Keypress: t
141.3963 	DATA 	Keypress: l
141.5643 	INFO 	Keyboard events cleared
141.5639 	EXP 	text: autoDraw = True
141.5799 	EXP 	Fixation: autoDraw = False
141.6590 	EXP 	New trial (rep=14, index=5): <Trial 103 (5 in rep 14) data={'reward_today': 78, 'future_reward': 80, 'delay': 162, 'thisN': 103, 'thisTrialN': 5, 'thisRepN': 14}>
141.6664 	DATA 	Keypress: t
141.6678 	DATA 	Keypress: l
141.6732 	EXP 	Fixation: autoDraw = False
141.6732 	EXP 	text: autoDraw = False
141.6732 	EXP 	text: height = 0.05
141.6732 	EXP 	text: height = 0.05
141.6732 	EXP 	text: height = 0.05
141.6732 	EXP 	text: text = 'GBP 78 today or GBP 80 after 162 days'
141.6732 	EXP 	Fixation: autoDraw = True
141.9520 	DATA 	Keypress: t
141.9944 	DATA 	Keypress: l
142.2019 	DATA 	Keypress: t
142.2149 	DATA 	Keypress: l
142.4363 	DATA 	Keypress: l
142.4611 	DATA 	Keypress: t
142.6548 	DATA 	Keypress: t
142.6579 	DATA 	Keypress: l
142.6650 	INFO 	Keyboard events cleared
142.6646 	EXP 	text: autoDraw = True
142.6730 	EXP 	Fixation: autoDraw = False
142.8593 	EXP 	New trial (rep=14, index=6): <Trial 104 (6 in rep 14) data={'reward_today': 11, 'future_reward': 30, 'delay': 7, 'thisN': 104, 'thisTrialN': 6, 'thisRepN': 14}>
142.8669 	DATA 	Keypress: l
142.8728 	EXP 	Fixation: autoDraw = False
142.8728 	EXP 	text: autoDraw = False
142.8728 	EXP 	text: height = 0.05
142.8728 	EXP 	text: height = 0.05
142.8728 	EXP 	text: height = 0.05
142.8728 	EXP 	text: text = 'GBP 11 today or GBP 30 after 7 days'
142.8728 	EXP 	Fixation: autoDraw = True
142.8752 	DATA 	Keypress: t
143.0454 	DATA 	Keypress: l
143.0569 	DATA 	Keypress: t
143.2728 	DATA 	Keypress: t
143.2753 	DATA 	Keypress: l
143.4867 	DATA 	Keypress: l
143.5281 	DATA 	Keypress: t
143.7131 	DATA 	Keypress: l
143.7159 	DATA 	Keypress: t
143.8566 	INFO 	Keyboard events cleared
143.8562 	EXP 	text: autoDraw = True
143.8641 	EXP 	Fixation: autoDraw = False
143.9954 	DATA 	Keypress: t
143.9961 	DATA 	Keypress: l
144.0018 	EXP 	Fixation: autoDraw = False
144.0018 	EXP 	text: autoDraw = False
144.0018 	EXP 	Delay Discounting: status = STOPPED
144.0146 	INFO 	saved data to '/Users/sakshi/Desktop/Experiments/Delay Discounting/data/1_Delay Discounting_2024-11-30_15h00.57.359.csv'
144.0154 	INFO 	saved data to /Users/sakshi/Desktop/Experiments/Delay Discounting/data/1_Delay Discounting_2024-11-30_15h00.57.359.psydat
144.1714 	DEBUG 	Saving data for Delay Discounting ExperimentHandler
