16.5402 	INFO 	Loaded monitor calibration from ['2024_10_29 21:52']
16.6987 	EXP 	Created window1 = Window(allowGUI=True, allowStencil=False, autoLog=True, backendConf=UNKNOWN, backgroundFit=<method-wrapper '__getattribute__' of attributeSetter object at 0x7fec09dd75b0>, backgroundImage=<method-wrapper '__getattribute__' of attributeSetter object at 0x7fec09dd7520>, bitsMode=UNKNOWN, blendMode='avg', bpc=(8, 8, 8), color=array([0, 0, 0]), colorSpace='rgb', depthBits=8, fullscr=False, gamma=None, gammaErrorPolicy='raise', infoMsg=UNKNOWN, lms=UNKNOWN, monitor=<psychopy.monitors.calibTools.Monitor object at 0x7febfb08bf40>, multiSample=False, name='window1', numSamples=2, pos=[0.0, 0.0], screen=0, size=array([3420, 2224]), stencilBits=0, stereo=False, title='PsychoPy', units='height', useFBO=True, useRetina=True, viewOri=0.0, viewPos=None, viewScale=None, waitBlanking=True, winType='pyglet')
16.6987 	EXP 	window1: backgroundImage = ''
16.6987 	EXP 	window1: backgroundFit = 'none'
16.7068 	DEBUG 	TextBox2 loaded 1 chars with 0 blanks and 1 valid
16.7078 	DEBUG 	TextBox2 loaded 1 chars with 0 blanks and 1 valid
16.7089 	DEBUG 	TextBox2 loaded 1 chars with 0 blanks and 1 valid
16.7105 	DEBUG 	TextBox2 loaded 1 chars with 0 blanks and 1 valid
16.7120 	DEBUG 	TextBox2 loaded 1 chars with 0 blanks and 1 valid
16.7124 	DEBUG 	TextBox2 loaded 1 chars with 0 blanks and 1 valid
16.7135 	DEBUG 	TextBox2 loaded 1 chars with 0 blanks and 1 valid
16.7152 	DEBUG 	TextBox2 loaded 1 chars with 0 blanks and 1 valid
16.7153 	DEBUG 	TextBox2 loaded 1 chars with 0 blanks and 1 valid
16.7155 	DEBUG 	TextBox2 loaded 1 chars with 0 blanks and 1 valid
16.7167 	DEBUG 	TextBox2 loaded 1 chars with 0 blanks and 1 valid
16.7177 	DEBUG 	TextBox2 loaded 1 chars with 0 blanks and 1 valid
16.7188 	DEBUG 	TextBox2 loaded 1 chars with 0 blanks and 1 valid
16.7198 	DEBUG 	TextBox2 loaded 1 chars with 0 blanks and 1 valid
16.7206 	DEBUG 	TextBox2 loaded 1 chars with 0 blanks and 1 valid
16.7218 	DEBUG 	TextBox2 loaded 1 chars with 0 blanks and 1 valid
16.7229 	DEBUG 	TextBox2 loaded 1 chars with 0 blanks and 1 valid
16.7233 	DEBUG 	TextBox2 loaded 1 chars with 0 blanks and 1 valid
16.7237 	DEBUG 	TextBox2 loaded 1 chars with 0 blanks and 1 valid
16.7253 	DEBUG 	TextBox2 loaded 1 chars with 0 blanks and 1 valid
16.7256 	DEBUG 	TextBox2 loaded 1 chars with 0 blanks and 1 valid
16.7257 	DEBUG 	Uploading Texture Font fontname to graphics card
16.7286 	DEBUG 	Upload of Texture Font fontname complete
16.7338 	DEBUG 	TextBox2 loaded 1 chars with 0 blanks and 1 valid
16.7353 	DEBUG 	TextBox2 loaded 1 chars with 0 blanks and 1 valid
16.7368 	DEBUG 	TextBox2 loaded 1 chars with 0 blanks and 1 valid
16.7369 	DEBUG 	Uploading Texture Font fontname to graphics card
16.7386 	DEBUG 	Upload of Texture Font fontname complete
16.7398 	EXP 	window1: Attempting to measure frame rate of screen (0) ...
16.7399 	EXP 	window1: recordFrameIntervals = False
16.8863 	EXP 	window1: recordFrameIntervals = True
17.0948 	EXP 	Screen (0) actual frame rate measured at 116.74Hz
17.0948 	EXP 	window1: recordFrameIntervals = False
17.1121 	WARNING 	launchHubServer: If using the iohub mouse or eyetracker devices, fullScr should be True.
18.9683 	INFO 	keyboard.Keyboard is using iohub backend.
18.9683 	INFO 	keyboard.Keyboard is using iohub backend.
18.9684 	EXP 	Delay Discounting: status = STARTED
18.9731 	EXP 	Created Fixation = ShapeStim(__class__=<class 'psychopy.visual.shape.ShapeStim'>, anchor=('center', 'center'), autoDraw=False, autoLog=True, closeShape=True, color=method-wrapper(...), colorSpace='rgb', contrast=None, depth=0.0, draggable=False, fillColor=array([1, 1, 1]), fillColorSpace='rgb', fillRGB=array([1, 1, 1]), interpolate=True, lineColor=array([1., 1., 1.]), lineColorSpace='rgb', lineRGB=array([1, 1, 1]), lineWidth=1.0, name='Fixation', opacity=1, ori=0.0, pos=array([0., 0.]), size=array([0.5, 0.5]), units='height', vertices=ndarray(...), win=Window(...), windingRule=None)
18.9780 	EXP 	Created text = TextStim(__class__=<class 'psychopy.visual.text.TextStim'>, alignHoriz=method-wrapper(...), alignText='center', alignVert=method-wrapper(...), anchorHoriz='center', anchorVert='center', antialias=True, autoDraw=False, autoLog=True, bold=False, color=array([1., 1., 1.]), colorSpace='rgb', contrast=1.0, depth=-1.0, draggable=False, flipHoriz=False, flipVert=False, font='Arial', fontFiles=[], height=0.05, italic=False, languageStyle='LTR', name='text', opacity=1, ori=0.0, pos=array([0., 0.]), rgb=UNKNOWN, text='', units='height', win=Window(...), wrapWidth=1)
0.0132 	DEBUG 	Read csv file with pandas: data/Delay Discounting_Conditioning - Sheet1.csv
0.0138 	DEBUG 	Clearing unnamed columns from data/Delay Discounting_Conditioning - Sheet1.csv
0.0141 	EXP 	Imported data/Delay Discounting_Conditioning - Sheet1.csv as conditions, 7 conditions, 3 params
0.0147 	EXP 	New trial (rep=0, index=0): <Trial 0 (0 in rep 0) data={'reward_today': 27, 'future_reward': 50, 'delay': 21, 'thisN': 0, 'thisTrialN': 0, 'thisRepN': 0}>
0.0428 	EXP 	text: height = 0.05
0.0428 	EXP 	text: height = 0.05
0.0428 	EXP 	text: height = 0.05
0.0428 	EXP 	text: text = 'GBP 27 today or GBP 50 after 21 days'
0.0428 	EXP 	Fixation: autoDraw = True
1.0102 	INFO 	Keyboard events cleared
1.0097 	EXP 	text: autoDraw = True
1.0344 	EXP 	Fixation: autoDraw = False
1.8526 	EXP 	New trial (rep=0, index=1): <Trial 1 (1 in rep 0) data={'reward_today': 40, 'future_reward': 55, 'delay': 62, 'thisN': 1, 'thisTrialN': 1, 'thisRepN': 0}>
1.8628 	DATA 	Keypress: l
1.8707 	EXP 	Fixation: autoDraw = False
1.8707 	EXP 	text: autoDraw = False
1.8707 	EXP 	text: height = 0.05
1.8707 	EXP 	text: height = 0.05
1.8707 	EXP 	text: height = 0.05
1.8707 	EXP 	text: text = 'GBP 40 today or GBP 55 after 62 days'
1.8707 	EXP 	Fixation: autoDraw = True
1.9719 	DATA 	Keypress: l
2.1630 	DATA 	Keypress: l
2.3473 	DATA 	Keypress: t
2.4316 	DATA 	Keypress: l
2.5480 	DATA 	Keypress: t
2.6484 	DATA 	Keypress: l
2.7799 	DATA 	Keypress: t
2.8540 	INFO 	Keyboard events cleared
2.8535 	EXP 	text: autoDraw = True
2.8625 	EXP 	Fixation: autoDraw = False
2.8887 	EXP 	New trial (rep=0, index=2): <Trial 2 (2 in rep 0) data={'reward_today': 78, 'future_reward': 80, 'delay': 162, 'thisN': 2, 'thisTrialN': 2, 'thisRepN': 0}>
2.8983 	DATA 	Keypress: l
2.9040 	EXP 	Fixation: autoDraw = False
2.9040 	EXP 	text: autoDraw = False
2.9040 	EXP 	text: height = 0.05
2.9040 	EXP 	text: height = 0.05
2.9040 	EXP 	text: height = 0.05
2.9040 	EXP 	text: text = 'GBP 78 today or GBP 80 after 162 days'
2.9040 	EXP 	Fixation: autoDraw = True
3.0031 	DATA 	Keypress: t
3.0959 	DATA 	Keypress: l
3.2033 	DATA 	Keypress: t
3.3032 	DATA 	Keypress: l
3.4309 	DATA 	Keypress: t
3.5482 	DATA 	Keypress: l
3.6956 	DATA 	Keypress: t
3.8217 	DATA 	Keypress: l
3.8837 	INFO 	Keyboard events cleared
3.8833 	EXP 	text: autoDraw = True
3.8995 	EXP 	Fixation: autoDraw = False
3.9443 	EXP 	New trial (rep=0, index=3): <Trial 3 (3 in rep 0) data={'reward_today': 15, 'future_reward': 35, 'delay': 13, 'thisN': 3, 'thisTrialN': 3, 'thisRepN': 0}>
3.9515 	DATA 	Keypress: t
3.9572 	EXP 	Fixation: autoDraw = False
3.9572 	EXP 	text: autoDraw = False
3.9572 	EXP 	text: height = 0.05
3.9572 	EXP 	text: height = 0.05
3.9572 	EXP 	text: height = 0.05
3.9572 	EXP 	text: text = 'GBP 15 today or GBP 35 after 13 days'
3.9572 	EXP 	Fixation: autoDraw = True
4.0690 	DATA 	Keypress: l
4.1970 	DATA 	Keypress: t
4.3324 	DATA 	Keypress: l
4.4145 	DATA 	Keypress: t
4.5462 	DATA 	Keypress: l
4.6689 	DATA 	Keypress: t
4.8486 	DATA 	Keypress: l
4.9486 	DATA 	Keypress: t
4.9591 	INFO 	Keyboard events cleared
4.9585 	EXP 	Fixation: autoDraw = False
4.9585 	EXP 	text: autoDraw = True
5.0676 	EXP 	New trial (rep=0, index=4): <Trial 4 (4 in rep 0) data={'reward_today': 49, 'future_reward': 60, 'delay': 89, 'thisN': 4, 'thisTrialN': 4, 'thisRepN': 0}>
5.0782 	DATA 	Keypress: l
5.0845 	EXP 	Fixation: autoDraw = False
5.0845 	EXP 	text: autoDraw = False
5.0845 	EXP 	text: height = 0.05
5.0845 	EXP 	text: height = 0.05
5.0845 	EXP 	text: height = 0.05
5.0845 	EXP 	text: text = 'GBP 49 today or GBP 60 after 89 days'
5.0845 	EXP 	Fixation: autoDraw = True
5.2306 	DATA 	Keypress: t
5.3199 	DATA 	Keypress: l
5.4704 	DATA 	Keypress: t
5.5801 	DATA 	Keypress: l
5.7126 	DATA 	Keypress: t
5.8301 	DATA 	Keypress: l
5.9202 	DATA 	Keypress: t
6.0662 	INFO 	Keyboard events cleared
6.0659 	EXP 	text: autoDraw = True
6.0809 	EXP 	Fixation: autoDraw = False
6.0829 	EXP 	New trial (rep=0, index=5): <Trial 5 (5 in rep 0) data={'reward_today': 11, 'future_reward': 30, 'delay': 7, 'thisN': 5, 'thisTrialN': 5, 'thisRepN': 0}>
6.0894 	DATA 	Keypress: l
6.0960 	EXP 	Fixation: autoDraw = False
6.0960 	EXP 	text: autoDraw = False
6.0960 	EXP 	text: height = 0.05
6.0960 	EXP 	text: height = 0.05
6.0960 	EXP 	text: height = 0.05
6.0960 	EXP 	text: text = 'GBP 11 today or GBP 30 after 7 days'
6.0960 	EXP 	Fixation: autoDraw = True
6.1167 	DATA 	Keypress: t
6.3368 	DATA 	Keypress: l
6.3474 	DATA 	Keypress: t
6.5306 	DATA 	Keypress: t
6.6041 	DATA 	Keypress: l
6.7364 	DATA 	Keypress: t
6.8311 	DATA 	Keypress: l
6.9371 	DATA 	Keypress: t
7.0747 	DATA 	Keypress: l
7.0818 	INFO 	Keyboard events cleared
7.0815 	EXP 	text: autoDraw = True
7.0922 	EXP 	Fixation: autoDraw = False
7.1757 	EXP 	New trial (rep=0, index=6): <Trial 6 (6 in rep 0) data={'reward_today': 67, 'future_reward': 76, 'delay': 119, 'thisN': 6, 'thisTrialN': 6, 'thisRepN': 0}>
7.1818 	DATA 	Keypress: t
7.1882 	EXP 	Fixation: autoDraw = False
7.1882 	EXP 	text: autoDraw = False
7.1882 	EXP 	text: height = 0.05
7.1882 	EXP 	text: height = 0.05
7.1882 	EXP 	text: height = 0.05
7.1882 	EXP 	text: text = 'GBP 67 today or GBP 76 after 119 days'
7.1882 	EXP 	Fixation: autoDraw = True
7.2801 	DATA 	Keypress: l
7.3889 	DATA 	Keypress: t
7.5020 	DATA 	Keypress: l
7.6114 	DATA 	Keypress: t
7.7200 	DATA 	Keypress: l
7.8214 	DATA 	Keypress: t
7.9540 	DATA 	Keypress: l
8.0306 	DATA 	Keypress: t
8.1680 	INFO 	Keyboard events cleared
8.1675 	EXP 	text: autoDraw = True
8.1721 	DATA 	Keypress: l
8.1922 	EXP 	Fixation: autoDraw = False
8.2285 	EXP 	New trial (rep=1, index=0): <Trial 7 (0 in rep 1) data={'reward_today': 40, 'future_reward': 55, 'delay': 62, 'thisN': 7, 'thisTrialN': 0, 'thisRepN': 1}>
8.2362 	DATA 	Keypress: t
8.2437 	EXP 	Fixation: autoDraw = False
8.2437 	EXP 	text: autoDraw = False
8.2437 	EXP 	text: height = 0.05
8.2437 	EXP 	text: height = 0.05
8.2437 	EXP 	text: height = 0.05
8.2437 	EXP 	text: text = 'GBP 40 today or GBP 55 after 62 days'
8.2437 	EXP 	Fixation: autoDraw = True
8.3794 	DATA 	Keypress: l
8.4281 	DATA 	Keypress: t
8.5878 	DATA 	Keypress: l
8.6466 	DATA 	Keypress: t
8.7975 	DATA 	Keypress: t
8.8309 	DATA 	Keypress: l
8.9808 	DATA 	Keypress: t
9.0715 	DATA 	Keypress: l
9.1706 	DATA 	Keypress: t
9.2247 	INFO 	Keyboard events cleared
9.2244 	EXP 	text: autoDraw = True
9.2410 	EXP 	Fixation: autoDraw = False
9.2817 	EXP 	New trial (rep=1, index=1): <Trial 8 (1 in rep 1) data={'reward_today': 78, 'future_reward': 80, 'delay': 162, 'thisN': 8, 'thisTrialN': 1, 'thisRepN': 1}>
9.2880 	DATA 	Keypress: l
9.2951 	EXP 	Fixation: autoDraw = False
9.2951 	EXP 	text: autoDraw = False
9.2951 	EXP 	text: height = 0.05
9.2951 	EXP 	text: height = 0.05
9.2951 	EXP 	text: height = 0.05
9.2951 	EXP 	text: text = 'GBP 78 today or GBP 80 after 162 days'
9.2951 	EXP 	Fixation: autoDraw = True
9.3831 	DATA 	Keypress: t
9.5133 	DATA 	Keypress: l
9.5803 	DATA 	Keypress: t
9.7113 	DATA 	Keypress: l
9.8124 	DATA 	Keypress: t
9.9307 	DATA 	Keypress: l
9.9701 	DATA 	Keypress: t
10.1466 	DATA 	Keypress: l
10.1833 	DATA 	Keypress: t
10.2760 	INFO 	Keyboard events cleared
10.2756 	EXP 	text: autoDraw = True
10.2922 	EXP 	Fixation: autoDraw = False
10.3099 	EXP 	New trial (rep=1, index=2): <Trial 9 (2 in rep 1) data={'reward_today': 27, 'future_reward': 50, 'delay': 21, 'thisN': 9, 'thisTrialN': 2, 'thisRepN': 1}>
10.3162 	DATA 	Keypress: l
10.3225 	EXP 	Fixation: autoDraw = False
10.3225 	EXP 	text: autoDraw = False
10.3225 	EXP 	text: height = 0.05
10.3225 	EXP 	text: height = 0.05
10.3225 	EXP 	text: height = 0.05
10.3225 	EXP 	text: text = 'GBP 27 today or GBP 50 after 21 days'
10.3225 	EXP 	Fixation: autoDraw = True
10.4032 	DATA 	Keypress: t
10.5206 	DATA 	Keypress: l
10.6136 	DATA 	Keypress: t
10.7159 	DATA 	Keypress: l
10.8126 	DATA 	Keypress: t
10.9040 	DATA 	Keypress: l
10.9839 	DATA 	Keypress: t
11.0696 	DATA 	Keypress: l
11.1635 	DATA 	Keypress: t
11.2987 	DATA 	Keypress: l
11.3049 	INFO 	Keyboard events cleared
11.3045 	EXP 	text: autoDraw = True
11.3254 	EXP 	Fixation: autoDraw = False
11.3625 	EXP 	New trial (rep=1, index=3): <Trial 10 (3 in rep 1) data={'reward_today': 67, 'future_reward': 76, 'delay': 119, 'thisN': 10, 'thisTrialN': 3, 'thisRepN': 1}>
11.3681 	DATA 	Keypress: t
11.3741 	EXP 	Fixation: autoDraw = False
11.3741 	EXP 	text: autoDraw = False
11.3741 	EXP 	text: height = 0.05
11.3741 	EXP 	text: height = 0.05
11.3741 	EXP 	text: height = 0.05
11.3741 	EXP 	text: text = 'GBP 67 today or GBP 76 after 119 days'
11.3741 	EXP 	Fixation: autoDraw = True
11.4853 	DATA 	Keypress: l
11.5465 	DATA 	Keypress: t
11.6966 	DATA 	Keypress: l
11.7687 	DATA 	Keypress: t
11.9123 	DATA 	Keypress: l
11.9707 	DATA 	Keypress: t
12.1205 	DATA 	Keypress: l
12.1621 	DATA 	Keypress: t
12.3151 	DATA 	Keypress: l
12.3584 	INFO 	Keyboard events cleared
12.3579 	EXP 	text: autoDraw = True
12.3661 	EXP 	Fixation: autoDraw = False
12.3849 	EXP 	New trial (rep=1, index=4): <Trial 11 (4 in rep 1) data={'reward_today': 11, 'future_reward': 30, 'delay': 7, 'thisN': 11, 'thisTrialN': 4, 'thisRepN': 1}>
12.3948 	DATA 	Keypress: t
12.4010 	EXP 	Fixation: autoDraw = False
12.4010 	EXP 	text: autoDraw = False
12.4010 	EXP 	text: height = 0.05
12.4010 	EXP 	text: height = 0.05
12.4010 	EXP 	text: height = 0.05
12.4010 	EXP 	text: text = 'GBP 11 today or GBP 30 after 7 days'
12.4010 	EXP 	Fixation: autoDraw = True
12.5305 	DATA 	Keypress: l
12.5410 	DATA 	Keypress: t
12.6866 	DATA 	Keypress: l
12.7310 	DATA 	Keypress: t
12.9160 	DATA 	Keypress: t
12.9298 	DATA 	Keypress: l
13.1281 	DATA 	Keypress: l
13.1480 	DATA 	Keypress: t
13.3149 	DATA 	Keypress: l
13.3840 	INFO 	Keyboard events cleared
13.3836 	EXP 	text: autoDraw = True
13.3924 	EXP 	Fixation: autoDraw = False
13.5026 	EXP 	New trial (rep=1, index=5): <Trial 12 (5 in rep 1) data={'reward_today': 15, 'future_reward': 35, 'delay': 13, 'thisN': 12, 'thisTrialN': 5, 'thisRepN': 1}>
13.5115 	DATA 	Keypress: t
13.5171 	EXP 	Fixation: autoDraw = False
13.5171 	EXP 	text: autoDraw = False
13.5171 	EXP 	text: height = 0.05
13.5171 	EXP 	text: height = 0.05
13.5171 	EXP 	text: height = 0.05
13.5171 	EXP 	text: text = 'GBP 15 today or GBP 35 after 13 days'
13.5171 	EXP 	Fixation: autoDraw = True
13.5465 	DATA 	Keypress: l
13.7323 	DATA 	Keypress: t
13.7643 	DATA 	Keypress: l
13.9477 	DATA 	Keypress: t
14.0381 	DATA 	Keypress: l
14.1893 	DATA 	Keypress: t
14.2798 	DATA 	Keypress: l
14.4377 	DATA 	Keypress: t
14.4990 	DATA 	Keypress: l
14.5060 	INFO 	Keyboard events cleared
14.5057 	EXP 	text: autoDraw = True
14.5121 	EXP 	Fixation: autoDraw = False
14.6693 	EXP 	New trial (rep=1, index=6): <Trial 13 (6 in rep 1) data={'reward_today': 49, 'future_reward': 60, 'delay': 89, 'thisN': 13, 'thisTrialN': 6, 'thisRepN': 1}>
14.6768 	DATA 	Keypress: t
14.6829 	EXP 	Fixation: autoDraw = False
14.6829 	EXP 	text: autoDraw = False
14.6829 	EXP 	text: height = 0.05
14.6829 	EXP 	text: height = 0.05
14.6829 	EXP 	text: height = 0.05
14.6829 	EXP 	text: text = 'GBP 49 today or GBP 60 after 89 days'
14.6829 	EXP 	Fixation: autoDraw = True
14.7465 	DATA 	Keypress: l
14.8762 	DATA 	Keypress: t
14.9720 	DATA 	Keypress: l
15.0960 	DATA 	Keypress: t
15.2014 	DATA 	Keypress: l
15.3031 	DATA 	Keypress: t
15.4125 	DATA 	Keypress: l
15.5040 	DATA 	Keypress: t
15.6284 	DATA 	Keypress: l
15.6675 	INFO 	Keyboard events cleared
15.6671 	EXP 	text: autoDraw = True
15.6759 	EXP 	Fixation: autoDraw = False
15.7166 	EXP 	New trial (rep=2, index=0): <Trial 14 (0 in rep 2) data={'reward_today': 11, 'future_reward': 30, 'delay': 7, 'thisN': 14, 'thisTrialN': 0, 'thisRepN': 2}>
15.7226 	DATA 	Keypress: t
15.7294 	EXP 	Fixation: autoDraw = False
15.7294 	EXP 	text: autoDraw = False
15.7294 	EXP 	text: height = 0.05
15.7294 	EXP 	text: height = 0.05
15.7294 	EXP 	text: height = 0.05
15.7294 	EXP 	text: text = 'GBP 11 today or GBP 30 after 7 days'
15.7294 	EXP 	Fixation: autoDraw = True
15.8628 	DATA 	Keypress: l
15.9517 	DATA 	Keypress: t
16.0622 	DATA 	Keypress: l
16.1665 	DATA 	Keypress: t
16.2970 	DATA 	Keypress: l
16.3809 	DATA 	Keypress: t
16.5214 	DATA 	Keypress: l
16.6370 	DATA 	Keypress: t
16.7090 	INFO 	Keyboard events cleared
16.7086 	EXP 	text: autoDraw = True
16.7268 	EXP 	Fixation: autoDraw = False
16.7300 	EXP 	New trial (rep=2, index=1): <Trial 15 (1 in rep 2) data={'reward_today': 67, 'future_reward': 76, 'delay': 119, 'thisN': 15, 'thisTrialN': 1, 'thisRepN': 2}>
16.7375 	DATA 	Keypress: l
16.7439 	EXP 	Fixation: autoDraw = False
16.7439 	EXP 	text: autoDraw = False
16.7439 	EXP 	text: height = 0.05
16.7439 	EXP 	text: height = 0.05
16.7439 	EXP 	text: height = 0.05
16.7439 	EXP 	text: text = 'GBP 67 today or GBP 76 after 119 days'
16.7439 	EXP 	Fixation: autoDraw = True
16.8461 	DATA 	Keypress: t
16.9535 	DATA 	Keypress: l
17.0538 	DATA 	Keypress: t
17.1692 	DATA 	Keypress: l
17.2365 	DATA 	Keypress: t
17.3800 	DATA 	Keypress: l
17.4860 	DATA 	Keypress: t
17.5863 	DATA 	Keypress: l
17.7222 	DATA 	Keypress: t
17.7298 	INFO 	Keyboard events cleared
17.7293 	EXP 	text: autoDraw = True
17.7423 	EXP 	Fixation: autoDraw = False
17.7941 	EXP 	New trial (rep=2, index=2): <Trial 16 (2 in rep 2) data={'reward_today': 15, 'future_reward': 35, 'delay': 13, 'thisN': 16, 'thisTrialN': 2, 'thisRepN': 2}>
17.8027 	DATA 	Keypress: l
17.8099 	EXP 	Fixation: autoDraw = False
17.8099 	EXP 	text: autoDraw = False
17.8099 	EXP 	text: height = 0.05
17.8099 	EXP 	text: height = 0.05
17.8099 	EXP 	text: height = 0.05
17.8099 	EXP 	text: text = 'GBP 15 today or GBP 35 after 13 days'
17.8099 	EXP 	Fixation: autoDraw = True
17.9022 	DATA 	Keypress: t
18.0135 	DATA 	Keypress: l
18.1126 	DATA 	Keypress: t
18.2205 	DATA 	Keypress: l
18.3199 	DATA 	Keypress: t
18.4371 	DATA 	Keypress: l
18.5193 	DATA 	Keypress: t
18.6448 	DATA 	Keypress: l
18.7710 	DATA 	Keypress: t
18.7924 	INFO 	Keyboard events cleared
18.7921 	EXP 	text: autoDraw = True
18.8086 	EXP 	Fixation: autoDraw = False
18.8680 	EXP 	New trial (rep=2, index=3): <Trial 17 (3 in rep 2) data={'reward_today': 49, 'future_reward': 60, 'delay': 89, 'thisN': 17, 'thisTrialN': 3, 'thisRepN': 2}>
18.8746 	DATA 	Keypress: l
18.8805 	EXP 	Fixation: autoDraw = False
18.8805 	EXP 	text: autoDraw = False
18.8805 	EXP 	text: height = 0.05
18.8805 	EXP 	text: height = 0.05
18.8805 	EXP 	text: height = 0.05
18.8805 	EXP 	text: text = 'GBP 49 today or GBP 60 after 89 days'
18.8805 	EXP 	Fixation: autoDraw = True
18.9971 	DATA 	Keypress: t
19.1111 	DATA 	Keypress: l
19.2033 	DATA 	Keypress: t
19.2922 	DATA 	Keypress: l
19.4131 	DATA 	Keypress: t
19.5053 	DATA 	Keypress: l
19.6204 	DATA 	Keypress: t
19.7148 	DATA 	Keypress: l
19.8183 	DATA 	Keypress: t
19.8671 	INFO 	Keyboard events cleared
19.8667 	EXP 	text: autoDraw = True
19.8751 	EXP 	Fixation: autoDraw = False
19.9264 	EXP 	New trial (rep=2, index=4): <Trial 18 (4 in rep 2) data={'reward_today': 78, 'future_reward': 80, 'delay': 162, 'thisN': 18, 'thisTrialN': 4, 'thisRepN': 2}>
19.9323 	DATA 	Keypress: l
19.9385 	EXP 	Fixation: autoDraw = False
19.9385 	EXP 	text: autoDraw = False
19.9385 	EXP 	text: height = 0.05
19.9385 	EXP 	text: height = 0.05
19.9385 	EXP 	text: height = 0.05
19.9385 	EXP 	text: text = 'GBP 78 today or GBP 80 after 162 days'
19.9385 	EXP 	Fixation: autoDraw = True
20.0374 	DATA 	Keypress: t
20.1480 	DATA 	Keypress: l
20.2464 	DATA 	Keypress: t
20.3810 	DATA 	Keypress: l
20.4546 	DATA 	Keypress: t
20.6140 	DATA 	Keypress: l
20.7368 	DATA 	Keypress: t
20.8384 	DATA 	Keypress: l
20.9264 	INFO 	Keyboard events cleared
20.9260 	EXP 	text: autoDraw = True
20.9338 	EXP 	Fixation: autoDraw = False
20.9766 	EXP 	New trial (rep=2, index=5): <Trial 19 (5 in rep 2) data={'reward_today': 40, 'future_reward': 55, 'delay': 62, 'thisN': 19, 'thisTrialN': 5, 'thisRepN': 2}>
20.9832 	DATA 	Keypress: t
20.9888 	EXP 	Fixation: autoDraw = False
20.9888 	EXP 	text: autoDraw = False
20.9888 	EXP 	text: height = 0.05
20.9888 	EXP 	text: height = 0.05
20.9888 	EXP 	text: height = 0.05
20.9888 	EXP 	text: text = 'GBP 40 today or GBP 55 after 62 days'
20.9888 	EXP 	Fixation: autoDraw = True
21.0789 	DATA 	Keypress: l
21.1976 	DATA 	Keypress: t
21.3049 	DATA 	Keypress: l
21.4050 	DATA 	Keypress: t
21.5223 	DATA 	Keypress: l
21.6147 	DATA 	Keypress: t
21.7411 	DATA 	Keypress: l
21.8536 	DATA 	Keypress: t
21.9656 	DATA 	Keypress: l
21.9733 	INFO 	Keyboard events cleared
21.9728 	EXP 	text: autoDraw = True
21.9803 	EXP 	Fixation: autoDraw = False
22.0599 	EXP 	New trial (rep=2, index=6): <Trial 20 (6 in rep 2) data={'reward_today': 27, 'future_reward': 50, 'delay': 21, 'thisN': 20, 'thisTrialN': 6, 'thisRepN': 2}>
22.0659 	DATA 	Keypress: t
22.0721 	EXP 	Fixation: autoDraw = False
22.0721 	EXP 	text: autoDraw = False
22.0721 	EXP 	text: height = 0.05
22.0721 	EXP 	text: height = 0.05
22.0721 	EXP 	text: height = 0.05
22.0721 	EXP 	text: text = 'GBP 27 today or GBP 50 after 21 days'
22.0721 	EXP 	Fixation: autoDraw = True
22.1783 	DATA 	Keypress: l
22.2646 	DATA 	Keypress: t
22.4141 	DATA 	Keypress: l
22.4708 	DATA 	Keypress: t
22.6479 	DATA 	Keypress: l
22.6506 	DATA 	Keypress: t
22.8641 	DATA 	Keypress: t
22.8668 	DATA 	Keypress: l
23.0586 	INFO 	Keyboard events cleared
23.0582 	EXP 	text: autoDraw = True
23.0637 	DATA 	Keypress: t
23.0709 	EXP 	Fixation: autoDraw = False
23.1041 	EXP 	New trial (rep=3, index=0): <Trial 21 (0 in rep 3) data={'reward_today': 49, 'future_reward': 60, 'delay': 89, 'thisN': 21, 'thisTrialN': 0, 'thisRepN': 3}>
23.1102 	DATA 	Keypress: l
23.1166 	EXP 	Fixation: autoDraw = False
23.1166 	EXP 	text: autoDraw = False
23.1166 	EXP 	text: height = 0.05
23.1166 	EXP 	text: height = 0.05
23.1166 	EXP 	text: height = 0.05
23.1166 	EXP 	text: text = 'GBP 49 today or GBP 60 after 89 days'
23.1166 	EXP 	Fixation: autoDraw = True
23.2537 	DATA 	Keypress: t
23.3445 	DATA 	Keypress: l
23.4609 	DATA 	Keypress: t
23.5815 	DATA 	Keypress: l
23.6949 	DATA 	Keypress: t
23.8208 	DATA 	Keypress: l
23.9364 	DATA 	Keypress: t
24.0545 	DATA 	Keypress: l
24.1002 	INFO 	Keyboard events cleared
24.0998 	EXP 	text: autoDraw = True
24.1083 	EXP 	Fixation: autoDraw = False
24.1838 	EXP 	New trial (rep=3, index=1): <Trial 22 (1 in rep 3) data={'reward_today': 11, 'future_reward': 30, 'delay': 7, 'thisN': 22, 'thisTrialN': 1, 'thisRepN': 3}>
24.1899 	DATA 	Keypress: t
24.1962 	EXP 	Fixation: autoDraw = False
24.1962 	EXP 	text: autoDraw = False
24.1962 	EXP 	text: height = 0.05
24.1962 	EXP 	text: height = 0.05
24.1962 	EXP 	text: height = 0.05
24.1962 	EXP 	text: text = 'GBP 11 today or GBP 30 after 7 days'
24.1962 	EXP 	Fixation: autoDraw = True
24.2798 	DATA 	Keypress: l
24.4302 	DATA 	Keypress: t
24.4886 	DATA 	Keypress: l
24.6316 	DATA 	Keypress: t
24.7109 	DATA 	Keypress: l
24.8308 	DATA 	Keypress: t
24.9530 	DATA 	Keypress: l
25.0431 	DATA 	Keypress: t
25.1377 	DATA 	Keypress: l
25.1820 	INFO 	Keyboard events cleared
25.1817 	EXP 	text: autoDraw = True
25.1919 	EXP 	Fixation: autoDraw = False
25.2505 	EXP 	New trial (rep=3, index=2): <Trial 23 (2 in rep 3) data={'reward_today': 78, 'future_reward': 80, 'delay': 162, 'thisN': 23, 'thisTrialN': 2, 'thisRepN': 3}>
25.2562 	DATA 	Keypress: t
25.2627 	EXP 	Fixation: autoDraw = False
25.2627 	EXP 	text: autoDraw = False
25.2627 	EXP 	text: height = 0.05
25.2627 	EXP 	text: height = 0.05
25.2627 	EXP 	text: height = 0.05
25.2627 	EXP 	text: text = 'GBP 78 today or GBP 80 after 162 days'
25.2627 	EXP 	Fixation: autoDraw = True
25.3286 	DATA 	Keypress: l
25.6637 	DATA 	Keypress: t
25.6761 	DATA 	Keypress: l
25.8707 	DATA 	Keypress: l
25.9633 	DATA 	Keypress: t
26.0640 	DATA 	Keypress: l
26.1148 	DATA 	Keypress: t
26.2301 	DATA 	Keypress: l
26.2592 	INFO 	Keyboard events cleared
26.2588 	EXP 	text: autoDraw = True
26.2758 	EXP 	Fixation: autoDraw = False
26.2783 	EXP 	New trial (rep=3, index=3): <Trial 24 (3 in rep 3) data={'reward_today': 67, 'future_reward': 76, 'delay': 119, 'thisN': 24, 'thisTrialN': 3, 'thisRepN': 3}>
26.2856 	DATA 	Keypress: t
26.2929 	EXP 	Fixation: autoDraw = False
26.2929 	EXP 	text: autoDraw = False
26.2929 	EXP 	text: height = 0.05
26.2929 	EXP 	text: height = 0.05
26.2929 	EXP 	text: height = 0.05
26.2929 	EXP 	text: text = 'GBP 67 today or GBP 76 after 119 days'
26.2929 	EXP 	Fixation: autoDraw = True
26.4038 	DATA 	Keypress: l
26.4439 	DATA 	Keypress: t
26.5797 	DATA 	Keypress: l
26.6304 	DATA 	Keypress: t
26.7629 	DATA 	Keypress: l
26.8528 	DATA 	Keypress: t
26.9556 	DATA 	Keypress: l
27.0980 	DATA 	Keypress: t
27.1369 	DATA 	Keypress: l
27.2762 	INFO 	Keyboard events cleared
27.2757 	EXP 	text: autoDraw = True
27.2839 	EXP 	Fixation: autoDraw = False
27.3431 	EXP 	New trial (rep=3, index=4): <Trial 25 (4 in rep 3) data={'reward_today': 15, 'future_reward': 35, 'delay': 13, 'thisN': 25, 'thisTrialN': 4, 'thisRepN': 3}>
27.3483 	DATA 	Keypress: l
27.3495 	DATA 	Keypress: t
27.3555 	EXP 	Fixation: autoDraw = False
27.3555 	EXP 	text: autoDraw = False
27.3555 	EXP 	text: height = 0.05
27.3555 	EXP 	text: height = 0.05
27.3555 	EXP 	text: height = 0.05
27.3555 	EXP 	text: text = 'GBP 15 today or GBP 35 after 13 days'
27.3555 	EXP 	Fixation: autoDraw = True
27.5879 	DATA 	Keypress: l
27.7195 	DATA 	Keypress: t
27.8062 	DATA 	Keypress: l
27.9181 	DATA 	Keypress: t
27.9939 	DATA 	Keypress: l
28.1145 	DATA 	Keypress: t
28.2026 	DATA 	Keypress: l
28.3333 	INFO 	Keyboard events cleared
28.3330 	EXP 	text: autoDraw = True
28.3357 	DATA 	Keypress: t
28.3489 	EXP 	Fixation: autoDraw = False
28.4172 	EXP 	New trial (rep=3, index=5): <Trial 26 (5 in rep 3) data={'reward_today': 40, 'future_reward': 55, 'delay': 62, 'thisN': 26, 'thisTrialN': 5, 'thisRepN': 3}>
28.4234 	DATA 	Keypress: l
28.4294 	EXP 	Fixation: autoDraw = False
28.4294 	EXP 	text: autoDraw = False
28.4294 	EXP 	text: height = 0.05
28.4294 	EXP 	text: height = 0.05
28.4294 	EXP 	text: height = 0.05
28.4294 	EXP 	text: text = 'GBP 40 today or GBP 55 after 62 days'
28.4294 	EXP 	Fixation: autoDraw = True
28.5457 	DATA 	Keypress: t
28.6377 	DATA 	Keypress: l
28.7687 	DATA 	Keypress: t
28.8306 	DATA 	Keypress: l
28.9880 	DATA 	Keypress: t
29.0472 	DATA 	Keypress: l
29.1979 	DATA 	Keypress: t
29.2855 	DATA 	Keypress: l
29.4173 	INFO 	Keyboard events cleared
29.4168 	EXP 	text: autoDraw = True
29.4208 	DATA 	Keypress: t
29.4279 	EXP 	Fixation: autoDraw = False
29.4948 	EXP 	New trial (rep=3, index=6): <Trial 27 (6 in rep 3) data={'reward_today': 27, 'future_reward': 50, 'delay': 21, 'thisN': 27, 'thisTrialN': 6, 'thisRepN': 3}>
29.5015 	DATA 	Keypress: l
29.5087 	EXP 	Fixation: autoDraw = False
29.5087 	EXP 	text: autoDraw = False
29.5087 	EXP 	text: height = 0.05
29.5087 	EXP 	text: height = 0.05
29.5087 	EXP 	text: height = 0.05
29.5087 	EXP 	text: text = 'GBP 27 today or GBP 50 after 21 days'
29.5087 	EXP 	Fixation: autoDraw = True
29.6284 	DATA 	Keypress: t
29.7026 	DATA 	Keypress: l
29.8189 	DATA 	Keypress: t
29.9204 	DATA 	Keypress: l
30.0359 	DATA 	Keypress: t
30.1372 	DATA 	Keypress: l
30.2529 	DATA 	Keypress: t
30.2949 	DATA 	Keypress: l
30.4919 	INFO 	Keyboard events cleared
30.4915 	EXP 	text: autoDraw = True
30.4968 	DATA 	Keypress: l
30.5036 	EXP 	Fixation: autoDraw = False
30.5266 	EXP 	New trial (rep=4, index=0): <Trial 28 (0 in rep 4) data={'reward_today': 40, 'future_reward': 55, 'delay': 62, 'thisN': 28, 'thisTrialN': 0, 'thisRepN': 4}>
30.5326 	DATA 	Keypress: t
30.5383 	EXP 	Fixation: autoDraw = False
30.5383 	EXP 	text: autoDraw = False
30.5383 	EXP 	text: height = 0.05
30.5383 	EXP 	text: height = 0.05
30.5383 	EXP 	text: height = 0.05
30.5383 	EXP 	text: text = 'GBP 40 today or GBP 55 after 62 days'
30.5383 	EXP 	Fixation: autoDraw = True
30.7140 	DATA 	Keypress: l
30.7618 	DATA 	Keypress: t
30.9123 	DATA 	Keypress: l
30.9706 	DATA 	Keypress: t
31.0950 	DATA 	Keypress: l
31.1807 	DATA 	Keypress: t
31.2816 	DATA 	Keypress: l
31.3805 	DATA 	Keypress: t
31.4470 	DATA 	Keypress: l
31.5246 	INFO 	Keyboard events cleared
31.5242 	EXP 	text: autoDraw = True
31.5324 	EXP 	Fixation: autoDraw = False
31.5938 	EXP 	New trial (rep=4, index=1): <Trial 29 (1 in rep 4) data={'reward_today': 11, 'future_reward': 30, 'delay': 7, 'thisN': 29, 'thisTrialN': 1, 'thisRepN': 4}>
31.6003 	DATA 	Keypress: t
31.6068 	EXP 	Fixation: autoDraw = False
31.6068 	EXP 	text: autoDraw = False
31.6068 	EXP 	text: height = 0.05
31.6068 	EXP 	text: height = 0.05
31.6068 	EXP 	text: height = 0.05
31.6068 	EXP 	text: text = 'GBP 11 today or GBP 30 after 7 days'
31.6068 	EXP 	Fixation: autoDraw = True
31.6090 	DATA 	Keypress: l
31.7860 	DATA 	Keypress: t
31.8186 	DATA 	Keypress: l
31.9695 	DATA 	Keypress: l
32.0124 	DATA 	Keypress: t
32.1816 	DATA 	Keypress: l
32.2817 	DATA 	Keypress: t
32.4066 	DATA 	Keypress: l
32.5296 	DATA 	Keypress: t
32.5913 	INFO 	Keyboard events cleared
32.5910 	EXP 	text: autoDraw = True
32.5980 	EXP 	Fixation: autoDraw = False
32.6346 	EXP 	New trial (rep=4, index=2): <Trial 30 (2 in rep 4) data={'reward_today': 49, 'future_reward': 60, 'delay': 89, 'thisN': 30, 'thisTrialN': 2, 'thisRepN': 4}>
32.6408 	DATA 	Keypress: l
32.6462 	EXP 	Fixation: autoDraw = False
32.6462 	EXP 	text: autoDraw = False
32.6462 	EXP 	text: height = 0.05
32.6462 	EXP 	text: height = 0.05
32.6462 	EXP 	text: height = 0.05
32.6462 	EXP 	text: text = 'GBP 49 today or GBP 60 after 89 days'
32.6462 	EXP 	Fixation: autoDraw = True
32.7374 	DATA 	Keypress: t
32.8140 	DATA 	Keypress: l
32.9614 	DATA 	Keypress: t
33.0124 	DATA 	Keypress: l
33.1698 	DATA 	Keypress: t
33.2300 	DATA 	Keypress: l
33.3628 	DATA 	Keypress: t
33.4640 	DATA 	Keypress: l
33.5874 	DATA 	Keypress: t
33.6429 	INFO 	Keyboard events cleared
33.6424 	EXP 	text: autoDraw = True
33.6508 	EXP 	Fixation: autoDraw = False
33.7113 	EXP 	New trial (rep=4, index=3): <Trial 31 (3 in rep 4) data={'reward_today': 67, 'future_reward': 76, 'delay': 119, 'thisN': 31, 'thisTrialN': 3, 'thisRepN': 4}>
33.7180 	DATA 	Keypress: l
33.7236 	EXP 	Fixation: autoDraw = False
33.7236 	EXP 	text: autoDraw = False
33.7236 	EXP 	text: height = 0.05
33.7236 	EXP 	text: height = 0.05
33.7236 	EXP 	text: height = 0.05
33.7236 	EXP 	text: text = 'GBP 67 today or GBP 76 after 119 days'
33.7236 	EXP 	Fixation: autoDraw = True
33.8362 	DATA 	Keypress: t
33.9368 	DATA 	Keypress: l
34.0631 	DATA 	Keypress: t
34.1300 	DATA 	Keypress: l
34.2642 	DATA 	Keypress: t
34.3739 	DATA 	Keypress: l
34.5114 	DATA 	Keypress: t
34.6039 	DATA 	Keypress: l
34.7098 	INFO 	Keyboard events cleared
34.7094 	EXP 	text: autoDraw = True
34.7171 	EXP 	Fixation: autoDraw = False
34.7508 	EXP 	New trial (rep=4, index=4): <Trial 32 (4 in rep 4) data={'reward_today': 78, 'future_reward': 80, 'delay': 162, 'thisN': 32, 'thisTrialN': 4, 'thisRepN': 4}>
34.7567 	DATA 	Keypress: t
34.7625 	EXP 	Fixation: autoDraw = False
34.7625 	EXP 	text: autoDraw = False
34.7625 	EXP 	text: height = 0.05
34.7625 	EXP 	text: height = 0.05
34.7625 	EXP 	text: height = 0.05
34.7625 	EXP 	text: text = 'GBP 78 today or GBP 80 after 162 days'
34.7625 	EXP 	Fixation: autoDraw = True
34.8624 	DATA 	Keypress: l
34.9685 	DATA 	Keypress: t
35.0659 	DATA 	Keypress: l
35.2021 	DATA 	Keypress: t
35.2882 	DATA 	Keypress: l
35.3853 	DATA 	Keypress: t
35.4808 	DATA 	Keypress: l
35.5961 	DATA 	Keypress: t
35.6779 	DATA 	Keypress: l
35.7480 	INFO 	Keyboard events cleared
35.7478 	EXP 	text: autoDraw = True
35.7586 	EXP 	Fixation: autoDraw = False
35.7999 	EXP 	New trial (rep=4, index=5): <Trial 33 (5 in rep 4) data={'reward_today': 27, 'future_reward': 50, 'delay': 21, 'thisN': 33, 'thisTrialN': 5, 'thisRepN': 4}>
35.8054 	DATA 	Keypress: t
35.8125 	EXP 	Fixation: autoDraw = False
35.8125 	EXP 	text: autoDraw = False
35.8125 	EXP 	text: height = 0.05
35.8125 	EXP 	text: height = 0.05
35.8125 	EXP 	text: height = 0.05
35.8125 	EXP 	text: text = 'GBP 27 today or GBP 50 after 21 days'
35.8125 	EXP 	Fixation: autoDraw = True
35.8675 	DATA 	Keypress: l
36.0293 	DATA 	Keypress: t
36.0950 	DATA 	Keypress: l
36.2543 	DATA 	Keypress: t
36.3280 	DATA 	Keypress: l
36.4530 	DATA 	Keypress: t
36.5313 	DATA 	Keypress: l
36.6798 	DATA 	Keypress: t
36.7459 	DATA 	Keypress: l
36.7911 	INFO 	Keyboard events cleared
36.7908 	EXP 	text: autoDraw = True
36.8076 	EXP 	Fixation: autoDraw = False
36.8831 	EXP 	New trial (rep=4, index=6): <Trial 34 (6 in rep 4) data={'reward_today': 15, 'future_reward': 35, 'delay': 13, 'thisN': 34, 'thisTrialN': 6, 'thisRepN': 4}>
36.8890 	DATA 	Keypress: t
36.8960 	EXP 	Fixation: autoDraw = False
36.8960 	EXP 	text: autoDraw = False
36.8960 	EXP 	text: height = 0.05
36.8960 	EXP 	text: height = 0.05
36.8960 	EXP 	text: height = 0.05
36.8960 	EXP 	text: text = 'GBP 15 today or GBP 35 after 13 days'
36.8960 	EXP 	Fixation: autoDraw = True
37.0114 	DATA 	Keypress: l
37.1307 	DATA 	Keypress: t
37.2130 	DATA 	Keypress: l
37.3456 	DATA 	Keypress: t
37.4487 	DATA 	Keypress: l
37.5857 	DATA 	Keypress: t
37.6804 	DATA 	Keypress: l
37.8124 	DATA 	Keypress: t
37.8756 	INFO 	Keyboard events cleared
37.8751 	EXP 	text: autoDraw = True
37.8950 	EXP 	Fixation: autoDraw = False
37.8969 	EXP 	New trial (rep=5, index=0): <Trial 35 (0 in rep 5) data={'reward_today': 15, 'future_reward': 35, 'delay': 13, 'thisN': 35, 'thisTrialN': 0, 'thisRepN': 5}>
37.9003 	DATA 	Keypress: l
37.9067 	EXP 	Fixation: autoDraw = False
37.9067 	EXP 	text: autoDraw = False
37.9067 	EXP 	text: text = 'GBP 15 today or GBP 35 after 13 days'
37.9067 	EXP 	Fixation: autoDraw = True
38.0379 	DATA 	Keypress: t
38.1361 	DATA 	Keypress: l
38.2472 	DATA 	Keypress: t
38.3601 	DATA 	Keypress: l
38.4804 	DATA 	Keypress: t
38.5698 	DATA 	Keypress: l
38.6797 	DATA 	Keypress: t
38.7953 	DATA 	Keypress: l
38.8763 	DATA 	Keypress: t
38.8921 	INFO 	Keyboard events cleared
38.8919 	EXP 	text: autoDraw = True
38.8982 	EXP 	Fixation: autoDraw = False
38.9946 	EXP 	New trial (rep=5, index=1): <Trial 36 (1 in rep 5) data={'reward_today': 11, 'future_reward': 30, 'delay': 7, 'thisN': 36, 'thisTrialN': 1, 'thisRepN': 5}>
39.0019 	DATA 	Keypress: l
39.0076 	EXP 	Fixation: autoDraw = False
39.0076 	EXP 	text: autoDraw = False
39.0076 	EXP 	text: height = 0.05
39.0076 	EXP 	text: height = 0.05
39.0076 	EXP 	text: height = 0.05
39.0076 	EXP 	text: text = 'GBP 11 today or GBP 30 after 7 days'
39.0076 	EXP 	Fixation: autoDraw = True
39.1012 	DATA 	Keypress: t
39.1948 	DATA 	Keypress: l
39.3473 	DATA 	Keypress: t
39.4031 	DATA 	Keypress: l
39.5632 	DATA 	Keypress: t
39.6269 	DATA 	Keypress: l
39.8302 	DATA 	Keypress: t
39.9918 	INFO 	Keyboard events cleared
39.9913 	EXP 	text: autoDraw = True
40.0000 	EXP 	Fixation: autoDraw = False
40.1363 	EXP 	New trial (rep=5, index=2): <Trial 37 (2 in rep 5) data={'reward_today': 49, 'future_reward': 60, 'delay': 89, 'thisN': 37, 'thisTrialN': 2, 'thisRepN': 5}>
40.1446 	DATA 	Keypress: t
40.1501 	EXP 	Fixation: autoDraw = False
40.1501 	EXP 	text: autoDraw = False
40.1501 	EXP 	text: height = 0.05
40.1501 	EXP 	text: height = 0.05
40.1501 	EXP 	text: height = 0.05
40.1501 	EXP 	text: text = 'GBP 49 today or GBP 60 after 89 days'
40.1501 	EXP 	Fixation: autoDraw = True
40.2486 	DATA 	Keypress: l
40.3964 	DATA 	Keypress: t
40.4534 	DATA 	Keypress: l
40.6288 	DATA 	Keypress: t
40.6791 	DATA 	Keypress: l
40.8440 	DATA 	Keypress: t
40.8980 	DATA 	Keypress: l
41.0548 	DATA 	Keypress: t
41.0675 	DATA 	Keypress: l
41.1318 	INFO 	Keyboard events cleared
41.1315 	EXP 	text: autoDraw = True
41.1491 	EXP 	Fixation: autoDraw = False
41.2526 	EXP 	New trial (rep=5, index=3): <Trial 38 (3 in rep 5) data={'reward_today': 67, 'future_reward': 76, 'delay': 119, 'thisN': 38, 'thisTrialN': 3, 'thisRepN': 5}>
41.2596 	DATA 	Keypress: l
41.2610 	DATA 	Keypress: t
41.2671 	EXP 	Fixation: autoDraw = False
41.2671 	EXP 	text: autoDraw = False
41.2671 	EXP 	text: height = 0.05
41.2671 	EXP 	text: height = 0.05
41.2671 	EXP 	text: height = 0.05
41.2671 	EXP 	text: text = 'GBP 67 today or GBP 76 after 119 days'
41.2671 	EXP 	Fixation: autoDraw = True
41.4472 	DATA 	Keypress: l
41.4657 	DATA 	Keypress: t
41.6301 	DATA 	Keypress: l
41.6457 	DATA 	Keypress: t
41.7952 	DATA 	Keypress: l
41.8117 	DATA 	Keypress: t
41.9635 	DATA 	Keypress: l
41.9967 	DATA 	Keypress: t
42.1120 	DATA 	Keypress: l
42.1283 	DATA 	Keypress: t
42.2450 	DATA 	Keypress: l
42.2510 	INFO 	Keyboard events cleared
42.2506 	EXP 	text: autoDraw = True
42.2579 	EXP 	Fixation: autoDraw = False
42.2768 	EXP 	New trial (rep=5, index=4): <Trial 39 (4 in rep 5) data={'reward_today': 40, 'future_reward': 55, 'delay': 62, 'thisN': 39, 'thisTrialN': 4, 'thisRepN': 5}>
42.2830 	DATA 	Keypress: t
42.2901 	EXP 	Fixation: autoDraw = False
42.2901 	EXP 	text: autoDraw = False
42.2901 	EXP 	text: height = 0.05
42.2901 	EXP 	text: height = 0.05
42.2901 	EXP 	text: height = 0.05
42.2901 	EXP 	text: text = 'GBP 40 today or GBP 55 after 62 days'
42.2901 	EXP 	Fixation: autoDraw = True
42.3860 	DATA 	Keypress: l
42.4615 	DATA 	Keypress: l
42.4839 	DATA 	Keypress: t
42.6296 	DATA 	Keypress: l
42.6907 	DATA 	Keypress: t
42.7133 	DATA 	Keypress: l
42.8610 	DATA 	Keypress: l
42.8966 	DATA 	Keypress: t
43.0131 	DATA 	Keypress: l
43.1363 	DATA 	Keypress: t
43.1464 	DATA 	Keypress: l
43.2745 	INFO 	Keyboard events cleared
43.2741 	EXP 	text: autoDraw = True
43.2820 	EXP 	Fixation: autoDraw = False
43.2938 	EXP 	New trial (rep=5, index=5): <Trial 40 (5 in rep 5) data={'reward_today': 27, 'future_reward': 50, 'delay': 21, 'thisN': 40, 'thisTrialN': 5, 'thisRepN': 5}>
43.3004 	DATA 	Keypress: l
43.3074 	EXP 	Fixation: autoDraw = False
43.3074 	EXP 	text: autoDraw = False
43.3074 	EXP 	text: height = 0.05
43.3074 	EXP 	text: height = 0.05
43.3074 	EXP 	text: height = 0.05
43.3074 	EXP 	text: text = 'GBP 27 today or GBP 50 after 21 days'
43.3074 	EXP 	Fixation: autoDraw = True
43.3811 	DATA 	Keypress: l
43.3831 	DATA 	Keypress: t
43.5139 	DATA 	Keypress: l
43.5698 	DATA 	Keypress: t
43.7562 	DATA 	Keypress: l
43.7685 	DATA 	Keypress: t
43.8956 	DATA 	Keypress: l
44.0466 	DATA 	Keypress: l
44.0786 	DATA 	Keypress: t
44.1364 	DATA 	Keypress: l
44.2524 	DATA 	Keypress: l
44.2849 	DATA 	Keypress: t
44.2924 	INFO 	Keyboard events cleared
44.2921 	EXP 	text: autoDraw = True
44.2985 	EXP 	Fixation: autoDraw = False
44.4447 	EXP 	New trial (rep=5, index=6): <Trial 41 (6 in rep 5) data={'reward_today': 78, 'future_reward': 80, 'delay': 162, 'thisN': 41, 'thisTrialN': 6, 'thisRepN': 5}>
44.4509 	DATA 	Keypress: l
44.4579 	EXP 	Fixation: autoDraw = False
44.4579 	EXP 	text: autoDraw = False
44.4579 	EXP 	text: height = 0.05
44.4579 	EXP 	text: height = 0.05
44.4579 	EXP 	text: height = 0.05
44.4579 	EXP 	text: text = 'GBP 78 today or GBP 80 after 162 days'
44.4579 	EXP 	Fixation: autoDraw = True
44.4958 	DATA 	Keypress: t
45.4430 	INFO 	Keyboard events cleared
45.4426 	EXP 	text: autoDraw = True
45.4513 	EXP 	Fixation: autoDraw = False
48.2938 	EXP 	New trial (rep=6, index=0): <Trial 42 (0 in rep 6) data={'reward_today': 67, 'future_reward': 76, 'delay': 119, 'thisN': 42, 'thisTrialN': 0, 'thisRepN': 6}>
48.3033 	DATA 	Keypress: t
48.3106 	EXP 	Fixation: autoDraw = False
48.3106 	EXP 	text: autoDraw = False
48.3106 	EXP 	text: height = 0.05
48.3106 	EXP 	text: height = 0.05
48.3106 	EXP 	text: height = 0.05
48.3106 	EXP 	text: text = 'GBP 67 today or GBP 76 after 119 days'
48.3106 	EXP 	Fixation: autoDraw = True
48.3997 	DATA 	Keypress: l
48.4975 	DATA 	Keypress: t
48.5984 	DATA 	Keypress: l
48.6641 	DATA 	Keypress: t
48.7876 	DATA 	Keypress: l
48.8136 	DATA 	Keypress: t
48.9742 	DATA 	Keypress: l
48.9773 	DATA 	Keypress: t
49.1634 	DATA 	Keypress: l
49.2888 	DATA 	Keypress: t
49.2962 	INFO 	Keyboard events cleared
49.2956 	EXP 	text: autoDraw = True
49.3086 	EXP 	Fixation: autoDraw = False
49.3945 	EXP 	New trial (rep=6, index=1): <Trial 43 (1 in rep 6) data={'reward_today': 78, 'future_reward': 80, 'delay': 162, 'thisN': 43, 'thisTrialN': 1, 'thisRepN': 6}>
49.4006 	DATA 	Keypress: l
49.4077 	EXP 	Fixation: autoDraw = False
49.4077 	EXP 	text: autoDraw = False
49.4077 	EXP 	text: height = 0.05
49.4077 	EXP 	text: height = 0.05
49.4077 	EXP 	text: height = 0.05
49.4077 	EXP 	text: text = 'GBP 78 today or GBP 80 after 162 days'
49.4077 	EXP 	Fixation: autoDraw = True
49.6389 	DATA 	Keypress: t
49.6511 	DATA 	Keypress: l
49.8143 	DATA 	Keypress: l
49.8626 	DATA 	Keypress: t
50.0137 	DATA 	Keypress: l
50.0443 	DATA 	Keypress: t
50.2023 	DATA 	Keypress: l
50.2652 	DATA 	Keypress: t
50.3913 	INFO 	Keyboard events cleared
50.3909 	EXP 	text: autoDraw = True
50.3990 	EXP 	Fixation: autoDraw = False
50.4019 	EXP 	New trial (rep=6, index=2): <Trial 44 (2 in rep 6) data={'reward_today': 11, 'future_reward': 30, 'delay': 7, 'thisN': 44, 'thisTrialN': 2, 'thisRepN': 6}>
50.4081 	DATA 	Keypress: l
50.4142 	EXP 	Fixation: autoDraw = False
50.4142 	EXP 	text: autoDraw = False
50.4142 	EXP 	text: height = 0.05
50.4142 	EXP 	text: height = 0.05
50.4142 	EXP 	text: height = 0.05
50.4142 	EXP 	text: text = 'GBP 11 today or GBP 30 after 7 days'
50.4142 	EXP 	Fixation: autoDraw = True
50.4796 	DATA 	Keypress: t
50.6032 	DATA 	Keypress: l
50.6639 	DATA 	Keypress: t
50.7960 	DATA 	Keypress: l
50.8790 	DATA 	Keypress: t
51.0028 	DATA 	Keypress: l
51.0780 	DATA 	Keypress: t
51.2025 	DATA 	Keypress: l
51.2703 	DATA 	Keypress: t
51.3994 	INFO 	Keyboard events cleared
51.3989 	EXP 	text: autoDraw = True
51.4043 	DATA 	Keypress: l
51.4122 	EXP 	Fixation: autoDraw = False
51.4604 	EXP 	New trial (rep=6, index=3): <Trial 45 (3 in rep 6) data={'reward_today': 15, 'future_reward': 35, 'delay': 13, 'thisN': 45, 'thisTrialN': 3, 'thisRepN': 6}>
51.4665 	DATA 	Keypress: t
51.4722 	EXP 	Fixation: autoDraw = False
51.4722 	EXP 	text: autoDraw = False
51.4722 	EXP 	text: height = 0.05
51.4722 	EXP 	text: height = 0.05
51.4722 	EXP 	text: height = 0.05
51.4722 	EXP 	text: text = 'GBP 15 today or GBP 35 after 13 days'
51.4722 	EXP 	Fixation: autoDraw = True
51.6127 	DATA 	Keypress: l
51.6747 	DATA 	Keypress: t
51.8112 	DATA 	Keypress: l
51.8654 	DATA 	Keypress: t
52.0222 	DATA 	Keypress: l
52.0903 	DATA 	Keypress: t
52.2126 	DATA 	Keypress: l
52.3224 	DATA 	Keypress: t
52.4482 	DATA 	Keypress: l
52.4636 	INFO 	Keyboard events cleared
52.4632 	EXP 	Fixation: autoDraw = False
52.4632 	EXP 	text: autoDraw = True
52.5174 	EXP 	New trial (rep=6, index=4): <Trial 46 (4 in rep 6) data={'reward_today': 27, 'future_reward': 50, 'delay': 21, 'thisN': 46, 'thisTrialN': 4, 'thisRepN': 6}>
52.5230 	DATA 	Keypress: t
52.5288 	EXP 	Fixation: autoDraw = False
52.5288 	EXP 	text: autoDraw = False
52.5288 	EXP 	text: height = 0.05
52.5288 	EXP 	text: height = 0.05
52.5288 	EXP 	text: height = 0.05
52.5288 	EXP 	text: text = 'GBP 27 today or GBP 50 after 21 days'
52.5288 	EXP 	Fixation: autoDraw = True
52.6341 	DATA 	Keypress: l
52.7188 	DATA 	Keypress: t
52.8368 	DATA 	Keypress: l
52.9183 	DATA 	Keypress: t
53.0627 	DATA 	Keypress: l
53.1376 	DATA 	Keypress: t
53.2874 	DATA 	Keypress: l
53.3849 	DATA 	Keypress: t
53.5140 	DATA 	Keypress: l
53.5201 	INFO 	Keyboard events cleared
53.5197 	EXP 	text: autoDraw = True
53.5271 	EXP 	Fixation: autoDraw = False
53.5925 	EXP 	New trial (rep=6, index=5): <Trial 47 (5 in rep 6) data={'reward_today': 49, 'future_reward': 60, 'delay': 89, 'thisN': 47, 'thisTrialN': 5, 'thisRepN': 6}>
53.5983 	DATA 	Keypress: t
53.6045 	EXP 	Fixation: autoDraw = False
53.6045 	EXP 	text: autoDraw = False
53.6045 	EXP 	text: height = 0.05
53.6045 	EXP 	text: height = 0.05
53.6045 	EXP 	text: height = 0.05
53.6045 	EXP 	text: text = 'GBP 49 today or GBP 60 after 89 days'
53.6045 	EXP 	Fixation: autoDraw = True
53.7137 	DATA 	Keypress: l
53.8129 	DATA 	Keypress: t
53.9459 	DATA 	Keypress: l
54.0707 	DATA 	Keypress: t
54.1792 	DATA 	Keypress: l
54.3021 	DATA 	Keypress: t
54.4020 	DATA 	Keypress: l
54.5456 	DATA 	Keypress: t
54.5817 	INFO 	Keyboard events cleared
54.5814 	EXP 	text: autoDraw = True
54.5995 	EXP 	Fixation: autoDraw = False
54.6085 	EXP 	New trial (rep=6, index=6): <Trial 48 (6 in rep 6) data={'reward_today': 40, 'future_reward': 55, 'delay': 62, 'thisN': 48, 'thisTrialN': 6, 'thisRepN': 6}>
54.6143 	DATA 	Keypress: l
54.6199 	EXP 	Fixation: autoDraw = False
54.6199 	EXP 	text: autoDraw = False
54.6199 	EXP 	text: height = 0.05
54.6199 	EXP 	text: height = 0.05
54.6199 	EXP 	text: height = 0.05
54.6199 	EXP 	text: text = 'GBP 40 today or GBP 55 after 62 days'
54.6199 	EXP 	Fixation: autoDraw = True
54.7295 	DATA 	Keypress: t
54.8215 	DATA 	Keypress: l
54.9636 	DATA 	Keypress: t
55.0623 	DATA 	Keypress: l
55.1633 	DATA 	Keypress: t
55.2777 	DATA 	Keypress: l
55.4029 	DATA 	Keypress: t
55.4949 	DATA 	Keypress: l
55.6020 	DATA 	Keypress: t
55.6093 	INFO 	Keyboard events cleared
55.6090 	EXP 	text: autoDraw = True
55.6153 	EXP 	Fixation: autoDraw = False
55.7105 	EXP 	New trial (rep=7, index=0): <Trial 49 (0 in rep 7) data={'reward_today': 49, 'future_reward': 60, 'delay': 89, 'thisN': 49, 'thisTrialN': 0, 'thisRepN': 7}>
55.7165 	DATA 	Keypress: l
55.7222 	EXP 	Fixation: autoDraw = False
55.7222 	EXP 	text: autoDraw = False
55.7222 	EXP 	text: height = 0.05
55.7222 	EXP 	text: height = 0.05
55.7222 	EXP 	text: height = 0.05
55.7222 	EXP 	text: text = 'GBP 49 today or GBP 60 after 89 days'
55.7222 	EXP 	Fixation: autoDraw = True
55.8350 	DATA 	Keypress: t
55.9149 	DATA 	Keypress: l
56.0705 	DATA 	Keypress: t
56.1544 	DATA 	Keypress: l
56.3040 	DATA 	Keypress: t
56.3720 	DATA 	Keypress: l
56.5130 	DATA 	Keypress: t
56.5795 	DATA 	Keypress: l
56.7082 	INFO 	Keyboard events cleared
56.7078 	EXP 	text: autoDraw = True
56.7160 	EXP 	Fixation: autoDraw = False
56.7272 	EXP 	New trial (rep=7, index=1): <Trial 50 (1 in rep 7) data={'reward_today': 67, 'future_reward': 76, 'delay': 119, 'thisN': 50, 'thisTrialN': 1, 'thisRepN': 7}>
56.7372 	DATA 	Keypress: t
56.7436 	EXP 	Fixation: autoDraw = False
56.7436 	EXP 	text: autoDraw = False
56.7436 	EXP 	text: height = 0.05
56.7436 	EXP 	text: height = 0.05
56.7436 	EXP 	text: height = 0.05
56.7436 	EXP 	text: text = 'GBP 67 today or GBP 76 after 119 days'
56.7436 	EXP 	Fixation: autoDraw = True
56.7621 	DATA 	Keypress: l
56.9638 	DATA 	Keypress: t
57.0228 	DATA 	Keypress: l
57.1949 	DATA 	Keypress: t
57.2486 	DATA 	Keypress: l
57.4533 	DATA 	Keypress: l
57.4661 	DATA 	Keypress: t
57.6472 	DATA 	Keypress: l
57.7260 	INFO 	Keyboard events cleared
57.7255 	EXP 	text: autoDraw = True
57.7313 	DATA 	Keypress: t
57.7449 	EXP 	Fixation: autoDraw = False
57.7924 	EXP 	New trial (rep=7, index=2): <Trial 51 (2 in rep 7) data={'reward_today': 11, 'future_reward': 30, 'delay': 7, 'thisN': 51, 'thisTrialN': 2, 'thisRepN': 7}>
57.8035 	EXP 	Fixation: autoDraw = False
57.8035 	EXP 	text: autoDraw = False
57.8035 	EXP 	text: height = 0.05
57.8035 	EXP 	text: height = 0.05
57.8035 	EXP 	text: height = 0.05
57.8035 	EXP 	text: text = 'GBP 11 today or GBP 30 after 7 days'
57.8035 	EXP 	Fixation: autoDraw = True
57.8442 	DATA 	Keypress: l
57.9143 	DATA 	Keypress: t
58.0463 	DATA 	Keypress: l
58.0795 	DATA 	Keypress: t
58.2213 	DATA 	Keypress: t
58.4297 	DATA 	Keypress: l
58.5135 	DATA 	Keypress: t
58.6634 	DATA 	Keypress: l
58.7839 	INFO 	Keyboard events cleared
58.7835 	EXP 	text: autoDraw = True
58.7953 	EXP 	New trial (rep=7, index=3): <Trial 52 (3 in rep 7) data={'reward_today': 78, 'future_reward': 80, 'delay': 162, 'thisN': 52, 'thisTrialN': 3, 'thisRepN': 7}>
58.8045 	DATA 	Keypress: t
58.8118 	EXP 	Fixation: autoDraw = False
58.8118 	EXP 	Fixation: autoDraw = False
58.8118 	EXP 	text: autoDraw = False
58.8118 	EXP 	text: height = 0.05
58.8118 	EXP 	text: height = 0.05
58.8118 	EXP 	text: height = 0.05
58.8118 	EXP 	text: text = 'GBP 78 today or GBP 80 after 162 days'
58.8118 	EXP 	Fixation: autoDraw = True
58.9219 	DATA 	Keypress: l
59.0113 	DATA 	Keypress: t
59.1278 	DATA 	Keypress: l
59.2385 	DATA 	Keypress: t
59.3716 	DATA 	Keypress: l
59.4872 	DATA 	Keypress: t
59.5808 	DATA 	Keypress: l
59.7467 	DATA 	Keypress: t
59.7916 	INFO 	Keyboard events cleared
59.7912 	EXP 	text: autoDraw = True
59.8080 	EXP 	Fixation: autoDraw = False
59.8430 	EXP 	New trial (rep=7, index=4): <Trial 53 (4 in rep 7) data={'reward_today': 15, 'future_reward': 35, 'delay': 13, 'thisN': 53, 'thisTrialN': 4, 'thisRepN': 7}>
59.8488 	DATA 	Keypress: l
59.8544 	EXP 	Fixation: autoDraw = False
59.8544 	EXP 	text: autoDraw = False
59.8544 	EXP 	text: height = 0.05
59.8544 	EXP 	text: height = 0.05
59.8544 	EXP 	text: height = 0.05
59.8544 	EXP 	text: text = 'GBP 15 today or GBP 35 after 13 days'
59.8544 	EXP 	Fixation: autoDraw = True
60.0142 	DATA 	Keypress: t
60.0629 	DATA 	Keypress: l
60.2374 	DATA 	Keypress: t
60.3466 	DATA 	Keypress: l
60.4783 	DATA 	Keypress: t
60.5465 	DATA 	Keypress: l
60.6706 	DATA 	Keypress: t
60.7698 	DATA 	Keypress: l
60.8437 	INFO 	Keyboard events cleared
60.8433 	EXP 	text: autoDraw = True
60.8512 	EXP 	Fixation: autoDraw = False
60.9179 	EXP 	New trial (rep=7, index=5): <Trial 54 (5 in rep 7) data={'reward_today': 27, 'future_reward': 50, 'delay': 21, 'thisN': 54, 'thisTrialN': 5, 'thisRepN': 7}>
60.9271 	DATA 	Keypress: t
60.9327 	EXP 	Fixation: autoDraw = False
60.9327 	EXP 	text: autoDraw = False
60.9327 	EXP 	text: height = 0.05
60.9327 	EXP 	text: height = 0.05
60.9327 	EXP 	text: height = 0.05
60.9327 	EXP 	text: text = 'GBP 27 today or GBP 50 after 21 days'
60.9327 	EXP 	Fixation: autoDraw = True
60.9807 	DATA 	Keypress: l
61.1698 	DATA 	Keypress: l
61.1970 	DATA 	Keypress: t
61.3543 	DATA 	Keypress: l
61.4153 	DATA 	Keypress: t
61.5638 	DATA 	Keypress: l
61.6047 	DATA 	Keypress: t
61.7455 	DATA 	Keypress: l
61.8462 	DATA 	Keypress: t
61.9189 	INFO 	Keyboard events cleared
61.9185 	EXP 	text: autoDraw = True
61.9271 	EXP 	Fixation: autoDraw = False
61.9602 	EXP 	New trial (rep=7, index=6): <Trial 55 (6 in rep 7) data={'reward_today': 40, 'future_reward': 55, 'delay': 62, 'thisN': 55, 'thisTrialN': 6, 'thisRepN': 7}>
61.9662 	DATA 	Keypress: l
61.9724 	EXP 	Fixation: autoDraw = False
61.9724 	EXP 	text: autoDraw = False
61.9724 	EXP 	text: height = 0.05
61.9724 	EXP 	text: height = 0.05
61.9724 	EXP 	text: height = 0.05
61.9724 	EXP 	text: text = 'GBP 40 today or GBP 55 after 62 days'
61.9724 	EXP 	Fixation: autoDraw = True
62.0604 	DATA 	Keypress: t
62.1454 	DATA 	Keypress: l
62.2696 	DATA 	Keypress: t
62.3802 	DATA 	Keypress: l
62.4878 	DATA 	Keypress: t
62.5794 	DATA 	Keypress: l
62.6697 	DATA 	Keypress: t
62.7974 	DATA 	Keypress: l
62.9122 	DATA 	Keypress: t
62.9583 	INFO 	Keyboard events cleared
62.9578 	EXP 	text: autoDraw = True
62.9658 	EXP 	Fixation: autoDraw = False
63.0095 	EXP 	New trial (rep=8, index=0): <Trial 56 (0 in rep 8) data={'reward_today': 40, 'future_reward': 55, 'delay': 62, 'thisN': 56, 'thisTrialN': 0, 'thisRepN': 8}>
63.0129 	DATA 	Keypress: l
63.0191 	EXP 	Fixation: autoDraw = False
63.0191 	EXP 	text: autoDraw = False
63.0191 	EXP 	text: text = 'GBP 40 today or GBP 55 after 62 days'
63.0191 	EXP 	Fixation: autoDraw = True
63.1198 	DATA 	Keypress: t
63.2113 	DATA 	Keypress: l
63.3303 	DATA 	Keypress: t
63.4312 	DATA 	Keypress: l
63.5457 	DATA 	Keypress: t
63.6468 	DATA 	Keypress: l
63.7542 	DATA 	Keypress: t
63.8617 	DATA 	Keypress: l
63.9525 	DATA 	Keypress: t
64.0076 	INFO 	Keyboard events cleared
64.0073 	EXP 	text: autoDraw = True
64.0144 	EXP 	Fixation: autoDraw = False
64.0657 	EXP 	New trial (rep=8, index=1): <Trial 57 (1 in rep 8) data={'reward_today': 11, 'future_reward': 30, 'delay': 7, 'thisN': 57, 'thisTrialN': 1, 'thisRepN': 8}>
64.0712 	DATA 	Keypress: l
64.0782 	EXP 	Fixation: autoDraw = False
64.0782 	EXP 	text: autoDraw = False
64.0782 	EXP 	text: height = 0.05
64.0782 	EXP 	text: height = 0.05
64.0782 	EXP 	text: height = 0.05
64.0782 	EXP 	text: text = 'GBP 11 today or GBP 30 after 7 days'
64.0782 	EXP 	Fixation: autoDraw = True
64.1802 	DATA 	Keypress: t
64.2707 	DATA 	Keypress: l
64.4040 	DATA 	Keypress: t
64.4796 	DATA 	Keypress: l
64.5886 	DATA 	Keypress: t
64.6982 	DATA 	Keypress: l
64.8174 	DATA 	Keypress: t
64.9462 	DATA 	Keypress: l
65.0360 	DATA 	Keypress: t
65.0577 	INFO 	Keyboard events cleared
65.0575 	EXP 	text: autoDraw = True
65.0741 	EXP 	Fixation: autoDraw = False
65.1522 	EXP 	New trial (rep=8, index=2): <Trial 58 (2 in rep 8) data={'reward_today': 67, 'future_reward': 76, 'delay': 119, 'thisN': 58, 'thisTrialN': 2, 'thisRepN': 8}>
65.1585 	DATA 	Keypress: l
65.1645 	EXP 	Fixation: autoDraw = False
65.1645 	EXP 	text: autoDraw = False
65.1645 	EXP 	text: height = 0.05
65.1645 	EXP 	text: height = 0.05
65.1645 	EXP 	text: height = 0.05
65.1645 	EXP 	text: text = 'GBP 67 today or GBP 76 after 119 days'
65.1645 	EXP 	Fixation: autoDraw = True
65.2617 	DATA 	Keypress: t
65.3695 	DATA 	Keypress: l
65.4785 	DATA 	Keypress: t
65.5640 	DATA 	Keypress: l
65.7300 	DATA 	Keypress: t
65.8458 	DATA 	Keypress: l
65.9794 	DATA 	Keypress: t
66.0520 	DATA 	Keypress: l
66.1497 	INFO 	Keyboard events cleared
66.1494 	EXP 	text: autoDraw = True
66.1573 	EXP 	Fixation: autoDraw = False
66.2105 	EXP 	New trial (rep=8, index=3): <Trial 59 (3 in rep 8) data={'reward_today': 15, 'future_reward': 35, 'delay': 13, 'thisN': 59, 'thisTrialN': 3, 'thisRepN': 8}>
66.2173 	DATA 	Keypress: t
66.2245 	EXP 	Fixation: autoDraw = False
66.2245 	EXP 	text: autoDraw = False
66.2245 	EXP 	text: height = 0.05
66.2245 	EXP 	text: height = 0.05
66.2245 	EXP 	text: height = 0.05
66.2245 	EXP 	text: text = 'GBP 15 today or GBP 35 after 13 days'
66.2245 	EXP 	Fixation: autoDraw = True
66.3469 	DATA 	Keypress: l
66.4473 	DATA 	Keypress: t
66.5607 	DATA 	Keypress: l
66.6639 	DATA 	Keypress: t
66.7592 	DATA 	Keypress: l
66.8961 	DATA 	Keypress: t
66.9810 	DATA 	Keypress: l
67.1205 	DATA 	Keypress: t
67.1615 	DATA 	Keypress: l
67.2076 	INFO 	Keyboard events cleared
67.2072 	EXP 	text: autoDraw = True
67.2156 	EXP 	Fixation: autoDraw = False
67.3604 	EXP 	New trial (rep=8, index=4): <Trial 60 (4 in rep 8) data={'reward_today': 27, 'future_reward': 50, 'delay': 21, 'thisN': 60, 'thisTrialN': 4, 'thisRepN': 8}>
67.3673 	DATA 	Keypress: t
67.3728 	EXP 	Fixation: autoDraw = False
67.3728 	EXP 	text: autoDraw = False
67.3728 	EXP 	text: height = 0.05
67.3728 	EXP 	text: height = 0.05
67.3728 	EXP 	text: height = 0.05
67.3728 	EXP 	text: text = 'GBP 27 today or GBP 50 after 21 days'
67.3728 	EXP 	Fixation: autoDraw = True
67.5464 	DATA 	Keypress: l
67.6618 	DATA 	Keypress: t
67.7612 	DATA 	Keypress: l
67.9032 	DATA 	Keypress: t
67.9812 	DATA 	Keypress: l
68.1377 	DATA 	Keypress: t
68.1847 	DATA 	Keypress: l
68.3538 	DATA 	Keypress: t
68.3618 	INFO 	Keyboard events cleared
68.3616 	EXP 	text: autoDraw = True
68.3750 	EXP 	Fixation: autoDraw = False
68.4498 	EXP 	New trial (rep=8, index=5): <Trial 61 (5 in rep 8) data={'reward_today': 49, 'future_reward': 60, 'delay': 89, 'thisN': 61, 'thisTrialN': 5, 'thisRepN': 8}>
68.4560 	DATA 	Keypress: l
68.4621 	EXP 	Fixation: autoDraw = False
68.4621 	EXP 	text: autoDraw = False
68.4621 	EXP 	text: height = 0.05
68.4621 	EXP 	text: height = 0.05
68.4621 	EXP 	text: height = 0.05
68.4621 	EXP 	text: text = 'GBP 49 today or GBP 60 after 89 days'
68.4621 	EXP 	Fixation: autoDraw = True
68.5684 	DATA 	Keypress: t
68.6638 	DATA 	Keypress: l
68.8215 	DATA 	Keypress: t
68.8888 	DATA 	Keypress: l
69.1132 	DATA 	Keypress: t
69.2299 	DATA 	Keypress: l
69.3467 	DATA 	Keypress: t
69.4412 	DATA 	Keypress: l
69.4485 	INFO 	Keyboard events cleared
69.4481 	EXP 	text: autoDraw = True
69.4578 	EXP 	Fixation: autoDraw = False
69.6268 	EXP 	New trial (rep=8, index=6): <Trial 62 (6 in rep 8) data={'reward_today': 78, 'future_reward': 80, 'delay': 162, 'thisN': 62, 'thisTrialN': 6, 'thisRepN': 8}>
69.6331 	DATA 	Keypress: t
69.6388 	EXP 	Fixation: autoDraw = False
69.6388 	EXP 	text: autoDraw = False
69.6388 	EXP 	text: height = 0.05
69.6388 	EXP 	text: height = 0.05
69.6388 	EXP 	text: height = 0.05
69.6388 	EXP 	text: text = 'GBP 78 today or GBP 80 after 162 days'
69.6388 	EXP 	Fixation: autoDraw = True
69.6464 	DATA 	Keypress: l
69.8374 	DATA 	Keypress: l
69.9800 	DATA 	Keypress: t
70.0860 	DATA 	Keypress: l
70.1968 	DATA 	Keypress: t
70.2972 	DATA 	Keypress: l
70.4266 	DATA 	Keypress: t
70.5471 	DATA 	Keypress: l
70.6243 	INFO 	Keyboard events cleared
70.6239 	EXP 	text: autoDraw = True
70.6319 	EXP 	Fixation: autoDraw = False
70.6607 	EXP 	New trial (rep=9, index=0): <Trial 63 (0 in rep 9) data={'reward_today': 27, 'future_reward': 50, 'delay': 21, 'thisN': 63, 'thisTrialN': 0, 'thisRepN': 9}>
70.6671 	DATA 	Keypress: t
70.6742 	EXP 	Fixation: autoDraw = False
70.6742 	EXP 	text: autoDraw = False
70.6742 	EXP 	text: height = 0.05
70.6742 	EXP 	text: height = 0.05
70.6742 	EXP 	text: height = 0.05
70.6742 	EXP 	text: text = 'GBP 27 today or GBP 50 after 21 days'
70.6742 	EXP 	Fixation: autoDraw = True
70.7617 	DATA 	Keypress: l
70.8872 	DATA 	Keypress: t
70.9696 	DATA 	Keypress: l
71.0803 	DATA 	Keypress: t
71.2059 	DATA 	Keypress: l
71.3223 	DATA 	Keypress: t
71.4296 	DATA 	Keypress: l
71.5467 	DATA 	Keypress: t
71.6442 	DATA 	Keypress: l
71.6587 	INFO 	Keyboard events cleared
71.6585 	EXP 	text: autoDraw = True
71.6648 	EXP 	Fixation: autoDraw = False
71.7445 	EXP 	New trial (rep=9, index=1): <Trial 64 (1 in rep 9) data={'reward_today': 49, 'future_reward': 60, 'delay': 89, 'thisN': 64, 'thisTrialN': 1, 'thisRepN': 9}>
71.7540 	DATA 	Keypress: t
71.7605 	EXP 	Fixation: autoDraw = False
71.7605 	EXP 	text: autoDraw = False
71.7605 	EXP 	text: height = 0.05
71.7605 	EXP 	text: height = 0.05
71.7605 	EXP 	text: height = 0.05
71.7605 	EXP 	text: text = 'GBP 49 today or GBP 60 after 89 days'
71.7605 	EXP 	Fixation: autoDraw = True
71.8355 	DATA 	Keypress: l
71.9676 	DATA 	Keypress: t
72.0518 	DATA 	Keypress: l
72.1804 	DATA 	Keypress: t
72.2369 	DATA 	Keypress: l
72.3521 	DATA 	Keypress: t
72.4302 	DATA 	Keypress: l
72.5875 	DATA 	Keypress: t
72.6545 	DATA 	Keypress: l
72.7421 	INFO 	Keyboard events cleared
72.7416 	EXP 	text: autoDraw = True
72.7581 	EXP 	Fixation: autoDraw = False
72.8172 	EXP 	New trial (rep=9, index=2): <Trial 65 (2 in rep 9) data={'reward_today': 11, 'future_reward': 30, 'delay': 7, 'thisN': 65, 'thisTrialN': 2, 'thisRepN': 9}>
72.8241 	DATA 	Keypress: t
72.8296 	EXP 	Fixation: autoDraw = False
72.8296 	EXP 	text: autoDraw = False
72.8296 	EXP 	text: height = 0.05
72.8296 	EXP 	text: height = 0.05
72.8296 	EXP 	text: height = 0.05
72.8296 	EXP 	text: text = 'GBP 11 today or GBP 30 after 7 days'
72.8296 	EXP 	Fixation: autoDraw = True
72.8792 	DATA 	Keypress: l
73.0521 	DATA 	Keypress: t
73.0628 	DATA 	Keypress: l
73.2618 	DATA 	Keypress: t
73.2716 	DATA 	Keypress: l
73.4359 	DATA 	Keypress: l
73.5004 	DATA 	Keypress: t
73.6537 	DATA 	Keypress: l
73.7136 	DATA 	Keypress: t
73.8007 	DATA 	Keypress: l
73.8145 	INFO 	Keyboard events cleared
73.8142 	EXP 	text: autoDraw = True
73.8255 	EXP 	Fixation: autoDraw = False
73.9106 	EXP 	New trial (rep=9, index=3): <Trial 66 (3 in rep 9) data={'reward_today': 40, 'future_reward': 55, 'delay': 62, 'thisN': 66, 'thisTrialN': 3, 'thisRepN': 9}>
73.9165 	DATA 	Keypress: t
73.9238 	EXP 	Fixation: autoDraw = False
73.9238 	EXP 	text: autoDraw = False
73.9238 	EXP 	text: height = 0.05
73.9238 	EXP 	text: height = 0.05
73.9238 	EXP 	text: height = 0.05
73.9238 	EXP 	text: text = 'GBP 40 today or GBP 55 after 62 days'
73.9238 	EXP 	Fixation: autoDraw = True
73.9625 	DATA 	Keypress: l
74.9078 	INFO 	Keyboard events cleared
74.9073 	EXP 	text: autoDraw = True
74.9159 	EXP 	Fixation: autoDraw = False
81.7848 	EXP 	New trial (rep=9, index=4): <Trial 67 (4 in rep 9) data={'reward_today': 67, 'future_reward': 76, 'delay': 119, 'thisN': 67, 'thisTrialN': 4, 'thisRepN': 9}>
81.7968 	DATA 	Keypress: l
81.8038 	EXP 	Fixation: autoDraw = False
81.8038 	EXP 	text: autoDraw = False
81.8038 	EXP 	text: height = 0.05
81.8038 	EXP 	text: height = 0.05
81.8038 	EXP 	text: height = 0.05
81.8038 	EXP 	text: text = 'GBP 67 today or GBP 76 after 119 days'
81.8038 	EXP 	Fixation: autoDraw = True
81.9201 	DATA 	Keypress: t
82.0636 	DATA 	Keypress: l
82.1232 	DATA 	Keypress: t
82.2596 	DATA 	Keypress: l
82.2954 	DATA 	Keypress: t
82.4615 	DATA 	Keypress: l
82.5195 	DATA 	Keypress: t
82.6802 	DATA 	Keypress: l
82.7925 	INFO 	Keyboard events cleared
82.7920 	EXP 	text: autoDraw = True
82.8007 	EXP 	Fixation: autoDraw = False
82.9014 	EXP 	New trial (rep=9, index=5): <Trial 68 (5 in rep 9) data={'reward_today': 78, 'future_reward': 80, 'delay': 162, 'thisN': 68, 'thisTrialN': 5, 'thisRepN': 9}>
82.9118 	DATA 	Keypress: t
82.9174 	EXP 	Fixation: autoDraw = False
82.9174 	EXP 	text: autoDraw = False
82.9174 	EXP 	text: height = 0.05
82.9174 	EXP 	text: height = 0.05
82.9174 	EXP 	text: height = 0.05
82.9174 	EXP 	text: text = 'GBP 78 today or GBP 80 after 162 days'
82.9174 	EXP 	Fixation: autoDraw = True
82.9200 	DATA 	Keypress: l
83.1109 	DATA 	Keypress: l
83.1968 	DATA 	Keypress: t
83.3293 	DATA 	Keypress: l
83.4276 	DATA 	Keypress: t
83.5462 	DATA 	Keypress: l
83.6720 	DATA 	Keypress: t
83.8108 	DATA 	Keypress: l
83.8940 	INFO 	Keyboard events cleared
83.8938 	EXP 	text: autoDraw = True
83.9093 	EXP 	New trial (rep=9, index=6): <Trial 69 (6 in rep 9) data={'reward_today': 15, 'future_reward': 35, 'delay': 13, 'thisN': 69, 'thisTrialN': 6, 'thisRepN': 9}>
83.9147 	DATA 	Keypress: t
83.9210 	EXP 	Fixation: autoDraw = False
83.9210 	EXP 	Fixation: autoDraw = False
83.9210 	EXP 	text: autoDraw = False
83.9210 	EXP 	text: height = 0.05
83.9210 	EXP 	text: height = 0.05
83.9210 	EXP 	text: height = 0.05
83.9210 	EXP 	text: text = 'GBP 15 today or GBP 35 after 13 days'
83.9210 	EXP 	Fixation: autoDraw = True
84.0323 	DATA 	Keypress: l
84.1543 	DATA 	Keypress: t
84.2859 	DATA 	Keypress: l
84.3934 	DATA 	Keypress: t
84.5201 	DATA 	Keypress: l
84.6019 	DATA 	Keypress: t
84.7606 	DATA 	Keypress: l
84.8449 	DATA 	Keypress: t
84.8994 	INFO 	Keyboard events cleared
84.8991 	EXP 	text: autoDraw = True
84.9145 	EXP 	Fixation: autoDraw = False
84.9677 	EXP 	New trial (rep=10, index=0): <Trial 70 (0 in rep 10) data={'reward_today': 78, 'future_reward': 80, 'delay': 162, 'thisN': 70, 'thisTrialN': 0, 'thisRepN': 10}>
84.9737 	DATA 	Keypress: l
84.9794 	EXP 	Fixation: autoDraw = False
84.9794 	EXP 	text: autoDraw = False
84.9794 	EXP 	text: height = 0.05
84.9794 	EXP 	text: height = 0.05
84.9794 	EXP 	text: height = 0.05
84.9794 	EXP 	text: text = 'GBP 78 today or GBP 80 after 162 days'
84.9794 	EXP 	Fixation: autoDraw = True
85.0732 	DATA 	Keypress: t
85.1952 	DATA 	Keypress: l
85.2807 	DATA 	Keypress: t
85.4122 	DATA 	Keypress: l
85.5296 	DATA 	Keypress: t
85.6363 	DATA 	Keypress: l
85.7696 	DATA 	Keypress: t
85.8519 	DATA 	Keypress: l
85.9655 	INFO 	Keyboard events cleared
85.9652 	EXP 	text: autoDraw = True
85.9737 	EXP 	Fixation: autoDraw = False
85.9937 	EXP 	New trial (rep=10, index=1): <Trial 71 (1 in rep 10) data={'reward_today': 11, 'future_reward': 30, 'delay': 7, 'thisN': 71, 'thisTrialN': 1, 'thisRepN': 10}>
85.9997 	DATA 	Keypress: t
86.0053 	EXP 	Fixation: autoDraw = False
86.0053 	EXP 	text: autoDraw = False
86.0053 	EXP 	text: height = 0.05
86.0053 	EXP 	text: height = 0.05
86.0053 	EXP 	text: height = 0.05
86.0053 	EXP 	text: text = 'GBP 11 today or GBP 30 after 7 days'
86.0053 	EXP 	Fixation: autoDraw = True
86.0861 	DATA 	Keypress: l
86.1960 	DATA 	Keypress: t
86.3124 	DATA 	Keypress: l
86.4048 	DATA 	Keypress: t
86.5270 	DATA 	Keypress: l
86.6293 	DATA 	Keypress: t
86.7291 	DATA 	Keypress: l
86.8167 	DATA 	Keypress: t
86.9365 	DATA 	Keypress: l
86.9919 	INFO 	Keyboard events cleared
86.9914 	EXP 	text: autoDraw = True
86.9996 	EXP 	Fixation: autoDraw = False
87.0446 	EXP 	New trial (rep=10, index=2): <Trial 72 (2 in rep 10) data={'reward_today': 27, 'future_reward': 50, 'delay': 21, 'thisN': 72, 'thisTrialN': 2, 'thisRepN': 10}>
87.0522 	DATA 	Keypress: t
87.0577 	EXP 	Fixation: autoDraw = False
87.0577 	EXP 	text: autoDraw = False
87.0577 	EXP 	text: height = 0.05
87.0577 	EXP 	text: height = 0.05
87.0577 	EXP 	text: height = 0.05
87.0577 	EXP 	text: text = 'GBP 27 today or GBP 50 after 21 days'
87.0577 	EXP 	Fixation: autoDraw = True
87.1363 	DATA 	Keypress: l
87.2451 	DATA 	Keypress: t
87.3204 	DATA 	Keypress: l
87.4534 	DATA 	Keypress: t
87.5285 	DATA 	Keypress: l
87.6512 	DATA 	Keypress: t
87.7490 	DATA 	Keypress: l
87.8529 	DATA 	Keypress: t
87.9546 	DATA 	Keypress: l
88.0412 	INFO 	Keyboard events cleared
88.0407 	EXP 	text: autoDraw = True
88.0502 	EXP 	Fixation: autoDraw = False
88.1340 	EXP 	New trial (rep=10, index=3): <Trial 73 (3 in rep 10) data={'reward_today': 40, 'future_reward': 55, 'delay': 62, 'thisN': 73, 'thisTrialN': 3, 'thisRepN': 10}>
88.1450 	DATA 	Keypress: t
88.1512 	EXP 	Fixation: autoDraw = False
88.1512 	EXP 	text: autoDraw = False
88.1512 	EXP 	text: height = 0.05
88.1512 	EXP 	text: height = 0.05
88.1512 	EXP 	text: height = 0.05
88.1512 	EXP 	text: text = 'GBP 40 today or GBP 55 after 62 days'
88.1512 	EXP 	Fixation: autoDraw = True
88.1859 	DATA 	Keypress: l
88.3376 	DATA 	Keypress: t
88.4198 	DATA 	Keypress: l
88.5624 	DATA 	Keypress: t
88.6638 	DATA 	Keypress: l
88.7865 	DATA 	Keypress: t
88.8890 	DATA 	Keypress: l
89.0208 	DATA 	Keypress: t
89.1135 	DATA 	Keypress: l
89.1294 	INFO 	Keyboard events cleared
89.1292 	EXP 	text: autoDraw = True
89.1480 	EXP 	Fixation: autoDraw = False
89.2589 	EXP 	New trial (rep=10, index=4): <Trial 74 (4 in rep 10) data={'reward_today': 49, 'future_reward': 60, 'delay': 89, 'thisN': 74, 'thisTrialN': 4, 'thisRepN': 10}>
89.2648 	DATA 	Keypress: t
89.2707 	EXP 	Fixation: autoDraw = False
89.2707 	EXP 	text: autoDraw = False
89.2707 	EXP 	text: height = 0.05
89.2707 	EXP 	text: height = 0.05
89.2707 	EXP 	text: height = 0.05
89.2707 	EXP 	text: text = 'GBP 49 today or GBP 60 after 89 days'
89.2707 	EXP 	Fixation: autoDraw = True
89.3457 	DATA 	Keypress: l
89.4968 	DATA 	Keypress: t
89.5805 	DATA 	Keypress: l
89.6980 	DATA 	Keypress: t
89.7704 	DATA 	Keypress: l
89.9202 	DATA 	Keypress: t
90.0027 	DATA 	Keypress: l
90.1791 	DATA 	Keypress: t
90.2502 	INFO 	Keyboard events cleared
90.2497 	EXP 	text: autoDraw = True
90.2560 	DATA 	Keypress: l
90.2751 	EXP 	Fixation: autoDraw = False
90.4436 	EXP 	New trial (rep=10, index=5): <Trial 75 (5 in rep 10) data={'reward_today': 67, 'future_reward': 76, 'delay': 119, 'thisN': 75, 'thisTrialN': 5, 'thisRepN': 10}>
90.4509 	DATA 	Keypress: t
90.4567 	EXP 	Fixation: autoDraw = False
90.4567 	EXP 	text: autoDraw = False
90.4567 	EXP 	text: height = 0.05
90.4567 	EXP 	text: height = 0.05
90.4567 	EXP 	text: height = 0.05
90.4567 	EXP 	text: text = 'GBP 67 today or GBP 76 after 119 days'
90.4567 	EXP 	Fixation: autoDraw = True
90.4938 	DATA 	Keypress: l
90.6469 	DATA 	Keypress: t
90.7283 	DATA 	Keypress: l
90.8777 	DATA 	Keypress: t
90.9800 	DATA 	Keypress: l
91.0859 	DATA 	Keypress: t
91.1965 	DATA 	Keypress: l
91.3118 	DATA 	Keypress: t
91.4063 	DATA 	Keypress: l
91.4414 	INFO 	Keyboard events cleared
91.4411 	EXP 	text: autoDraw = True
91.4490 	EXP 	Fixation: autoDraw = False
91.5175 	EXP 	New trial (rep=10, index=6): <Trial 76 (6 in rep 10) data={'reward_today': 15, 'future_reward': 35, 'delay': 13, 'thisN': 76, 'thisTrialN': 6, 'thisRepN': 10}>
91.5239 	DATA 	Keypress: t
91.5293 	EXP 	Fixation: autoDraw = False
91.5293 	EXP 	text: autoDraw = False
91.5293 	EXP 	text: height = 0.05
91.5293 	EXP 	text: height = 0.05
91.5293 	EXP 	text: height = 0.05
91.5293 	EXP 	text: text = 'GBP 15 today or GBP 35 after 13 days'
91.5293 	EXP 	Fixation: autoDraw = True
91.6196 	DATA 	Keypress: l
91.7703 	DATA 	Keypress: t
91.8175 	DATA 	Keypress: l
92.0292 	DATA 	Keypress: l
92.0414 	DATA 	Keypress: t
92.2191 	DATA 	Keypress: l
92.3377 	DATA 	Keypress: t
92.4522 	DATA 	Keypress: l
92.5159 	INFO 	Keyboard events cleared
92.5155 	EXP 	text: autoDraw = True
92.5247 	EXP 	Fixation: autoDraw = False
92.5764 	EXP 	New trial (rep=11, index=0): <Trial 77 (0 in rep 11) data={'reward_today': 15, 'future_reward': 35, 'delay': 13, 'thisN': 77, 'thisTrialN': 0, 'thisRepN': 11}>
92.5795 	DATA 	Keypress: t
92.5859 	EXP 	Fixation: autoDraw = False
92.5859 	EXP 	text: autoDraw = False
92.5859 	EXP 	text: text = 'GBP 15 today or GBP 35 after 13 days'
92.5859 	EXP 	Fixation: autoDraw = True
92.6634 	DATA 	Keypress: l
92.7969 	DATA 	Keypress: t
92.9124 	DATA 	Keypress: l
93.0821 	DATA 	Keypress: t
93.1470 	DATA 	Keypress: l
93.3141 	DATA 	Keypress: t
93.4139 	DATA 	Keypress: l
93.5549 	DATA 	Keypress: t
93.5755 	INFO 	Keyboard events cleared
93.5751 	EXP 	text: autoDraw = True
93.5834 	EXP 	Fixation: autoDraw = False
93.6207 	EXP 	New trial (rep=11, index=1): <Trial 78 (1 in rep 11) data={'reward_today': 49, 'future_reward': 60, 'delay': 89, 'thisN': 78, 'thisTrialN': 1, 'thisRepN': 11}>
93.6291 	DATA 	Keypress: l
93.6352 	EXP 	Fixation: autoDraw = False
93.6352 	EXP 	text: autoDraw = False
93.6352 	EXP 	text: height = 0.05
93.6352 	EXP 	text: height = 0.05
93.6352 	EXP 	text: height = 0.05
93.6352 	EXP 	text: text = 'GBP 49 today or GBP 60 after 89 days'
93.6352 	EXP 	Fixation: autoDraw = True
93.7634 	DATA 	Keypress: t
93.8639 	DATA 	Keypress: l
93.9970 	DATA 	Keypress: t
94.1136 	DATA 	Keypress: l
94.2457 	DATA 	Keypress: t
94.3363 	DATA 	Keypress: l
94.4544 	DATA 	Keypress: t
94.5541 	DATA 	Keypress: l
94.6171 	INFO 	Keyboard events cleared
94.6167 	EXP 	text: autoDraw = True
94.6336 	EXP 	Fixation: autoDraw = False
94.7026 	EXP 	New trial (rep=11, index=2): <Trial 79 (2 in rep 11) data={'reward_today': 78, 'future_reward': 80, 'delay': 162, 'thisN': 79, 'thisTrialN': 2, 'thisRepN': 11}>
94.7132 	DATA 	Keypress: t
94.7204 	EXP 	Fixation: autoDraw = False
94.7204 	EXP 	text: autoDraw = False
94.7204 	EXP 	text: height = 0.05
94.7204 	EXP 	text: height = 0.05
94.7204 	EXP 	text: height = 0.05
94.7204 	EXP 	text: text = 'GBP 78 today or GBP 80 after 162 days'
94.7204 	EXP 	Fixation: autoDraw = True
94.8022 	DATA 	Keypress: l
94.9144 	DATA 	Keypress: t
95.0542 	DATA 	Keypress: l
95.1554 	DATA 	Keypress: t
95.2803 	DATA 	Keypress: l
95.4626 	DATA 	Keypress: t
95.5793 	DATA 	Keypress: l
95.7002 	INFO 	Keyboard events cleared
95.6999 	EXP 	text: autoDraw = True
95.7113 	EXP 	New trial (rep=11, index=3): <Trial 80 (3 in rep 11) data={'reward_today': 11, 'future_reward': 30, 'delay': 7, 'thisN': 80, 'thisTrialN': 3, 'thisRepN': 11}>
95.7181 	DATA 	Keypress: t
95.7238 	EXP 	Fixation: autoDraw = False
95.7238 	EXP 	Fixation: autoDraw = False
95.7238 	EXP 	text: autoDraw = False
95.7238 	EXP 	text: height = 0.05
95.7238 	EXP 	text: height = 0.05
95.7238 	EXP 	text: height = 0.05
95.7238 	EXP 	text: text = 'GBP 11 today or GBP 30 after 7 days'
95.7238 	EXP 	Fixation: autoDraw = True
95.8217 	DATA 	Keypress: l
95.9519 	DATA 	Keypress: t
96.0477 	DATA 	Keypress: l
96.2210 	DATA 	Keypress: t
96.2804 	DATA 	Keypress: l
96.4530 	DATA 	Keypress: t
96.4968 	DATA 	Keypress: l
96.6635 	DATA 	Keypress: t
96.7077 	INFO 	Keyboard events cleared
96.7073 	EXP 	text: autoDraw = True
96.7153 	EXP 	Fixation: autoDraw = False
96.7260 	EXP 	New trial (rep=11, index=4): <Trial 81 (4 in rep 11) data={'reward_today': 67, 'future_reward': 76, 'delay': 119, 'thisN': 81, 'thisTrialN': 4, 'thisRepN': 11}>
96.7327 	DATA 	Keypress: l
96.7392 	EXP 	Fixation: autoDraw = False
96.7392 	EXP 	text: autoDraw = False
96.7392 	EXP 	text: height = 0.05
96.7392 	EXP 	text: height = 0.05
96.7392 	EXP 	text: height = 0.05
96.7392 	EXP 	text: text = 'GBP 67 today or GBP 76 after 119 days'
96.7392 	EXP 	Fixation: autoDraw = True
96.8701 	DATA 	Keypress: t
96.9548 	DATA 	Keypress: l
97.1019 	DATA 	Keypress: t
97.1863 	DATA 	Keypress: l
97.3371 	DATA 	Keypress: t
97.3663 	DATA 	Keypress: l
97.5638 	DATA 	Keypress: t
97.5837 	DATA 	Keypress: l
97.7242 	INFO 	Keyboard events cleared
97.7237 	EXP 	text: autoDraw = True
97.7317 	EXP 	Fixation: autoDraw = False
97.7914 	EXP 	New trial (rep=11, index=5): <Trial 82 (5 in rep 11) data={'reward_today': 40, 'future_reward': 55, 'delay': 62, 'thisN': 82, 'thisTrialN': 5, 'thisRepN': 11}>
97.7983 	DATA 	Keypress: l
97.8038 	EXP 	Fixation: autoDraw = False
97.8038 	EXP 	text: autoDraw = False
97.8038 	EXP 	text: height = 0.05
97.8038 	EXP 	text: height = 0.05
97.8038 	EXP 	text: height = 0.05
97.8038 	EXP 	text: text = 'GBP 40 today or GBP 55 after 62 days'
97.8038 	EXP 	Fixation: autoDraw = True
97.9355 	DATA 	Keypress: t
98.0475 	DATA 	Keypress: l
98.2043 	DATA 	Keypress: t
98.2973 	DATA 	Keypress: l
98.4212 	DATA 	Keypress: t
98.5058 	DATA 	Keypress: l
98.6469 	DATA 	Keypress: t
98.7372 	DATA 	Keypress: l
98.7847 	INFO 	Keyboard events cleared
98.7844 	EXP 	text: autoDraw = True
98.8084 	EXP 	Fixation: autoDraw = False
98.8669 	EXP 	New trial (rep=11, index=6): <Trial 83 (6 in rep 11) data={'reward_today': 27, 'future_reward': 50, 'delay': 21, 'thisN': 83, 'thisTrialN': 6, 'thisRepN': 11}>
98.8741 	DATA 	Keypress: t
98.8799 	EXP 	Fixation: autoDraw = False
98.8799 	EXP 	text: autoDraw = False
98.8799 	EXP 	text: height = 0.05
98.8799 	EXP 	text: height = 0.05
98.8799 	EXP 	text: height = 0.05
98.8799 	EXP 	text: text = 'GBP 27 today or GBP 50 after 21 days'
98.8799 	EXP 	Fixation: autoDraw = True
98.9477 	DATA 	Keypress: l
99.1200 	DATA 	Keypress: t
99.2106 	DATA 	Keypress: l
99.3360 	DATA 	Keypress: t
99.4133 	DATA 	Keypress: l
99.5958 	DATA 	Keypress: t
99.6633 	DATA 	Keypress: l
99.8390 	DATA 	Keypress: t
99.8511 	DATA 	Keypress: l
99.8654 	INFO 	Keyboard events cleared
99.8648 	EXP 	text: autoDraw = True
99.8735 	EXP 	Fixation: autoDraw = False
100.0515 	EXP 	New trial (rep=12, index=0): <Trial 84 (0 in rep 12) data={'reward_today': 15, 'future_reward': 35, 'delay': 13, 'thisN': 84, 'thisTrialN': 0, 'thisRepN': 12}>
100.0585 	DATA 	Keypress: t
100.0640 	EXP 	Fixation: autoDraw = False
100.0640 	EXP 	text: autoDraw = False
100.0640 	EXP 	text: height = 0.05
100.0640 	EXP 	text: height = 0.05
100.0640 	EXP 	text: height = 0.05
100.0640 	EXP 	text: text = 'GBP 15 today or GBP 35 after 13 days'
100.0640 	EXP 	Fixation: autoDraw = True
100.0824 	DATA 	Keypress: l
100.2716 	DATA 	Keypress: l
100.3478 	DATA 	Keypress: t
100.4879 	DATA 	Keypress: l
100.6189 	DATA 	Keypress: t
100.7124 	DATA 	Keypress: l
100.8361 	DATA 	Keypress: t
100.9531 	DATA 	Keypress: l
101.0498 	INFO 	Keyboard events cleared
101.0493 	EXP 	text: autoDraw = True
101.0577 	EXP 	Fixation: autoDraw = False
101.0942 	EXP 	New trial (rep=12, index=1): <Trial 85 (1 in rep 12) data={'reward_today': 27, 'future_reward': 50, 'delay': 21, 'thisN': 85, 'thisTrialN': 1, 'thisRepN': 12}>
101.1013 	DATA 	Keypress: t
101.1084 	EXP 	Fixation: autoDraw = False
101.1084 	EXP 	text: autoDraw = False
101.1084 	EXP 	text: height = 0.05
101.1084 	EXP 	text: height = 0.05
101.1084 	EXP 	text: height = 0.05
101.1084 	EXP 	text: text = 'GBP 27 today or GBP 50 after 21 days'
101.1084 	EXP 	Fixation: autoDraw = True
101.1679 	DATA 	Keypress: l
101.3058 	DATA 	Keypress: t
101.3811 	DATA 	Keypress: l
101.6043 	DATA 	Keypress: l
101.7473 	DATA 	Keypress: t
101.8876 	DATA 	Keypress: l
102.0208 	DATA 	Keypress: t
102.0950 	INFO 	Keyboard events cleared
102.0946 	EXP 	text: autoDraw = True
102.0978 	DATA 	Keypress: l
102.1081 	EXP 	Fixation: autoDraw = False
102.2105 	EXP 	New trial (rep=12, index=2): <Trial 86 (2 in rep 12) data={'reward_today': 40, 'future_reward': 55, 'delay': 62, 'thisN': 86, 'thisTrialN': 2, 'thisRepN': 12}>
102.2171 	DATA 	Keypress: t
102.2241 	EXP 	Fixation: autoDraw = False
102.2241 	EXP 	text: autoDraw = False
102.2241 	EXP 	text: height = 0.05
102.2241 	EXP 	text: height = 0.05
102.2241 	EXP 	text: height = 0.05
102.2241 	EXP 	text: text = 'GBP 40 today or GBP 55 after 62 days'
102.2241 	EXP 	Fixation: autoDraw = True
102.3118 	DATA 	Keypress: l
102.4451 	DATA 	Keypress: t
102.5598 	DATA 	Keypress: l
102.6636 	DATA 	Keypress: t
102.9627 	DATA 	Keypress: t
102.9971 	DATA 	Keypress: l
103.1533 	DATA 	Keypress: t
103.2169 	INFO 	Keyboard events cleared
103.2165 	EXP 	Fixation: autoDraw = False
103.2165 	EXP 	text: autoDraw = True
103.2774 	EXP 	New trial (rep=12, index=3): <Trial 87 (3 in rep 12) data={'reward_today': 78, 'future_reward': 80, 'delay': 162, 'thisN': 87, 'thisTrialN': 3, 'thisRepN': 12}>
103.2836 	DATA 	Keypress: l
103.2907 	EXP 	Fixation: autoDraw = False
103.2907 	EXP 	text: autoDraw = False
103.2907 	EXP 	text: height = 0.05
103.2907 	EXP 	text: height = 0.05
103.2907 	EXP 	text: height = 0.05
103.2907 	EXP 	text: text = 'GBP 78 today or GBP 80 after 162 days'
103.2907 	EXP 	Fixation: autoDraw = True
103.3756 	DATA 	Keypress: t
103.4785 	DATA 	Keypress: l
103.6546 	DATA 	Keypress: t
103.7298 	DATA 	Keypress: l
103.9027 	DATA 	Keypress: t
103.9284 	DATA 	Keypress: l
104.1053 	DATA 	Keypress: t
104.1722 	DATA 	Keypress: l
104.2742 	INFO 	Keyboard events cleared
104.2738 	EXP 	text: autoDraw = True
104.2817 	EXP 	Fixation: autoDraw = False
104.3441 	EXP 	New trial (rep=12, index=4): <Trial 88 (4 in rep 12) data={'reward_today': 11, 'future_reward': 30, 'delay': 7, 'thisN': 88, 'thisTrialN': 4, 'thisRepN': 12}>
104.3508 	DATA 	Keypress: t
104.3565 	EXP 	Fixation: autoDraw = False
104.3565 	EXP 	text: autoDraw = False
104.3565 	EXP 	text: height = 0.05
104.3565 	EXP 	text: height = 0.05
104.3565 	EXP 	text: height = 0.05
104.3565 	EXP 	text: text = 'GBP 11 today or GBP 30 after 7 days'
104.3565 	EXP 	Fixation: autoDraw = True
104.3644 	DATA 	Keypress: l
104.5523 	DATA 	Keypress: t
104.6283 	DATA 	Keypress: l
104.7859 	DATA 	Keypress: t
104.8165 	DATA 	Keypress: l
105.0142 	DATA 	Keypress: t
105.0327 	DATA 	Keypress: l
105.2305 	DATA 	Keypress: l
105.2333 	DATA 	Keypress: t
105.3419 	INFO 	Keyboard events cleared
105.3415 	EXP 	text: autoDraw = True
105.3494 	EXP 	Fixation: autoDraw = False
105.4173 	EXP 	New trial (rep=12, index=5): <Trial 89 (5 in rep 12) data={'reward_today': 67, 'future_reward': 76, 'delay': 119, 'thisN': 89, 'thisTrialN': 5, 'thisRepN': 12}>
105.4245 	DATA 	Keypress: t
105.4258 	DATA 	Keypress: l
105.4318 	EXP 	Fixation: autoDraw = False
105.4318 	EXP 	text: autoDraw = False
105.4318 	EXP 	text: height = 0.05
105.4318 	EXP 	text: height = 0.05
105.4318 	EXP 	text: height = 0.05
105.4318 	EXP 	text: text = 'GBP 67 today or GBP 76 after 119 days'
105.4318 	EXP 	Fixation: autoDraw = True
105.6038 	DATA 	Keypress: l
105.6305 	DATA 	Keypress: t
105.8207 	DATA 	Keypress: l
105.8608 	DATA 	Keypress: t
106.0369 	DATA 	Keypress: l
106.0605 	DATA 	Keypress: t
106.2972 	DATA 	Keypress: l
106.4188 	INFO 	Keyboard events cleared
106.4184 	EXP 	text: autoDraw = True
106.4276 	EXP 	Fixation: autoDraw = False
106.4440 	EXP 	New trial (rep=12, index=6): <Trial 90 (6 in rep 12) data={'reward_today': 49, 'future_reward': 60, 'delay': 89, 'thisN': 90, 'thisTrialN': 6, 'thisRepN': 12}>
106.4522 	DATA 	Keypress: t
106.4593 	EXP 	Fixation: autoDraw = False
106.4593 	EXP 	text: autoDraw = False
106.4593 	EXP 	text: height = 0.05
106.4593 	EXP 	text: height = 0.05
106.4593 	EXP 	text: height = 0.05
106.4593 	EXP 	text: text = 'GBP 49 today or GBP 60 after 89 days'
106.4593 	EXP 	Fixation: autoDraw = True
106.5639 	DATA 	Keypress: l
106.7456 	DATA 	Keypress: t
106.7770 	DATA 	Keypress: l
107.0930 	DATA 	Keypress: t
107.0959 	DATA 	Keypress: l
107.4137 	DATA 	Keypress: l
107.4422 	INFO 	Keyboard events cleared
107.4417 	EXP 	text: autoDraw = True
107.4500 	EXP 	Fixation: autoDraw = False
107.4841 	EXP 	New trial (rep=13, index=0): <Trial 91 (0 in rep 13) data={'reward_today': 49, 'future_reward': 60, 'delay': 89, 'thisN': 91, 'thisTrialN': 0, 'thisRepN': 13}>
107.4871 	DATA 	Keypress: t
107.4943 	EXP 	Fixation: autoDraw = False
107.4943 	EXP 	text: autoDraw = False
107.4943 	EXP 	text: text = 'GBP 49 today or GBP 60 after 89 days'
107.4943 	EXP 	Fixation: autoDraw = True
107.7631 	DATA 	Keypress: l
107.8406 	DATA 	Keypress: t
107.9986 	DATA 	Keypress: l
108.1528 	DATA 	Keypress: t
108.2466 	DATA 	Keypress: l
108.4028 	DATA 	Keypress: t
108.4819 	INFO 	Keyboard events cleared
108.4815 	EXP 	text: autoDraw = True
108.4867 	DATA 	Keypress: l
108.4949 	EXP 	Fixation: autoDraw = False
108.6502 	EXP 	New trial (rep=13, index=1): <Trial 92 (1 in rep 13) data={'reward_today': 27, 'future_reward': 50, 'delay': 21, 'thisN': 92, 'thisTrialN': 1, 'thisRepN': 13}>
108.6565 	DATA 	Keypress: t
108.6622 	EXP 	Fixation: autoDraw = False
108.6622 	EXP 	text: autoDraw = False
108.6622 	EXP 	text: height = 0.05
108.6622 	EXP 	text: height = 0.05
108.6622 	EXP 	text: height = 0.05
108.6622 	EXP 	text: text = 'GBP 27 today or GBP 50 after 21 days'
108.6622 	EXP 	Fixation: autoDraw = True
108.6833 	DATA 	Keypress: l
108.8299 	DATA 	Keypress: t
108.9032 	DATA 	Keypress: l
109.0293 	DATA 	Keypress: t
109.0983 	DATA 	Keypress: l
109.2367 	DATA 	Keypress: t
109.4709 	DATA 	Keypress: l
109.5040 	DATA 	Keypress: t
109.6496 	INFO 	Keyboard events cleared
109.6491 	EXP 	text: autoDraw = True
109.6549 	DATA 	Keypress: t
109.6617 	EXP 	Fixation: autoDraw = False
109.7271 	EXP 	New trial (rep=13, index=2): <Trial 93 (2 in rep 13) data={'reward_today': 67, 'future_reward': 76, 'delay': 119, 'thisN': 93, 'thisTrialN': 2, 'thisRepN': 13}>
109.7330 	DATA 	Keypress: l
109.7388 	EXP 	Fixation: autoDraw = False
109.7388 	EXP 	text: autoDraw = False
109.7388 	EXP 	text: height = 0.05
109.7388 	EXP 	text: height = 0.05
109.7388 	EXP 	text: height = 0.05
109.7388 	EXP 	text: text = 'GBP 67 today or GBP 76 after 119 days'
109.7388 	EXP 	Fixation: autoDraw = True
109.8867 	DATA 	Keypress: t
109.9510 	DATA 	Keypress: l
110.1391 	DATA 	Keypress: l
110.2635 	DATA 	Keypress: t
110.4064 	DATA 	Keypress: l
110.4965 	DATA 	Keypress: t
110.6304 	DATA 	Keypress: l
110.7205 	DATA 	Keypress: t
110.7281 	INFO 	Keyboard events cleared
110.7278 	EXP 	text: autoDraw = True
110.7414 	EXP 	Fixation: autoDraw = False
110.8517 	EXP 	New trial (rep=13, index=3): <Trial 94 (3 in rep 13) data={'reward_today': 15, 'future_reward': 35, 'delay': 13, 'thisN': 94, 'thisTrialN': 3, 'thisRepN': 13}>
110.8592 	DATA 	Keypress: l
110.8654 	EXP 	Fixation: autoDraw = False
110.8654 	EXP 	text: autoDraw = False
110.8654 	EXP 	text: height = 0.05
110.8654 	EXP 	text: height = 0.05
110.8654 	EXP 	text: height = 0.05
110.8654 	EXP 	text: text = 'GBP 15 today or GBP 35 after 13 days'
110.8654 	EXP 	Fixation: autoDraw = True
110.9303 	DATA 	Keypress: t
111.0515 	DATA 	Keypress: l
111.1454 	DATA 	Keypress: t
111.2384 	DATA 	Keypress: l
111.3689 	DATA 	Keypress: t
111.4614 	DATA 	Keypress: l
111.6196 	DATA 	Keypress: t
111.7101 	DATA 	Keypress: l
111.8185 	DATA 	Keypress: t
111.8479 	INFO 	Keyboard events cleared
111.8476 	EXP 	text: autoDraw = True
111.8657 	EXP 	Fixation: autoDraw = False
111.8832 	EXP 	New trial (rep=13, index=4): <Trial 95 (4 in rep 13) data={'reward_today': 78, 'future_reward': 80, 'delay': 162, 'thisN': 95, 'thisTrialN': 4, 'thisRepN': 13}>
111.8892 	DATA 	Keypress: l
111.8954 	EXP 	Fixation: autoDraw = False
111.8954 	EXP 	text: autoDraw = False
111.8954 	EXP 	text: height = 0.05
111.8954 	EXP 	text: height = 0.05
111.8954 	EXP 	text: height = 0.05
111.8954 	EXP 	text: text = 'GBP 78 today or GBP 80 after 162 days'
111.8954 	EXP 	Fixation: autoDraw = True
112.0371 	DATA 	Keypress: t
112.1269 	DATA 	Keypress: l
112.2617 	DATA 	Keypress: t
112.3689 	DATA 	Keypress: l
112.4437 	DATA 	Keypress: t
112.5951 	DATA 	Keypress: l
112.7213 	DATA 	Keypress: t
112.8028 	DATA 	Keypress: l
112.8740 	INFO 	Keyboard events cleared
112.8735 	EXP 	text: autoDraw = True
112.8902 	EXP 	Fixation: autoDraw = False
112.9752 	EXP 	New trial (rep=13, index=5): <Trial 96 (5 in rep 13) data={'reward_today': 11, 'future_reward': 30, 'delay': 7, 'thisN': 96, 'thisTrialN': 5, 'thisRepN': 13}>
112.9823 	DATA 	Keypress: t
112.9881 	EXP 	Fixation: autoDraw = False
112.9881 	EXP 	text: autoDraw = False
112.9881 	EXP 	text: height = 0.05
112.9881 	EXP 	text: height = 0.05
112.9881 	EXP 	text: height = 0.05
112.9881 	EXP 	text: text = 'GBP 11 today or GBP 30 after 7 days'
112.9881 	EXP 	Fixation: autoDraw = True
113.0281 	DATA 	Keypress: l
113.1873 	DATA 	Keypress: t
113.2358 	DATA 	Keypress: l
113.3972 	DATA 	Keypress: t
113.5002 	DATA 	Keypress: l
113.6381 	DATA 	Keypress: t
113.7281 	DATA 	Keypress: l
113.8541 	DATA 	Keypress: t
113.9368 	DATA 	Keypress: l
113.9644 	INFO 	Keyboard events cleared
113.9641 	EXP 	text: autoDraw = True
113.9814 	EXP 	Fixation: autoDraw = False
114.0585 	EXP 	New trial (rep=13, index=6): <Trial 97 (6 in rep 13) data={'reward_today': 40, 'future_reward': 55, 'delay': 62, 'thisN': 97, 'thisTrialN': 6, 'thisRepN': 13}>
114.0639 	DATA 	Keypress: t
114.0695 	EXP 	Fixation: autoDraw = False
114.0695 	EXP 	text: autoDraw = False
114.0695 	EXP 	text: height = 0.05
114.0695 	EXP 	text: height = 0.05
114.0695 	EXP 	text: height = 0.05
114.0695 	EXP 	text: text = 'GBP 40 today or GBP 55 after 62 days'
114.0695 	EXP 	Fixation: autoDraw = True
114.1690 	DATA 	Keypress: l
114.2863 	DATA 	Keypress: t
114.5535 	DATA 	Keypress: l
115.0583 	INFO 	Keyboard events cleared
115.0577 	EXP 	text: autoDraw = True
115.0665 	EXP 	Fixation: autoDraw = False
118.7286 	EXP 	New trial (rep=14, index=0): <Trial 98 (0 in rep 14) data={'reward_today': 67, 'future_reward': 76, 'delay': 119, 'thisN': 98, 'thisTrialN': 0, 'thisRepN': 14}>
118.7385 	DATA 	Keypress: t
118.7459 	EXP 	Fixation: autoDraw = False
118.7459 	EXP 	text: autoDraw = False
118.7459 	EXP 	text: height = 0.05
118.7459 	EXP 	text: height = 0.05
118.7459 	EXP 	text: height = 0.05
118.7459 	EXP 	text: text = 'GBP 67 today or GBP 76 after 119 days'
118.7459 	EXP 	Fixation: autoDraw = True
118.8294 	DATA 	Keypress: l
118.9134 	DATA 	Keypress: t
119.0463 	DATA 	Keypress: l
119.1515 	DATA 	Keypress: t
119.2617 	DATA 	Keypress: l
119.3772 	DATA 	Keypress: t
119.4939 	DATA 	Keypress: l
119.5962 	DATA 	Keypress: t
119.7015 	DATA 	Keypress: l
119.7240 	INFO 	Keyboard events cleared
119.7236 	EXP 	text: autoDraw = True
119.7416 	EXP 	Fixation: autoDraw = False
119.7942 	EXP 	New trial (rep=14, index=1): <Trial 99 (1 in rep 14) data={'reward_today': 27, 'future_reward': 50, 'delay': 21, 'thisN': 99, 'thisTrialN': 1, 'thisRepN': 14}>
119.8001 	DATA 	Keypress: t
119.8071 	EXP 	Fixation: autoDraw = False
119.8071 	EXP 	text: autoDraw = False
119.8071 	EXP 	text: height = 0.05
119.8071 	EXP 	text: height = 0.05
119.8071 	EXP 	text: height = 0.05
119.8071 	EXP 	text: text = 'GBP 27 today or GBP 50 after 21 days'
119.8071 	EXP 	Fixation: autoDraw = True
119.9199 	DATA 	Keypress: l
120.0288 	DATA 	Keypress: t
120.1461 	DATA 	Keypress: l
120.2454 	DATA 	Keypress: t
120.3439 	DATA 	Keypress: l
120.4622 	DATA 	Keypress: t
120.5634 	DATA 	Keypress: l
120.6775 	DATA 	Keypress: t
120.7872 	DATA 	Keypress: l
120.7947 	INFO 	Keyboard events cleared
120.7945 	EXP 	text: autoDraw = True
120.8079 	EXP 	Fixation: autoDraw = False
120.8769 	EXP 	New trial (rep=14, index=2): <Trial 100 (2 in rep 14) data={'reward_today': 15, 'future_reward': 35, 'delay': 13, 'thisN': 100, 'thisTrialN': 2, 'thisRepN': 14}>
120.8829 	DATA 	Keypress: t
120.8890 	EXP 	Fixation: autoDraw = False
120.8890 	EXP 	text: autoDraw = False
120.8890 	EXP 	text: height = 0.05
120.8890 	EXP 	text: height = 0.05
120.8890 	EXP 	text: height = 0.05
120.8890 	EXP 	text: text = 'GBP 15 today or GBP 35 after 13 days'
120.8890 	EXP 	Fixation: autoDraw = True
120.9959 	DATA 	Keypress: l
121.2031 	DATA 	Keypress: l
121.2975 	DATA 	Keypress: t
121.4444 	DATA 	Keypress: l
121.5199 	DATA 	Keypress: t
121.6482 	DATA 	Keypress: l
121.6981 	DATA 	Keypress: t
121.8711 	DATA 	Keypress: l
121.8787 	INFO 	Keyboard events cleared
121.8783 	EXP 	text: autoDraw = True
121.8916 	EXP 	Fixation: autoDraw = False
121.9767 	EXP 	New trial (rep=14, index=3): <Trial 101 (3 in rep 14) data={'reward_today': 40, 'future_reward': 55, 'delay': 62, 'thisN': 101, 'thisTrialN': 3, 'thisRepN': 14}>
121.9835 	DATA 	Keypress: t
121.9892 	EXP 	Fixation: autoDraw = False
121.9892 	EXP 	text: autoDraw = False
121.9892 	EXP 	text: height = 0.05
121.9892 	EXP 	text: height = 0.05
121.9892 	EXP 	text: height = 0.05
121.9892 	EXP 	text: text = 'GBP 40 today or GBP 55 after 62 days'
121.9892 	EXP 	Fixation: autoDraw = True
122.1117 	DATA 	Keypress: l
122.2090 	DATA 	Keypress: t
122.3293 	DATA 	Keypress: l
122.4148 	DATA 	Keypress: t
122.5372 	DATA 	Keypress: l
122.6467 	DATA 	Keypress: t
122.7617 	DATA 	Keypress: l
122.8789 	DATA 	Keypress: t
122.9610 	DATA 	Keypress: l
122.9749 	INFO 	Keyboard events cleared
122.9745 	EXP 	text: autoDraw = True
122.9816 	EXP 	Fixation: autoDraw = False
123.1098 	EXP 	New trial (rep=14, index=4): <Trial 102 (4 in rep 14) data={'reward_today': 78, 'future_reward': 80, 'delay': 162, 'thisN': 102, 'thisTrialN': 4, 'thisRepN': 14}>
123.1160 	DATA 	Keypress: t
123.1216 	EXP 	Fixation: autoDraw = False
123.1216 	EXP 	text: autoDraw = False
123.1216 	EXP 	text: height = 0.05
123.1216 	EXP 	text: height = 0.05
123.1216 	EXP 	text: height = 0.05
123.1216 	EXP 	text: text = 'GBP 78 today or GBP 80 after 162 days'
123.1216 	EXP 	Fixation: autoDraw = True
123.1958 	DATA 	Keypress: l
123.3133 	DATA 	Keypress: t
123.4033 	DATA 	Keypress: l
123.5283 	DATA 	Keypress: t
123.6278 	DATA 	Keypress: l
123.7422 	DATA 	Keypress: t
123.8539 	DATA 	Keypress: l
123.9345 	DATA 	Keypress: t
124.0699 	DATA 	Keypress: l
124.1085 	INFO 	Keyboard events cleared
124.1083 	EXP 	text: autoDraw = True
124.1248 	EXP 	Fixation: autoDraw = False
124.1606 	EXP 	New trial (rep=14, index=5): <Trial 103 (5 in rep 14) data={'reward_today': 49, 'future_reward': 60, 'delay': 89, 'thisN': 103, 'thisTrialN': 5, 'thisRepN': 14}>
124.1672 	DATA 	Keypress: t
124.1744 	EXP 	Fixation: autoDraw = False
124.1744 	EXP 	text: autoDraw = False
124.1744 	EXP 	text: height = 0.05
124.1744 	EXP 	text: height = 0.05
124.1744 	EXP 	text: height = 0.05
124.1744 	EXP 	text: text = 'GBP 49 today or GBP 60 after 89 days'
124.1744 	EXP 	Fixation: autoDraw = True
124.2803 	DATA 	Keypress: l
124.3801 	DATA 	Keypress: t
124.4804 	DATA 	Keypress: l
124.6041 	DATA 	Keypress: t
124.7023 	DATA 	Keypress: l
124.7872 	DATA 	Keypress: t
124.8972 	DATA 	Keypress: l
125.0107 	DATA 	Keypress: t
125.1463 	DATA 	Keypress: l
125.1610 	INFO 	Keyboard events cleared
125.1607 	EXP 	text: autoDraw = True
125.1745 	EXP 	Fixation: autoDraw = False
125.2305 	EXP 	New trial (rep=14, index=6): <Trial 104 (6 in rep 14) data={'reward_today': 11, 'future_reward': 30, 'delay': 7, 'thisN': 104, 'thisTrialN': 6, 'thisRepN': 14}>
125.2368 	DATA 	Keypress: t
125.2441 	EXP 	Fixation: autoDraw = False
125.2441 	EXP 	text: autoDraw = False
125.2441 	EXP 	text: height = 0.05
125.2441 	EXP 	text: height = 0.05
125.2441 	EXP 	text: height = 0.05
125.2441 	EXP 	text: text = 'GBP 11 today or GBP 30 after 7 days'
125.2441 	EXP 	Fixation: autoDraw = True
125.3711 	DATA 	Keypress: l
125.4538 	DATA 	Keypress: t
125.5963 	DATA 	Keypress: l
125.7868 	DATA 	Keypress: t
125.9131 	DATA 	Keypress: l
126.0298 	DATA 	Keypress: t
126.1370 	DATA 	Keypress: l
126.2262 	INFO 	Keyboard events cleared
126.2259 	EXP 	text: autoDraw = True
126.3723 	INFO 	saved data to /Users/sakshi/Desktop/Experiments/Delay Discounting/data/3_Delay Discounting_2024-11-30_15h19.42.202trials.csv
126.3738 	DATA 	Keypress: t
126.3748 	DATA 	Keypress: l
126.3803 	EXP 	Fixation: autoDraw = False
126.3803 	EXP 	Fixation: autoDraw = False
126.3803 	EXP 	text: autoDraw = False
126.3804 	EXP 	Delay Discounting: status = STOPPED
126.3945 	INFO 	saved data to '/Users/sakshi/Desktop/Experiments/Delay Discounting/data/3_Delay Discounting_2024-11-30_15h19.42.202.csv'
126.3952 	INFO 	saved data to /Users/sakshi/Desktop/Experiments/Delay Discounting/data/3_Delay Discounting_2024-11-30_15h19.42.202.psydat
126.6733 	DEBUG 	Saving data for Delay Discounting ExperimentHandler
