7.0613 	INFO 	Loaded monitor calibration from ['2024_10_29 21:52']
7.2181 	EXP 	Created window1 = Window(allowGUI=True, allowStencil=False, autoLog=True, backendConf=UNKNOWN, backgroundFit=<method-wrapper '__getattribute__' of attributeSetter object at 0x7fbb82acc6a0>, backgroundImage=<method-wrapper '__getattribute__' of attributeSetter object at 0x7fbb82acc280>, bitsMode=UNKNOWN, blendMode='avg', bpc=(8, 8, 8), color=array([0, 0, 0]), colorSpace='rgb', depthBits=8, fullscr=False, gamma=None, gammaErrorPolicy='raise', infoMsg=UNKNOWN, lms=UNKNOWN, monitor=<psychopy.monitors.calibTools.Monitor object at 0x7fbb8274e070>, multiSample=False, name='window1', numSamples=2, pos=[0.0, 0.0], screen=0, size=array([3420, 2224]), stencilBits=0, stereo=False, title='PsychoPy', units='height', useFBO=True, useRetina=True, viewOri=0.0, viewPos=None, viewScale=None, waitBlanking=True, winType='pyglet')
7.2181 	EXP 	window1: backgroundImage = ''
7.2182 	EXP 	window1: backgroundFit = 'none'
7.2264 	DEBUG 	TextBox2 loaded 1 chars with 0 blanks and 1 valid
7.2274 	DEBUG 	TextBox2 loaded 1 chars with 0 blanks and 1 valid
7.2285 	DEBUG 	TextBox2 loaded 1 chars with 0 blanks and 1 valid
7.2301 	DEBUG 	TextBox2 loaded 1 chars with 0 blanks and 1 valid
7.2316 	DEBUG 	TextBox2 loaded 1 chars with 0 blanks and 1 valid
7.2321 	DEBUG 	TextBox2 loaded 1 chars with 0 blanks and 1 valid
7.2331 	DEBUG 	TextBox2 loaded 1 chars with 0 blanks and 1 valid
7.2348 	DEBUG 	TextBox2 loaded 1 chars with 0 blanks and 1 valid
7.2349 	DEBUG 	TextBox2 loaded 1 chars with 0 blanks and 1 valid
7.2351 	DEBUG 	TextBox2 loaded 1 chars with 0 blanks and 1 valid
7.2363 	DEBUG 	TextBox2 loaded 1 chars with 0 blanks and 1 valid
7.2373 	DEBUG 	TextBox2 loaded 1 chars with 0 blanks and 1 valid
7.2384 	DEBUG 	TextBox2 loaded 1 chars with 0 blanks and 1 valid
7.2394 	DEBUG 	TextBox2 loaded 1 chars with 0 blanks and 1 valid
7.2402 	DEBUG 	TextBox2 loaded 1 chars with 0 blanks and 1 valid
7.2414 	DEBUG 	TextBox2 loaded 1 chars with 0 blanks and 1 valid
7.2425 	DEBUG 	TextBox2 loaded 1 chars with 0 blanks and 1 valid
7.2429 	DEBUG 	TextBox2 loaded 1 chars with 0 blanks and 1 valid
7.2433 	DEBUG 	TextBox2 loaded 1 chars with 0 blanks and 1 valid
7.2449 	DEBUG 	TextBox2 loaded 1 chars with 0 blanks and 1 valid
7.2452 	DEBUG 	TextBox2 loaded 1 chars with 0 blanks and 1 valid
7.2454 	DEBUG 	Uploading Texture Font fontname to graphics card
7.2483 	DEBUG 	Upload of Texture Font fontname complete
7.2535 	DEBUG 	TextBox2 loaded 1 chars with 0 blanks and 1 valid
7.2550 	DEBUG 	TextBox2 loaded 1 chars with 0 blanks and 1 valid
7.2565 	DEBUG 	TextBox2 loaded 1 chars with 0 blanks and 1 valid
7.2567 	DEBUG 	Uploading Texture Font fontname to graphics card
7.2584 	DEBUG 	Upload of Texture Font fontname complete
7.2596 	EXP 	window1: Attempting to measure frame rate of screen (0) ...
7.2597 	EXP 	window1: recordFrameIntervals = False
7.4355 	EXP 	window1: recordFrameIntervals = True
8.2702 	WARNING 	Couldn't measure a consistent frame rate!
  - Is your graphics card set to sync to vertical blank?
  - Are you running other processes on your computer?

8.2890 	WARNING 	launchHubServer: If using the iohub mouse or eyetracker devices, fullScr should be True.
9.9613 	INFO 	keyboard.Keyboard is using iohub backend.
9.9613 	INFO 	keyboard.Keyboard is using iohub backend.
9.9613 	EXP 	Delay Discounting: status = STARTED
9.9665 	EXP 	Created Fixation = ShapeStim(__class__=<class 'psychopy.visual.shape.ShapeStim'>, anchor=('center', 'center'), autoDraw=False, autoLog=True, closeShape=True, color=method-wrapper(...), colorSpace='rgb', contrast=None, depth=0.0, draggable=False, fillColor=array([1, 1, 1]), fillColorSpace='rgb', fillRGB=array([1, 1, 1]), interpolate=True, lineColor=array([1., 1., 1.]), lineColorSpace='rgb', lineRGB=array([1, 1, 1]), lineWidth=1.0, name='Fixation', opacity=1, ori=0.0, pos=array([0., 0.]), size=array([0.5, 0.5]), units='height', vertices=ndarray(...), win=Window(...), windingRule=None)
9.9707 	EXP 	Created text = TextStim(__class__=<class 'psychopy.visual.text.TextStim'>, alignHoriz=method-wrapper(...), alignText='center', alignVert=method-wrapper(...), anchorHoriz='center', anchorVert='center', antialias=True, autoDraw=False, autoLog=True, bold=False, color=array([1., 1., 1.]), colorSpace='rgb', contrast=1.0, depth=-1.0, draggable=False, flipHoriz=False, flipVert=False, font='Arial', fontFiles=[], height=0.05, italic=False, languageStyle='LTR', name='text', opacity=1, ori=0.0, pos=array([0., 0.]), rgb=UNKNOWN, text='', units='height', win=Window(...), wrapWidth=1)
0.0130 	DEBUG 	Read csv file with pandas: data/Delay Discounting_Conditioning - Sheet1.csv
0.0137 	DEBUG 	Clearing unnamed columns from data/Delay Discounting_Conditioning - Sheet1.csv
0.0141 	EXP 	Imported data/Delay Discounting_Conditioning - Sheet1.csv as conditions, 7 conditions, 3 params
0.0147 	EXP 	New trial (rep=0, index=0): <Trial 0 (0 in rep 0) data={'reward_today': 15, 'future_reward': 35, 'delay': 13, 'thisN': 0, 'thisTrialN': 0, 'thisRepN': 0}>
0.0417 	WARNING 	t of last frame was 32.50ms (=1/30)
0.0417 	EXP 	text: height = 0.05
0.0417 	EXP 	text: height = 0.05
0.0417 	EXP 	text: height = 0.05
0.0417 	EXP 	text: text = 'GBP 15 today or GBP 35 after 13 days'
0.0417 	EXP 	Fixation: autoDraw = True
0.9999 	INFO 	Keyboard events cleared
0.9996 	EXP 	text: autoDraw = True
1.0324 	EXP 	Fixation: autoDraw = False
7.0494 	EXP 	New trial (rep=0, index=1): <Trial 1 (1 in rep 0) data={'reward_today': 11, 'future_reward': 30, 'delay': 7, 'thisN': 1, 'thisTrialN': 1, 'thisRepN': 0}>
7.0589 	DATA 	Keypress: l
7.0667 	WARNING 	t of last frame was 49.79ms (=1/20)
7.0667 	EXP 	Fixation: autoDraw = False
7.0667 	EXP 	text: autoDraw = False
7.0667 	EXP 	text: height = 0.05
7.0667 	EXP 	text: height = 0.05
7.0667 	EXP 	text: height = 0.05
7.0667 	EXP 	text: text = 'GBP 11 today or GBP 30 after 7 days'
7.0667 	EXP 	Fixation: autoDraw = True
8.0430 	INFO 	Keyboard events cleared
8.0423 	EXP 	text: autoDraw = True
8.0597 	EXP 	Fixation: autoDraw = False
8.1350 	EXP 	New trial (rep=0, index=2): <Trial 2 (2 in rep 0) data={'reward_today': 40, 'future_reward': 55, 'delay': 62, 'thisN': 2, 'thisTrialN': 2, 'thisRepN': 0}>
8.1552 	DATA 	Keypress: l
8.1617 	WARNING 	t of last frame was 29.29ms (=1/34)
8.1617 	EXP 	Fixation: autoDraw = False
8.1617 	EXP 	text: autoDraw = False
8.1617 	EXP 	text: height = 0.05
8.1617 	EXP 	text: height = 0.05
8.1617 	EXP 	text: height = 0.05
8.1617 	EXP 	text: text = 'GBP 40 today or GBP 55 after 62 days'
8.1617 	EXP 	Fixation: autoDraw = True
8.3220 	DATA 	Keypress: l
8.5041 	DATA 	Keypress: l
8.6745 	DATA 	Keypress: l
8.7587 	WARNING 	t of last frame was 24.95ms (=1/40)
8.8215 	DATA 	Keypress: l
8.9719 	DATA 	Keypress: l
9.1248 	DATA 	Keypress: l
9.1321 	INFO 	Keyboard events cleared
9.1317 	EXP 	text: autoDraw = True
9.1582 	EXP 	Fixation: autoDraw = False
9.2845 	EXP 	New trial (rep=0, index=3): <Trial 3 (3 in rep 0) data={'reward_today': 67, 'future_reward': 76, 'delay': 119, 'thisN': 3, 'thisTrialN': 3, 'thisRepN': 0}>
9.2936 	DATA 	Keypress: l
9.3000 	EXP 	Fixation: autoDraw = False
9.3000 	EXP 	text: autoDraw = False
9.3000 	EXP 	text: height = 0.05
9.3000 	EXP 	text: height = 0.05
9.3000 	EXP 	text: height = 0.05
9.3000 	EXP 	text: text = 'GBP 67 today or GBP 76 after 119 days'
9.3000 	EXP 	Fixation: autoDraw = True
9.4556 	DATA 	Keypress: l
9.6152 	DATA 	Keypress: l
9.7812 	DATA 	Keypress: l
9.9538 	DATA 	Keypress: l
10.1215 	DATA 	Keypress: l
10.2721 	DATA 	Keypress: l
10.2933 	INFO 	Keyboard events cleared
10.2928 	EXP 	text: autoDraw = True
10.3012 	EXP 	Fixation: autoDraw = False
10.4254 	EXP 	New trial (rep=0, index=4): <Trial 4 (4 in rep 0) data={'reward_today': 78, 'future_reward': 80, 'delay': 162, 'thisN': 4, 'thisTrialN': 4, 'thisRepN': 0}>
10.4326 	DATA 	Keypress: l
10.4389 	EXP 	Fixation: autoDraw = False
10.4389 	EXP 	text: autoDraw = False
10.4389 	EXP 	text: height = 0.05
10.4389 	EXP 	text: height = 0.05
10.4389 	EXP 	text: height = 0.05
10.4389 	EXP 	text: text = 'GBP 78 today or GBP 80 after 162 days'
10.4389 	EXP 	Fixation: autoDraw = True
10.5642 	DATA 	Keypress: l
10.7044 	DATA 	Keypress: l
10.8820 	DATA 	Keypress: t
11.0088 	WARNING 	Multiple dropped frames have occurred - I'll stop bothering you about them!
11.1132 	DATA 	Keypress: t
11.4171 	INFO 	Keyboard events cleared
11.4168 	EXP 	text: autoDraw = True
11.4286 	EXP 	New trial (rep=0, index=5): <Trial 5 (5 in rep 0) data={'reward_today': 27, 'future_reward': 50, 'delay': 21, 'thisN': 5, 'thisTrialN': 5, 'thisRepN': 0}>
11.4384 	DATA 	Keypress: t
11.4464 	EXP 	Fixation: autoDraw = False
11.4464 	EXP 	Fixation: autoDraw = False
11.4464 	EXP 	text: autoDraw = False
11.4464 	EXP 	text: height = 0.05
11.4464 	EXP 	text: height = 0.05
11.4464 	EXP 	text: height = 0.05
11.4464 	EXP 	text: text = 'GBP 27 today or GBP 50 after 21 days'
11.4464 	EXP 	Fixation: autoDraw = True
11.6201 	DATA 	Keypress: t
11.8236 	DATA 	Keypress: t
12.0072 	DATA 	Keypress: t
12.1313 	DATA 	Keypress: t
12.2990 	DATA 	Keypress: t
12.3386 	DATA 	Keypress: l
12.4423 	INFO 	Keyboard events cleared
12.4419 	EXP 	text: autoDraw = True
12.4593 	EXP 	Fixation: autoDraw = False
12.5023 	EXP 	New trial (rep=0, index=6): <Trial 6 (6 in rep 0) data={'reward_today': 49, 'future_reward': 60, 'delay': 89, 'thisN': 6, 'thisTrialN': 6, 'thisRepN': 0}>
12.5099 	DATA 	Keypress: t
12.5162 	EXP 	Fixation: autoDraw = False
12.5162 	EXP 	text: autoDraw = False
12.5162 	EXP 	text: height = 0.05
12.5162 	EXP 	text: height = 0.05
12.5162 	EXP 	text: height = 0.05
12.5162 	EXP 	text: text = 'GBP 49 today or GBP 60 after 89 days'
12.5162 	EXP 	Fixation: autoDraw = True
12.5619 	DATA 	Keypress: l
12.6978 	DATA 	Keypress: t
12.8144 	DATA 	Keypress: l
12.9203 	DATA 	Keypress: t
13.0367 	DATA 	Keypress: l
13.1349 	DATA 	Keypress: t
13.2623 	DATA 	Keypress: l
13.3643 	DATA 	Keypress: t
13.4731 	DATA 	Keypress: l
13.5016 	INFO 	Keyboard events cleared
13.5012 	EXP 	text: autoDraw = True
13.5105 	EXP 	Fixation: autoDraw = False
13.7184 	EXP 	New trial (rep=1, index=0): <Trial 7 (0 in rep 1) data={'reward_today': 15, 'future_reward': 35, 'delay': 13, 'thisN': 7, 'thisTrialN': 0, 'thisRepN': 1}>
13.7294 	DATA 	Keypress: t
13.7357 	EXP 	Fixation: autoDraw = False
13.7357 	EXP 	text: autoDraw = False
13.7357 	EXP 	text: height = 0.05
13.7357 	EXP 	text: height = 0.05
13.7357 	EXP 	text: height = 0.05
13.7357 	EXP 	text: text = 'GBP 15 today or GBP 35 after 13 days'
13.7357 	EXP 	Fixation: autoDraw = True
13.7400 	DATA 	Keypress: l
13.9398 	DATA 	Keypress: l
14.0559 	DATA 	Keypress: t
14.1576 	DATA 	Keypress: l
14.2793 	DATA 	Keypress: t
14.4132 	DATA 	Keypress: l
14.4961 	DATA 	Keypress: t
14.6213 	DATA 	Keypress: l
14.7172 	INFO 	Keyboard events cleared
14.7168 	EXP 	text: autoDraw = True
14.7289 	DATA 	Keypress: t
14.7351 	EXP 	Fixation: autoDraw = False
14.8010 	EXP 	New trial (rep=1, index=1): <Trial 8 (1 in rep 1) data={'reward_today': 49, 'future_reward': 60, 'delay': 89, 'thisN': 8, 'thisTrialN': 1, 'thisRepN': 1}>
14.8128 	EXP 	Fixation: autoDraw = False
14.8128 	EXP 	text: autoDraw = False
14.8128 	EXP 	text: height = 0.05
14.8128 	EXP 	text: height = 0.05
14.8128 	EXP 	text: height = 0.05
14.8128 	EXP 	text: text = 'GBP 49 today or GBP 60 after 89 days'
14.8128 	EXP 	Fixation: autoDraw = True
14.8446 	DATA 	Keypress: l
14.9457 	DATA 	Keypress: t
15.0542 	DATA 	Keypress: l
15.1522 	DATA 	Keypress: t
15.2632 	DATA 	Keypress: l
15.3691 	DATA 	Keypress: t
15.4770 	DATA 	Keypress: l
15.5803 	DATA 	Keypress: t
15.6883 	DATA 	Keypress: l
15.7699 	DATA 	Keypress: t
15.8099 	INFO 	Keyboard events cleared
15.8095 	EXP 	text: autoDraw = True
15.8166 	EXP 	Fixation: autoDraw = False
15.9144 	EXP 	New trial (rep=1, index=2): <Trial 9 (2 in rep 1) data={'reward_today': 27, 'future_reward': 50, 'delay': 21, 'thisN': 9, 'thisTrialN': 2, 'thisRepN': 1}>
15.9207 	DATA 	Keypress: l
15.9417 	EXP 	Fixation: autoDraw = False
15.9417 	EXP 	text: autoDraw = False
15.9417 	EXP 	text: height = 0.05
15.9417 	EXP 	text: height = 0.05
15.9417 	EXP 	text: height = 0.05
15.9417 	EXP 	text: text = 'GBP 27 today or GBP 50 after 21 days'
15.9417 	EXP 	Fixation: autoDraw = True
15.9439 	DATA 	Keypress: t
16.1214 	DATA 	Keypress: t
16.1634 	DATA 	Keypress: l
16.3130 	DATA 	Keypress: t
16.4209 	DATA 	Keypress: l
16.5308 	DATA 	Keypress: t
16.6479 	DATA 	Keypress: l
16.7555 	DATA 	Keypress: t
16.8547 	DATA 	Keypress: l
16.9119 	INFO 	Keyboard events cleared
16.9117 	EXP 	text: autoDraw = True
16.9317 	EXP 	Fixation: autoDraw = False
16.9623 	EXP 	New trial (rep=1, index=3): <Trial 10 (3 in rep 1) data={'reward_today': 67, 'future_reward': 76, 'delay': 119, 'thisN': 10, 'thisTrialN': 3, 'thisRepN': 1}>
16.9679 	DATA 	Keypress: t
16.9751 	EXP 	Fixation: autoDraw = False
16.9751 	EXP 	text: autoDraw = False
16.9751 	EXP 	text: height = 0.05
16.9751 	EXP 	text: height = 0.05
16.9751 	EXP 	text: height = 0.05
16.9751 	EXP 	text: text = 'GBP 67 today or GBP 76 after 119 days'
16.9751 	EXP 	Fixation: autoDraw = True
17.0635 	DATA 	Keypress: l
17.1720 	DATA 	Keypress: t
17.2718 	DATA 	Keypress: l
17.3794 	DATA 	Keypress: t
17.4859 	DATA 	Keypress: l
17.5679 	DATA 	Keypress: t
17.6980 	DATA 	Keypress: l
17.7470 	DATA 	Keypress: t
17.9016 	DATA 	Keypress: l
17.9369 	DATA 	Keypress: t
17.9587 	INFO 	Keyboard events cleared
17.9585 	EXP 	text: autoDraw = True
17.9654 	EXP 	Fixation: autoDraw = False
18.1103 	EXP 	New trial (rep=1, index=4): <Trial 11 (4 in rep 1) data={'reward_today': 78, 'future_reward': 80, 'delay': 162, 'thisN': 11, 'thisTrialN': 4, 'thisRepN': 1}>
18.1162 	DATA 	Keypress: l
18.1226 	EXP 	Fixation: autoDraw = False
18.1226 	EXP 	text: autoDraw = False
18.1226 	EXP 	text: height = 0.05
18.1226 	EXP 	text: height = 0.05
18.1226 	EXP 	text: height = 0.05
18.1226 	EXP 	text: text = 'GBP 78 today or GBP 80 after 162 days'
18.1226 	EXP 	Fixation: autoDraw = True
18.1247 	DATA 	Keypress: t
18.2814 	DATA 	Keypress: t
18.3304 	DATA 	Keypress: l
18.4645 	DATA 	Keypress: t
18.5481 	DATA 	Keypress: l
18.6624 	DATA 	Keypress: t
18.7689 	DATA 	Keypress: l
18.8879 	DATA 	Keypress: t
18.9969 	DATA 	Keypress: l
19.1085 	INFO 	Keyboard events cleared
19.1080 	EXP 	text: autoDraw = True
19.1164 	EXP 	Fixation: autoDraw = False
19.1185 	EXP 	New trial (rep=1, index=5): <Trial 12 (5 in rep 1) data={'reward_today': 11, 'future_reward': 30, 'delay': 7, 'thisN': 12, 'thisTrialN': 5, 'thisRepN': 1}>
19.1244 	DATA 	Keypress: t
19.1300 	EXP 	Fixation: autoDraw = False
19.1300 	EXP 	text: autoDraw = False
19.1300 	EXP 	text: height = 0.05
19.1300 	EXP 	text: height = 0.05
19.1300 	EXP 	text: height = 0.05
19.1300 	EXP 	text: text = 'GBP 11 today or GBP 30 after 7 days'
19.1300 	EXP 	Fixation: autoDraw = True
19.2148 	DATA 	Keypress: l
19.3197 	DATA 	Keypress: t
19.4306 	DATA 	Keypress: l
19.5304 	DATA 	Keypress: t
19.6546 	DATA 	Keypress: l
19.7621 	DATA 	Keypress: t
19.8726 	DATA 	Keypress: l
19.9818 	DATA 	Keypress: t
20.0971 	DATA 	Keypress: l
20.1131 	INFO 	Keyboard events cleared
20.1129 	EXP 	text: autoDraw = True
20.1258 	EXP 	Fixation: autoDraw = False
20.2195 	EXP 	New trial (rep=1, index=6): <Trial 13 (6 in rep 1) data={'reward_today': 40, 'future_reward': 55, 'delay': 62, 'thisN': 13, 'thisTrialN': 6, 'thisRepN': 1}>
20.2274 	DATA 	Keypress: t
20.2336 	EXP 	Fixation: autoDraw = False
20.2336 	EXP 	text: autoDraw = False
20.2336 	EXP 	text: height = 0.05
20.2336 	EXP 	text: height = 0.05
20.2336 	EXP 	text: height = 0.05
20.2336 	EXP 	text: text = 'GBP 40 today or GBP 55 after 62 days'
20.2336 	EXP 	Fixation: autoDraw = True
20.3246 	DATA 	Keypress: l
20.4476 	DATA 	Keypress: t
20.5523 	DATA 	Keypress: l
20.6533 	DATA 	Keypress: t
20.7688 	DATA 	Keypress: l
20.8810 	DATA 	Keypress: t
20.9978 	DATA 	Keypress: l
21.0999 	DATA 	Keypress: t
21.2139 	DATA 	Keypress: l
21.2206 	INFO 	Keyboard events cleared
21.2203 	EXP 	text: autoDraw = True
21.2282 	EXP 	Fixation: autoDraw = False
21.3119 	EXP 	New trial (rep=2, index=0): <Trial 14 (0 in rep 2) data={'reward_today': 40, 'future_reward': 55, 'delay': 62, 'thisN': 14, 'thisTrialN': 0, 'thisRepN': 2}>
21.3142 	DATA 	Keypress: t
21.3207 	EXP 	Fixation: autoDraw = False
21.3207 	EXP 	text: autoDraw = False
21.3207 	EXP 	text: text = 'GBP 40 today or GBP 55 after 62 days'
21.3207 	EXP 	Fixation: autoDraw = True
21.4291 	DATA 	Keypress: l
21.5318 	DATA 	Keypress: t
21.6320 	DATA 	Keypress: l
21.7479 	DATA 	Keypress: t
21.8379 	DATA 	Keypress: l
21.9627 	DATA 	Keypress: t
22.0724 	DATA 	Keypress: l
22.1870 	DATA 	Keypress: t
22.3002 	DATA 	Keypress: l
22.3084 	INFO 	Keyboard events cleared
22.3081 	EXP 	text: autoDraw = True
22.3159 	EXP 	Fixation: autoDraw = False
22.4174 	EXP 	New trial (rep=2, index=1): <Trial 15 (1 in rep 2) data={'reward_today': 67, 'future_reward': 76, 'delay': 119, 'thisN': 15, 'thisTrialN': 1, 'thisRepN': 2}>
22.4235 	DATA 	Keypress: t
22.4298 	EXP 	Fixation: autoDraw = False
22.4298 	EXP 	text: autoDraw = False
22.4298 	EXP 	text: height = 0.05
22.4298 	EXP 	text: height = 0.05
22.4298 	EXP 	text: height = 0.05
22.4298 	EXP 	text: text = 'GBP 67 today or GBP 76 after 119 days'
22.4298 	EXP 	Fixation: autoDraw = True
22.5281 	DATA 	Keypress: l
22.6308 	DATA 	Keypress: t
22.7553 	DATA 	Keypress: l
22.8821 	DATA 	Keypress: t
22.9802 	DATA 	Keypress: l
23.1137 	DATA 	Keypress: t
23.1901 	DATA 	Keypress: l
23.3301 	DATA 	Keypress: t
23.4170 	INFO 	Keyboard events cleared
23.4168 	EXP 	text: autoDraw = True
23.4194 	DATA 	Keypress: l
23.4265 	EXP 	Fixation: autoDraw = False
23.5364 	EXP 	New trial (rep=2, index=2): <Trial 16 (2 in rep 2) data={'reward_today': 78, 'future_reward': 80, 'delay': 162, 'thisN': 16, 'thisTrialN': 2, 'thisRepN': 2}>
23.5425 	DATA 	Keypress: t
23.5487 	EXP 	Fixation: autoDraw = False
23.5487 	EXP 	text: autoDraw = False
23.5487 	EXP 	text: height = 0.05
23.5487 	EXP 	text: height = 0.05
23.5487 	EXP 	text: height = 0.05
23.5487 	EXP 	text: text = 'GBP 78 today or GBP 80 after 162 days'
23.5487 	EXP 	Fixation: autoDraw = True
23.6292 	DATA 	Keypress: l
23.7469 	DATA 	Keypress: t
23.8705 	DATA 	Keypress: l
23.9818 	DATA 	Keypress: t
24.0876 	DATA 	Keypress: l
24.1968 	DATA 	Keypress: t
24.3209 	DATA 	Keypress: l
24.4363 	DATA 	Keypress: t
24.5351 	INFO 	Keyboard events cleared
24.5347 	EXP 	text: autoDraw = True
24.5397 	DATA 	Keypress: l
24.5466 	EXP 	Fixation: autoDraw = False
24.6106 	EXP 	New trial (rep=2, index=3): <Trial 17 (3 in rep 2) data={'reward_today': 11, 'future_reward': 30, 'delay': 7, 'thisN': 17, 'thisTrialN': 3, 'thisRepN': 2}>
24.6212 	EXP 	Fixation: autoDraw = False
24.6212 	EXP 	text: autoDraw = False
24.6212 	EXP 	text: height = 0.05
24.6212 	EXP 	text: height = 0.05
24.6212 	EXP 	text: height = 0.05
24.6212 	EXP 	text: text = 'GBP 11 today or GBP 30 after 7 days'
24.6212 	EXP 	Fixation: autoDraw = True
24.6691 	DATA 	Keypress: t
24.7942 	DATA 	Keypress: l
24.9289 	DATA 	Keypress: t
25.0133 	DATA 	Keypress: l
25.1528 	DATA 	Keypress: t
25.2811 	DATA 	Keypress: l
25.3876 	DATA 	Keypress: t
25.4968 	DATA 	Keypress: l
25.5855 	DATA 	Keypress: t
25.6097 	INFO 	Keyboard events cleared
25.6094 	EXP 	text: autoDraw = True
25.6172 	EXP 	Fixation: autoDraw = False
25.7014 	EXP 	New trial (rep=2, index=4): <Trial 18 (4 in rep 2) data={'reward_today': 15, 'future_reward': 35, 'delay': 13, 'thisN': 18, 'thisTrialN': 4, 'thisRepN': 2}>
25.7074 	DATA 	Keypress: l
25.7132 	EXP 	Fixation: autoDraw = False
25.7132 	EXP 	text: autoDraw = False
25.7132 	EXP 	text: height = 0.05
25.7132 	EXP 	text: height = 0.05
25.7132 	EXP 	text: height = 0.05
25.7132 	EXP 	text: text = 'GBP 15 today or GBP 35 after 13 days'
25.7132 	EXP 	Fixation: autoDraw = True
25.8141 	DATA 	Keypress: t
25.9452 	DATA 	Keypress: l
26.0321 	DATA 	Keypress: t
26.1799 	DATA 	Keypress: l
26.3060 	DATA 	Keypress: t
26.4381 	DATA 	Keypress: l
26.5712 	DATA 	Keypress: t
26.6523 	DATA 	Keypress: l
26.6999 	INFO 	Keyboard events cleared
26.6995 	EXP 	text: autoDraw = True
26.7082 	EXP 	Fixation: autoDraw = False
26.7439 	EXP 	New trial (rep=2, index=5): <Trial 19 (5 in rep 2) data={'reward_today': 49, 'future_reward': 60, 'delay': 89, 'thisN': 19, 'thisTrialN': 5, 'thisRepN': 2}>
26.7495 	DATA 	Keypress: t
26.7590 	EXP 	Fixation: autoDraw = False
26.7590 	EXP 	text: autoDraw = False
26.7590 	EXP 	text: height = 0.05
26.7590 	EXP 	text: height = 0.05
26.7590 	EXP 	text: height = 0.05
26.7590 	EXP 	text: text = 'GBP 49 today or GBP 60 after 89 days'
26.7590 	EXP 	Fixation: autoDraw = True
26.8802 	DATA 	Keypress: l
26.9855 	DATA 	Keypress: t
27.1370 	DATA 	Keypress: l
27.2377 	DATA 	Keypress: t
27.3360 	DATA 	Keypress: l
27.4480 	DATA 	Keypress: t
27.5625 	DATA 	Keypress: l
27.6694 	DATA 	Keypress: t
27.7417 	INFO 	Keyboard events cleared
27.7413 	EXP 	text: autoDraw = True
27.7582 	EXP 	Fixation: autoDraw = False
27.8004 	EXP 	New trial (rep=2, index=6): <Trial 20 (6 in rep 2) data={'reward_today': 27, 'future_reward': 50, 'delay': 21, 'thisN': 20, 'thisTrialN': 6, 'thisRepN': 2}>
27.8069 	DATA 	Keypress: l
27.8130 	EXP 	Fixation: autoDraw = False
27.8130 	EXP 	text: autoDraw = False
27.8130 	EXP 	text: height = 0.05
27.8130 	EXP 	text: height = 0.05
27.8130 	EXP 	text: height = 0.05
27.8130 	EXP 	text: text = 'GBP 27 today or GBP 50 after 21 days'
27.8130 	EXP 	Fixation: autoDraw = True
27.9199 	DATA 	Keypress: t
28.0127 	DATA 	Keypress: l
28.1474 	DATA 	Keypress: t
28.2375 	DATA 	Keypress: l
28.5052 	DATA 	Keypress: l
28.6482 	DATA 	Keypress: t
28.7376 	DATA 	Keypress: l
28.7915 	INFO 	Keyboard events cleared
28.7913 	EXP 	text: autoDraw = True
28.8093 	EXP 	Fixation: autoDraw = False
28.8608 	EXP 	New trial (rep=3, index=0): <Trial 21 (0 in rep 3) data={'reward_today': 15, 'future_reward': 35, 'delay': 13, 'thisN': 21, 'thisTrialN': 0, 'thisRepN': 3}>
28.8675 	DATA 	Keypress: t
28.8733 	EXP 	Fixation: autoDraw = False
28.8733 	EXP 	text: autoDraw = False
28.8733 	EXP 	text: height = 0.05
28.8733 	EXP 	text: height = 0.05
28.8733 	EXP 	text: height = 0.05
28.8733 	EXP 	text: text = 'GBP 15 today or GBP 35 after 13 days'
28.8733 	EXP 	Fixation: autoDraw = True
28.9864 	DATA 	Keypress: l
29.1139 	DATA 	Keypress: t
29.2139 	DATA 	Keypress: l
29.3376 	DATA 	Keypress: t
29.4300 	DATA 	Keypress: l
29.5552 	DATA 	Keypress: t
29.6450 	DATA 	Keypress: l
29.7640 	DATA 	Keypress: t
29.8471 	DATA 	Keypress: l
29.8608 	INFO 	Keyboard events cleared
29.8606 	EXP 	text: autoDraw = True
29.8675 	EXP 	Fixation: autoDraw = False
29.9782 	EXP 	New trial (rep=3, index=1): <Trial 22 (1 in rep 3) data={'reward_today': 78, 'future_reward': 80, 'delay': 162, 'thisN': 22, 'thisTrialN': 1, 'thisRepN': 3}>
29.9840 	DATA 	Keypress: t
29.9897 	EXP 	Fixation: autoDraw = False
29.9897 	EXP 	text: autoDraw = False
29.9897 	EXP 	text: height = 0.05
29.9897 	EXP 	text: height = 0.05
29.9897 	EXP 	text: height = 0.05
29.9897 	EXP 	text: text = 'GBP 78 today or GBP 80 after 162 days'
29.9897 	EXP 	Fixation: autoDraw = True
30.0961 	DATA 	Keypress: l
30.2063 	DATA 	Keypress: t
30.3210 	DATA 	Keypress: l
30.4271 	DATA 	Keypress: t
30.5520 	DATA 	Keypress: l
30.6511 	DATA 	Keypress: t
30.7709 	DATA 	Keypress: l
30.8644 	DATA 	Keypress: t
30.9753 	INFO 	Keyboard events cleared
30.9747 	EXP 	text: autoDraw = True
30.9855 	EXP 	Fixation: autoDraw = False
30.9864 	EXP 	New trial (rep=3, index=2): <Trial 23 (2 in rep 3) data={'reward_today': 40, 'future_reward': 55, 'delay': 62, 'thisN': 23, 'thisTrialN': 2, 'thisRepN': 3}>
30.9929 	DATA 	Keypress: l
30.9992 	EXP 	Fixation: autoDraw = False
30.9992 	EXP 	text: autoDraw = False
30.9992 	EXP 	text: height = 0.05
30.9992 	EXP 	text: height = 0.05
30.9992 	EXP 	text: height = 0.05
30.9992 	EXP 	text: text = 'GBP 40 today or GBP 55 after 62 days'
30.9992 	EXP 	Fixation: autoDraw = True
31.0962 	DATA 	Keypress: t
31.2131 	DATA 	Keypress: l
31.4650 	DATA 	Keypress: l
31.5523 	DATA 	Keypress: t
31.6857 	DATA 	Keypress: l
31.7859 	DATA 	Keypress: t
31.9290 	DATA 	Keypress: l
31.9854 	INFO 	Keyboard events cleared
31.9849 	EXP 	text: autoDraw = True
32.0090 	EXP 	Fixation: autoDraw = False
32.0113 	EXP 	New trial (rep=3, index=3): <Trial 24 (3 in rep 3) data={'reward_today': 27, 'future_reward': 50, 'delay': 21, 'thisN': 24, 'thisTrialN': 3, 'thisRepN': 3}>
32.0178 	DATA 	Keypress: t
32.0240 	EXP 	Fixation: autoDraw = False
32.0240 	EXP 	text: autoDraw = False
32.0240 	EXP 	text: height = 0.05
32.0240 	EXP 	text: height = 0.05
32.0240 	EXP 	text: height = 0.05
32.0240 	EXP 	text: text = 'GBP 27 today or GBP 50 after 21 days'
32.0240 	EXP 	Fixation: autoDraw = True
32.1470 	DATA 	Keypress: l
32.2617 	DATA 	Keypress: t
32.3637 	DATA 	Keypress: l
32.4788 	DATA 	Keypress: t
32.6199 	DATA 	Keypress: l
32.7289 	DATA 	Keypress: t
32.8544 	DATA 	Keypress: l
32.9537 	DATA 	Keypress: t
33.0092 	INFO 	Keyboard events cleared
33.0087 	EXP 	text: autoDraw = True
33.0166 	EXP 	Fixation: autoDraw = False
33.0949 	EXP 	New trial (rep=3, index=4): <Trial 25 (4 in rep 3) data={'reward_today': 49, 'future_reward': 60, 'delay': 89, 'thisN': 25, 'thisTrialN': 4, 'thisRepN': 3}>
33.1019 	DATA 	Keypress: l
33.1075 	EXP 	Fixation: autoDraw = False
33.1075 	EXP 	text: autoDraw = False
33.1075 	EXP 	text: height = 0.05
33.1075 	EXP 	text: height = 0.05
33.1075 	EXP 	text: height = 0.05
33.1075 	EXP 	text: text = 'GBP 49 today or GBP 60 after 89 days'
33.1075 	EXP 	Fixation: autoDraw = True
33.2694 	DATA 	Keypress: t
33.3553 	DATA 	Keypress: l
33.5028 	DATA 	Keypress: t
33.6018 	DATA 	Keypress: l
33.7201 	DATA 	Keypress: t
33.8298 	DATA 	Keypress: l
34.0383 	DATA 	Keypress: t
34.1099 	INFO 	Keyboard events cleared
34.1095 	EXP 	Fixation: autoDraw = False
34.1095 	EXP 	text: autoDraw = True
34.1282 	EXP 	New trial (rep=3, index=5): <Trial 26 (5 in rep 3) data={'reward_today': 11, 'future_reward': 30, 'delay': 7, 'thisN': 26, 'thisTrialN': 5, 'thisRepN': 3}>
34.1350 	DATA 	Keypress: l
34.1409 	EXP 	Fixation: autoDraw = False
34.1409 	EXP 	text: autoDraw = False
34.1409 	EXP 	text: height = 0.05
34.1409 	EXP 	text: height = 0.05
34.1409 	EXP 	text: height = 0.05
34.1409 	EXP 	text: text = 'GBP 11 today or GBP 30 after 7 days'
34.1409 	EXP 	Fixation: autoDraw = True
34.2619 	DATA 	Keypress: t
34.3458 	DATA 	Keypress: l
34.4633 	DATA 	Keypress: t
34.5624 	DATA 	Keypress: l
34.6625 	DATA 	Keypress: t
34.7803 	DATA 	Keypress: l
34.8676 	DATA 	Keypress: t
35.0014 	DATA 	Keypress: l
35.1228 	DATA 	Keypress: t
35.1296 	INFO 	Keyboard events cleared
35.1294 	EXP 	text: autoDraw = True
35.1424 	EXP 	Fixation: autoDraw = False
35.2446 	EXP 	New trial (rep=3, index=6): <Trial 27 (6 in rep 3) data={'reward_today': 67, 'future_reward': 76, 'delay': 119, 'thisN': 27, 'thisTrialN': 6, 'thisRepN': 3}>
35.2509 	DATA 	Keypress: l
35.2580 	EXP 	Fixation: autoDraw = False
35.2580 	EXP 	text: autoDraw = False
35.2580 	EXP 	text: height = 0.05
35.2580 	EXP 	text: height = 0.05
35.2580 	EXP 	text: height = 0.05
35.2580 	EXP 	text: text = 'GBP 67 today or GBP 76 after 119 days'
35.2580 	EXP 	Fixation: autoDraw = True
35.3480 	DATA 	Keypress: t
35.4634 	DATA 	Keypress: l
35.6138 	DATA 	Keypress: t
35.6943 	DATA 	Keypress: l
35.8044 	DATA 	Keypress: t
35.8969 	DATA 	Keypress: l
36.0221 	DATA 	Keypress: t
36.1168 	DATA 	Keypress: l
36.2224 	DATA 	Keypress: t
36.2425 	INFO 	Keyboard events cleared
36.2423 	EXP 	text: autoDraw = True
36.2484 	EXP 	Fixation: autoDraw = False
36.3278 	EXP 	New trial (rep=4, index=0): <Trial 28 (0 in rep 4) data={'reward_today': 67, 'future_reward': 76, 'delay': 119, 'thisN': 28, 'thisTrialN': 0, 'thisRepN': 4}>
36.3303 	DATA 	Keypress: l
36.3366 	EXP 	Fixation: autoDraw = False
36.3366 	EXP 	text: autoDraw = False
36.3366 	EXP 	text: text = 'GBP 67 today or GBP 76 after 119 days'
36.3366 	EXP 	Fixation: autoDraw = True
36.4152 	DATA 	Keypress: t
36.5572 	DATA 	Keypress: l
36.6401 	DATA 	Keypress: t
36.7635 	DATA 	Keypress: l
36.8459 	DATA 	Keypress: t
36.9964 	DATA 	Keypress: l
37.0301 	DATA 	Keypress: t
37.2209 	DATA 	Keypress: l
37.2330 	DATA 	Keypress: t
37.3255 	INFO 	Keyboard events cleared
37.3250 	EXP 	text: autoDraw = True
37.3332 	EXP 	Fixation: autoDraw = False
37.4274 	EXP 	New trial (rep=4, index=1): <Trial 29 (1 in rep 4) data={'reward_today': 27, 'future_reward': 50, 'delay': 21, 'thisN': 29, 'thisTrialN': 1, 'thisRepN': 4}>
37.4332 	DATA 	Keypress: l
37.4389 	EXP 	Fixation: autoDraw = False
37.4389 	EXP 	text: autoDraw = False
37.4389 	EXP 	text: height = 0.05
37.4389 	EXP 	text: height = 0.05
37.4389 	EXP 	text: height = 0.05
37.4389 	EXP 	text: text = 'GBP 27 today or GBP 50 after 21 days'
37.4389 	EXP 	Fixation: autoDraw = True
37.4489 	DATA 	Keypress: t
37.6556 	DATA 	Keypress: l
37.6572 	DATA 	Keypress: t
37.8371 	DATA 	Keypress: t
37.8476 	DATA 	Keypress: l
38.0211 	DATA 	Keypress: t
38.0454 	DATA 	Keypress: l
38.2126 	DATA 	Keypress: t
38.2329 	DATA 	Keypress: l
38.3960 	DATA 	Keypress: t
38.4172 	INFO 	Keyboard events cleared
38.4170 	EXP 	text: autoDraw = True
38.4323 	EXP 	Fixation: autoDraw = False
38.4335 	EXP 	New trial (rep=4, index=2): <Trial 30 (2 in rep 4) data={'reward_today': 78, 'future_reward': 80, 'delay': 162, 'thisN': 30, 'thisTrialN': 2, 'thisRepN': 4}>
38.4394 	DATA 	Keypress: l
38.4463 	EXP 	Fixation: autoDraw = False
38.4463 	EXP 	text: autoDraw = False
38.4463 	EXP 	text: height = 0.05
38.4463 	EXP 	text: height = 0.05
38.4463 	EXP 	text: height = 0.05
38.4463 	EXP 	text: text = 'GBP 78 today or GBP 80 after 162 days'
38.4463 	EXP 	Fixation: autoDraw = True
38.5885 	DATA 	Keypress: t
38.6119 	DATA 	Keypress: l
38.7533 	DATA 	Keypress: t
38.7696 	DATA 	Keypress: l
38.9265 	DATA 	Keypress: t
38.9351 	DATA 	Keypress: l
39.1034 	DATA 	Keypress: t
39.1275 	DATA 	Keypress: l
39.2639 	DATA 	Keypress: t
39.2837 	DATA 	Keypress: l
39.4349 	INFO 	Keyboard events cleared
39.4344 	EXP 	text: autoDraw = True
39.4420 	DATA 	Keypress: t
39.4434 	DATA 	Keypress: l
39.4493 	EXP 	Fixation: autoDraw = False
39.4501 	EXP 	New trial (rep=4, index=3): <Trial 31 (3 in rep 4) data={'reward_today': 40, 'future_reward': 55, 'delay': 62, 'thisN': 31, 'thisTrialN': 3, 'thisRepN': 4}>
39.4613 	EXP 	Fixation: autoDraw = False
39.4613 	EXP 	text: autoDraw = False
39.4613 	EXP 	text: height = 0.05
39.4613 	EXP 	text: height = 0.05
39.4613 	EXP 	text: height = 0.05
39.4613 	EXP 	text: text = 'GBP 40 today or GBP 55 after 62 days'
39.4613 	EXP 	Fixation: autoDraw = True
39.6281 	DATA 	Keypress: l
39.6439 	DATA 	Keypress: t
39.7973 	DATA 	Keypress: l
39.7994 	DATA 	Keypress: t
39.9712 	DATA 	Keypress: l
39.9727 	DATA 	Keypress: t
40.1307 	DATA 	Keypress: l
40.1678 	DATA 	Keypress: t
40.3044 	DATA 	Keypress: l
40.4427 	INFO 	Keyboard events cleared
40.4423 	EXP 	text: autoDraw = True
40.4586 	EXP 	Fixation: autoDraw = False
40.5352 	EXP 	New trial (rep=4, index=4): <Trial 32 (4 in rep 4) data={'reward_today': 11, 'future_reward': 30, 'delay': 7, 'thisN': 32, 'thisTrialN': 4, 'thisRepN': 4}>
40.5453 	DATA 	Keypress: t
40.5516 	EXP 	Fixation: autoDraw = False
40.5516 	EXP 	text: autoDraw = False
40.5516 	EXP 	text: height = 0.05
40.5516 	EXP 	text: height = 0.05
40.5516 	EXP 	text: height = 0.05
40.5516 	EXP 	text: text = 'GBP 11 today or GBP 30 after 7 days'
40.5516 	EXP 	Fixation: autoDraw = True
40.7315 	DATA 	Keypress: l
40.7438 	DATA 	Keypress: t
40.8878 	DATA 	Keypress: l
40.9191 	DATA 	Keypress: t
41.0479 	DATA 	Keypress: l
41.0951 	DATA 	Keypress: t
41.2209 	DATA 	Keypress: l
41.3516 	DATA 	Keypress: t
41.3966 	DATA 	Keypress: l
41.5331 	INFO 	Keyboard events cleared
41.5329 	EXP 	text: autoDraw = True
41.5488 	EXP 	Fixation: autoDraw = False
64.8933 	EXP 	New trial (rep=4, index=5): <Trial 33 (5 in rep 4) data={'reward_today': 49, 'future_reward': 60, 'delay': 89, 'thisN': 33, 'thisTrialN': 5, 'thisRepN': 4}>
64.9045 	DATA 	Keypress: t
64.9116 	EXP 	Fixation: autoDraw = False
64.9116 	EXP 	text: autoDraw = False
64.9116 	EXP 	text: height = 0.05
64.9116 	EXP 	text: height = 0.05
64.9116 	EXP 	text: height = 0.05
64.9116 	EXP 	text: text = 'GBP 49 today or GBP 60 after 89 days'
64.9116 	EXP 	Fixation: autoDraw = True
65.0199 	DATA 	Keypress: l
65.1200 	DATA 	Keypress: t
65.2797 	DATA 	Keypress: l
65.3877 	DATA 	Keypress: t
65.5618 	DATA 	Keypress: l
65.7975 	DATA 	Keypress: t
65.8843 	INFO 	Keyboard events cleared
65.8840 	EXP 	text: autoDraw = True
65.9114 	EXP 	Fixation: autoDraw = False
65.9327 	EXP 	New trial (rep=4, index=6): <Trial 34 (6 in rep 4) data={'reward_today': 15, 'future_reward': 35, 'delay': 13, 'thisN': 34, 'thisTrialN': 6, 'thisRepN': 4}>
65.9387 	DATA 	Keypress: l
65.9457 	EXP 	Fixation: autoDraw = False
65.9457 	EXP 	text: autoDraw = False
65.9457 	EXP 	text: height = 0.05
65.9457 	EXP 	text: height = 0.05
65.9457 	EXP 	text: height = 0.05
65.9457 	EXP 	text: text = 'GBP 15 today or GBP 35 after 13 days'
65.9457 	EXP 	Fixation: autoDraw = True
66.0370 	DATA 	Keypress: t
66.2044 	DATA 	Keypress: l
66.2645 	DATA 	Keypress: t
66.4138 	DATA 	Keypress: t
66.7208 	DATA 	Keypress: t
66.8554 	DATA 	Keypress: l
66.9254 	INFO 	Keyboard events cleared
66.9250 	EXP 	text: autoDraw = True
66.9415 	EXP 	Fixation: autoDraw = False
66.9778 	EXP 	New trial (rep=5, index=0): <Trial 35 (0 in rep 5) data={'reward_today': 67, 'future_reward': 76, 'delay': 119, 'thisN': 35, 'thisTrialN': 0, 'thisRepN': 5}>
66.9846 	DATA 	Keypress: t
66.9917 	EXP 	Fixation: autoDraw = False
66.9917 	EXP 	text: autoDraw = False
66.9917 	EXP 	text: height = 0.05
66.9917 	EXP 	text: height = 0.05
66.9917 	EXP 	text: height = 0.05
66.9917 	EXP 	text: text = 'GBP 67 today or GBP 76 after 119 days'
66.9917 	EXP 	Fixation: autoDraw = True
67.0877 	DATA 	Keypress: l
67.1864 	DATA 	Keypress: t
67.3556 	DATA 	Keypress: t
67.4485 	DATA 	Keypress: l
67.5800 	DATA 	Keypress: t
67.7041 	DATA 	Keypress: l
67.7894 	DATA 	Keypress: t
67.9202 	DATA 	Keypress: l
67.9843 	INFO 	Keyboard events cleared
67.9839 	EXP 	Fixation: autoDraw = False
67.9839 	EXP 	text: autoDraw = True
67.9976 	DATA 	Keypress: t
68.0046 	EXP 	New trial (rep=5, index=1): <Trial 36 (1 in rep 5) data={'reward_today': 49, 'future_reward': 60, 'delay': 89, 'thisN': 36, 'thisTrialN': 1, 'thisRepN': 5}>
68.0152 	EXP 	Fixation: autoDraw = False
68.0152 	EXP 	text: autoDraw = False
68.0152 	EXP 	text: height = 0.05
68.0152 	EXP 	text: height = 0.05
68.0152 	EXP 	text: height = 0.05
68.0152 	EXP 	text: text = 'GBP 49 today or GBP 60 after 89 days'
68.0152 	EXP 	Fixation: autoDraw = True
68.1474 	DATA 	Keypress: l
68.2038 	DATA 	Keypress: t
68.3981 	DATA 	Keypress: t
68.4005 	DATA 	Keypress: l
68.5803 	DATA 	Keypress: t
68.6959 	DATA 	Keypress: l
68.7948 	DATA 	Keypress: t
68.9382 	DATA 	Keypress: l
69.0000 	INFO 	Keyboard events cleared
68.9995 	EXP 	text: autoDraw = True
69.0094 	EXP 	Fixation: autoDraw = False
69.0106 	EXP 	New trial (rep=5, index=2): <Trial 37 (2 in rep 5) data={'reward_today': 11, 'future_reward': 30, 'delay': 7, 'thisN': 37, 'thisTrialN': 2, 'thisRepN': 5}>
69.0167 	DATA 	Keypress: t
69.0231 	EXP 	Fixation: autoDraw = False
69.0231 	EXP 	text: autoDraw = False
69.0231 	EXP 	text: height = 0.05
69.0231 	EXP 	text: height = 0.05
69.0231 	EXP 	text: height = 0.05
69.0231 	EXP 	text: text = 'GBP 11 today or GBP 30 after 7 days'
69.0231 	EXP 	Fixation: autoDraw = True
69.1519 	DATA 	Keypress: l
69.2301 	DATA 	Keypress: t
69.3781 	DATA 	Keypress: l
69.4488 	DATA 	Keypress: t
69.6012 	DATA 	Keypress: l
69.6621 	DATA 	Keypress: t
69.8044 	DATA 	Keypress: l
69.9024 	DATA 	Keypress: t
70.0096 	INFO 	Keyboard events cleared
70.0092 	EXP 	text: autoDraw = True
70.0127 	DATA 	Keypress: l
70.0181 	EXP 	Fixation: autoDraw = False
70.1106 	EXP 	New trial (rep=5, index=3): <Trial 38 (3 in rep 5) data={'reward_today': 27, 'future_reward': 50, 'delay': 21, 'thisN': 38, 'thisTrialN': 3, 'thisRepN': 5}>
70.1165 	DATA 	Keypress: t
70.1242 	EXP 	Fixation: autoDraw = False
70.1242 	EXP 	text: autoDraw = False
70.1242 	EXP 	text: height = 0.05
70.1242 	EXP 	text: height = 0.05
70.1242 	EXP 	text: height = 0.05
70.1242 	EXP 	text: text = 'GBP 27 today or GBP 50 after 21 days'
70.1242 	EXP 	Fixation: autoDraw = True
70.2267 	DATA 	Keypress: l
70.3523 	DATA 	Keypress: t
70.4647 	DATA 	Keypress: l
70.5532 	DATA 	Keypress: t
70.6707 	DATA 	Keypress: l
70.7635 	DATA 	Keypress: t
70.8846 	DATA 	Keypress: l
70.9787 	DATA 	Keypress: t
71.0986 	DATA 	Keypress: l
71.1123 	INFO 	Keyboard events cleared
71.1120 	EXP 	text: autoDraw = True
71.1261 	EXP 	Fixation: autoDraw = False
71.1832 	EXP 	New trial (rep=5, index=4): <Trial 39 (4 in rep 5) data={'reward_today': 40, 'future_reward': 55, 'delay': 62, 'thisN': 39, 'thisTrialN': 4, 'thisRepN': 5}>
71.1896 	DATA 	Keypress: t
71.1956 	EXP 	Fixation: autoDraw = False
71.1956 	EXP 	text: autoDraw = False
71.1956 	EXP 	text: height = 0.05
71.1956 	EXP 	text: height = 0.05
71.1956 	EXP 	text: height = 0.05
71.1956 	EXP 	text: text = 'GBP 40 today or GBP 55 after 62 days'
71.1956 	EXP 	Fixation: autoDraw = True
71.3141 	DATA 	Keypress: l
71.4363 	DATA 	Keypress: t
71.5340 	DATA 	Keypress: l
71.6433 	DATA 	Keypress: t
71.7707 	DATA 	Keypress: l
71.8290 	DATA 	Keypress: t
71.9665 	DATA 	Keypress: l
72.0618 	DATA 	Keypress: t
72.1932 	INFO 	Keyboard events cleared
72.1928 	EXP 	text: autoDraw = True
72.1968 	DATA 	Keypress: l
72.2090 	EXP 	Fixation: autoDraw = False
72.3117 	EXP 	New trial (rep=5, index=5): <Trial 40 (5 in rep 5) data={'reward_today': 15, 'future_reward': 35, 'delay': 13, 'thisN': 40, 'thisTrialN': 5, 'thisRepN': 5}>
72.3183 	DATA 	Keypress: t
72.3254 	EXP 	Fixation: autoDraw = False
72.3254 	EXP 	text: autoDraw = False
72.3254 	EXP 	text: height = 0.05
72.3254 	EXP 	text: height = 0.05
72.3254 	EXP 	text: height = 0.05
72.3254 	EXP 	text: text = 'GBP 15 today or GBP 35 after 13 days'
72.3254 	EXP 	Fixation: autoDraw = True
72.4028 	DATA 	Keypress: l
72.5183 	DATA 	Keypress: t
72.6192 	DATA 	Keypress: l
72.7628 	DATA 	Keypress: t
72.8632 	DATA 	Keypress: l
72.9709 	DATA 	Keypress: t
73.0851 	DATA 	Keypress: l
73.2113 	DATA 	Keypress: t
73.2941 	DATA 	Keypress: l
73.3083 	INFO 	Keyboard events cleared
73.3081 	EXP 	text: autoDraw = True
73.3146 	EXP 	Fixation: autoDraw = False
73.3933 	EXP 	New trial (rep=5, index=6): <Trial 41 (6 in rep 5) data={'reward_today': 78, 'future_reward': 80, 'delay': 162, 'thisN': 41, 'thisTrialN': 6, 'thisRepN': 5}>
73.3987 	DATA 	Keypress: t
73.4043 	EXP 	Fixation: autoDraw = False
73.4043 	EXP 	text: autoDraw = False
73.4043 	EXP 	text: height = 0.05
73.4043 	EXP 	text: height = 0.05
73.4043 	EXP 	text: height = 0.05
73.4043 	EXP 	text: text = 'GBP 78 today or GBP 80 after 162 days'
73.4043 	EXP 	Fixation: autoDraw = True
73.4965 	DATA 	Keypress: l
73.5966 	DATA 	Keypress: t
73.7130 	DATA 	Keypress: l
73.8184 	DATA 	Keypress: t
73.9223 	DATA 	Keypress: l
74.0295 	DATA 	Keypress: t
74.1476 	DATA 	Keypress: l
74.2789 	DATA 	Keypress: t
74.3767 	DATA 	Keypress: l
74.3922 	INFO 	Keyboard events cleared
74.3919 	EXP 	text: autoDraw = True
74.3987 	EXP 	Fixation: autoDraw = False
74.5024 	EXP 	New trial (rep=6, index=0): <Trial 42 (0 in rep 6) data={'reward_today': 15, 'future_reward': 35, 'delay': 13, 'thisN': 42, 'thisTrialN': 0, 'thisRepN': 6}>
74.5086 	DATA 	Keypress: t
74.5149 	EXP 	Fixation: autoDraw = False
74.5149 	EXP 	text: autoDraw = False
74.5149 	EXP 	text: height = 0.05
74.5149 	EXP 	text: height = 0.05
74.5149 	EXP 	text: height = 0.05
74.5149 	EXP 	text: text = 'GBP 15 today or GBP 35 after 13 days'
74.5149 	EXP 	Fixation: autoDraw = True
74.6044 	DATA 	Keypress: l
74.7200 	DATA 	Keypress: t
74.8224 	DATA 	Keypress: l
74.9445 	DATA 	Keypress: t
75.0447 	DATA 	Keypress: l
75.1796 	DATA 	Keypress: t
75.2890 	DATA 	Keypress: l
75.4135 	DATA 	Keypress: t
75.4992 	INFO 	Keyboard events cleared
75.4987 	EXP 	text: autoDraw = True
75.5021 	DATA 	Keypress: l
75.5091 	EXP 	Fixation: autoDraw = False
75.5775 	EXP 	New trial (rep=6, index=1): <Trial 43 (1 in rep 6) data={'reward_today': 27, 'future_reward': 50, 'delay': 21, 'thisN': 43, 'thisTrialN': 1, 'thisRepN': 6}>
75.5894 	EXP 	Fixation: autoDraw = False
75.5894 	EXP 	text: autoDraw = False
75.5894 	EXP 	text: height = 0.05
75.5894 	EXP 	text: height = 0.05
75.5894 	EXP 	text: height = 0.05
75.5894 	EXP 	text: text = 'GBP 27 today or GBP 50 after 21 days'
75.5894 	EXP 	Fixation: autoDraw = True
75.6297 	DATA 	Keypress: t
75.7219 	DATA 	Keypress: l
75.8456 	DATA 	Keypress: t
75.9472 	DATA 	Keypress: l
76.0702 	DATA 	Keypress: t
76.1972 	DATA 	Keypress: l
76.3120 	DATA 	Keypress: t
76.4305 	DATA 	Keypress: l
76.5753 	INFO 	Keyboard events cleared
76.5749 	EXP 	text: autoDraw = True
76.5829 	EXP 	Fixation: autoDraw = False
76.5843 	EXP 	New trial (rep=6, index=2): <Trial 44 (2 in rep 6) data={'reward_today': 67, 'future_reward': 76, 'delay': 119, 'thisN': 44, 'thisTrialN': 2, 'thisRepN': 6}>
76.5902 	DATA 	Keypress: t
76.5960 	EXP 	Fixation: autoDraw = False
76.5960 	EXP 	text: autoDraw = False
76.5960 	EXP 	text: height = 0.05
76.5960 	EXP 	text: height = 0.05
76.5960 	EXP 	text: height = 0.05
76.5960 	EXP 	text: text = 'GBP 67 today or GBP 76 after 119 days'
76.5960 	EXP 	Fixation: autoDraw = True
76.6513 	DATA 	Keypress: l
76.8048 	DATA 	Keypress: t
76.8988 	DATA 	Keypress: l
77.0208 	DATA 	Keypress: t
77.1548 	DATA 	Keypress: l
77.2798 	DATA 	Keypress: t
77.4131 	DATA 	Keypress: l
77.5140 	DATA 	Keypress: t
77.5837 	INFO 	Keyboard events cleared
77.5833 	EXP 	text: autoDraw = True
77.5920 	EXP 	Fixation: autoDraw = False
77.6277 	EXP 	New trial (rep=6, index=3): <Trial 45 (3 in rep 6) data={'reward_today': 49, 'future_reward': 60, 'delay': 89, 'thisN': 45, 'thisTrialN': 3, 'thisRepN': 6}>
77.6336 	DATA 	Keypress: l
77.6407 	EXP 	Fixation: autoDraw = False
77.6407 	EXP 	text: autoDraw = False
77.6407 	EXP 	text: height = 0.05
77.6407 	EXP 	text: height = 0.05
77.6407 	EXP 	text: height = 0.05
77.6407 	EXP 	text: text = 'GBP 49 today or GBP 60 after 89 days'
77.6407 	EXP 	Fixation: autoDraw = True
77.7532 	DATA 	Keypress: t
77.8646 	DATA 	Keypress: l
77.9844 	DATA 	Keypress: t
78.0886 	DATA 	Keypress: l
78.2012 	DATA 	Keypress: t
78.3114 	DATA 	Keypress: l
78.4711 	DATA 	Keypress: t
78.5561 	DATA 	Keypress: l
78.6256 	INFO 	Keyboard events cleared
78.6252 	EXP 	text: autoDraw = True
78.6343 	EXP 	Fixation: autoDraw = False
78.6785 	EXP 	New trial (rep=6, index=4): <Trial 46 (4 in rep 6) data={'reward_today': 40, 'future_reward': 55, 'delay': 62, 'thisN': 46, 'thisTrialN': 4, 'thisRepN': 6}>
78.6847 	DATA 	Keypress: t
78.6919 	EXP 	Fixation: autoDraw = False
78.6919 	EXP 	text: autoDraw = False
78.6919 	EXP 	text: height = 0.05
78.6919 	EXP 	text: height = 0.05
78.6919 	EXP 	text: height = 0.05
78.6919 	EXP 	text: text = 'GBP 40 today or GBP 55 after 62 days'
78.6919 	EXP 	Fixation: autoDraw = True
78.7840 	DATA 	Keypress: l
78.9113 	DATA 	Keypress: t
78.9966 	DATA 	Keypress: l
79.1129 	DATA 	Keypress: t
79.1925 	DATA 	Keypress: l
79.3123 	DATA 	Keypress: t
79.4295 	DATA 	Keypress: l
79.5313 	DATA 	Keypress: t
79.6383 	DATA 	Keypress: l
79.6747 	INFO 	Keyboard events cleared
79.6743 	EXP 	text: autoDraw = True
79.6822 	EXP 	Fixation: autoDraw = False
79.7255 	EXP 	New trial (rep=6, index=5): <Trial 47 (5 in rep 6) data={'reward_today': 11, 'future_reward': 30, 'delay': 7, 'thisN': 47, 'thisTrialN': 5, 'thisRepN': 6}>
79.7309 	DATA 	Keypress: t
79.7366 	EXP 	Fixation: autoDraw = False
79.7366 	EXP 	text: autoDraw = False
79.7366 	EXP 	text: height = 0.05
79.7366 	EXP 	text: height = 0.05
79.7366 	EXP 	text: height = 0.05
79.7366 	EXP 	text: text = 'GBP 11 today or GBP 30 after 7 days'
79.7366 	EXP 	Fixation: autoDraw = True
79.8387 	DATA 	Keypress: l
79.9289 	DATA 	Keypress: t
80.0376 	DATA 	Keypress: l
80.2049 	DATA 	Keypress: t
80.3876 	DATA 	Keypress: l
80.4718 	DATA 	Keypress: t
80.6142 	DATA 	Keypress: l
80.7170 	INFO 	Keyboard events cleared
80.7166 	EXP 	text: autoDraw = True
80.7199 	EXP 	New trial (rep=6, index=6): <Trial 48 (6 in rep 6) data={'reward_today': 78, 'future_reward': 80, 'delay': 162, 'thisN': 48, 'thisTrialN': 6, 'thisRepN': 6}>
80.7257 	DATA 	Keypress: t
80.7319 	EXP 	Fixation: autoDraw = False
80.7319 	EXP 	text: autoDraw = False
80.7319 	EXP 	text: height = 0.05
80.7319 	EXP 	text: height = 0.05
80.7319 	EXP 	text: height = 0.05
80.7319 	EXP 	text: text = 'GBP 78 today or GBP 80 after 162 days'
80.7319 	EXP 	Fixation: autoDraw = True
80.8469 	DATA 	Keypress: l
80.9532 	DATA 	Keypress: t
81.0473 	DATA 	Keypress: l
81.1629 	DATA 	Keypress: t
81.2679 	DATA 	Keypress: l
81.4294 	DATA 	Keypress: t
81.5652 	DATA 	Keypress: l
81.6987 	DATA 	Keypress: t
81.7148 	INFO 	Keyboard events cleared
81.7144 	EXP 	text: autoDraw = True
81.7250 	EXP 	Fixation: autoDraw = False
81.7946 	EXP 	New trial (rep=7, index=0): <Trial 49 (0 in rep 7) data={'reward_today': 27, 'future_reward': 50, 'delay': 21, 'thisN': 49, 'thisTrialN': 0, 'thisRepN': 7}>
81.8038 	DATA 	Keypress: l
81.8106 	EXP 	Fixation: autoDraw = False
81.8106 	EXP 	text: autoDraw = False
81.8106 	EXP 	text: height = 0.05
81.8106 	EXP 	text: height = 0.05
81.8106 	EXP 	text: height = 0.05
81.8106 	EXP 	text: text = 'GBP 27 today or GBP 50 after 21 days'
81.8106 	EXP 	Fixation: autoDraw = True
81.9467 	DATA 	Keypress: t
82.0706 	DATA 	Keypress: l
82.2206 	DATA 	Keypress: t
82.2686 	DATA 	Keypress: l
82.4306 	DATA 	Keypress: t
82.5533 	DATA 	Keypress: l
82.6802 	DATA 	Keypress: t
82.7895 	DATA 	Keypress: l
82.7961 	INFO 	Keyboard events cleared
82.7958 	EXP 	text: autoDraw = True
82.8086 	EXP 	Fixation: autoDraw = False
82.9106 	EXP 	New trial (rep=7, index=1): <Trial 50 (1 in rep 7) data={'reward_today': 67, 'future_reward': 76, 'delay': 119, 'thisN': 50, 'thisTrialN': 1, 'thisRepN': 7}>
82.9166 	DATA 	Keypress: t
82.9229 	EXP 	Fixation: autoDraw = False
82.9229 	EXP 	text: autoDraw = False
82.9229 	EXP 	text: height = 0.05
82.9229 	EXP 	text: height = 0.05
82.9229 	EXP 	text: height = 0.05
82.9229 	EXP 	text: text = 'GBP 67 today or GBP 76 after 119 days'
82.9229 	EXP 	Fixation: autoDraw = True
83.0471 	DATA 	Keypress: l
83.1282 	DATA 	Keypress: t
83.2296 	DATA 	Keypress: l
83.3233 	DATA 	Keypress: t
83.4552 	DATA 	Keypress: l
83.5629 	DATA 	Keypress: t
83.6638 	DATA 	Keypress: l
83.7800 	DATA 	Keypress: t
83.8189 	DATA 	Keypress: l
83.9077 	INFO 	Keyboard events cleared
83.9075 	EXP 	text: autoDraw = True
83.9145 	EXP 	Fixation: autoDraw = False
83.9673 	EXP 	New trial (rep=7, index=2): <Trial 51 (2 in rep 7) data={'reward_today': 15, 'future_reward': 35, 'delay': 13, 'thisN': 51, 'thisTrialN': 2, 'thisRepN': 7}>
83.9737 	DATA 	Keypress: l
83.9794 	EXP 	Fixation: autoDraw = False
83.9794 	EXP 	text: autoDraw = False
83.9794 	EXP 	text: height = 0.05
83.9794 	EXP 	text: height = 0.05
83.9794 	EXP 	text: height = 0.05
83.9794 	EXP 	text: text = 'GBP 15 today or GBP 35 after 13 days'
83.9794 	EXP 	Fixation: autoDraw = True
84.0372 	DATA 	Keypress: t
84.2973 	DATA 	Keypress: t
84.3001 	DATA 	Keypress: l
84.4883 	DATA 	Keypress: l
84.5295 	DATA 	Keypress: t
84.6626 	DATA 	Keypress: l
84.6706 	DATA 	Keypress: t
84.9640 	DATA 	Keypress: t
84.9701 	INFO 	Keyboard events cleared
84.9698 	EXP 	text: autoDraw = True
84.9776 	EXP 	Fixation: autoDraw = False
85.1113 	EXP 	New trial (rep=7, index=3): <Trial 52 (3 in rep 7) data={'reward_today': 49, 'future_reward': 60, 'delay': 89, 'thisN': 52, 'thisTrialN': 3, 'thisRepN': 7}>
85.1179 	DATA 	Keypress: l
85.1250 	EXP 	Fixation: autoDraw = False
85.1250 	EXP 	text: autoDraw = False
85.1250 	EXP 	text: height = 0.05
85.1250 	EXP 	text: height = 0.05
85.1250 	EXP 	text: height = 0.05
85.1250 	EXP 	text: text = 'GBP 49 today or GBP 60 after 89 days'
85.1250 	EXP 	Fixation: autoDraw = True
85.4321 	DATA 	Keypress: t
85.4349 	DATA 	Keypress: l
85.7547 	DATA 	Keypress: t
85.8030 	DATA 	Keypress: l
86.0046 	DATA 	Keypress: t
86.0511 	DATA 	Keypress: l
86.1096 	INFO 	Keyboard events cleared
86.1092 	EXP 	text: autoDraw = True
86.1174 	EXP 	Fixation: autoDraw = False
86.2112 	EXP 	New trial (rep=7, index=4): <Trial 53 (4 in rep 7) data={'reward_today': 78, 'future_reward': 80, 'delay': 162, 'thisN': 53, 'thisTrialN': 4, 'thisRepN': 7}>
86.2175 	DATA 	Keypress: t
86.2232 	EXP 	Fixation: autoDraw = False
86.2232 	EXP 	text: autoDraw = False
86.2232 	EXP 	text: height = 0.05
86.2232 	EXP 	text: height = 0.05
86.2232 	EXP 	text: height = 0.05
86.2232 	EXP 	text: text = 'GBP 78 today or GBP 80 after 162 days'
86.2232 	EXP 	Fixation: autoDraw = True
86.2439 	DATA 	Keypress: l
86.3970 	DATA 	Keypress: t
86.4714 	DATA 	Keypress: l
86.6369 	DATA 	Keypress: t
86.6802 	DATA 	Keypress: l
86.8041 	DATA 	Keypress: t
86.8767 	DATA 	Keypress: l
86.9949 	DATA 	Keypress: t
87.0531 	DATA 	Keypress: l
87.1777 	DATA 	Keypress: t
87.2085 	INFO 	Keyboard events cleared
87.2080 	EXP 	text: autoDraw = True
87.2158 	EXP 	Fixation: autoDraw = False
87.2336 	EXP 	New trial (rep=7, index=5): <Trial 54 (5 in rep 7) data={'reward_today': 40, 'future_reward': 55, 'delay': 62, 'thisN': 54, 'thisTrialN': 5, 'thisRepN': 7}>
87.2394 	DATA 	Keypress: l
87.2456 	EXP 	Fixation: autoDraw = False
87.2456 	EXP 	text: autoDraw = False
87.2456 	EXP 	text: height = 0.05
87.2456 	EXP 	text: height = 0.05
87.2456 	EXP 	text: height = 0.05
87.2456 	EXP 	text: text = 'GBP 40 today or GBP 55 after 62 days'
87.2456 	EXP 	Fixation: autoDraw = True
87.3623 	DATA 	Keypress: t
87.4209 	DATA 	Keypress: l
87.5211 	DATA 	Keypress: t
87.6118 	DATA 	Keypress: l
87.7644 	DATA 	Keypress: t
87.8053 	DATA 	Keypress: l
87.9285 	DATA 	Keypress: t
88.0041 	DATA 	Keypress: l
88.1463 	DATA 	Keypress: t
88.1950 	DATA 	Keypress: l
88.2342 	INFO 	Keyboard events cleared
88.2339 	EXP 	text: autoDraw = True
88.2418 	EXP 	Fixation: autoDraw = False
88.3104 	EXP 	New trial (rep=7, index=6): <Trial 55 (6 in rep 7) data={'reward_today': 11, 'future_reward': 30, 'delay': 7, 'thisN': 55, 'thisTrialN': 6, 'thisRepN': 7}>
88.3162 	DATA 	Keypress: t
88.3225 	EXP 	Fixation: autoDraw = False
88.3225 	EXP 	text: autoDraw = False
88.3225 	EXP 	text: height = 0.05
88.3225 	EXP 	text: height = 0.05
88.3225 	EXP 	text: height = 0.05
88.3225 	EXP 	text: text = 'GBP 11 today or GBP 30 after 7 days'
88.3225 	EXP 	Fixation: autoDraw = True
88.3682 	DATA 	Keypress: l
88.5048 	DATA 	Keypress: t
88.5462 	DATA 	Keypress: l
88.7042 	DATA 	Keypress: l
88.7078 	DATA 	Keypress: t
88.8717 	DATA 	Keypress: l
88.9044 	DATA 	Keypress: t
89.0480 	DATA 	Keypress: l
89.2156 	DATA 	Keypress: t
89.3101 	INFO 	Keyboard events cleared
89.3097 	EXP 	text: autoDraw = True
89.3257 	EXP 	Fixation: autoDraw = False
89.3283 	EXP 	New trial (rep=8, index=0): <Trial 56 (0 in rep 8) data={'reward_today': 78, 'future_reward': 80, 'delay': 162, 'thisN': 56, 'thisTrialN': 0, 'thisRepN': 8}>
89.3378 	DATA 	Keypress: l
89.3444 	EXP 	Fixation: autoDraw = False
89.3444 	EXP 	text: autoDraw = False
89.3444 	EXP 	text: height = 0.05
89.3444 	EXP 	text: height = 0.05
89.3444 	EXP 	text: height = 0.05
89.3444 	EXP 	text: text = 'GBP 78 today or GBP 80 after 162 days'
89.3444 	EXP 	Fixation: autoDraw = True
89.4540 	DATA 	Keypress: t
89.5339 	DATA 	Keypress: l
89.6705 	DATA 	Keypress: t
89.7107 	DATA 	Keypress: l
89.8856 	DATA 	Keypress: t
89.9115 	DATA 	Keypress: l
90.0803 	DATA 	Keypress: l
90.2816 	DATA 	Keypress: t
90.3241 	DATA 	Keypress: l
90.3306 	INFO 	Keyboard events cleared
90.3302 	EXP 	text: autoDraw = True
90.3421 	EXP 	Fixation: autoDraw = False
90.4851 	EXP 	New trial (rep=8, index=1): <Trial 57 (1 in rep 8) data={'reward_today': 49, 'future_reward': 60, 'delay': 89, 'thisN': 57, 'thisTrialN': 1, 'thisRepN': 8}>
90.4933 	DATA 	Keypress: t
90.4996 	EXP 	Fixation: autoDraw = False
90.4996 	EXP 	text: autoDraw = False
90.4996 	EXP 	text: height = 0.05
90.4996 	EXP 	text: height = 0.05
90.4996 	EXP 	text: height = 0.05
90.4996 	EXP 	text: text = 'GBP 49 today or GBP 60 after 89 days'
90.4996 	EXP 	Fixation: autoDraw = True
90.5017 	DATA 	Keypress: l
90.7217 	DATA 	Keypress: l
90.7251 	DATA 	Keypress: t
90.9129 	DATA 	Keypress: l
90.9933 	DATA 	Keypress: t
91.0967 	DATA 	Keypress: l
91.2027 	DATA 	Keypress: t
91.2800 	DATA 	Keypress: l
91.4145 	DATA 	Keypress: t
91.4627 	DATA 	Keypress: l
91.4787 	INFO 	Keyboard events cleared
91.4784 	EXP 	text: autoDraw = True
91.4979 	EXP 	Fixation: autoDraw = False
91.6089 	EXP 	New trial (rep=8, index=2): <Trial 58 (2 in rep 8) data={'reward_today': 11, 'future_reward': 30, 'delay': 7, 'thisN': 58, 'thisTrialN': 2, 'thisRepN': 8}>
91.6152 	DATA 	Keypress: t
91.6166 	DATA 	Keypress: l
91.6220 	EXP 	Fixation: autoDraw = False
91.6220 	EXP 	text: autoDraw = False
91.6220 	EXP 	text: height = 0.05
91.6220 	EXP 	text: height = 0.05
91.6220 	EXP 	text: height = 0.05
91.6220 	EXP 	text: text = 'GBP 11 today or GBP 30 after 7 days'
91.6220 	EXP 	Fixation: autoDraw = True
91.7853 	DATA 	Keypress: l
91.8032 	DATA 	Keypress: t
91.9534 	DATA 	Keypress: l
92.0482 	DATA 	Keypress: t
92.1289 	DATA 	Keypress: l
92.2724 	DATA 	Keypress: t
92.3485 	DATA 	Keypress: l
92.5207 	DATA 	Keypress: t
92.6049 	DATA 	Keypress: l
92.6126 	INFO 	Keyboard events cleared
92.6123 	EXP 	text: autoDraw = True
92.6256 	EXP 	Fixation: autoDraw = False
92.7430 	EXP 	New trial (rep=8, index=3): <Trial 59 (3 in rep 8) data={'reward_today': 67, 'future_reward': 76, 'delay': 119, 'thisN': 59, 'thisTrialN': 3, 'thisRepN': 8}>
92.7488 	DATA 	Keypress: t
92.7545 	EXP 	Fixation: autoDraw = False
92.7545 	EXP 	text: autoDraw = False
92.7545 	EXP 	text: height = 0.05
92.7545 	EXP 	text: height = 0.05
92.7545 	EXP 	text: height = 0.05
92.7545 	EXP 	text: text = 'GBP 67 today or GBP 76 after 119 days'
92.7545 	EXP 	Fixation: autoDraw = True
92.8111 	DATA 	Keypress: l
92.9364 	DATA 	Keypress: t
93.0473 	DATA 	Keypress: l
93.1698 	DATA 	Keypress: t
93.2370 	DATA 	Keypress: l
93.3806 	DATA 	Keypress: t
93.4464 	DATA 	Keypress: l
93.5810 	DATA 	Keypress: t
93.6475 	DATA 	Keypress: l
93.7336 	INFO 	Keyboard events cleared
93.7334 	EXP 	text: autoDraw = True
93.7489 	EXP 	Fixation: autoDraw = False
93.7772 	EXP 	New trial (rep=8, index=4): <Trial 60 (4 in rep 8) data={'reward_today': 15, 'future_reward': 35, 'delay': 13, 'thisN': 60, 'thisTrialN': 4, 'thisRepN': 8}>
93.7841 	DATA 	Keypress: t
93.7898 	EXP 	Fixation: autoDraw = False
93.7898 	EXP 	text: autoDraw = False
93.7898 	EXP 	text: height = 0.05
93.7898 	EXP 	text: height = 0.05
93.7898 	EXP 	text: height = 0.05
93.7898 	EXP 	text: text = 'GBP 15 today or GBP 35 after 13 days'
93.7898 	EXP 	Fixation: autoDraw = True
93.8693 	DATA 	Keypress: l
94.0043 	DATA 	Keypress: t
94.0638 	DATA 	Keypress: l
94.2046 	DATA 	Keypress: t
94.2614 	DATA 	Keypress: l
94.4030 	DATA 	Keypress: t
94.4643 	DATA 	Keypress: l
94.6127 	DATA 	Keypress: t
94.6719 	DATA 	Keypress: l
94.7756 	INFO 	Keyboard events cleared
94.7751 	EXP 	text: autoDraw = True
94.7834 	EXP 	Fixation: autoDraw = False
94.8269 	EXP 	New trial (rep=8, index=5): <Trial 61 (5 in rep 8) data={'reward_today': 27, 'future_reward': 50, 'delay': 21, 'thisN': 61, 'thisTrialN': 5, 'thisRepN': 8}>
94.8338 	DATA 	Keypress: t
94.8394 	EXP 	Fixation: autoDraw = False
94.8394 	EXP 	text: autoDraw = False
94.8394 	EXP 	text: height = 0.05
94.8394 	EXP 	text: height = 0.05
94.8394 	EXP 	text: height = 0.05
94.8394 	EXP 	text: text = 'GBP 27 today or GBP 50 after 21 days'
94.8394 	EXP 	Fixation: autoDraw = True
94.8782 	DATA 	Keypress: l
95.0373 	DATA 	Keypress: t
95.0611 	DATA 	Keypress: l
95.2473 	DATA 	Keypress: l
95.2501 	DATA 	Keypress: t
95.4203 	DATA 	Keypress: t
95.4458 	DATA 	Keypress: l
95.6156 	DATA 	Keypress: l
95.6184 	DATA 	Keypress: t
95.7864 	DATA 	Keypress: l
95.8131 	DATA 	Keypress: t
95.8338 	INFO 	Keyboard events cleared
95.8336 	EXP 	Fixation: autoDraw = False
95.8336 	EXP 	text: autoDraw = True
96.0338 	EXP 	New trial (rep=8, index=6): <Trial 62 (6 in rep 8) data={'reward_today': 40, 'future_reward': 55, 'delay': 62, 'thisN': 62, 'thisTrialN': 6, 'thisRepN': 8}>
96.0406 	DATA 	Keypress: l
96.0461 	EXP 	Fixation: autoDraw = False
96.0461 	EXP 	text: autoDraw = False
96.0461 	EXP 	text: height = 0.05
96.0461 	EXP 	text: height = 0.05
96.0461 	EXP 	text: height = 0.05
96.0461 	EXP 	text: text = 'GBP 40 today or GBP 55 after 62 days'
96.0461 	EXP 	Fixation: autoDraw = True
96.2153 	DATA 	Keypress: l
96.2186 	DATA 	Keypress: t
96.4372 	DATA 	Keypress: l
96.4642 	DATA 	Keypress: t
96.6225 	DATA 	Keypress: t
96.6550 	DATA 	Keypress: l
96.8043 	DATA 	Keypress: l
96.8297 	DATA 	Keypress: t
96.9797 	DATA 	Keypress: l
97.0308 	DATA 	Keypress: t
97.0422 	INFO 	Keyboard events cleared
97.0419 	EXP 	text: autoDraw = True
97.0488 	EXP 	Fixation: autoDraw = False
97.1451 	EXP 	New trial (rep=9, index=0): <Trial 63 (0 in rep 9) data={'reward_today': 78, 'future_reward': 80, 'delay': 162, 'thisN': 63, 'thisTrialN': 0, 'thisRepN': 9}>
97.1525 	DATA 	Keypress: l
97.1597 	EXP 	Fixation: autoDraw = False
97.1597 	EXP 	text: autoDraw = False
97.1597 	EXP 	text: height = 0.05
97.1597 	EXP 	text: height = 0.05
97.1597 	EXP 	text: height = 0.05
97.1597 	EXP 	text: text = 'GBP 78 today or GBP 80 after 162 days'
97.1597 	EXP 	Fixation: autoDraw = True
97.2711 	DATA 	Keypress: t
97.3008 	DATA 	Keypress: l
97.4532 	DATA 	Keypress: t
97.4798 	DATA 	Keypress: l
97.6203 	DATA 	Keypress: l
97.7961 	DATA 	Keypress: l
97.9813 	DATA 	Keypress: l
98.0388 	DATA 	Keypress: t
98.1416 	INFO 	Keyboard events cleared
98.1412 	EXP 	text: autoDraw = True
98.1580 	EXP 	Fixation: autoDraw = False
98.1603 	EXP 	New trial (rep=9, index=1): <Trial 64 (1 in rep 9) data={'reward_today': 40, 'future_reward': 55, 'delay': 62, 'thisN': 64, 'thisTrialN': 1, 'thisRepN': 9}>
98.1673 	DATA 	Keypress: l
98.1746 	EXP 	Fixation: autoDraw = False
98.1746 	EXP 	text: autoDraw = False
98.1746 	EXP 	text: height = 0.05
98.1746 	EXP 	text: height = 0.05
98.1746 	EXP 	text: height = 0.05
98.1746 	EXP 	text: text = 'GBP 40 today or GBP 55 after 62 days'
98.1746 	EXP 	Fixation: autoDraw = True
98.2442 	DATA 	Keypress: t
98.3369 	DATA 	Keypress: l
98.4285 	DATA 	Keypress: t
98.5195 	DATA 	Keypress: l
98.6305 	DATA 	Keypress: t
98.7187 	DATA 	Keypress: l
98.8196 	DATA 	Keypress: t
98.8955 	DATA 	Keypress: l
99.0140 	DATA 	Keypress: t
99.1168 	DATA 	Keypress: l
99.1697 	INFO 	Keyboard events cleared
99.1694 	EXP 	Fixation: autoDraw = False
99.1694 	EXP 	text: autoDraw = True
99.2188 	EXP 	New trial (rep=9, index=2): <Trial 65 (2 in rep 9) data={'reward_today': 27, 'future_reward': 50, 'delay': 21, 'thisN': 65, 'thisTrialN': 2, 'thisRepN': 9}>
99.2263 	DATA 	Keypress: t
99.2325 	EXP 	Fixation: autoDraw = False
99.2325 	EXP 	text: autoDraw = False
99.2325 	EXP 	text: height = 0.05
99.2325 	EXP 	text: height = 0.05
99.2325 	EXP 	text: height = 0.05
99.2325 	EXP 	text: text = 'GBP 27 today or GBP 50 after 21 days'
99.2325 	EXP 	Fixation: autoDraw = True
99.3035 	DATA 	Keypress: l
99.4352 	DATA 	Keypress: t
99.4972 	DATA 	Keypress: l
99.6885 	DATA 	Keypress: l
99.7802 	DATA 	Keypress: t
99.9035 	DATA 	Keypress: l
100.0146 	DATA 	Keypress: t
100.1304 	DATA 	Keypress: l
100.2171 	INFO 	Keyboard events cleared
100.2167 	EXP 	text: autoDraw = True
100.2251 	EXP 	Fixation: autoDraw = False
100.2427 	EXP 	New trial (rep=9, index=3): <Trial 66 (3 in rep 9) data={'reward_today': 49, 'future_reward': 60, 'delay': 89, 'thisN': 66, 'thisTrialN': 3, 'thisRepN': 9}>
100.2483 	DATA 	Keypress: t
100.2541 	EXP 	Fixation: autoDraw = False
100.2541 	EXP 	text: autoDraw = False
100.2541 	EXP 	text: height = 0.05
100.2541 	EXP 	text: height = 0.05
100.2541 	EXP 	text: height = 0.05
100.2541 	EXP 	text: text = 'GBP 49 today or GBP 60 after 89 days'
100.2541 	EXP 	Fixation: autoDraw = True
100.3360 	DATA 	Keypress: l
100.5100 	DATA 	Keypress: t
100.5857 	DATA 	Keypress: l
100.7371 	DATA 	Keypress: t
100.7982 	DATA 	Keypress: l
100.9182 	DATA 	Keypress: t
101.0026 	DATA 	Keypress: l
101.1302 	DATA 	Keypress: t
101.2402 	INFO 	Keyboard events cleared
101.2399 	EXP 	text: autoDraw = True
101.2467 	EXP 	Fixation: autoDraw = False
101.2480 	EXP 	New trial (rep=9, index=4): <Trial 67 (4 in rep 9) data={'reward_today': 15, 'future_reward': 35, 'delay': 13, 'thisN': 67, 'thisTrialN': 4, 'thisRepN': 9}>
101.2535 	DATA 	Keypress: l
101.2753 	EXP 	Fixation: autoDraw = False
101.2753 	EXP 	text: autoDraw = False
101.2753 	EXP 	text: height = 0.05
101.2753 	EXP 	text: height = 0.05
101.2753 	EXP 	text: height = 0.05
101.2753 	EXP 	text: text = 'GBP 15 today or GBP 35 after 13 days'
101.2753 	EXP 	Fixation: autoDraw = True
101.3862 	DATA 	Keypress: t
101.4117 	DATA 	Keypress: l
101.5795 	DATA 	Keypress: t
101.6610 	DATA 	Keypress: l
101.8864 	DATA 	Keypress: l
102.0486 	DATA 	Keypress: t
102.1287 	DATA 	Keypress: l
102.2509 	INFO 	Keyboard events cleared
102.2506 	EXP 	text: autoDraw = True
102.2607 	EXP 	New trial (rep=9, index=5): <Trial 68 (5 in rep 9) data={'reward_today': 11, 'future_reward': 30, 'delay': 7, 'thisN': 68, 'thisTrialN': 5, 'thisRepN': 9}>
102.2664 	DATA 	Keypress: t
102.2723 	EXP 	Fixation: autoDraw = False
102.2723 	EXP 	Fixation: autoDraw = False
102.2723 	EXP 	text: autoDraw = False
102.2723 	EXP 	text: height = 0.05
102.2723 	EXP 	text: height = 0.05
102.2723 	EXP 	text: height = 0.05
102.2723 	EXP 	text: text = 'GBP 11 today or GBP 30 after 7 days'
102.2723 	EXP 	Fixation: autoDraw = True
102.3467 	DATA 	Keypress: l
102.4682 	DATA 	Keypress: t
102.5615 	DATA 	Keypress: l
102.7199 	DATA 	Keypress: t
102.7891 	DATA 	Keypress: l
102.9371 	DATA 	Keypress: t
102.9852 	DATA 	Keypress: l
103.1471 	DATA 	Keypress: t
103.2116 	DATA 	Keypress: l
103.2581 	INFO 	Keyboard events cleared
103.2577 	EXP 	text: autoDraw = True
103.2658 	EXP 	Fixation: autoDraw = False
103.4008 	EXP 	New trial (rep=9, index=6): <Trial 69 (6 in rep 9) data={'reward_today': 67, 'future_reward': 76, 'delay': 119, 'thisN': 69, 'thisTrialN': 6, 'thisRepN': 9}>
103.4068 	DATA 	Keypress: t
103.4127 	EXP 	Fixation: autoDraw = False
103.4127 	EXP 	text: autoDraw = False
103.4127 	EXP 	text: height = 0.05
103.4127 	EXP 	text: height = 0.05
103.4127 	EXP 	text: height = 0.05
103.4127 	EXP 	text: text = 'GBP 67 today or GBP 76 after 119 days'
103.4127 	EXP 	Fixation: autoDraw = True
103.4149 	DATA 	Keypress: l
103.6042 	DATA 	Keypress: l
103.6610 	DATA 	Keypress: t
103.8671 	DATA 	Keypress: l
103.8701 	DATA 	Keypress: t
104.0467 	DATA 	Keypress: l
104.1050 	DATA 	Keypress: t
104.2463 	DATA 	Keypress: l
104.3292 	DATA 	Keypress: t
104.3997 	INFO 	Keyboard events cleared
104.3994 	EXP 	text: autoDraw = True
104.4074 	EXP 	Fixation: autoDraw = False
104.4485 	DATA 	Keypress: l
104.4549 	EXP 	New trial (rep=10, index=0): <Trial 70 (0 in rep 10) data={'reward_today': 67, 'future_reward': 76, 'delay': 119, 'thisN': 70, 'thisTrialN': 0, 'thisRepN': 10}>
104.4620 	EXP 	Fixation: autoDraw = False
104.4620 	EXP 	text: autoDraw = False
104.4620 	EXP 	text: text = 'GBP 67 today or GBP 76 after 119 days'
104.4620 	EXP 	Fixation: autoDraw = True
104.5447 	DATA 	Keypress: t
104.6630 	DATA 	Keypress: l
104.7348 	DATA 	Keypress: t
104.8796 	DATA 	Keypress: l
104.9626 	DATA 	Keypress: t
105.0791 	DATA 	Keypress: l
105.1795 	DATA 	Keypress: t
105.2933 	DATA 	Keypress: l
105.3963 	DATA 	Keypress: t
105.4594 	INFO 	Keyboard events cleared
105.4590 	EXP 	text: autoDraw = True
105.4674 	EXP 	Fixation: autoDraw = False
105.4932 	EXP 	New trial (rep=10, index=1): <Trial 71 (1 in rep 10) data={'reward_today': 15, 'future_reward': 35, 'delay': 13, 'thisN': 71, 'thisTrialN': 1, 'thisRepN': 10}>
105.4990 	DATA 	Keypress: l
105.5046 	EXP 	Fixation: autoDraw = False
105.5046 	EXP 	text: autoDraw = False
105.5046 	EXP 	text: height = 0.05
105.5046 	EXP 	text: height = 0.05
105.5046 	EXP 	text: height = 0.05
105.5046 	EXP 	text: text = 'GBP 15 today or GBP 35 after 13 days'
105.5046 	EXP 	Fixation: autoDraw = True
105.6523 	DATA 	Keypress: t
105.7143 	DATA 	Keypress: l
105.8522 	DATA 	Keypress: t
105.8978 	DATA 	Keypress: l
106.0643 	DATA 	Keypress: t
106.1188 	DATA 	Keypress: l
106.2642 	DATA 	Keypress: t
106.3798 	DATA 	Keypress: l
106.4909 	INFO 	Keyboard events cleared
106.4901 	EXP 	text: autoDraw = True
106.4978 	DATA 	Keypress: t
106.5041 	EXP 	Fixation: autoDraw = False
106.5048 	EXP 	New trial (rep=10, index=2): <Trial 72 (2 in rep 10) data={'reward_today': 78, 'future_reward': 80, 'delay': 162, 'thisN': 72, 'thisTrialN': 2, 'thisRepN': 10}>
106.5147 	EXP 	Fixation: autoDraw = False
106.5147 	EXP 	text: autoDraw = False
106.5147 	EXP 	text: height = 0.05
106.5147 	EXP 	text: height = 0.05
106.5147 	EXP 	text: height = 0.05
106.5147 	EXP 	text: text = 'GBP 78 today or GBP 80 after 162 days'
106.5147 	EXP 	Fixation: autoDraw = True
106.5625 	DATA 	Keypress: l
106.7532 	DATA 	Keypress: t
106.7553 	DATA 	Keypress: l
106.9713 	DATA 	Keypress: l
107.0002 	DATA 	Keypress: t
107.1720 	DATA 	Keypress: l
107.1948 	DATA 	Keypress: t
107.3888 	DATA 	Keypress: l
107.4736 	DATA 	Keypress: t
107.5003 	INFO 	Keyboard events cleared
107.4997 	EXP 	text: autoDraw = True
107.5085 	EXP 	Fixation: autoDraw = False
107.6443 	EXP 	New trial (rep=10, index=3): <Trial 73 (3 in rep 10) data={'reward_today': 49, 'future_reward': 60, 'delay': 89, 'thisN': 73, 'thisTrialN': 3, 'thisRepN': 10}>
107.6510 	DATA 	Keypress: l
107.6568 	EXP 	Fixation: autoDraw = False
107.6568 	EXP 	text: autoDraw = False
107.6568 	EXP 	text: height = 0.05
107.6568 	EXP 	text: height = 0.05
107.6568 	EXP 	text: height = 0.05
107.6568 	EXP 	text: text = 'GBP 49 today or GBP 60 after 89 days'
107.6568 	EXP 	Fixation: autoDraw = True
107.7298 	DATA 	Keypress: t
107.8467 	DATA 	Keypress: l
107.9701 	DATA 	Keypress: t
108.0887 	DATA 	Keypress: l
108.2283 	DATA 	Keypress: t
108.2884 	DATA 	Keypress: l
108.4310 	DATA 	Keypress: t
108.5030 	DATA 	Keypress: l
108.6423 	INFO 	Keyboard events cleared
108.6419 	EXP 	text: autoDraw = True
108.6500 	EXP 	Fixation: autoDraw = False
108.7103 	EXP 	New trial (rep=10, index=4): <Trial 74 (4 in rep 10) data={'reward_today': 27, 'future_reward': 50, 'delay': 21, 'thisN': 74, 'thisTrialN': 4, 'thisRepN': 10}>
108.7167 	DATA 	Keypress: l
108.7222 	EXP 	Fixation: autoDraw = False
108.7222 	EXP 	text: autoDraw = False
108.7222 	EXP 	text: height = 0.05
108.7222 	EXP 	text: height = 0.05
108.7222 	EXP 	text: height = 0.05
108.7222 	EXP 	text: text = 'GBP 27 today or GBP 50 after 21 days'
108.7222 	EXP 	Fixation: autoDraw = True
108.8468 	DATA 	Keypress: t
108.9395 	DATA 	Keypress: l
109.1390 	DATA 	Keypress: l
109.2055 	DATA 	Keypress: t
109.3532 	DATA 	Keypress: l
109.4527 	DATA 	Keypress: t
109.5619 	DATA 	Keypress: l
109.7078 	INFO 	Keyboard events cleared
109.7073 	EXP 	text: autoDraw = True
109.7153 	EXP 	Fixation: autoDraw = False
109.7269 	EXP 	New trial (rep=10, index=5): <Trial 75 (5 in rep 10) data={'reward_today': 11, 'future_reward': 30, 'delay': 7, 'thisN': 75, 'thisTrialN': 5, 'thisRepN': 10}>
109.7342 	DATA 	Keypress: t
109.7411 	EXP 	Fixation: autoDraw = False
109.7411 	EXP 	text: autoDraw = False
109.7411 	EXP 	text: height = 0.05
109.7411 	EXP 	text: height = 0.05
109.7411 	EXP 	text: height = 0.05
109.7411 	EXP 	text: text = 'GBP 11 today or GBP 30 after 7 days'
109.7411 	EXP 	Fixation: autoDraw = True
109.8143 	DATA 	Keypress: l
109.9799 	DATA 	Keypress: t
109.9964 	DATA 	Keypress: l
110.1793 	DATA 	Keypress: t
110.2702 	DATA 	Keypress: l
110.4312 	DATA 	Keypress: t
110.4965 	DATA 	Keypress: l
110.6616 	DATA 	Keypress: t
110.7239 	INFO 	Keyboard events cleared
110.7233 	EXP 	text: autoDraw = True
110.7411 	EXP 	Fixation: autoDraw = False
110.7427 	EXP 	New trial (rep=10, index=6): <Trial 76 (6 in rep 10) data={'reward_today': 40, 'future_reward': 55, 'delay': 62, 'thisN': 76, 'thisTrialN': 6, 'thisRepN': 10}>
110.7486 	DATA 	Keypress: l
110.7550 	EXP 	Fixation: autoDraw = False
110.7550 	EXP 	text: autoDraw = False
110.7550 	EXP 	text: height = 0.05
110.7550 	EXP 	text: height = 0.05
110.7550 	EXP 	text: height = 0.05
110.7550 	EXP 	text: text = 'GBP 40 today or GBP 55 after 62 days'
110.7550 	EXP 	Fixation: autoDraw = True
110.8864 	DATA 	Keypress: t
110.9752 	DATA 	Keypress: l
111.0962 	DATA 	Keypress: t
111.1803 	DATA 	Keypress: l
111.2882 	DATA 	Keypress: t
111.3849 	DATA 	Keypress: l
111.4863 	DATA 	Keypress: t
111.5910 	DATA 	Keypress: l
111.7205 	DATA 	Keypress: t
111.7420 	INFO 	Keyboard events cleared
111.7418 	EXP 	text: autoDraw = True
111.7480 	EXP 	Fixation: autoDraw = False
111.7930 	EXP 	New trial (rep=11, index=0): <Trial 77 (0 in rep 11) data={'reward_today': 49, 'future_reward': 60, 'delay': 89, 'thisN': 77, 'thisTrialN': 0, 'thisRepN': 11}>
111.7984 	DATA 	Keypress: l
111.8046 	EXP 	Fixation: autoDraw = False
111.8046 	EXP 	text: autoDraw = False
111.8046 	EXP 	text: height = 0.05
111.8046 	EXP 	text: height = 0.05
111.8046 	EXP 	text: height = 0.05
111.8046 	EXP 	text: text = 'GBP 49 today or GBP 60 after 89 days'
111.8046 	EXP 	Fixation: autoDraw = True
111.9957 	DATA 	Keypress: l
112.0084 	DATA 	Keypress: t
112.2537 	DATA 	Keypress: l
112.2643 	DATA 	Keypress: t
112.4552 	DATA 	Keypress: l
112.4669 	DATA 	Keypress: t
112.6392 	DATA 	Keypress: t
112.6406 	DATA 	Keypress: l
112.7911 	INFO 	Keyboard events cleared
112.7907 	EXP 	text: autoDraw = True
112.7988 	EXP 	Fixation: autoDraw = False
123.7154 	EXP 	New trial (rep=11, index=1): <Trial 78 (1 in rep 11) data={'reward_today': 67, 'future_reward': 76, 'delay': 119, 'thisN': 78, 'thisTrialN': 1, 'thisRepN': 11}>
123.7219 	DATA 	Keypress: t
123.7293 	EXP 	Fixation: autoDraw = False
123.7293 	EXP 	text: autoDraw = False
123.7293 	EXP 	text: height = 0.05
123.7293 	EXP 	text: height = 0.05
123.7293 	EXP 	text: height = 0.05
123.7293 	EXP 	text: text = 'GBP 67 today or GBP 76 after 119 days'
123.7293 	EXP 	Fixation: autoDraw = True
124.0209 	DATA 	Keypress: l
124.1622 	DATA 	Keypress: t
124.3205 	DATA 	Keypress: l
124.3812 	DATA 	Keypress: t
124.7080 	DATA 	Keypress: t
124.7156 	INFO 	Keyboard events cleared
124.7151 	EXP 	text: autoDraw = True
124.7244 	EXP 	Fixation: autoDraw = False
124.7833 	EXP 	New trial (rep=11, index=2): <Trial 79 (2 in rep 11) data={'reward_today': 78, 'future_reward': 80, 'delay': 162, 'thisN': 79, 'thisTrialN': 2, 'thisRepN': 11}>
124.7894 	DATA 	Keypress: l
124.7958 	EXP 	Fixation: autoDraw = False
124.7958 	EXP 	text: autoDraw = False
124.7958 	EXP 	text: height = 0.05
124.7958 	EXP 	text: height = 0.05
124.7958 	EXP 	text: height = 0.05
124.7958 	EXP 	text: text = 'GBP 78 today or GBP 80 after 162 days'
124.7958 	EXP 	Fixation: autoDraw = True
124.9304 	DATA 	Keypress: t
125.0378 	DATA 	Keypress: l
125.1369 	DATA 	Keypress: t
125.2537 	DATA 	Keypress: l
125.3127 	DATA 	Keypress: t
125.4550 	DATA 	Keypress: l
125.5562 	DATA 	Keypress: t
125.6704 	DATA 	Keypress: l
125.7717 	DATA 	Keypress: t
125.7790 	INFO 	Keyboard events cleared
125.7788 	EXP 	text: autoDraw = True
125.7916 	EXP 	Fixation: autoDraw = False
125.8852 	EXP 	New trial (rep=11, index=3): <Trial 80 (3 in rep 11) data={'reward_today': 27, 'future_reward': 50, 'delay': 21, 'thisN': 80, 'thisTrialN': 3, 'thisRepN': 11}>
125.8913 	DATA 	Keypress: l
125.8975 	EXP 	Fixation: autoDraw = False
125.8975 	EXP 	text: autoDraw = False
125.8975 	EXP 	text: height = 0.05
125.8975 	EXP 	text: height = 0.05
125.8975 	EXP 	text: height = 0.05
125.8975 	EXP 	text: text = 'GBP 27 today or GBP 50 after 21 days'
125.8975 	EXP 	Fixation: autoDraw = True
125.9709 	DATA 	Keypress: t
126.0971 	DATA 	Keypress: l
126.1838 	DATA 	Keypress: t
126.3137 	DATA 	Keypress: l
126.3979 	DATA 	Keypress: t
126.5534 	DATA 	Keypress: l
126.6329 	DATA 	Keypress: t
126.7706 	DATA 	Keypress: l
126.8619 	DATA 	Keypress: t
126.8776 	INFO 	Keyboard events cleared
126.8773 	EXP 	text: autoDraw = True
126.8981 	EXP 	Fixation: autoDraw = False
126.9792 	DATA 	Keypress: l
126.9856 	EXP 	New trial (rep=11, index=4): <Trial 81 (4 in rep 11) data={'reward_today': 11, 'future_reward': 30, 'delay': 7, 'thisN': 81, 'thisTrialN': 4, 'thisRepN': 11}>
126.9956 	EXP 	Fixation: autoDraw = False
126.9956 	EXP 	text: autoDraw = False
126.9956 	EXP 	text: height = 0.05
126.9956 	EXP 	text: height = 0.05
126.9956 	EXP 	text: height = 0.05
126.9956 	EXP 	text: text = 'GBP 11 today or GBP 30 after 7 days'
126.9956 	EXP 	Fixation: autoDraw = True
127.0938 	DATA 	Keypress: t
127.2032 	DATA 	Keypress: l
127.2884 	DATA 	Keypress: t
127.4129 	DATA 	Keypress: l
127.4965 	DATA 	Keypress: t
127.6471 	DATA 	Keypress: l
127.7033 	DATA 	Keypress: t
127.8789 	DATA 	Keypress: l
127.9866 	INFO 	Keyboard events cleared
127.9862 	EXP 	text: autoDraw = True
127.9953 	EXP 	Fixation: autoDraw = False
128.1011 	EXP 	New trial (rep=11, index=5): <Trial 82 (5 in rep 11) data={'reward_today': 40, 'future_reward': 55, 'delay': 62, 'thisN': 82, 'thisTrialN': 5, 'thisRepN': 11}>
128.1113 	DATA 	Keypress: t
128.1177 	EXP 	Fixation: autoDraw = False
128.1177 	EXP 	text: autoDraw = False
128.1177 	EXP 	text: height = 0.05
128.1177 	EXP 	text: height = 0.05
128.1177 	EXP 	text: height = 0.05
128.1177 	EXP 	text: text = 'GBP 40 today or GBP 55 after 62 days'
128.1177 	EXP 	Fixation: autoDraw = True
128.2323 	DATA 	Keypress: l
128.3699 	DATA 	Keypress: t
128.4802 	DATA 	Keypress: l
128.5974 	DATA 	Keypress: t
128.6973 	DATA 	Keypress: l
128.8124 	DATA 	Keypress: t
128.9199 	DATA 	Keypress: l
129.0308 	DATA 	Keypress: t
129.0953 	INFO 	Keyboard events cleared
129.0950 	EXP 	text: autoDraw = True
129.1150 	EXP 	Fixation: autoDraw = False
129.1493 	EXP 	New trial (rep=11, index=6): <Trial 83 (6 in rep 11) data={'reward_today': 15, 'future_reward': 35, 'delay': 13, 'thisN': 83, 'thisTrialN': 6, 'thisRepN': 11}>
129.1556 	DATA 	Keypress: l
129.1625 	EXP 	Fixation: autoDraw = False
129.1625 	EXP 	text: autoDraw = False
129.1625 	EXP 	text: height = 0.05
129.1625 	EXP 	text: height = 0.05
129.1625 	EXP 	text: height = 0.05
129.1625 	EXP 	text: text = 'GBP 15 today or GBP 35 after 13 days'
129.1625 	EXP 	Fixation: autoDraw = True
129.2435 	DATA 	Keypress: t
129.3805 	DATA 	Keypress: l
129.5642 	DATA 	Keypress: l
129.7045 	DATA 	Keypress: t
129.8226 	DATA 	Keypress: l
129.9263 	DATA 	Keypress: t
130.0625 	DATA 	Keypress: l
130.1466 	DATA 	Keypress: t
130.1527 	INFO 	Keyboard events cleared
130.1523 	EXP 	text: autoDraw = True
130.1746 	EXP 	Fixation: autoDraw = False
130.2771 	EXP 	New trial (rep=12, index=0): <Trial 84 (0 in rep 12) data={'reward_today': 67, 'future_reward': 76, 'delay': 119, 'thisN': 84, 'thisTrialN': 0, 'thisRepN': 12}>
130.2835 	DATA 	Keypress: l
130.2905 	EXP 	Fixation: autoDraw = False
130.2905 	EXP 	text: autoDraw = False
130.2905 	EXP 	text: height = 0.05
130.2905 	EXP 	text: height = 0.05
130.2905 	EXP 	text: height = 0.05
130.2905 	EXP 	text: text = 'GBP 67 today or GBP 76 after 119 days'
130.2905 	EXP 	Fixation: autoDraw = True
130.3945 	DATA 	Keypress: t
130.5041 	DATA 	Keypress: l
130.6290 	DATA 	Keypress: t
130.7514 	DATA 	Keypress: l
130.8684 	DATA 	Keypress: t
130.9797 	DATA 	Keypress: l
131.0642 	DATA 	Keypress: t
131.2005 	DATA 	Keypress: l
131.2744 	INFO 	Keyboard events cleared
131.2740 	EXP 	text: autoDraw = True
131.2834 	EXP 	Fixation: autoDraw = False
131.3104 	EXP 	New trial (rep=12, index=1): <Trial 85 (1 in rep 12) data={'reward_today': 15, 'future_reward': 35, 'delay': 13, 'thisN': 85, 'thisTrialN': 1, 'thisRepN': 12}>
131.3163 	DATA 	Keypress: t
131.3225 	EXP 	Fixation: autoDraw = False
131.3225 	EXP 	text: autoDraw = False
131.3225 	EXP 	text: height = 0.05
131.3225 	EXP 	text: height = 0.05
131.3225 	EXP 	text: height = 0.05
131.3225 	EXP 	text: text = 'GBP 15 today or GBP 35 after 13 days'
131.3225 	EXP 	Fixation: autoDraw = True
131.4368 	DATA 	Keypress: l
131.5437 	DATA 	Keypress: t
131.6368 	DATA 	Keypress: l
131.7619 	DATA 	Keypress: t
131.8528 	DATA 	Keypress: l
131.9476 	DATA 	Keypress: t
132.0614 	DATA 	Keypress: l
132.1843 	DATA 	Keypress: t
132.2810 	DATA 	Keypress: l
132.3074 	INFO 	Keyboard events cleared
132.3071 	EXP 	text: autoDraw = True
132.3141 	EXP 	Fixation: autoDraw = False
132.4175 	EXP 	New trial (rep=12, index=2): <Trial 86 (2 in rep 12) data={'reward_today': 11, 'future_reward': 30, 'delay': 7, 'thisN': 86, 'thisTrialN': 2, 'thisRepN': 12}>
132.4237 	DATA 	Keypress: t
132.4293 	EXP 	Fixation: autoDraw = False
132.4293 	EXP 	text: autoDraw = False
132.4293 	EXP 	text: height = 0.05
132.4293 	EXP 	text: height = 0.05
132.4293 	EXP 	text: height = 0.05
132.4293 	EXP 	text: text = 'GBP 11 today or GBP 30 after 7 days'
132.4293 	EXP 	Fixation: autoDraw = True
132.5272 	DATA 	Keypress: l
132.6274 	DATA 	Keypress: t
132.7292 	DATA 	Keypress: l
132.8186 	DATA 	Keypress: t
132.9448 	DATA 	Keypress: l
133.0680 	DATA 	Keypress: t
133.1690 	DATA 	Keypress: l
133.2796 	DATA 	Keypress: t
133.4025 	DATA 	Keypress: l
133.4256 	INFO 	Keyboard events cleared
133.4252 	EXP 	text: autoDraw = True
133.4332 	EXP 	Fixation: autoDraw = False
133.4999 	EXP 	New trial (rep=12, index=3): <Trial 87 (3 in rep 12) data={'reward_today': 49, 'future_reward': 60, 'delay': 89, 'thisN': 87, 'thisTrialN': 3, 'thisRepN': 12}>
133.5059 	DATA 	Keypress: t
133.5122 	EXP 	Fixation: autoDraw = False
133.5122 	EXP 	text: autoDraw = False
133.5122 	EXP 	text: height = 0.05
133.5122 	EXP 	text: height = 0.05
133.5122 	EXP 	text: height = 0.05
133.5122 	EXP 	text: text = 'GBP 49 today or GBP 60 after 89 days'
133.5122 	EXP 	Fixation: autoDraw = True
133.6140 	DATA 	Keypress: l
133.6952 	DATA 	Keypress: t
133.8292 	DATA 	Keypress: l
133.9142 	DATA 	Keypress: t
134.0774 	DATA 	Keypress: l
134.1538 	DATA 	Keypress: t
134.3027 	DATA 	Keypress: l
134.4032 	DATA 	Keypress: t
134.4994 	INFO 	Keyboard events cleared
134.4990 	EXP 	text: autoDraw = True
134.5077 	EXP 	Fixation: autoDraw = False
134.5101 	EXP 	New trial (rep=12, index=4): <Trial 88 (4 in rep 12) data={'reward_today': 40, 'future_reward': 55, 'delay': 62, 'thisN': 88, 'thisTrialN': 4, 'thisRepN': 12}>
134.5168 	DATA 	Keypress: l
134.5225 	EXP 	Fixation: autoDraw = False
134.5225 	EXP 	text: autoDraw = False
134.5225 	EXP 	text: height = 0.05
134.5225 	EXP 	text: height = 0.05
134.5225 	EXP 	text: height = 0.05
134.5225 	EXP 	text: text = 'GBP 40 today or GBP 55 after 62 days'
134.5225 	EXP 	Fixation: autoDraw = True
134.6341 	DATA 	Keypress: t
134.7315 	DATA 	Keypress: l
134.9297 	DATA 	Keypress: t
134.9878 	DATA 	Keypress: l
135.1875 	DATA 	Keypress: l
135.2508 	DATA 	Keypress: t
135.4376 	DATA 	Keypress: l
135.4849 	DATA 	Keypress: t
135.5079 	INFO 	Keyboard events cleared
135.5075 	EXP 	text: autoDraw = True
135.5150 	EXP 	Fixation: autoDraw = False
135.6675 	EXP 	New trial (rep=12, index=5): <Trial 89 (5 in rep 12) data={'reward_today': 27, 'future_reward': 50, 'delay': 21, 'thisN': 89, 'thisTrialN': 5, 'thisRepN': 12}>
135.6742 	DATA 	Keypress: l
135.6800 	EXP 	Fixation: autoDraw = False
135.6800 	EXP 	text: autoDraw = False
135.6800 	EXP 	text: height = 0.05
135.6800 	EXP 	text: height = 0.05
135.6800 	EXP 	text: height = 0.05
135.6800 	EXP 	text: text = 'GBP 27 today or GBP 50 after 21 days'
135.6800 	EXP 	Fixation: autoDraw = True
135.8963 	DATA 	Keypress: t
135.9874 	DATA 	Keypress: l
136.1457 	DATA 	Keypress: t
136.2322 	DATA 	Keypress: l
136.3708 	DATA 	Keypress: t
136.4561 	DATA 	Keypress: l
136.5875 	DATA 	Keypress: t
136.6678 	INFO 	Keyboard events cleared
136.6673 	EXP 	text: autoDraw = True
136.6725 	DATA 	Keypress: l
136.6786 	EXP 	Fixation: autoDraw = False
136.8002 	EXP 	New trial (rep=12, index=6): <Trial 90 (6 in rep 12) data={'reward_today': 78, 'future_reward': 80, 'delay': 162, 'thisN': 90, 'thisTrialN': 6, 'thisRepN': 12}>
136.8060 	DATA 	Keypress: t
136.8122 	EXP 	Fixation: autoDraw = False
136.8122 	EXP 	text: autoDraw = False
136.8122 	EXP 	text: height = 0.05
136.8122 	EXP 	text: height = 0.05
136.8122 	EXP 	text: height = 0.05
136.8122 	EXP 	text: text = 'GBP 78 today or GBP 80 after 162 days'
136.8122 	EXP 	Fixation: autoDraw = True
136.8960 	DATA 	Keypress: l
137.0135 	DATA 	Keypress: t
137.0923 	DATA 	Keypress: l
137.2212 	DATA 	Keypress: t
137.3656 	DATA 	Keypress: l
137.4372 	DATA 	Keypress: t
137.5879 	DATA 	Keypress: l
137.6859 	DATA 	Keypress: t
137.7831 	DATA 	Keypress: l
137.7977 	INFO 	Keyboard events cleared
137.7974 	EXP 	text: autoDraw = True
137.8082 	EXP 	Fixation: autoDraw = False
137.8992 	EXP 	New trial (rep=13, index=0): <Trial 91 (0 in rep 13) data={'reward_today': 27, 'future_reward': 50, 'delay': 21, 'thisN': 91, 'thisTrialN': 0, 'thisRepN': 13}>
137.9049 	DATA 	Keypress: t
137.9117 	EXP 	Fixation: autoDraw = False
137.9117 	EXP 	text: autoDraw = False
137.9117 	EXP 	text: height = 0.05
137.9117 	EXP 	text: height = 0.05
137.9117 	EXP 	text: height = 0.05
137.9117 	EXP 	text: text = 'GBP 27 today or GBP 50 after 21 days'
137.9117 	EXP 	Fixation: autoDraw = True
138.0287 	DATA 	Keypress: l
138.1542 	DATA 	Keypress: t
138.2295 	DATA 	Keypress: l
138.3801 	DATA 	Keypress: t
138.4871 	DATA 	Keypress: l
138.6210 	DATA 	Keypress: t
138.6873 	DATA 	Keypress: l
138.8709 	DATA 	Keypress: l
138.9003 	INFO 	Keyboard events cleared
138.8999 	EXP 	text: autoDraw = True
138.9086 	EXP 	Fixation: autoDraw = False
139.0333 	EXP 	New trial (rep=13, index=1): <Trial 92 (1 in rep 13) data={'reward_today': 67, 'future_reward': 76, 'delay': 119, 'thisN': 92, 'thisTrialN': 1, 'thisRepN': 13}>
139.0397 	DATA 	Keypress: t
139.0456 	EXP 	Fixation: autoDraw = False
139.0456 	EXP 	text: autoDraw = False
139.0456 	EXP 	text: height = 0.05
139.0456 	EXP 	text: height = 0.05
139.0456 	EXP 	text: height = 0.05
139.0456 	EXP 	text: text = 'GBP 67 today or GBP 76 after 119 days'
139.0456 	EXP 	Fixation: autoDraw = True
139.1456 	DATA 	Keypress: l
139.3293 	DATA 	Keypress: t
139.3493 	DATA 	Keypress: l
139.5195 	DATA 	Keypress: t
139.5785 	DATA 	Keypress: l
139.7638 	DATA 	Keypress: t
139.7961 	DATA 	Keypress: l
140.0045 	DATA 	Keypress: l
140.0082 	DATA 	Keypress: t
140.0312 	INFO 	Keyboard events cleared
140.0309 	EXP 	text: autoDraw = True
140.0415 	EXP 	Fixation: autoDraw = False
140.2342 	EXP 	New trial (rep=13, index=2): <Trial 93 (2 in rep 13) data={'reward_today': 49, 'future_reward': 60, 'delay': 89, 'thisN': 93, 'thisTrialN': 2, 'thisRepN': 13}>
140.2410 	DATA 	Keypress: l
140.2464 	EXP 	Fixation: autoDraw = False
140.2464 	EXP 	text: autoDraw = False
140.2464 	EXP 	text: height = 0.05
140.2464 	EXP 	text: height = 0.05
140.2464 	EXP 	text: height = 0.05
140.2464 	EXP 	text: text = 'GBP 49 today or GBP 60 after 89 days'
140.2464 	EXP 	Fixation: autoDraw = True
140.4805 	DATA 	Keypress: l
140.5973 	DATA 	Keypress: t
140.7639 	DATA 	Keypress: l
140.8739 	DATA 	Keypress: t
141.0046 	DATA 	Keypress: l
141.0928 	DATA 	Keypress: t
141.1936 	DATA 	Keypress: l
141.2320 	INFO 	Keyboard events cleared
141.2314 	EXP 	text: autoDraw = True
141.2407 	EXP 	Fixation: autoDraw = False
141.3273 	EXP 	New trial (rep=13, index=3): <Trial 94 (3 in rep 13) data={'reward_today': 11, 'future_reward': 30, 'delay': 7, 'thisN': 94, 'thisTrialN': 3, 'thisRepN': 13}>
141.3342 	DATA 	Keypress: t
141.3399 	EXP 	Fixation: autoDraw = False
141.3399 	EXP 	text: autoDraw = False
141.3399 	EXP 	text: height = 0.05
141.3399 	EXP 	text: height = 0.05
141.3399 	EXP 	text: height = 0.05
141.3399 	EXP 	text: text = 'GBP 11 today or GBP 30 after 7 days'
141.3399 	EXP 	Fixation: autoDraw = True
141.4302 	DATA 	Keypress: l
141.5640 	DATA 	Keypress: t
141.6294 	DATA 	Keypress: l
141.7959 	DATA 	Keypress: t
141.8294 	DATA 	Keypress: l
142.0192 	DATA 	Keypress: t
142.0879 	DATA 	Keypress: l
142.2613 	DATA 	Keypress: t
142.3249 	INFO 	Keyboard events cleared
142.3239 	EXP 	text: autoDraw = True
142.3285 	DATA 	Keypress: l
142.3350 	EXP 	Fixation: autoDraw = False
142.5004 	EXP 	New trial (rep=13, index=4): <Trial 95 (4 in rep 13) data={'reward_today': 15, 'future_reward': 35, 'delay': 13, 'thisN': 95, 'thisTrialN': 4, 'thisRepN': 13}>
142.5074 	DATA 	Keypress: t
142.5130 	EXP 	Fixation: autoDraw = False
142.5130 	EXP 	text: autoDraw = False
142.5130 	EXP 	text: height = 0.05
142.5130 	EXP 	text: height = 0.05
142.5130 	EXP 	text: height = 0.05
142.5130 	EXP 	text: text = 'GBP 15 today or GBP 35 after 13 days'
142.5130 	EXP 	Fixation: autoDraw = True
142.5623 	DATA 	Keypress: l
142.7210 	DATA 	Keypress: t
142.8131 	DATA 	Keypress: l
142.9530 	DATA 	Keypress: t
143.0130 	DATA 	Keypress: l
143.1870 	DATA 	Keypress: t
143.2983 	DATA 	Keypress: l
143.4635 	DATA 	Keypress: t
143.5005 	INFO 	Keyboard events cleared
143.5001 	EXP 	text: autoDraw = True
143.5093 	EXP 	Fixation: autoDraw = False
143.5118 	EXP 	New trial (rep=13, index=5): <Trial 96 (5 in rep 13) data={'reward_today': 40, 'future_reward': 55, 'delay': 62, 'thisN': 96, 'thisTrialN': 5, 'thisRepN': 13}>
143.5225 	DATA 	Keypress: l
143.5287 	EXP 	Fixation: autoDraw = False
143.5287 	EXP 	text: autoDraw = False
143.5287 	EXP 	text: height = 0.05
143.5287 	EXP 	text: height = 0.05
143.5287 	EXP 	text: height = 0.05
143.5287 	EXP 	text: text = 'GBP 40 today or GBP 55 after 62 days'
143.5287 	EXP 	Fixation: autoDraw = True
143.6632 	DATA 	Keypress: t
143.7432 	DATA 	Keypress: l
143.8799 	DATA 	Keypress: t
143.9537 	DATA 	Keypress: l
144.1135 	DATA 	Keypress: t
144.1439 	DATA 	Keypress: l
144.3125 	DATA 	Keypress: t
144.4290 	DATA 	Keypress: l
144.5082 	INFO 	Keyboard events cleared
144.5072 	EXP 	text: autoDraw = True
144.5250 	EXP 	Fixation: autoDraw = False
144.5674 	EXP 	New trial (rep=13, index=6): <Trial 97 (6 in rep 13) data={'reward_today': 78, 'future_reward': 80, 'delay': 162, 'thisN': 97, 'thisTrialN': 6, 'thisRepN': 13}>
144.5728 	DATA 	Keypress: t
144.5792 	EXP 	Fixation: autoDraw = False
144.5792 	EXP 	text: autoDraw = False
144.5792 	EXP 	text: height = 0.05
144.5792 	EXP 	text: height = 0.05
144.5792 	EXP 	text: height = 0.05
144.5792 	EXP 	text: text = 'GBP 78 today or GBP 80 after 162 days'
144.5792 	EXP 	Fixation: autoDraw = True
144.6441 	DATA 	Keypress: l
144.7804 	DATA 	Keypress: t
144.8138 	DATA 	Keypress: l
144.9512 	DATA 	Keypress: l
145.5671 	INFO 	Keyboard events cleared
145.5667 	EXP 	text: autoDraw = True
145.5756 	EXP 	Fixation: autoDraw = False
148.0603 	EXP 	New trial (rep=14, index=0): <Trial 98 (0 in rep 14) data={'reward_today': 40, 'future_reward': 55, 'delay': 62, 'thisN': 98, 'thisTrialN': 0, 'thisRepN': 14}>
148.0704 	DATA 	Keypress: t
148.0777 	EXP 	Fixation: autoDraw = False
148.0777 	EXP 	text: autoDraw = False
148.0777 	EXP 	text: height = 0.05
148.0777 	EXP 	text: height = 0.05
148.0777 	EXP 	text: height = 0.05
148.0777 	EXP 	text: text = 'GBP 40 today or GBP 55 after 62 days'
148.0777 	EXP 	Fixation: autoDraw = True
148.2047 	DATA 	Keypress: l
148.3145 	DATA 	Keypress: t
148.4716 	DATA 	Keypress: l
148.5638 	DATA 	Keypress: t
148.7189 	DATA 	Keypress: l
148.8792 	DATA 	Keypress: t
148.9795 	DATA 	Keypress: l
149.0588 	INFO 	Keyboard events cleared
149.0585 	EXP 	text: autoDraw = True
149.0737 	EXP 	Fixation: autoDraw = False
149.1604 	EXP 	New trial (rep=14, index=1): <Trial 99 (1 in rep 14) data={'reward_today': 78, 'future_reward': 80, 'delay': 162, 'thisN': 99, 'thisTrialN': 1, 'thisRepN': 14}>
149.1674 	DATA 	Keypress: t
149.1732 	EXP 	Fixation: autoDraw = False
149.1732 	EXP 	text: autoDraw = False
149.1732 	EXP 	text: height = 0.05
149.1732 	EXP 	text: height = 0.05
149.1732 	EXP 	text: height = 0.05
149.1732 	EXP 	text: text = 'GBP 78 today or GBP 80 after 162 days'
149.1732 	EXP 	Fixation: autoDraw = True
149.2458 	DATA 	Keypress: l
149.3619 	DATA 	Keypress: t
149.4987 	DATA 	Keypress: l
149.5539 	DATA 	Keypress: t
149.7139 	DATA 	Keypress: l
149.7969 	DATA 	Keypress: t
149.9290 	DATA 	Keypress: l
150.0533 	DATA 	Keypress: t
150.1462 	DATA 	Keypress: l
150.1749 	INFO 	Keyboard events cleared
150.1744 	EXP 	text: autoDraw = True
150.1916 	EXP 	Fixation: autoDraw = False
150.2774 	EXP 	New trial (rep=14, index=2): <Trial 100 (2 in rep 14) data={'reward_today': 27, 'future_reward': 50, 'delay': 21, 'thisN': 100, 'thisTrialN': 2, 'thisRepN': 14}>
150.3602 	DATA 	Keypress: t
150.3663 	EXP 	Fixation: autoDraw = False
150.3663 	EXP 	text: autoDraw = False
150.3663 	EXP 	text: height = 0.05
150.3663 	EXP 	text: height = 0.05
150.3663 	EXP 	text: height = 0.05
150.3663 	EXP 	text: text = 'GBP 27 today or GBP 50 after 21 days'
150.3663 	EXP 	Fixation: autoDraw = True
150.3674 	DATA 	Keypress: l
150.4817 	DATA 	Keypress: t
150.6115 	DATA 	Keypress: l
150.7480 	DATA 	Keypress: t
150.8540 	DATA 	Keypress: l
151.0038 	DATA 	Keypress: t
151.0691 	DATA 	Keypress: l
151.1800 	DATA 	Keypress: t
151.2726 	DATA 	Keypress: l
151.2803 	INFO 	Keyboard events cleared
151.2799 	EXP 	text: autoDraw = True
151.3651 	EXP 	Fixation: autoDraw = False
151.3915 	EXP 	New trial (rep=14, index=3): <Trial 101 (3 in rep 14) data={'reward_today': 11, 'future_reward': 30, 'delay': 7, 'thisN': 101, 'thisTrialN': 3, 'thisRepN': 14}>
151.3973 	DATA 	Keypress: t
151.4031 	EXP 	Fixation: autoDraw = False
151.4031 	EXP 	text: autoDraw = False
151.4031 	EXP 	text: height = 0.05
151.4031 	EXP 	text: height = 0.05
151.4031 	EXP 	text: height = 0.05
151.4031 	EXP 	text: text = 'GBP 11 today or GBP 30 after 7 days'
151.4031 	EXP 	Fixation: autoDraw = True
151.5136 	DATA 	Keypress: l
151.5954 	DATA 	Keypress: t
151.7144 	DATA 	Keypress: l
151.8449 	DATA 	Keypress: t
151.8966 	DATA 	Keypress: l
152.0468 	DATA 	Keypress: t
152.1284 	DATA 	Keypress: l
152.2964 	DATA 	Keypress: t
152.3302 	DATA 	Keypress: l
152.3838 	INFO 	Keyboard events cleared
152.3836 	EXP 	text: autoDraw = True
152.3990 	EXP 	Fixation: autoDraw = False
152.5102 	EXP 	New trial (rep=14, index=4): <Trial 102 (4 in rep 14) data={'reward_today': 67, 'future_reward': 76, 'delay': 119, 'thisN': 102, 'thisTrialN': 4, 'thisRepN': 14}>
152.5167 	DATA 	Keypress: t
152.5224 	EXP 	Fixation: autoDraw = False
152.5224 	EXP 	text: autoDraw = False
152.5224 	EXP 	text: height = 0.05
152.5224 	EXP 	text: height = 0.05
152.5224 	EXP 	text: height = 0.05
152.5224 	EXP 	text: text = 'GBP 67 today or GBP 76 after 119 days'
152.5224 	EXP 	Fixation: autoDraw = True
152.5960 	DATA 	Keypress: l
152.7465 	DATA 	Keypress: t
152.8300 	DATA 	Keypress: l
152.9816 	DATA 	Keypress: t
153.0540 	DATA 	Keypress: l
153.2316 	DATA 	Keypress: t
153.3375 	DATA 	Keypress: l
153.4968 	DATA 	Keypress: t
153.5096 	INFO 	Keyboard events cleared
153.5094 	EXP 	text: autoDraw = True
153.5248 	EXP 	Fixation: autoDraw = False
153.5944 	EXP 	New trial (rep=14, index=5): <Trial 103 (5 in rep 14) data={'reward_today': 15, 'future_reward': 35, 'delay': 13, 'thisN': 103, 'thisTrialN': 5, 'thisRepN': 14}>
153.6006 	DATA 	Keypress: l
153.6063 	EXP 	Fixation: autoDraw = False
153.6063 	EXP 	text: autoDraw = False
153.6063 	EXP 	text: height = 0.05
153.6063 	EXP 	text: height = 0.05
153.6063 	EXP 	text: height = 0.05
153.6063 	EXP 	text: text = 'GBP 15 today or GBP 35 after 13 days'
153.6063 	EXP 	Fixation: autoDraw = True
153.7109 	DATA 	Keypress: t
153.8296 	DATA 	Keypress: l
153.9635 	DATA 	Keypress: t
154.0799 	DATA 	Keypress: l
154.1777 	DATA 	Keypress: t
154.2696 	DATA 	Keypress: l
154.3956 	DATA 	Keypress: t
154.5371 	DATA 	Keypress: l
154.5908 	INFO 	Keyboard events cleared
154.5904 	EXP 	text: autoDraw = True
154.5985 	EXP 	Fixation: autoDraw = False
154.7432 	EXP 	New trial (rep=14, index=6): <Trial 104 (6 in rep 14) data={'reward_today': 49, 'future_reward': 60, 'delay': 89, 'thisN': 104, 'thisTrialN': 6, 'thisRepN': 14}>
154.7497 	DATA 	Keypress: t
154.7561 	EXP 	Fixation: autoDraw = False
154.7561 	EXP 	text: autoDraw = False
154.7561 	EXP 	text: height = 0.05
154.7561 	EXP 	text: height = 0.05
154.7561 	EXP 	text: height = 0.05
154.7561 	EXP 	text: text = 'GBP 49 today or GBP 60 after 89 days'
154.7561 	EXP 	Fixation: autoDraw = True
154.9553 	DATA 	Keypress: l
155.0798 	DATA 	Keypress: t
155.1629 	DATA 	Keypress: l
155.3012 	DATA 	Keypress: t
155.4289 	DATA 	Keypress: l
155.5626 	DATA 	Keypress: t
155.6688 	DATA 	Keypress: l
155.7421 	INFO 	Keyboard events cleared
155.7416 	EXP 	text: autoDraw = True
155.7513 	EXP 	Fixation: autoDraw = False
155.9385 	INFO 	saved data to /Users/sakshi/Desktop/Experiments/Delay Discounting/data/4_Delay Discounting_2024-11-30_15h25.19.574trials.csv
155.9400 	DATA 	Keypress: t
155.9410 	DATA 	Keypress: l
155.9467 	EXP 	Fixation: autoDraw = False
155.9467 	EXP 	text: autoDraw = False
155.9467 	EXP 	Delay Discounting: status = STOPPED
155.9605 	INFO 	saved data to '/Users/sakshi/Desktop/Experiments/Delay Discounting/data/4_Delay Discounting_2024-11-30_15h25.19.574.csv'
155.9612 	INFO 	saved data to /Users/sakshi/Desktop/Experiments/Delay Discounting/data/4_Delay Discounting_2024-11-30_15h25.19.574.psydat
156.3134 	DEBUG 	Saving data for Delay Discounting ExperimentHandler
