7.2498 	INFO 	Loaded monitor calibration from ['2024_10_29 21:52']
7.4184 	EXP 	Created window1 = Window(allowGUI=True, allowStencil=True, autoLog=True, backendConf=UNKNOWN, backgroundFit=<method-wrapper '__getattribute__' of attributeSetter object at 0x7fb6e2c8bdf0>, backgroundImage=<method-wrapper '__getattribute__' of attributeSetter object at 0x7fb6e2c8bcd0>, bitsMode=UNKNOWN, blendMode='avg', bpc=(8, 8, 8), color=array([0, 0, 0]), colorSpace='rgb', depthBits=8, fullscr=False, gamma=None, gammaErrorPolicy='raise', infoMsg=UNKNOWN, lms=UNKNOWN, monitor=<psychopy.monitors.calibTools.Monitor object at 0x7fb6e2b8f880>, multiSample=False, name='window1', numSamples=2, pos=[0.0, 0.0], screen=0, size=array([3420, 2224]), stencilBits=8, stereo=False, title='PsychoPy', units='height', useFBO=True, useRetina=True, viewOri=0.0, viewPos=None, viewScale=None, waitBlanking=True, winType='pyglet')
7.4184 	EXP 	window1: backgroundImage = ''
7.4184 	EXP 	window1: backgroundFit = 'none'
7.4264 	DEBUG 	TextBox2 loaded 1 chars with 0 blanks and 1 valid
7.4275 	DEBUG 	TextBox2 loaded 1 chars with 0 blanks and 1 valid
7.4288 	DEBUG 	TextBox2 loaded 1 chars with 0 blanks and 1 valid
7.4306 	DEBUG 	TextBox2 loaded 1 chars with 0 blanks and 1 valid
7.4322 	DEBUG 	TextBox2 loaded 1 chars with 0 blanks and 1 valid
7.4327 	DEBUG 	TextBox2 loaded 1 chars with 0 blanks and 1 valid
7.4338 	DEBUG 	TextBox2 loaded 1 chars with 0 blanks and 1 valid
7.4356 	DEBUG 	TextBox2 loaded 1 chars with 0 blanks and 1 valid
7.4358 	DEBUG 	TextBox2 loaded 1 chars with 0 blanks and 1 valid
7.4360 	DEBUG 	TextBox2 loaded 1 chars with 0 blanks and 1 valid
7.4373 	DEBUG 	TextBox2 loaded 1 chars with 0 blanks and 1 valid
7.4384 	DEBUG 	TextBox2 loaded 1 chars with 0 blanks and 1 valid
7.4395 	DEBUG 	TextBox2 loaded 1 chars with 0 blanks and 1 valid
7.4406 	DEBUG 	TextBox2 loaded 1 chars with 0 blanks and 1 valid
7.4414 	DEBUG 	TextBox2 loaded 1 chars with 0 blanks and 1 valid
7.4428 	DEBUG 	TextBox2 loaded 1 chars with 0 blanks and 1 valid
7.4439 	DEBUG 	TextBox2 loaded 1 chars with 0 blanks and 1 valid
7.4442 	DEBUG 	TextBox2 loaded 1 chars with 0 blanks and 1 valid
7.4447 	DEBUG 	TextBox2 loaded 1 chars with 0 blanks and 1 valid
7.4465 	DEBUG 	TextBox2 loaded 1 chars with 0 blanks and 1 valid
7.4467 	DEBUG 	TextBox2 loaded 1 chars with 0 blanks and 1 valid
7.4469 	DEBUG 	Uploading Texture Font fontname to graphics card
7.4511 	DEBUG 	Upload of Texture Font fontname complete
7.4564 	DEBUG 	TextBox2 loaded 1 chars with 0 blanks and 1 valid
7.4581 	DEBUG 	TextBox2 loaded 1 chars with 0 blanks and 1 valid
7.4597 	DEBUG 	TextBox2 loaded 1 chars with 0 blanks and 1 valid
7.4599 	DEBUG 	Uploading Texture Font fontname to graphics card
7.4617 	DEBUG 	Upload of Texture Font fontname complete
7.4629 	EXP 	window1: Attempting to measure frame rate of screen (0) ...
7.4629 	EXP 	window1: recordFrameIntervals = False
7.6330 	EXP 	window1: recordFrameIntervals = True
8.4659 	WARNING 	Couldn't measure a consistent frame rate!
  - Is your graphics card set to sync to vertical blank?
  - Are you running other processes on your computer?

8.4787 	WARNING 	launchHubServer: If using the iohub mouse or eyetracker devices, fullScr should be True.
10.3483 	INFO 	keyboard.Keyboard is using iohub backend.
10.3483 	EXP 	primming 5.0: status = STARTED
10.3562 	EXP 	Created StudyText = TextStim(__class__=<class 'psychopy.visual.text.TextStim'>, alignHoriz=method-wrapper(...), alignText='center', alignVert=method-wrapper(...), anchorHoriz='center', anchorVert='center', antialias=True, autoDraw=False, autoLog=True, bold=False, color=array([1., 1., 1.]), colorSpace='rgb', contrast=1.0, depth=0.0, draggable=False, flipHoriz=False, flipVert=False, font='Arial', fontFiles=[], height=0.05, italic=False, languageStyle='LTR', name='StudyText', opacity=1, ori=0.0, pos=array([0., 0.]), rgb=UNKNOWN, text='', units='height', win=Window(...), wrapWidth=1)
10.3732 	DEBUG 	TextBox2 loaded 1 chars with 0 blanks and 1 valid
10.3734 	DEBUG 	Uploading Texture Font fontname to graphics card
10.3754 	DEBUG 	Upload of Texture Font fontname complete
10.3790 	DEBUG 	TextBox2 loaded 1 chars with 0 blanks and 1 valid
10.3791 	DEBUG 	Uploading Texture Font fontname to graphics card
10.3809 	DEBUG 	Upload of Texture Font fontname complete
10.3859 	DEBUG 	TextBox2 loaded 1 chars with 0 blanks and 1 valid
10.3861 	DEBUG 	Uploading Texture Font fontname to graphics card
10.3879 	DEBUG 	Upload of Texture Font fontname complete
10.4012 	EXP 	Created Studyslider = Slider(__class__=<class 'psychopy.visual.slider.Slider'>, autoDraw=False, autoLog=True, borderColor=None, color=None, colorSpace='rgb', depth=-1, fillColor=None, flip=False, font='Open Sans', granularity=0.0, labelColor=None, labelHeight=0.05, labelWrapWidth=None, labels=['Familiar', 'Unfamiliar'], lineColor=None, markerColor=None, name='Studyslider', opacity=None, ori=0.0, pos=array([ 0. , -0.3]), readOnly=False, self=UNKNOWN, size=array([1. , 0.1]), startValue=None, style='slider', styleTweaks=[], ticks=array([1, 2, 3, 4, 5]), units='height', win=Window(...))
10.4017 	EXP 	Created TestText = TextStim(__class__=<class 'psychopy.visual.text.TextStim'>, alignHoriz=method-wrapper(...), alignText='center', alignVert=method-wrapper(...), anchorHoriz='center', anchorVert='center', antialias=True, autoDraw=False, autoLog=True, bold=False, color=array([1., 1., 1.]), colorSpace='rgb', contrast=1.0, depth=0.0, draggable=False, flipHoriz=False, flipVert=False, font='Arial', fontFiles=[], height=0.05, italic=False, languageStyle='LTR', name='TestText', opacity=1, ori=0.0, pos=array([0. , 0.1]), rgb=UNKNOWN, text='', units='height', win=Window(...), wrapWidth=1)
10.4104 	DEBUG 	TextBox2 loaded 1 chars with 0 blanks and 1 valid
10.4121 	DEBUG 	TextBox2 loaded 1 chars with 0 blanks and 1 valid
10.4136 	DEBUG 	TextBox2 loaded 1 chars with 0 blanks and 1 valid
10.4149 	DEBUG 	TextBox2 loaded 1 chars with 0 blanks and 1 valid
10.4152 	DEBUG 	TextBox2 loaded 1 chars with 0 blanks and 1 valid
10.4154 	DEBUG 	TextBox2 loaded 1 chars with 0 blanks and 1 valid
10.4169 	DEBUG 	TextBox2 loaded 1 chars with 0 blanks and 1 valid
10.4177 	DEBUG 	TextBox2 loaded 1 chars with 0 blanks and 1 valid
10.4180 	DEBUG 	TextBox2 loaded 1 chars with 0 blanks and 1 valid
10.4182 	DEBUG 	Uploading Texture Font fontname to graphics card
10.4206 	DEBUG 	Upload of Texture Font fontname complete
10.4401 	EXP 	Created submit_text = TextStim(__class__=<class 'psychopy.visual.text.TextStim'>, alignHoriz=method-wrapper(...), alignText='center', alignVert=method-wrapper(...), anchorHoriz='center', anchorVert='center', antialias=True, autoDraw=False, autoLog=True, bold=False, color=array([1., 1., 1.]), colorSpace='rgb', contrast=1.0, depth=-2.0, draggable=False, flipHoriz=False, flipVert=False, font='Arial', fontFiles=[], height=0.05, italic=False, languageStyle='LTR', name='submit_text', opacity=1, ori=0.0, pos=array([ 0. , -0.3]), rgb=UNKNOWN, text='Click to Submit', units='height', win=Window(...), wrapWidth=1)
0.0150 	EXP 	Studyslider: autoLog = True
0.0150 	EXP 	Studyslider: styleTweaks = []
0.0150 	EXP 	Studyslider: styleTweaks = []
0.0150 	EXP 	Studyslider: styleTweaks = []
0.0150 	EXP 	Studyslider: styleTweaks = []
0.0150 	EXP 	Studyslider: contrast = 1.0
0.0150 	EXP 	Studyslider: markerPos = None
0.0150 	EXP 	Studyslider: autoLog = True
0.0150 	EXP 	test_textbox: autoLog = True
0.0207 	DEBUG 	Read excel file with openpyxl: data/lab in 5.0.xlsx
0.0209 	EXP 	Imported data/lab in 5.0.xlsx as conditions, 15 conditions, 1 params
0.0213 	EXP 	New trial (rep=0, index=0): <Trial 0 (0 in rep 0) data={'Study_word': 'Poster', 'thisN': 0, 'thisTrialN': 0, 'thisRepN': 0}>
0.0446 	WARNING 	t of last frame was 29.62ms (=1/33)
0.0446 	EXP 	StudyText: height = 0.05
0.0446 	EXP 	StudyText: height = 0.05
0.0446 	EXP 	StudyText: height = 0.05
0.0446 	EXP 	StudyText: text = 'Poster'
0.0446 	EXP 	Studyslider: markerPos = None
0.0446 	EXP 	Studyslider: markerPos = None
0.0446 	EXP 	StudyText: autoDraw = True
0.0446 	EXP 	Studyslider: autoDraw = True
2.1107 	DATA 	Mouse: Left button down, pos=(859,241)
2.1254 	EXP 	Studyslider: markerPos = 3.014388489208633
2.1329 	EXP 	Studyslider: markerPos = 3.014388489208633
2.1408 	EXP 	Studyslider: markerPos = 3.014388489208633
2.1484 	EXP 	Studyslider: markerPos = 3.014388489208633
2.1579 	EXP 	Studyslider: markerPos = 3.014388489208633
2.1654 	EXP 	Studyslider: markerPos = 3.014388489208633
2.1741 	EXP 	Studyslider: markerPos = 3.014388489208633
2.1818 	EXP 	Studyslider: markerPos = 3.014388489208633
2.1915 	EXP 	Studyslider: markerPos = 3.014388489208633
2.1991 	EXP 	Studyslider: markerPos = 3.014388489208633
2.2079 	EXP 	Studyslider: markerPos = 3.014388489208633
2.2154 	EXP 	Studyslider: markerPos = 3.014388489208633
2.2245 	EXP 	Studyslider: markerPos = 3.014388489208633
2.2319 	EXP 	Studyslider: markerPos = 3.014388489208633
2.2414 	EXP 	Studyslider: markerPos = 3.014388489208633
2.2488 	EXP 	Studyslider: markerPos = 3.014388489208633
2.2578 	EXP 	Studyslider: markerPos = 3.014388489208633
2.2651 	EXP 	Studyslider: markerPos = 3.014388489208633
2.2752 	EXP 	Studyslider: markerPos = 3.014388489208633
2.2825 	EXP 	Studyslider: markerPos = 3.014388489208633
2.2912 	EXP 	Studyslider: markerPos = 3.014388489208633
2.2986 	EXP 	Studyslider: markerPos = 3.014388489208633
2.3085 	EXP 	Studyslider: markerPos = 3.014388489208633
2.3113 	DATA 	Mouse:  Left button up, pos=(859,241)
2.3161 	EXP 	Studyslider: markerPos = 3.014388489208633
2.3246 	EXP 	Studyslider: markerPos = 3.014388489208633
2.3249 	EXP 	New trial (rep=0, index=1): <Trial 1 (1 in rep 0) data={'Study_word': 'phone', 'thisN': 1, 'thisTrialN': 1, 'thisRepN': 0}>
2.3343 	EXP 	StudyText: autoDraw = False
2.3343 	EXP 	Studyslider: autoDraw = False
2.3343 	EXP 	StudyText: height = 0.05
2.3343 	EXP 	StudyText: height = 0.05
2.3343 	EXP 	StudyText: height = 0.05
2.3343 	EXP 	StudyText: text = 'phone'
2.3343 	EXP 	Studyslider: markerPos = None
2.3343 	EXP 	Studyslider: markerPos = None
2.3343 	EXP 	StudyText: autoDraw = True
2.3343 	EXP 	Studyslider: autoDraw = True
3.3946 	DATA 	Mouse: Left button down, pos=(859,241)
3.4091 	EXP 	Studyslider: markerPos = 3.014388489208633
3.4174 	EXP 	Studyslider: markerPos = 3.014388489208633
3.4258 	EXP 	Studyslider: markerPos = 3.014388489208633
3.4337 	EXP 	Studyslider: markerPos = 3.014388489208633
3.4420 	EXP 	Studyslider: markerPos = 3.014388489208633
3.4494 	EXP 	Studyslider: markerPos = 3.014388489208633
3.4574 	EXP 	Studyslider: markerPos = 3.014388489208633
3.4648 	EXP 	Studyslider: markerPos = 3.014388489208633
3.4751 	EXP 	Studyslider: markerPos = 3.014388489208633
3.4827 	EXP 	Studyslider: markerPos = 3.014388489208633
3.4911 	EXP 	Studyslider: markerPos = 3.014388489208633
3.4985 	EXP 	Studyslider: markerPos = 3.014388489208633
3.5078 	EXP 	Studyslider: markerPos = 3.014388489208633
3.5151 	EXP 	Studyslider: markerPos = 3.014388489208633
3.5249 	EXP 	Studyslider: markerPos = 3.014388489208633
3.5323 	EXP 	Studyslider: markerPos = 3.014388489208633
3.5413 	EXP 	Studyslider: markerPos = 3.014388489208633
3.5486 	EXP 	Studyslider: markerPos = 3.014388489208633
3.5578 	EXP 	Studyslider: markerPos = 3.014388489208633
3.5651 	EXP 	Studyslider: markerPos = 3.014388489208633
3.5751 	EXP 	Studyslider: markerPos = 3.014388489208633
3.5778 	DATA 	Mouse:  Left button up, pos=(859,241)
3.5826 	EXP 	Studyslider: markerPos = 3.014388489208633
3.5912 	EXP 	Studyslider: markerPos = 3.014388489208633
3.5915 	EXP 	New trial (rep=0, index=2): <Trial 2 (2 in rep 0) data={'Study_word': 'Case', 'thisN': 2, 'thisTrialN': 2, 'thisRepN': 0}>
3.6002 	EXP 	StudyText: autoDraw = False
3.6002 	EXP 	Studyslider: autoDraw = False
3.6002 	EXP 	StudyText: height = 0.05
3.6002 	EXP 	StudyText: height = 0.05
3.6002 	EXP 	StudyText: height = 0.05
3.6002 	EXP 	StudyText: text = 'Case'
3.6002 	EXP 	Studyslider: markerPos = None
3.6002 	EXP 	Studyslider: markerPos = None
3.6002 	EXP 	StudyText: autoDraw = True
3.6002 	EXP 	Studyslider: autoDraw = True
5.0278 	DATA 	Mouse: Left button down, pos=(581,215)
5.0415 	EXP 	Studyslider: markerPos = 2.014388489208633
5.0489 	EXP 	Studyslider: markerPos = 2.014388489208633
5.0578 	EXP 	Studyslider: markerPos = 2.014388489208633
5.0650 	EXP 	Studyslider: markerPos = 2.014388489208633
5.0748 	EXP 	Studyslider: markerPos = 2.014388489208633
5.0822 	EXP 	Studyslider: markerPos = 2.014388489208633
5.0915 	EXP 	Studyslider: markerPos = 2.014388489208633
5.0987 	EXP 	Studyslider: markerPos = 2.014388489208633
5.1079 	EXP 	Studyslider: markerPos = 2.014388489208633
5.1154 	EXP 	Studyslider: markerPos = 2.014388489208633
5.1244 	EXP 	Studyslider: markerPos = 2.014388489208633
5.1317 	EXP 	Studyslider: markerPos = 2.014388489208633
5.1417 	EXP 	Studyslider: markerPos = 2.014388489208633
5.1445 	DATA 	Mouse:  Left button up, pos=(581,215)
5.1492 	EXP 	Studyslider: markerPos = 2.014388489208633
5.1578 	EXP 	Studyslider: markerPos = 2.014388489208633
5.1582 	EXP 	New trial (rep=0, index=3): <Trial 3 (3 in rep 0) data={'Study_word': 'Cruise', 'thisN': 3, 'thisTrialN': 3, 'thisRepN': 0}>
5.1662 	EXP 	StudyText: autoDraw = False
5.1662 	EXP 	Studyslider: autoDraw = False
5.1662 	EXP 	StudyText: height = 0.05
5.1662 	EXP 	StudyText: height = 0.05
5.1662 	EXP 	StudyText: height = 0.05
5.1662 	EXP 	StudyText: text = 'Cruise'
5.1662 	EXP 	Studyslider: markerPos = None
5.1662 	EXP 	Studyslider: markerPos = None
5.1662 	EXP 	StudyText: autoDraw = True
5.1662 	EXP 	Studyslider: autoDraw = True
6.5445 	DATA 	Mouse: Left button down, pos=(854,229)
6.5582 	EXP 	Studyslider: markerPos = 2.9964028776978417
6.5660 	EXP 	Studyslider: markerPos = 2.9964028776978417
6.5745 	EXP 	Studyslider: markerPos = 2.9964028776978417
6.5817 	EXP 	Studyslider: markerPos = 2.9964028776978417
6.5914 	EXP 	Studyslider: markerPos = 2.9964028776978417
6.5989 	EXP 	Studyslider: markerPos = 2.9964028776978417
6.6082 	EXP 	Studyslider: markerPos = 2.9964028776978417
6.6155 	EXP 	Studyslider: markerPos = 2.9964028776978417
6.6248 	EXP 	Studyslider: markerPos = 2.9964028776978417
6.6322 	EXP 	Studyslider: markerPos = 2.9964028776978417
6.6414 	EXP 	Studyslider: markerPos = 2.9964028776978417
6.6487 	EXP 	Studyslider: markerPos = 2.9964028776978417
6.6583 	EXP 	Studyslider: markerPos = 2.9964028776978417
6.6656 	EXP 	Studyslider: markerPos = 2.9964028776978417
6.6744 	EXP 	Studyslider: markerPos = 2.9964028776978417
6.6816 	EXP 	Studyslider: markerPos = 2.9964028776978417
6.6917 	EXP 	Studyslider: markerPos = 2.9964028776978417
6.6990 	EXP 	Studyslider: markerPos = 2.9964028776978417
6.7078 	EXP 	Studyslider: markerPos = 2.9964028776978417
6.7151 	EXP 	Studyslider: markerPos = 2.9964028776978417
6.7250 	EXP 	Studyslider: markerPos = 2.9964028776978417
6.7277 	DATA 	Mouse:  Left button up, pos=(854,229)
6.7325 	EXP 	Studyslider: markerPos = 2.9964028776978417
6.7413 	EXP 	Studyslider: markerPos = 2.9964028776978417
6.7417 	EXP 	New trial (rep=0, index=4): <Trial 4 (4 in rep 0) data={'Study_word': 'book', 'thisN': 4, 'thisTrialN': 4, 'thisRepN': 0}>
6.7497 	EXP 	StudyText: autoDraw = False
6.7497 	EXP 	Studyslider: autoDraw = False
6.7497 	EXP 	StudyText: height = 0.05
6.7497 	EXP 	StudyText: height = 0.05
6.7497 	EXP 	StudyText: height = 0.05
6.7497 	EXP 	StudyText: text = 'book'
6.7497 	EXP 	Studyslider: markerPos = None
6.7497 	EXP 	Studyslider: markerPos = None
6.7497 	EXP 	StudyText: autoDraw = True
6.7497 	EXP 	Studyslider: autoDraw = True
9.2774 	DATA 	Mouse: Left button down, pos=(578,250)
9.2911 	EXP 	Studyslider: markerPos = 2.0035971223021583
9.2987 	EXP 	Studyslider: markerPos = 2.0035971223021583
9.3077 	EXP 	Studyslider: markerPos = 2.0035971223021583
9.3151 	EXP 	Studyslider: markerPos = 2.0035971223021583
9.3248 	EXP 	Studyslider: markerPos = 2.0035971223021583
9.3322 	EXP 	Studyslider: markerPos = 2.0035971223021583
9.3411 	EXP 	Studyslider: markerPos = 2.0035971223021583
9.3485 	EXP 	Studyslider: markerPos = 2.0035971223021583
9.3581 	EXP 	Studyslider: markerPos = 2.0035971223021583
9.3656 	EXP 	Studyslider: markerPos = 2.0035971223021583
9.3745 	EXP 	Studyslider: markerPos = 2.0035971223021583
9.3818 	EXP 	Studyslider: markerPos = 2.0035971223021583
9.3915 	EXP 	Studyslider: markerPos = 2.0035971223021583
9.3990 	EXP 	Studyslider: markerPos = 2.0035971223021583
9.4078 	EXP 	Studyslider: markerPos = 2.0035971223021583
9.4153 	EXP 	Studyslider: markerPos = 2.0035971223021583
9.4244 	EXP 	Studyslider: markerPos = 2.0035971223021583
9.4272 	DATA 	Mouse:  Left button up, pos=(578,250)
9.4320 	EXP 	Studyslider: markerPos = 2.0035971223021583
9.4413 	EXP 	Studyslider: markerPos = 2.0035971223021583
9.4417 	EXP 	New trial (rep=0, index=5): <Trial 5 (5 in rep 0) data={'Study_word': 'cushion', 'thisN': 5, 'thisTrialN': 5, 'thisRepN': 0}>
9.4500 	EXP 	StudyText: autoDraw = False
9.4500 	EXP 	Studyslider: autoDraw = False
9.4500 	EXP 	StudyText: height = 0.05
9.4500 	EXP 	StudyText: height = 0.05
9.4500 	EXP 	StudyText: height = 0.05
9.4500 	EXP 	StudyText: text = 'cushion'
9.4500 	EXP 	Studyslider: markerPos = None
9.4500 	EXP 	Studyslider: markerPos = None
9.4500 	EXP 	StudyText: autoDraw = True
9.4500 	EXP 	Studyslider: autoDraw = True
10.7108 	DATA 	Mouse: Left button down, pos=(856,256)
10.7245 	EXP 	Studyslider: markerPos = 3.0035971223021583
10.7321 	EXP 	Studyslider: markerPos = 3.0035971223021583
10.7410 	EXP 	Studyslider: markerPos = 3.0035971223021583
10.7484 	EXP 	Studyslider: markerPos = 3.0035971223021583
10.7582 	EXP 	Studyslider: markerPos = 3.0035971223021583
10.7658 	EXP 	Studyslider: markerPos = 3.0035971223021583
10.7744 	EXP 	Studyslider: markerPos = 3.0035971223021583
10.7819 	EXP 	Studyslider: markerPos = 3.0035971223021583
10.7910 	EXP 	Studyslider: markerPos = 3.0035971223021583
10.7983 	EXP 	Studyslider: markerPos = 3.0035971223021583
10.8082 	EXP 	Studyslider: markerPos = 3.0035971223021583
10.8156 	EXP 	Studyslider: markerPos = 3.0035971223021583
10.8244 	EXP 	Studyslider: markerPos = 3.0035971223021583
10.8317 	EXP 	Studyslider: markerPos = 3.0035971223021583
10.8413 	EXP 	Studyslider: markerPos = 3.0035971223021583
10.8487 	EXP 	Studyslider: markerPos = 3.0035971223021583
10.8581 	EXP 	Studyslider: markerPos = 3.0035971223021583
10.8654 	EXP 	Studyslider: markerPos = 3.0035971223021583
10.8747 	EXP 	Studyslider: markerPos = 3.0035971223021583
10.8822 	EXP 	Studyslider: markerPos = 3.0035971223021583
10.8913 	EXP 	Studyslider: markerPos = 3.0035971223021583
10.8987 	EXP 	Studyslider: markerPos = 3.0035971223021583
10.9078 	EXP 	Studyslider: markerPos = 3.0035971223021583
10.9105 	DATA 	Mouse:  Left button up, pos=(856,256)
10.9152 	EXP 	Studyslider: markerPos = 3.0035971223021583
10.9248 	EXP 	Studyslider: markerPos = 3.0035971223021583
10.9252 	EXP 	New trial (rep=0, index=6): <Trial 6 (6 in rep 0) data={'Study_word': 'board', 'thisN': 6, 'thisTrialN': 6, 'thisRepN': 0}>
10.9340 	EXP 	StudyText: autoDraw = False
10.9340 	EXP 	Studyslider: autoDraw = False
10.9340 	EXP 	StudyText: height = 0.05
10.9340 	EXP 	StudyText: height = 0.05
10.9340 	EXP 	StudyText: height = 0.05
10.9340 	EXP 	StudyText: text = 'board'
10.9340 	EXP 	Studyslider: markerPos = None
10.9340 	EXP 	Studyslider: markerPos = None
10.9340 	EXP 	StudyText: autoDraw = True
10.9340 	EXP 	Studyslider: autoDraw = True
11.8748 	WARNING 	t of last frame was 26.07ms (=1/38)
11.9750 	WARNING 	t of last frame was 23.91ms (=1/41)
12.0586 	WARNING 	t of last frame was 23.93ms (=1/41)
12.1753 	WARNING 	Multiple dropped frames have occurred - I'll stop bothering you about them!
12.2603 	DATA 	Mouse: Left button down, pos=(575,248)
12.2694 	EXP 	Studyslider: markerPos = 1.9928057553956835
12.2790 	EXP 	Studyslider: markerPos = 1.9928057553956835
12.2929 	EXP 	Studyslider: markerPos = 1.9928057553956835
12.3019 	EXP 	Studyslider: markerPos = 1.9928057553956835
12.3124 	EXP 	Studyslider: markerPos = 1.9928057553956835
12.3261 	EXP 	Studyslider: markerPos = 1.9928057553956835
12.3359 	EXP 	Studyslider: markerPos = 1.9928057553956835
12.3459 	EXP 	Studyslider: markerPos = 1.9928057553956835
12.3594 	EXP 	Studyslider: markerPos = 1.9928057553956835
12.3682 	EXP 	Studyslider: markerPos = 1.9928057553956835
12.3788 	EXP 	Studyslider: markerPos = 1.9928057553956835
12.3927 	EXP 	Studyslider: markerPos = 1.9928057553956835
12.4023 	EXP 	Studyslider: markerPos = 1.9928057553956835
12.4120 	EXP 	Studyslider: markerPos = 1.9928057553956835
12.4126 	DATA 	Mouse:  Left button up, pos=(575,248)
12.4259 	EXP 	Studyslider: markerPos = 1.9928057553956835
12.4263 	EXP 	New trial (rep=0, index=7): <Trial 7 (7 in rep 0) data={'Study_word': 'Chart', 'thisN': 7, 'thisTrialN': 7, 'thisRepN': 0}>
12.4358 	EXP 	StudyText: autoDraw = False
12.4358 	EXP 	Studyslider: autoDraw = False
12.4358 	EXP 	StudyText: height = 0.05
12.4358 	EXP 	StudyText: height = 0.05
12.4358 	EXP 	StudyText: height = 0.05
12.4358 	EXP 	StudyText: text = 'Chart'
12.4358 	EXP 	Studyslider: markerPos = None
12.4358 	EXP 	Studyslider: markerPos = None
12.4358 	EXP 	StudyText: autoDraw = True
12.4358 	EXP 	Studyslider: autoDraw = True
13.4779 	DATA 	Mouse: Left button down, pos=(578,249)
13.4875 	EXP 	Studyslider: markerPos = 2.0035971223021583
13.4956 	EXP 	Studyslider: markerPos = 2.0035971223021583
13.5094 	EXP 	Studyslider: markerPos = 2.0035971223021583
13.5181 	EXP 	Studyslider: markerPos = 2.0035971223021583
13.5282 	EXP 	Studyslider: markerPos = 2.0035971223021583
13.5427 	EXP 	Studyslider: markerPos = 2.0035971223021583
13.5526 	EXP 	Studyslider: markerPos = 2.0035971223021583
13.5625 	EXP 	Studyslider: markerPos = 2.0035971223021583
13.5762 	EXP 	Studyslider: markerPos = 2.0035971223021583
13.5850 	EXP 	Studyslider: markerPos = 2.0035971223021583
13.5954 	EXP 	Studyslider: markerPos = 2.0035971223021583
13.6095 	EXP 	Studyslider: markerPos = 2.0035971223021583
13.6191 	EXP 	Studyslider: markerPos = 2.0035971223021583
13.6291 	EXP 	Studyslider: markerPos = 2.0035971223021583
13.6297 	DATA 	Mouse:  Left button up, pos=(578,249)
13.6427 	EXP 	Studyslider: markerPos = 2.0035971223021583
13.6432 	EXP 	New trial (rep=0, index=8): <Trial 8 (8 in rep 0) data={'Study_word': 'marble', 'thisN': 8, 'thisTrialN': 8, 'thisRepN': 0}>
13.6538 	EXP 	StudyText: autoDraw = False
13.6538 	EXP 	Studyslider: autoDraw = False
13.6538 	EXP 	StudyText: height = 0.05
13.6538 	EXP 	StudyText: height = 0.05
13.6538 	EXP 	StudyText: height = 0.05
13.6538 	EXP 	StudyText: text = 'marble'
13.6538 	EXP 	Studyslider: markerPos = None
13.6538 	EXP 	Studyslider: markerPos = None
13.6538 	EXP 	StudyText: autoDraw = True
13.6538 	EXP 	Studyslider: autoDraw = True
14.8108 	DATA 	Mouse: Left button down, pos=(573,249)
14.8248 	EXP 	Studyslider: markerPos = 1.985611510791367
14.8328 	EXP 	Studyslider: markerPos = 1.985611510791367
14.8412 	EXP 	Studyslider: markerPos = 1.985611510791367
14.8487 	EXP 	Studyslider: markerPos = 1.985611510791367
14.8580 	EXP 	Studyslider: markerPos = 1.985611510791367
14.8654 	EXP 	Studyslider: markerPos = 1.985611510791367
14.8750 	EXP 	Studyslider: markerPos = 1.985611510791367
14.8825 	EXP 	Studyslider: markerPos = 1.985611510791367
14.8912 	EXP 	Studyslider: markerPos = 1.985611510791367
14.8987 	EXP 	Studyslider: markerPos = 1.985611510791367
14.9077 	EXP 	Studyslider: markerPos = 1.985611510791367
14.9150 	EXP 	Studyslider: markerPos = 1.985611510791367
14.9243 	EXP 	Studyslider: markerPos = 1.985611510791367
14.9320 	EXP 	Studyslider: markerPos = 1.985611510791367
14.9415 	EXP 	Studyslider: markerPos = 1.985611510791367
14.9489 	EXP 	Studyslider: markerPos = 1.985611510791367
14.9574 	EXP 	Studyslider: markerPos = 1.985611510791367
14.9605 	DATA 	Mouse:  Left button up, pos=(573,249)
14.9654 	EXP 	Studyslider: markerPos = 1.985611510791367
14.9751 	EXP 	Studyslider: markerPos = 1.985611510791367
14.9754 	EXP 	New trial (rep=0, index=9): <Trial 9 (9 in rep 0) data={'Study_word': 'Police', 'thisN': 9, 'thisTrialN': 9, 'thisRepN': 0}>
14.9838 	EXP 	StudyText: autoDraw = False
14.9838 	EXP 	Studyslider: autoDraw = False
14.9838 	EXP 	StudyText: height = 0.05
14.9838 	EXP 	StudyText: height = 0.05
14.9838 	EXP 	StudyText: height = 0.05
14.9838 	EXP 	StudyText: text = 'Police'
14.9838 	EXP 	Studyslider: markerPos = None
14.9838 	EXP 	Studyslider: markerPos = None
14.9838 	EXP 	StudyText: autoDraw = True
14.9838 	EXP 	Studyslider: autoDraw = True
16.3771 	DATA 	Mouse: Left button down, pos=(580,248)
16.3907 	EXP 	Studyslider: markerPos = 2.0107913669064748
16.3981 	EXP 	Studyslider: markerPos = 2.0107913669064748
16.4084 	EXP 	Studyslider: markerPos = 2.0107913669064748
16.4157 	EXP 	Studyslider: markerPos = 2.0107913669064748
16.4244 	EXP 	Studyslider: markerPos = 2.0107913669064748
16.4317 	EXP 	Studyslider: markerPos = 2.0107913669064748
16.4414 	EXP 	Studyslider: markerPos = 2.0107913669064748
16.4486 	EXP 	Studyslider: markerPos = 2.0107913669064748
16.4577 	EXP 	Studyslider: markerPos = 2.0107913669064748
16.4649 	EXP 	Studyslider: markerPos = 2.0107913669064748
16.4751 	EXP 	Studyslider: markerPos = 2.0107913669064748
16.4823 	EXP 	Studyslider: markerPos = 2.0107913669064748
16.4910 	EXP 	Studyslider: markerPos = 2.0107913669064748
16.4938 	DATA 	Mouse:  Left button up, pos=(580,248)
16.4985 	EXP 	Studyslider: markerPos = 2.0107913669064748
16.5080 	EXP 	Studyslider: markerPos = 2.0107913669064748
16.5083 	EXP 	New trial (rep=0, index=10): <Trial 10 (10 in rep 0) data={'Study_word': 'mouse', 'thisN': 10, 'thisTrialN': 10, 'thisRepN': 0}>
16.5164 	EXP 	StudyText: autoDraw = False
16.5164 	EXP 	Studyslider: autoDraw = False
16.5164 	EXP 	StudyText: height = 0.05
16.5164 	EXP 	StudyText: height = 0.05
16.5164 	EXP 	StudyText: height = 0.05
16.5164 	EXP 	StudyText: text = 'mouse'
16.5164 	EXP 	Studyslider: markerPos = None
16.5164 	EXP 	Studyslider: markerPos = None
16.5164 	EXP 	StudyText: autoDraw = True
16.5164 	EXP 	Studyslider: autoDraw = True
18.5608 	DATA 	Mouse: Left button down, pos=(576,256)
18.5744 	EXP 	Studyslider: markerPos = 1.9964028776978417
18.5819 	EXP 	Studyslider: markerPos = 1.9964028776978417
18.5913 	EXP 	Studyslider: markerPos = 1.9964028776978417
18.5987 	EXP 	Studyslider: markerPos = 1.9964028776978417
18.6077 	EXP 	Studyslider: markerPos = 1.9964028776978417
18.6151 	EXP 	Studyslider: markerPos = 1.9964028776978417
18.6250 	EXP 	Studyslider: markerPos = 1.9964028776978417
18.6324 	EXP 	Studyslider: markerPos = 1.9964028776978417
18.6410 	EXP 	Studyslider: markerPos = 1.9964028776978417
18.6485 	EXP 	Studyslider: markerPos = 1.9964028776978417
18.6583 	EXP 	Studyslider: markerPos = 1.9964028776978417
18.6661 	EXP 	Studyslider: markerPos = 1.9964028776978417
18.6744 	EXP 	Studyslider: markerPos = 1.9964028776978417
18.6818 	EXP 	Studyslider: markerPos = 1.9964028776978417
18.6912 	EXP 	Studyslider: markerPos = 1.9964028776978417
18.6986 	EXP 	Studyslider: markerPos = 1.9964028776978417
18.7080 	EXP 	Studyslider: markerPos = 1.9964028776978417
18.7154 	EXP 	Studyslider: markerPos = 1.9964028776978417
18.7243 	EXP 	Studyslider: markerPos = 1.9964028776978417
18.7272 	DATA 	Mouse:  Left button up, pos=(576,256)
18.7323 	EXP 	Studyslider: markerPos = 1.9964028776978417
18.7410 	EXP 	Studyslider: markerPos = 1.9964028776978417
18.7414 	EXP 	New trial (rep=0, index=11): <Trial 11 (11 in rep 0) data={'Study_word': 'Pastry', 'thisN': 11, 'thisTrialN': 11, 'thisRepN': 0}>
18.7503 	EXP 	StudyText: autoDraw = False
18.7503 	EXP 	Studyslider: autoDraw = False
18.7503 	EXP 	StudyText: height = 0.05
18.7503 	EXP 	StudyText: height = 0.05
18.7503 	EXP 	StudyText: height = 0.05
18.7503 	EXP 	StudyText: text = 'Pastry'
18.7503 	EXP 	Studyslider: markerPos = None
18.7503 	EXP 	Studyslider: markerPos = None
18.7503 	EXP 	StudyText: autoDraw = True
18.7503 	EXP 	Studyslider: autoDraw = True
20.2779 	DATA 	Mouse: Left button down, pos=(854,261)
20.2919 	EXP 	Studyslider: markerPos = 2.9964028776978417
20.2998 	EXP 	Studyslider: markerPos = 2.9964028776978417
20.3083 	EXP 	Studyslider: markerPos = 2.9964028776978417
20.3157 	EXP 	Studyslider: markerPos = 2.9964028776978417
20.3244 	EXP 	Studyslider: markerPos = 2.9964028776978417
20.3318 	EXP 	Studyslider: markerPos = 2.9964028776978417
20.3409 	EXP 	Studyslider: markerPos = 2.9964028776978417
20.3484 	EXP 	Studyslider: markerPos = 2.9964028776978417
20.3583 	EXP 	Studyslider: markerPos = 2.9964028776978417
20.3657 	EXP 	Studyslider: markerPos = 2.9964028776978417
20.3743 	EXP 	Studyslider: markerPos = 2.9964028776978417
20.3819 	EXP 	Studyslider: markerPos = 2.9964028776978417
20.3913 	EXP 	Studyslider: markerPos = 2.9964028776978417
20.3986 	EXP 	Studyslider: markerPos = 2.9964028776978417
20.4083 	EXP 	Studyslider: markerPos = 2.9964028776978417
20.4158 	EXP 	Studyslider: markerPos = 2.9964028776978417
20.4244 	EXP 	Studyslider: markerPos = 2.9964028776978417
20.4320 	EXP 	Studyslider: markerPos = 2.9964028776978417
20.4410 	EXP 	Studyslider: markerPos = 2.9964028776978417
20.4483 	EXP 	Studyslider: markerPos = 2.9964028776978417
20.4582 	EXP 	Studyslider: markerPos = 2.9964028776978417
20.4610 	DATA 	Mouse:  Left button up, pos=(854,261)
20.4659 	EXP 	Studyslider: markerPos = 2.9964028776978417
20.4744 	EXP 	Studyslider: markerPos = 2.9964028776978417
20.4747 	EXP 	New trial (rep=0, index=12): <Trial 12 (12 in rep 0) data={'Study_word': 'Keys', 'thisN': 12, 'thisTrialN': 12, 'thisRepN': 0}>
20.4836 	EXP 	StudyText: autoDraw = False
20.4836 	EXP 	Studyslider: autoDraw = False
20.4836 	EXP 	StudyText: height = 0.05
20.4836 	EXP 	StudyText: height = 0.05
20.4836 	EXP 	StudyText: height = 0.05
20.4836 	EXP 	StudyText: text = 'Keys'
20.4836 	EXP 	Studyslider: markerPos = None
20.4836 	EXP 	Studyslider: markerPos = None
20.4836 	EXP 	StudyText: autoDraw = True
20.4836 	EXP 	Studyslider: autoDraw = True
21.7942 	DATA 	Mouse: Left button down, pos=(578,240)
21.8079 	EXP 	Studyslider: markerPos = 2.0035971223021583
21.8153 	EXP 	Studyslider: markerPos = 2.0035971223021583
21.8246 	EXP 	Studyslider: markerPos = 2.0035971223021583
21.8318 	EXP 	Studyslider: markerPos = 2.0035971223021583
21.8410 	EXP 	Studyslider: markerPos = 2.0035971223021583
21.8482 	EXP 	Studyslider: markerPos = 2.0035971223021583
21.8581 	EXP 	Studyslider: markerPos = 2.0035971223021583
21.8653 	EXP 	Studyslider: markerPos = 2.0035971223021583
21.8743 	EXP 	Studyslider: markerPos = 2.0035971223021583
21.8816 	EXP 	Studyslider: markerPos = 2.0035971223021583
21.8911 	EXP 	Studyslider: markerPos = 2.0035971223021583
21.8985 	EXP 	Studyslider: markerPos = 2.0035971223021583
21.9077 	EXP 	Studyslider: markerPos = 2.0035971223021583
21.9150 	EXP 	Studyslider: markerPos = 2.0035971223021583
21.9250 	EXP 	Studyslider: markerPos = 2.0035971223021583
21.9279 	DATA 	Mouse:  Left button up, pos=(578,240)
21.9327 	EXP 	Studyslider: markerPos = 2.0035971223021583
21.9411 	EXP 	Studyslider: markerPos = 2.0035971223021583
21.9415 	EXP 	New trial (rep=0, index=13): <Trial 13 (13 in rep 0) data={'Study_word': 'Laptop', 'thisN': 13, 'thisTrialN': 13, 'thisRepN': 0}>
21.9501 	EXP 	StudyText: autoDraw = False
21.9501 	EXP 	Studyslider: autoDraw = False
21.9501 	EXP 	StudyText: height = 0.05
21.9501 	EXP 	StudyText: height = 0.05
21.9501 	EXP 	StudyText: height = 0.05
21.9501 	EXP 	StudyText: text = 'Laptop'
21.9501 	EXP 	Studyslider: markerPos = None
21.9501 	EXP 	Studyslider: markerPos = None
21.9501 	EXP 	StudyText: autoDraw = True
21.9501 	EXP 	Studyslider: autoDraw = True
23.1322 	DATA 	Mouse: Left button down, pos=(859,261)
23.1410 	EXP 	Studyslider: markerPos = 3.014388489208633
23.1487 	EXP 	Studyslider: markerPos = 3.014388489208633
23.1577 	EXP 	Studyslider: markerPos = 3.014388489208633
23.1653 	EXP 	Studyslider: markerPos = 3.014388489208633
23.1744 	EXP 	Studyslider: markerPos = 3.014388489208633
23.1821 	EXP 	Studyslider: markerPos = 3.014388489208633
23.1910 	EXP 	Studyslider: markerPos = 3.014388489208633
23.1985 	EXP 	Studyslider: markerPos = 3.014388489208633
23.2083 	EXP 	Studyslider: markerPos = 3.014388489208633
23.2157 	EXP 	Studyslider: markerPos = 3.014388489208633
23.2243 	EXP 	Studyslider: markerPos = 3.014388489208633
23.2317 	EXP 	Studyslider: markerPos = 3.014388489208633
23.2413 	EXP 	Studyslider: markerPos = 3.014388489208633
23.2440 	DATA 	Mouse:  Left button up, pos=(859,261)
23.2490 	EXP 	Studyslider: markerPos = 3.014388489208633
23.2577 	EXP 	Studyslider: markerPos = 3.014388489208633
23.2580 	EXP 	New trial (rep=0, index=14): <Trial 14 (14 in rep 0) data={'Study_word': 'T-shirt', 'thisN': 14, 'thisTrialN': 14, 'thisRepN': 0}>
23.2672 	EXP 	StudyText: autoDraw = False
23.2672 	EXP 	Studyslider: autoDraw = False
23.2672 	EXP 	StudyText: height = 0.05
23.2672 	EXP 	StudyText: height = 0.05
23.2672 	EXP 	StudyText: height = 0.05
23.2672 	EXP 	StudyText: text = 'T-shirt'
23.2672 	EXP 	Studyslider: markerPos = None
23.2672 	EXP 	Studyslider: markerPos = None
23.2672 	EXP 	StudyText: autoDraw = True
23.2672 	EXP 	Studyslider: autoDraw = True
25.0272 	DATA 	Mouse: Left button down, pos=(584,232)
25.0410 	EXP 	Studyslider: markerPos = 2.0251798561151078
25.0484 	EXP 	Studyslider: markerPos = 2.0251798561151078
25.0577 	EXP 	Studyslider: markerPos = 2.0251798561151078
25.0649 	EXP 	Studyslider: markerPos = 2.0251798561151078
25.0747 	EXP 	Studyslider: markerPos = 2.0251798561151078
25.0821 	EXP 	Studyslider: markerPos = 2.0251798561151078
25.0912 	EXP 	Studyslider: markerPos = 2.0251798561151078
25.0985 	EXP 	Studyslider: markerPos = 2.0251798561151078
25.1084 	EXP 	Studyslider: markerPos = 2.0251798561151078
25.1157 	EXP 	Studyslider: markerPos = 2.0251798561151078
25.1243 	EXP 	Studyslider: markerPos = 2.0251798561151078
25.1318 	EXP 	Studyslider: markerPos = 2.0251798561151078
25.1412 	EXP 	Studyslider: markerPos = 2.0251798561151078
25.1486 	EXP 	Studyslider: markerPos = 2.0251798561151078
25.1583 	EXP 	Studyslider: markerPos = 2.0251798561151078
25.1655 	EXP 	Studyslider: markerPos = 2.0251798561151078
25.1743 	EXP 	Studyslider: markerPos = 2.0251798561151078
25.1770 	DATA 	Mouse:  Left button up, pos=(584,232)
25.1818 	EXP 	Studyslider: markerPos = 2.0251798561151078
25.1915 	EXP 	Studyslider: markerPos = 2.0251798561151078
25.2143 	INFO 	saved data to /Users/sakshi/Desktop/Experiments/Word Priming/data/3_primming 5.0_2024-11-06_10h27.52.576trials.csv
25.2172 	DEBUG 	Read excel file with openpyxl: data/5.0.xlsx
25.2179 	EXP 	Imported data/5.0.xlsx as conditions, 20 conditions, 3 params
25.2181 	EXP 	New trial (rep=0, index=0): <Trial 0 (0 in rep 0) data={'test_word': 'P_as_tr_', 'Reference': 'Pastry', 'old_new': 'old', 'thisN': 0, 'thisTrialN': 0, 'thisRepN': 0}>
25.2296 	EXP 	StudyText: autoDraw = False
25.2296 	EXP 	Studyslider: autoDraw = False
25.2296 	EXP 	TestText: height = 0.05
25.2296 	EXP 	TestText: height = 0.05
25.2296 	EXP 	TestText: height = 0.05
25.2296 	EXP 	TestText: text = 'P_as_tr_'
25.2296 	EXP 	TestText: autoDraw = True
25.2296 	EXP 	test_textbox: autoDraw = True
25.2296 	EXP 	submit_text: autoDraw = True
27.7175 	DATA 	Keypress: p
27.8886 	DEBUG 	TextBox2 loaded 1 chars with 0 blanks and 1 valid
27.8889 	DEBUG 	Uploading Texture Font fontname to graphics card
27.8929 	DEBUG 	Upload of Texture Font fontname complete
27.8934 	DATA 	Keypress: a
28.2988 	DEBUG 	TextBox2 loaded 1 chars with 0 blanks and 1 valid
28.2991 	DEBUG 	Uploading Texture Font fontname to graphics card
28.3022 	DEBUG 	Upload of Texture Font fontname complete
28.3027 	DATA 	Keypress: s
28.5033 	DATA 	Keypress: r
29.5110 	DATA 	Keypress: backspace
30.2302 	DEBUG 	TextBox2 loaded 1 chars with 0 blanks and 1 valid
30.2306 	DEBUG 	Uploading Texture Font fontname to graphics card
30.2344 	DEBUG 	Upload of Texture Font fontname complete
30.2349 	DATA 	Keypress: t
30.6720 	DATA 	Keypress: r
30.8603 	DATA 	Keypress: e
31.3957 	DATA 	Mouse: Left button down, pos=(748,178)
31.5954 	DATA 	Mouse:  Left button up, pos=(748,178)
32.5112 	DATA 	Mouse: Left button down, pos=(795,211)
32.5184 	EXP 	New trial (rep=0, index=1): <Trial 1 (1 in rep 0) data={'test_word': '_ha_t', 'Reference': 'Chart', 'old_new': 'old', 'thisN': 1, 'thisTrialN': 1, 'thisRepN': 0}>
32.5285 	EXP 	TestText: autoDraw = False
32.5285 	EXP 	test_textbox: autoDraw = False
32.5285 	EXP 	submit_text: autoDraw = False
32.5285 	EXP 	TestText: height = 0.05
32.5285 	EXP 	TestText: height = 0.05
32.5285 	EXP 	TestText: height = 0.05
32.5285 	EXP 	TestText: text = '_ha_t'
32.5285 	EXP 	TestText: autoDraw = True
32.5285 	EXP 	test_textbox: autoDraw = True
32.5285 	EXP 	submit_text: autoDraw = True
32.7130 	DATA 	Mouse:  Left button up, pos=(795,211)
33.4339 	DEBUG 	TextBox2 loaded 1 chars with 0 blanks and 1 valid
33.4341 	DEBUG 	Uploading Texture Font fontname to graphics card
33.4373 	DEBUG 	Upload of Texture Font fontname complete
33.4376 	DATA 	Keypress: c
33.6141 	DATA 	Keypress: h
33.7824 	DATA 	Keypress: a
34.3613 	DATA 	Keypress: r
34.4726 	DATA 	Keypress: t
34.9462 	DATA 	Mouse: Left button down, pos=(795,211)
34.9532 	EXP 	New trial (rep=0, index=2): <Trial 2 (2 in rep 0) data={'test_word': 'T_hi_t', 'Reference': 'Tshirt', 'old_new': 'old', 'thisN': 2, 'thisTrialN': 2, 'thisRepN': 0}>
34.9657 	EXP 	TestText: autoDraw = False
34.9657 	EXP 	test_textbox: autoDraw = False
34.9657 	EXP 	submit_text: autoDraw = False
34.9657 	EXP 	TestText: height = 0.05
34.9657 	EXP 	TestText: height = 0.05
34.9657 	EXP 	TestText: height = 0.05
34.9657 	EXP 	TestText: text = 'T_hi_t'
34.9657 	EXP 	TestText: autoDraw = True
34.9657 	EXP 	test_textbox: autoDraw = True
34.9657 	EXP 	submit_text: autoDraw = True
35.1613 	DATA 	Mouse:  Left button up, pos=(795,211)
36.2022 	DATA 	Keypress: t
36.4122 	DATA 	Keypress: s
36.6045 	DATA 	Keypress: h
37.0714 	DEBUG 	TextBox2 loaded 1 chars with 0 blanks and 1 valid
37.0717 	DEBUG 	Uploading Texture Font fontname to graphics card
37.0754 	DEBUG 	Upload of Texture Font fontname complete
37.0759 	DATA 	Keypress: i
37.3525 	DATA 	Keypress: r
37.5773 	DATA 	Keypress: t
38.0593 	DATA 	Mouse: Left button down, pos=(795,211)
38.0608 	EXP 	New trial (rep=0, index=3): <Trial 3 (3 in rep 0) data={'test_word': 'c_s_e', 'Reference': 'Case', 'old_new': 'old', 'thisN': 3, 'thisTrialN': 3, 'thisRepN': 0}>
38.0757 	EXP 	TestText: autoDraw = False
38.0757 	EXP 	test_textbox: autoDraw = False
38.0757 	EXP 	submit_text: autoDraw = False
38.0757 	EXP 	TestText: height = 0.05
38.0757 	EXP 	TestText: height = 0.05
38.0757 	EXP 	TestText: height = 0.05
38.0757 	EXP 	TestText: text = 'c_s_e'
38.0757 	EXP 	TestText: autoDraw = True
38.0757 	EXP 	test_textbox: autoDraw = True
38.0757 	EXP 	submit_text: autoDraw = True
38.2587 	DATA 	Mouse:  Left button up, pos=(795,211)
38.8602 	DATA 	Keypress: c
39.0935 	DATA 	Keypress: a
39.4275 	DATA 	Keypress: s
39.6944 	DATA 	Keypress: e
41.4959 	DATA 	Mouse: Left button down, pos=(837,209)
41.5108 	EXP 	New trial (rep=0, index=4): <Trial 4 (4 in rep 0) data={'test_word': 'ta_l_', 'Reference': 'Table ', 'old_new': 'new', 'thisN': 4, 'thisTrialN': 4, 'thisRepN': 0}>
41.5256 	EXP 	TestText: autoDraw = False
41.5256 	EXP 	test_textbox: autoDraw = False
41.5256 	EXP 	submit_text: autoDraw = False
41.5256 	EXP 	TestText: height = 0.05
41.5256 	EXP 	TestText: height = 0.05
41.5256 	EXP 	TestText: height = 0.05
41.5256 	EXP 	TestText: text = 'ta_l_'
41.5256 	EXP 	TestText: autoDraw = True
41.5256 	EXP 	test_textbox: autoDraw = True
41.5256 	EXP 	submit_text: autoDraw = True
41.6751 	DATA 	Mouse:  Left button up, pos=(837,209)
42.6530 	DATA 	Keypress: t
43.1045 	DATA 	Keypress: a
43.3331 	DEBUG 	TextBox2 loaded 1 chars with 0 blanks and 1 valid
43.3333 	DEBUG 	Uploading Texture Font fontname to graphics card
43.3361 	DEBUG 	Upload of Texture Font fontname complete
43.3365 	DATA 	Keypress: b
43.8104 	DEBUG 	TextBox2 loaded 1 chars with 0 blanks and 1 valid
43.8106 	DEBUG 	Uploading Texture Font fontname to graphics card
43.8133 	DEBUG 	Upload of Texture Font fontname complete
43.8137 	DATA 	Keypress: l
44.0467 	DATA 	Keypress: e
44.4458 	DATA 	Mouse: Left button down, pos=(837,209)
44.4528 	EXP 	New trial (rep=0, index=5): <Trial 5 (5 in rep 0) data={'test_word': 'c_s_io_', 'Reference': 'Cushion', 'old_new': 'old', 'thisN': 5, 'thisTrialN': 5, 'thisRepN': 0}>
44.4657 	EXP 	TestText: autoDraw = False
44.4657 	EXP 	test_textbox: autoDraw = False
44.4657 	EXP 	submit_text: autoDraw = False
44.4657 	EXP 	TestText: height = 0.05
44.4657 	EXP 	TestText: height = 0.05
44.4657 	EXP 	TestText: height = 0.05
44.4657 	EXP 	TestText: text = 'c_s_io_'
44.4657 	EXP 	TestText: autoDraw = True
44.4657 	EXP 	test_textbox: autoDraw = True
44.4657 	EXP 	submit_text: autoDraw = True
44.6117 	DATA 	Mouse:  Left button up, pos=(837,209)
46.0955 	DATA 	Mouse: Left button down, pos=(837,209)
46.0967 	EXP 	New trial (rep=0, index=6): <Trial 6 (6 in rep 0) data={'test_word': 'K_y_', 'Reference': 'Keys', 'old_new': 'old', 'thisN': 6, 'thisTrialN': 6, 'thisRepN': 0}>
46.1088 	EXP 	TestText: autoDraw = False
46.1088 	EXP 	test_textbox: autoDraw = False
46.1088 	EXP 	submit_text: autoDraw = False
46.1088 	EXP 	TestText: height = 0.05
46.1088 	EXP 	TestText: height = 0.05
46.1088 	EXP 	TestText: height = 0.05
46.1088 	EXP 	TestText: text = 'K_y_'
46.1088 	EXP 	TestText: autoDraw = True
46.1088 	EXP 	test_textbox: autoDraw = True
46.1088 	EXP 	submit_text: autoDraw = True
46.2451 	DATA 	Mouse:  Left button up, pos=(837,209)
47.0355 	DEBUG 	TextBox2 loaded 1 chars with 0 blanks and 1 valid
47.0357 	DEBUG 	Uploading Texture Font fontname to graphics card
47.0390 	DEBUG 	Upload of Texture Font fontname complete
47.0394 	DATA 	Keypress: k
47.2353 	DATA 	Keypress: e
47.5038 	DATA 	Keypress: y
47.6890 	DATA 	Keypress: s
48.0450 	DATA 	Mouse: Left button down, pos=(856,241)
48.0462 	EXP 	New trial (rep=0, index=7): <Trial 7 (7 in rep 0) data={'test_word': 'p_nc_l', 'Reference': 'Pencil', 'old_new': 'new', 'thisN': 7, 'thisTrialN': 7, 'thisRepN': 0}>
48.0593 	EXP 	TestText: autoDraw = False
48.0593 	EXP 	test_textbox: autoDraw = False
48.0593 	EXP 	submit_text: autoDraw = False
48.0593 	EXP 	TestText: height = 0.05
48.0593 	EXP 	TestText: height = 0.05
48.0593 	EXP 	TestText: height = 0.05
48.0593 	EXP 	TestText: text = 'p_nc_l'
48.0593 	EXP 	TestText: autoDraw = True
48.0593 	EXP 	test_textbox: autoDraw = True
48.0593 	EXP 	submit_text: autoDraw = True
48.1465 	DATA 	Mouse:  Left button up, pos=(856,241)
48.8024 	DATA 	Keypress: p
49.0447 	DATA 	Keypress: e
49.2885 	DEBUG 	TextBox2 loaded 1 chars with 0 blanks and 1 valid
49.2888 	DEBUG 	Uploading Texture Font fontname to graphics card
49.2920 	DEBUG 	Upload of Texture Font fontname complete
49.2925 	DATA 	Keypress: n
49.5201 	DATA 	Keypress: c
49.6946 	DATA 	Keypress: i
50.3757 	DATA 	Mouse: Left button down, pos=(856,241)
50.3771 	EXP 	New trial (rep=0, index=8): <Trial 8 (8 in rep 0) data={'test_word': 'P_st_r', 'Reference': 'Poster', 'old_new': 'old', 'thisN': 8, 'thisTrialN': 8, 'thisRepN': 0}>
50.3915 	EXP 	TestText: autoDraw = False
50.3915 	EXP 	test_textbox: autoDraw = False
50.3915 	EXP 	submit_text: autoDraw = False
50.3915 	EXP 	TestText: height = 0.05
50.3915 	EXP 	TestText: height = 0.05
50.3915 	EXP 	TestText: height = 0.05
50.3915 	EXP 	TestText: text = 'P_st_r'
50.3915 	EXP 	TestText: autoDraw = True
50.3915 	EXP 	test_textbox: autoDraw = True
50.3915 	EXP 	submit_text: autoDraw = True
50.5438 	DATA 	Mouse:  Left button up, pos=(856,241)
51.2998 	DATA 	Keypress: p
51.5454 	DEBUG 	TextBox2 loaded 1 chars with 0 blanks and 1 valid
51.5456 	DEBUG 	Uploading Texture Font fontname to graphics card
51.5489 	DEBUG 	Upload of Texture Font fontname complete
51.5493 	DATA 	Keypress: o
51.7530 	DATA 	Keypress: s
51.9770 	DATA 	Keypress: t
52.1434 	DATA 	Keypress: e
52.3445 	DATA 	Keypress: r
53.4105 	DATA 	Mouse: Left button down, pos=(866,179)
53.6443 	DATA 	Mouse:  Left button up, pos=(866,179)
54.1758 	DATA 	Mouse: Left button down, pos=(867,198)
54.1774 	EXP 	New trial (rep=0, index=9): <Trial 9 (9 in rep 0) data={'test_word': 'v_s_', 'Reference': 'Vase', 'old_new': 'new', 'thisN': 9, 'thisTrialN': 9, 'thisRepN': 0}>
54.1936 	EXP 	TestText: autoDraw = False
54.1936 	EXP 	test_textbox: autoDraw = False
54.1936 	EXP 	submit_text: autoDraw = False
54.1936 	EXP 	TestText: height = 0.05
54.1936 	EXP 	TestText: height = 0.05
54.1936 	EXP 	TestText: height = 0.05
54.1936 	EXP 	TestText: text = 'v_s_'
54.1936 	EXP 	TestText: autoDraw = True
54.1936 	EXP 	test_textbox: autoDraw = True
54.1936 	EXP 	submit_text: autoDraw = True
54.3289 	DATA 	Mouse:  Left button up, pos=(867,198)
55.0790 	DEBUG 	TextBox2 loaded 1 chars with 0 blanks and 1 valid
55.0793 	DEBUG 	Uploading Texture Font fontname to graphics card
55.0818 	DEBUG 	Upload of Texture Font fontname complete
55.0822 	DATA 	Keypress: v
55.2508 	DATA 	Keypress: a
55.5689 	DATA 	Keypress: s
55.8479 	DATA 	Keypress: e
56.7786 	DATA 	Mouse: Left button down, pos=(863,197)
56.7937 	EXP 	New trial (rep=0, index=10): <Trial 10 (10 in rep 0) data={'test_word': 'c_m_ra', 'Reference': 'Camera', 'old_new': 'new', 'thisN': 10, 'thisTrialN': 10, 'thisRepN': 0}>
56.8083 	EXP 	TestText: autoDraw = False
56.8083 	EXP 	test_textbox: autoDraw = False
56.8083 	EXP 	submit_text: autoDraw = False
56.8083 	EXP 	TestText: height = 0.05
56.8083 	EXP 	TestText: height = 0.05
56.8083 	EXP 	TestText: height = 0.05
56.8083 	EXP 	TestText: text = 'c_m_ra'
56.8083 	EXP 	TestText: autoDraw = True
56.8083 	EXP 	test_textbox: autoDraw = True
56.8083 	EXP 	submit_text: autoDraw = True
56.8789 	DATA 	Mouse:  Left button up, pos=(863,197)
57.8465 	DATA 	Keypress: c
58.1069 	DATA 	Keypress: a
58.2975 	DEBUG 	TextBox2 loaded 1 chars with 0 blanks and 1 valid
58.2978 	DEBUG 	Uploading Texture Font fontname to graphics card
58.3012 	DEBUG 	Upload of Texture Font fontname complete
58.3016 	DATA 	Keypress: m
58.5485 	DATA 	Keypress: e
58.8069 	DATA 	Keypress: r
59.1103 	DATA 	Keypress: a
59.6957 	DATA 	Mouse: Left button down, pos=(863,197)
59.7030 	EXP 	New trial (rep=0, index=11): <Trial 11 (11 in rep 0) data={'test_word': '_ho_e', 'Reference': 'Phone', 'old_new': 'old', 'thisN': 11, 'thisTrialN': 11, 'thisRepN': 0}>
59.7153 	EXP 	TestText: autoDraw = False
59.7153 	EXP 	test_textbox: autoDraw = False
59.7153 	EXP 	submit_text: autoDraw = False
59.7153 	EXP 	TestText: height = 0.05
59.7153 	EXP 	TestText: height = 0.05
59.7153 	EXP 	TestText: height = 0.05
59.7153 	EXP 	TestText: text = '_ho_e'
59.7153 	EXP 	TestText: autoDraw = True
59.7153 	EXP 	test_textbox: autoDraw = True
59.7153 	EXP 	submit_text: autoDraw = True
59.9125 	DATA 	Mouse:  Left button up, pos=(863,197)
61.0170 	DATA 	Keypress: p
61.3592 	DATA 	Keypress: h
61.8776 	DATA 	Keypress: n
62.0779 	DATA 	Keypress: e
62.4456 	DATA 	Mouse: Left button down, pos=(863,197)
62.4605 	EXP 	New trial (rep=0, index=12): <Trial 12 (12 in rep 0) data={'test_word': 'P_li_e', 'Reference': 'Police', 'old_new': 'old', 'thisN': 12, 'thisTrialN': 12, 'thisRepN': 0}>
62.4750 	EXP 	TestText: autoDraw = False
62.4750 	EXP 	test_textbox: autoDraw = False
62.4750 	EXP 	submit_text: autoDraw = False
62.4750 	EXP 	TestText: height = 0.05
62.4750 	EXP 	TestText: height = 0.05
62.4750 	EXP 	TestText: height = 0.05
62.4750 	EXP 	TestText: text = 'P_li_e'
62.4750 	EXP 	TestText: autoDraw = True
62.4750 	EXP 	test_textbox: autoDraw = True
62.4750 	EXP 	submit_text: autoDraw = True
62.6626 	DATA 	Mouse:  Left button up, pos=(863,197)
63.2122 	DATA 	Keypress: p
63.4453 	DATA 	Keypress: o
63.6778 	DATA 	Keypress: l
63.9435 	DATA 	Keypress: i
64.1945 	DATA 	Keypress: c
64.3190 	DATA 	Keypress: e
64.7292 	DATA 	Mouse: Left button down, pos=(863,197)
64.7366 	EXP 	New trial (rep=0, index=13): <Trial 13 (13 in rep 0) data={'test_word': '_oo_', 'Reference': 'Book', 'old_new': 'old', 'thisN': 13, 'thisTrialN': 13, 'thisRepN': 0}>
64.7490 	EXP 	TestText: autoDraw = False
64.7490 	EXP 	test_textbox: autoDraw = False
64.7490 	EXP 	submit_text: autoDraw = False
64.7490 	EXP 	TestText: height = 0.05
64.7490 	EXP 	TestText: height = 0.05
64.7490 	EXP 	TestText: height = 0.05
64.7490 	EXP 	TestText: text = '_oo_'
64.7490 	EXP 	TestText: autoDraw = True
64.7490 	EXP 	test_textbox: autoDraw = True
64.7490 	EXP 	submit_text: autoDraw = True
64.8625 	DATA 	Mouse:  Left button up, pos=(863,197)
65.8079 	DATA 	Keypress: b
66.0201 	DATA 	Keypress: o
66.1777 	DATA 	Keypress: o
66.3769 	DATA 	Keypress: k
66.7452 	DATA 	Mouse: Left button down, pos=(863,197)
66.7463 	EXP 	New trial (rep=0, index=14): <Trial 14 (14 in rep 0) data={'test_word': '_ru_is_', 'Reference': 'Cruise', 'old_new': 'old', 'thisN': 14, 'thisTrialN': 14, 'thisRepN': 0}>
66.7593 	EXP 	TestText: autoDraw = False
66.7593 	EXP 	test_textbox: autoDraw = False
66.7593 	EXP 	submit_text: autoDraw = False
66.7593 	EXP 	TestText: height = 0.05
66.7593 	EXP 	TestText: height = 0.05
66.7593 	EXP 	TestText: height = 0.05
66.7593 	EXP 	TestText: text = '_ru_is_'
66.7593 	EXP 	TestText: autoDraw = True
66.7593 	EXP 	test_textbox: autoDraw = True
66.7593 	EXP 	submit_text: autoDraw = True
66.9295 	DATA 	Mouse:  Left button up, pos=(863,197)
67.5667 	DATA 	Keypress: c
68.0307 	DATA 	Keypress: r
68.3884 	DEBUG 	TextBox2 loaded 1 chars with 0 blanks and 1 valid
68.3887 	DEBUG 	Uploading Texture Font fontname to graphics card
68.3924 	DEBUG 	Upload of Texture Font fontname complete
68.3929 	DATA 	Keypress: u
69.3433 	DATA 	Keypress: i
69.5141 	DATA 	Keypress: s
69.9394 	DATA 	Keypress: e
70.7687 	DATA 	Keypress: backspace
72.4121 	DATA 	Mouse: Left button down, pos=(873,203)
72.4185 	EXP 	New trial (rep=0, index=15): <Trial 15 (15 in rep 0) data={'test_word': 'bo_t_e', 'Reference': 'Bottle', 'old_new': 'new', 'thisN': 15, 'thisTrialN': 15, 'thisRepN': 0}>
72.4281 	EXP 	TestText: autoDraw = False
72.4281 	EXP 	test_textbox: autoDraw = False
72.4281 	EXP 	submit_text: autoDraw = False
72.4281 	EXP 	TestText: height = 0.05
72.4281 	EXP 	TestText: height = 0.05
72.4281 	EXP 	TestText: height = 0.05
72.4281 	EXP 	TestText: text = 'bo_t_e'
72.4281 	EXP 	TestText: autoDraw = True
72.4281 	EXP 	test_textbox: autoDraw = True
72.4281 	EXP 	submit_text: autoDraw = True
72.5956 	DATA 	Mouse:  Left button up, pos=(873,203)
73.6322 	DATA 	Keypress: b
73.7850 	DATA 	Keypress: o
74.0954 	DATA 	Keypress: t
74.2940 	DATA 	Keypress: t
74.4442 	DATA 	Keypress: l
74.6434 	DATA 	Keypress: e
75.0463 	DATA 	Mouse: Left button down, pos=(873,203)
75.0538 	EXP 	New trial (rep=0, index=16): <Trial 16 (16 in rep 0) data={'test_word': '_a_bl_', 'Reference': 'Marble', 'old_new': 'old', 'thisN': 16, 'thisTrialN': 16, 'thisRepN': 0}>
75.0671 	EXP 	TestText: autoDraw = False
75.0671 	EXP 	test_textbox: autoDraw = False
75.0671 	EXP 	submit_text: autoDraw = False
75.0671 	EXP 	TestText: height = 0.05
75.0671 	EXP 	TestText: height = 0.05
75.0671 	EXP 	TestText: height = 0.05
75.0671 	EXP 	TestText: text = '_a_bl_'
75.0671 	EXP 	TestText: autoDraw = True
75.0671 	EXP 	test_textbox: autoDraw = True
75.0671 	EXP 	submit_text: autoDraw = True
75.2585 	DATA 	Mouse:  Left button up, pos=(873,203)
75.8970 	DATA 	Keypress: t
76.3266 	DATA 	Keypress: a
76.8713 	DATA 	Keypress: b
77.1776 	DATA 	Keypress: l
77.3981 	DATA 	Keypress: e
78.2777 	DATA 	Mouse: Left button down, pos=(864,153)
78.4949 	DATA 	Mouse:  Left button up, pos=(864,153)
78.9626 	DATA 	Mouse: Left button down, pos=(864,178)
79.1458 	DATA 	Mouse:  Left button up, pos=(864,178)
79.5119 	DATA 	Mouse: Left button down, pos=(865,200)
79.5270 	EXP 	New trial (rep=0, index=17): <Trial 17 (17 in rep 0) data={'test_word': '_o_rd', 'Reference': 'Board ', 'old_new': 'old', 'thisN': 17, 'thisTrialN': 17, 'thisRepN': 0}>
79.5408 	EXP 	TestText: autoDraw = False
79.5408 	EXP 	test_textbox: autoDraw = False
79.5408 	EXP 	submit_text: autoDraw = False
79.5408 	EXP 	TestText: height = 0.05
79.5408 	EXP 	TestText: height = 0.05
79.5408 	EXP 	TestText: height = 0.05
79.5408 	EXP 	TestText: text = '_o_rd'
79.5408 	EXP 	TestText: autoDraw = True
79.5408 	EXP 	test_textbox: autoDraw = True
79.5408 	EXP 	submit_text: autoDraw = True
79.6780 	DATA 	Mouse:  Left button up, pos=(865,200)
81.6327 	DATA 	Keypress: b
82.0629 	DATA 	Keypress: o
82.3770 	DATA 	Keypress: a
82.8397 	DATA 	Keypress: r
83.0831 	DEBUG 	TextBox2 loaded 1 chars with 0 blanks and 1 valid
83.0834 	DEBUG 	Uploading Texture Font fontname to graphics card
83.0874 	DEBUG 	Upload of Texture Font fontname complete
83.0878 	DATA 	Keypress: d
83.6778 	DATA 	Mouse: Left button down, pos=(865,206)
83.6935 	EXP 	New trial (rep=0, index=18): <Trial 18 (18 in rep 0) data={'test_word': 'l_pt_p', 'Reference': 'Laptop', 'old_new': 'old', 'thisN': 18, 'thisTrialN': 18, 'thisRepN': 0}>
83.7052 	EXP 	TestText: autoDraw = False
83.7052 	EXP 	test_textbox: autoDraw = False
83.7052 	EXP 	submit_text: autoDraw = False
83.7052 	EXP 	TestText: height = 0.05
83.7052 	EXP 	TestText: height = 0.05
83.7052 	EXP 	TestText: height = 0.05
83.7052 	EXP 	TestText: text = 'l_pt_p'
83.7052 	EXP 	TestText: autoDraw = True
83.7052 	EXP 	test_textbox: autoDraw = True
83.7052 	EXP 	submit_text: autoDraw = True
83.8127 	DATA 	Mouse:  Left button up, pos=(865,206)
84.4758 	DATA 	Keypress: l
84.6656 	DATA 	Keypress: a
84.8357 	DATA 	Keypress: p
85.1101 	DATA 	Keypress: t
85.2276 	DATA 	Keypress: o
85.4266 	DATA 	Keypress: p
85.9587 	DATA 	Mouse: Left button down, pos=(865,206)
85.9601 	EXP 	New trial (rep=0, index=19): <Trial 19 (19 in rep 0) data={'test_word': '_ou_se', 'Reference': 'mouse', 'old_new': 'old', 'thisN': 19, 'thisTrialN': 19, 'thisRepN': 0}>
85.9752 	EXP 	TestText: autoDraw = False
85.9752 	EXP 	test_textbox: autoDraw = False
85.9752 	EXP 	submit_text: autoDraw = False
85.9752 	EXP 	TestText: height = 0.05
85.9752 	EXP 	TestText: height = 0.05
85.9752 	EXP 	TestText: height = 0.05
85.9752 	EXP 	TestText: text = '_ou_se'
85.9752 	EXP 	TestText: autoDraw = True
85.9752 	EXP 	test_textbox: autoDraw = True
85.9752 	EXP 	submit_text: autoDraw = True
86.0615 	DATA 	Mouse:  Left button up, pos=(865,206)
87.6141 	DATA 	Keypress: m
87.9846 	DATA 	Keypress: o
88.6402 	DATA 	Keypress: u
88.8431 	DATA 	Keypress: s
89.0896 	DATA 	Keypress: e
89.7621 	DATA 	Mouse: Left button down, pos=(865,206)
89.8503 	INFO 	saved data to /Users/sakshi/Desktop/Experiments/Word Priming/data/3_primming 5.0_2024-11-06_10h27.52.576trials_2.csv
89.8561 	EXP 	TestText: autoDraw = False
89.8561 	EXP 	test_textbox: autoDraw = False
89.8561 	EXP 	submit_text: autoDraw = False
89.8561 	EXP 	primming 5.0: status = STOPPED
89.8632 	INFO 	saved data to '/Users/sakshi/Desktop/Experiments/Word Priming/data/3_primming 5.0_2024-11-06_10h27.52.576.csv'
89.8642 	INFO 	saved data to /Users/sakshi/Desktop/Experiments/Word Priming/data/3_primming 5.0_2024-11-06_10h27.52.576.psydat
90.1183 	DEBUG 	Saving data for primming 5.0 ExperimentHandler
